2025-11-12 16:55:08.767 +01:00 [INF] No migrations were applied. The database is already up to date.
2025-11-12 16:55:09.641 +01:00 [INF] Now listening on: http://localhost:5169
2025-11-12 16:55:09.644 +01:00 [INF] Application started. Press Ctrl+C to shut down.
2025-11-12 16:55:09.644 +01:00 [INF] Hosting environment: Development
2025-11-12 16:55:09.645 +01:00 [INF] Content root path: C:\Skrivebord\Exam\Homecare\api
2025-11-12 16:55:31.480 +01:00 [INF] Request starting HTTP/1.1 GET http://localhost:5169/api/ApiAvailableDay - null null
2025-11-12 16:55:31.546 +01:00 [INF] CORS policy execution successful.
2025-11-12 16:55:31.550 +01:00 [INF] Executing endpoint 'HomecareApp.Controllers.ApiAvailableDayController.GetAvailableDays (api)'
2025-11-12 16:55:31.572 +01:00 [INF] Route matched with {action = "GetAvailableDays", controller = "ApiAvailableDay"}. Executing controller action with signature System.Threading.Tasks.Task`1[Microsoft.AspNetCore.Mvc.ActionResult`1[System.Collections.Generic.IEnumerable`1[HomecareApp.Models.AvailableDay]]] GetAvailableDays() on controller HomecareApp.Controllers.ApiAvailableDayController (api).
2025-11-12 16:55:32.116 +01:00 [INF] Executing OkObjectResult, writing value of type 'System.Collections.Generic.List`1[[HomecareApp.Models.AvailableDay, api, Version=1.0.0.0, Culture=neutral, PublicKeyToken=null]]'.
2025-11-12 16:55:32.560 +01:00 [INF] Executed action HomecareApp.Controllers.ApiAvailableDayController.GetAvailableDays (api) in 981.4167ms
2025-11-12 16:55:32.563 +01:00 [INF] Executed endpoint 'HomecareApp.Controllers.ApiAvailableDayController.GetAvailableDays (api)'
2025-11-12 16:55:32.571 +01:00 [INF] Request finished HTTP/1.1 GET http://localhost:5169/api/ApiAvailableDay - 200 402 application/json; charset=utf-8 1093.6524ms
2025-11-12 16:55:32.573 +01:00 [INF] Request starting HTTP/1.1 GET http://localhost:5169/api/ApiAvailableDay - null null
2025-11-12 16:55:32.576 +01:00 [INF] CORS policy execution successful.
2025-11-12 16:55:32.576 +01:00 [INF] Executing endpoint 'HomecareApp.Controllers.ApiAvailableDayController.GetAvailableDays (api)'
2025-11-12 16:55:32.577 +01:00 [INF] Route matched with {action = "GetAvailableDays", controller = "ApiAvailableDay"}. Executing controller action with signature System.Threading.Tasks.Task`1[Microsoft.AspNetCore.Mvc.ActionResult`1[System.Collections.Generic.IEnumerable`1[HomecareApp.Models.AvailableDay]]] GetAvailableDays() on controller HomecareApp.Controllers.ApiAvailableDayController (api).
2025-11-12 16:55:32.786 +01:00 [INF] Executing OkObjectResult, writing value of type 'System.Collections.Generic.List`1[[HomecareApp.Models.AvailableDay, api, Version=1.0.0.0, Culture=neutral, PublicKeyToken=null]]'.
2025-11-12 16:55:32.792 +01:00 [INF] Executed action HomecareApp.Controllers.ApiAvailableDayController.GetAvailableDays (api) in 215.4488ms
2025-11-12 16:55:32.792 +01:00 [INF] Executed endpoint 'HomecareApp.Controllers.ApiAvailableDayController.GetAvailableDays (api)'
2025-11-12 16:55:32.793 +01:00 [INF] Request finished HTTP/1.1 GET http://localhost:5169/api/ApiAvailableDay - 200 402 application/json; charset=utf-8 219.7507ms
2025-11-12 16:55:47.165 +01:00 [INF] Request starting HTTP/1.1 GET http://localhost:5169/api/Appointment/appointmentlist - null null
2025-11-12 16:55:47.168 +01:00 [INF] CORS policy execution successful.
2025-11-12 16:55:47.168 +01:00 [INF] Executing endpoint 'HomecareApp.Controllers.AppointmentController.AppointmentList (api)'
2025-11-12 16:55:47.175 +01:00 [INF] Route matched with {action = "AppointmentList", controller = "Appointment"}. Executing controller action with signature System.Threading.Tasks.Task`1[Microsoft.AspNetCore.Mvc.IActionResult] AppointmentList() on controller HomecareApp.Controllers.AppointmentController (api).
2025-11-12 16:55:47.190 +01:00 [INF] Executing OkObjectResult, writing value of type 'System.Linq.Enumerable+SelectListIterator`2[[HomecareApp.Models.Appointment, api, Version=1.0.0.0, Culture=neutral, PublicKeyToken=null],[HomecareApp.DTOs.AppointmentDto, api, Version=1.0.0.0, Culture=neutral, PublicKeyToken=null]]'.
2025-11-12 16:55:47.197 +01:00 [INF] Executed action HomecareApp.Controllers.AppointmentController.AppointmentList (api) in 21.8663ms
2025-11-12 16:55:47.197 +01:00 [INF] Executed endpoint 'HomecareApp.Controllers.AppointmentController.AppointmentList (api)'
2025-11-12 16:55:47.198 +01:00 [INF] Request finished HTTP/1.1 GET http://localhost:5169/api/Appointment/appointmentlist - 200 511 application/json; charset=utf-8 32.9543ms
2025-11-12 16:55:47.199 +01:00 [INF] Request starting HTTP/1.1 GET http://localhost:5169/api/Appointment/appointmentlist - null null
2025-11-12 16:55:47.201 +01:00 [INF] CORS policy execution successful.
2025-11-12 16:55:47.201 +01:00 [INF] Executing endpoint 'HomecareApp.Controllers.AppointmentController.AppointmentList (api)'
2025-11-12 16:55:47.201 +01:00 [INF] Route matched with {action = "AppointmentList", controller = "Appointment"}. Executing controller action with signature System.Threading.Tasks.Task`1[Microsoft.AspNetCore.Mvc.IActionResult] AppointmentList() on controller HomecareApp.Controllers.AppointmentController (api).
2025-11-12 16:55:47.204 +01:00 [INF] Executing OkObjectResult, writing value of type 'System.Linq.Enumerable+SelectListIterator`2[[HomecareApp.Models.Appointment, api, Version=1.0.0.0, Culture=neutral, PublicKeyToken=null],[HomecareApp.DTOs.AppointmentDto, api, Version=1.0.0.0, Culture=neutral, PublicKeyToken=null]]'.
2025-11-12 16:55:47.204 +01:00 [INF] Executed action HomecareApp.Controllers.AppointmentController.AppointmentList (api) in 3.4734ms
2025-11-12 16:55:47.205 +01:00 [INF] Executed endpoint 'HomecareApp.Controllers.AppointmentController.AppointmentList (api)'
2025-11-12 16:55:47.205 +01:00 [INF] Request finished HTTP/1.1 GET http://localhost:5169/api/Appointment/appointmentlist - 200 511 application/json; charset=utf-8 6.0095ms
2025-11-12 16:56:01.791 +01:00 [INF] Request starting HTTP/1.1 GET http://localhost:5169/api/Appointment/appointmentlist - null null
2025-11-12 16:56:01.792 +01:00 [INF] CORS policy execution successful.
2025-11-12 16:56:01.792 +01:00 [INF] Executing endpoint 'HomecareApp.Controllers.AppointmentController.AppointmentList (api)'
2025-11-12 16:56:01.792 +01:00 [INF] Route matched with {action = "AppointmentList", controller = "Appointment"}. Executing controller action with signature System.Threading.Tasks.Task`1[Microsoft.AspNetCore.Mvc.IActionResult] AppointmentList() on controller HomecareApp.Controllers.AppointmentController (api).
2025-11-12 16:56:01.800 +01:00 [INF] Executing OkObjectResult, writing value of type 'System.Linq.Enumerable+SelectListIterator`2[[HomecareApp.Models.Appointment, api, Version=1.0.0.0, Culture=neutral, PublicKeyToken=null],[HomecareApp.DTOs.AppointmentDto, api, Version=1.0.0.0, Culture=neutral, PublicKeyToken=null]]'.
2025-11-12 16:56:01.800 +01:00 [INF] Executed action HomecareApp.Controllers.AppointmentController.AppointmentList (api) in 8.0173ms
2025-11-12 16:56:01.801 +01:00 [INF] Executed endpoint 'HomecareApp.Controllers.AppointmentController.AppointmentList (api)'
2025-11-12 16:56:01.801 +01:00 [INF] Request finished HTTP/1.1 GET http://localhost:5169/api/Appointment/appointmentlist - 200 511 application/json; charset=utf-8 9.5024ms
2025-11-12 16:56:03.930 +01:00 [INF] Request starting HTTP/1.1 GET http://localhost:5169/api/ApiAvailableDay - null null
2025-11-12 16:56:03.930 +01:00 [INF] CORS policy execution successful.
2025-11-12 16:56:03.930 +01:00 [INF] Executing endpoint 'HomecareApp.Controllers.ApiAvailableDayController.GetAvailableDays (api)'
2025-11-12 16:56:03.930 +01:00 [INF] Route matched with {action = "GetAvailableDays", controller = "ApiAvailableDay"}. Executing controller action with signature System.Threading.Tasks.Task`1[Microsoft.AspNetCore.Mvc.ActionResult`1[System.Collections.Generic.IEnumerable`1[HomecareApp.Models.AvailableDay]]] GetAvailableDays() on controller HomecareApp.Controllers.ApiAvailableDayController (api).
2025-11-12 16:56:04.032 +01:00 [INF] Executing OkObjectResult, writing value of type 'System.Collections.Generic.List`1[[HomecareApp.Models.AvailableDay, api, Version=1.0.0.0, Culture=neutral, PublicKeyToken=null]]'.
2025-11-12 16:56:04.038 +01:00 [INF] Executed action HomecareApp.Controllers.ApiAvailableDayController.GetAvailableDays (api) in 107.1514ms
2025-11-12 16:56:04.038 +01:00 [INF] Executed endpoint 'HomecareApp.Controllers.ApiAvailableDayController.GetAvailableDays (api)'
2025-11-12 16:56:04.038 +01:00 [INF] Request finished HTTP/1.1 GET http://localhost:5169/api/ApiAvailableDay - 200 402 application/json; charset=utf-8 108.4773ms
2025-11-12 16:56:04.040 +01:00 [INF] Request starting HTTP/1.1 GET http://localhost:5169/api/ApiAvailableDay - null null
2025-11-12 16:56:04.040 +01:00 [INF] CORS policy execution successful.
2025-11-12 16:56:04.040 +01:00 [INF] Executing endpoint 'HomecareApp.Controllers.ApiAvailableDayController.GetAvailableDays (api)'
2025-11-12 16:56:04.040 +01:00 [INF] Route matched with {action = "GetAvailableDays", controller = "ApiAvailableDay"}. Executing controller action with signature System.Threading.Tasks.Task`1[Microsoft.AspNetCore.Mvc.ActionResult`1[System.Collections.Generic.IEnumerable`1[HomecareApp.Models.AvailableDay]]] GetAvailableDays() on controller HomecareApp.Controllers.ApiAvailableDayController (api).
2025-11-12 16:56:04.144 +01:00 [INF] Executing OkObjectResult, writing value of type 'System.Collections.Generic.List`1[[HomecareApp.Models.AvailableDay, api, Version=1.0.0.0, Culture=neutral, PublicKeyToken=null]]'.
2025-11-12 16:56:04.148 +01:00 [INF] Executed action HomecareApp.Controllers.ApiAvailableDayController.GetAvailableDays (api) in 108.1506ms
2025-11-12 16:56:04.149 +01:00 [INF] Executed endpoint 'HomecareApp.Controllers.ApiAvailableDayController.GetAvailableDays (api)'
2025-11-12 16:56:04.149 +01:00 [INF] Request finished HTTP/1.1 GET http://localhost:5169/api/ApiAvailableDay - 200 402 application/json; charset=utf-8 109.0185ms
2025-11-12 16:56:05.089 +01:00 [INF] Request starting HTTP/1.1 GET http://localhost:5169/api/Appointment/appointmentlist - null null
2025-11-12 16:56:05.089 +01:00 [INF] CORS policy execution successful.
2025-11-12 16:56:05.090 +01:00 [INF] Executing endpoint 'HomecareApp.Controllers.AppointmentController.AppointmentList (api)'
2025-11-12 16:56:05.090 +01:00 [INF] Route matched with {action = "AppointmentList", controller = "Appointment"}. Executing controller action with signature System.Threading.Tasks.Task`1[Microsoft.AspNetCore.Mvc.IActionResult] AppointmentList() on controller HomecareApp.Controllers.AppointmentController (api).
2025-11-12 16:56:05.093 +01:00 [INF] Executing OkObjectResult, writing value of type 'System.Linq.Enumerable+SelectListIterator`2[[HomecareApp.Models.Appointment, api, Version=1.0.0.0, Culture=neutral, PublicKeyToken=null],[HomecareApp.DTOs.AppointmentDto, api, Version=1.0.0.0, Culture=neutral, PublicKeyToken=null]]'.
2025-11-12 16:56:05.094 +01:00 [INF] Executed action HomecareApp.Controllers.AppointmentController.AppointmentList (api) in 3.6799ms
2025-11-12 16:56:05.094 +01:00 [INF] Executed endpoint 'HomecareApp.Controllers.AppointmentController.AppointmentList (api)'
2025-11-12 16:56:05.094 +01:00 [INF] Request finished HTTP/1.1 GET http://localhost:5169/api/Appointment/appointmentlist - 200 511 application/json; charset=utf-8 4.9475ms
2025-11-12 16:56:05.095 +01:00 [INF] Request starting HTTP/1.1 GET http://localhost:5169/api/Appointment/appointmentlist - null null
2025-11-12 16:56:05.096 +01:00 [INF] CORS policy execution successful.
2025-11-12 16:56:05.096 +01:00 [INF] Executing endpoint 'HomecareApp.Controllers.AppointmentController.AppointmentList (api)'
2025-11-12 16:56:05.096 +01:00 [INF] Route matched with {action = "AppointmentList", controller = "Appointment"}. Executing controller action with signature System.Threading.Tasks.Task`1[Microsoft.AspNetCore.Mvc.IActionResult] AppointmentList() on controller HomecareApp.Controllers.AppointmentController (api).
2025-11-12 16:56:05.098 +01:00 [INF] Executing OkObjectResult, writing value of type 'System.Linq.Enumerable+SelectListIterator`2[[HomecareApp.Models.Appointment, api, Version=1.0.0.0, Culture=neutral, PublicKeyToken=null],[HomecareApp.DTOs.AppointmentDto, api, Version=1.0.0.0, Culture=neutral, PublicKeyToken=null]]'.
2025-11-12 16:56:05.098 +01:00 [INF] Executed action HomecareApp.Controllers.AppointmentController.AppointmentList (api) in 2.6005ms
2025-11-12 16:56:05.099 +01:00 [INF] Executed endpoint 'HomecareApp.Controllers.AppointmentController.AppointmentList (api)'
2025-11-12 16:56:05.099 +01:00 [INF] Request finished HTTP/1.1 GET http://localhost:5169/api/Appointment/appointmentlist - 200 511 application/json; charset=utf-8 3.4175ms
2025-11-12 16:56:06.652 +01:00 [INF] Request starting HTTP/1.1 GET http://localhost:5169/api/ApiAvailableDay - null null
2025-11-12 16:56:06.652 +01:00 [INF] CORS policy execution successful.
2025-11-12 16:56:06.653 +01:00 [INF] Executing endpoint 'HomecareApp.Controllers.ApiAvailableDayController.GetAvailableDays (api)'
2025-11-12 16:56:06.653 +01:00 [INF] Route matched with {action = "GetAvailableDays", controller = "ApiAvailableDay"}. Executing controller action with signature System.Threading.Tasks.Task`1[Microsoft.AspNetCore.Mvc.ActionResult`1[System.Collections.Generic.IEnumerable`1[HomecareApp.Models.AvailableDay]]] GetAvailableDays() on controller HomecareApp.Controllers.ApiAvailableDayController (api).
2025-11-12 16:56:06.758 +01:00 [INF] Executing OkObjectResult, writing value of type 'System.Collections.Generic.List`1[[HomecareApp.Models.AvailableDay, api, Version=1.0.0.0, Culture=neutral, PublicKeyToken=null]]'.
2025-11-12 16:56:06.764 +01:00 [INF] Executed action HomecareApp.Controllers.ApiAvailableDayController.GetAvailableDays (api) in 111.1518ms
2025-11-12 16:56:06.764 +01:00 [INF] Executed endpoint 'HomecareApp.Controllers.ApiAvailableDayController.GetAvailableDays (api)'
2025-11-12 16:56:06.764 +01:00 [INF] Request finished HTTP/1.1 GET http://localhost:5169/api/ApiAvailableDay - 200 402 application/json; charset=utf-8 112.2325ms
2025-11-12 16:56:06.767 +01:00 [INF] Request starting HTTP/1.1 GET http://localhost:5169/api/ApiAvailableDay - null null
2025-11-12 16:56:06.768 +01:00 [INF] CORS policy execution successful.
2025-11-12 16:56:06.768 +01:00 [INF] Executing endpoint 'HomecareApp.Controllers.ApiAvailableDayController.GetAvailableDays (api)'
2025-11-12 16:56:06.768 +01:00 [INF] Route matched with {action = "GetAvailableDays", controller = "ApiAvailableDay"}. Executing controller action with signature System.Threading.Tasks.Task`1[Microsoft.AspNetCore.Mvc.ActionResult`1[System.Collections.Generic.IEnumerable`1[HomecareApp.Models.AvailableDay]]] GetAvailableDays() on controller HomecareApp.Controllers.ApiAvailableDayController (api).
2025-11-12 16:56:06.878 +01:00 [INF] Executing OkObjectResult, writing value of type 'System.Collections.Generic.List`1[[HomecareApp.Models.AvailableDay, api, Version=1.0.0.0, Culture=neutral, PublicKeyToken=null]]'.
2025-11-12 16:56:06.883 +01:00 [INF] Executed action HomecareApp.Controllers.ApiAvailableDayController.GetAvailableDays (api) in 114.8004ms
2025-11-12 16:56:06.883 +01:00 [INF] Executed endpoint 'HomecareApp.Controllers.ApiAvailableDayController.GetAvailableDays (api)'
2025-11-12 16:56:06.883 +01:00 [INF] Request finished HTTP/1.1 GET http://localhost:5169/api/ApiAvailableDay - 200 402 application/json; charset=utf-8 116.3122ms
2025-11-12 16:56:08.126 +01:00 [INF] Request starting HTTP/1.1 GET http://localhost:5169/api/Appointment/appointmentlist - null null
2025-11-12 16:56:08.127 +01:00 [INF] CORS policy execution successful.
2025-11-12 16:56:08.127 +01:00 [INF] Executing endpoint 'HomecareApp.Controllers.AppointmentController.AppointmentList (api)'
2025-11-12 16:56:08.127 +01:00 [INF] Route matched with {action = "AppointmentList", controller = "Appointment"}. Executing controller action with signature System.Threading.Tasks.Task`1[Microsoft.AspNetCore.Mvc.IActionResult] AppointmentList() on controller HomecareApp.Controllers.AppointmentController (api).
2025-11-12 16:56:08.130 +01:00 [INF] Executing OkObjectResult, writing value of type 'System.Linq.Enumerable+SelectListIterator`2[[HomecareApp.Models.Appointment, api, Version=1.0.0.0, Culture=neutral, PublicKeyToken=null],[HomecareApp.DTOs.AppointmentDto, api, Version=1.0.0.0, Culture=neutral, PublicKeyToken=null]]'.
2025-11-12 16:56:08.130 +01:00 [INF] Executed action HomecareApp.Controllers.AppointmentController.AppointmentList (api) in 2.9069ms
2025-11-12 16:56:08.130 +01:00 [INF] Executed endpoint 'HomecareApp.Controllers.AppointmentController.AppointmentList (api)'
2025-11-12 16:56:08.130 +01:00 [INF] Request finished HTTP/1.1 GET http://localhost:5169/api/Appointment/appointmentlist - 200 511 application/json; charset=utf-8 4.2506ms
2025-11-12 16:56:08.133 +01:00 [INF] Request starting HTTP/1.1 GET http://localhost:5169/api/Appointment/appointmentlist - null null
2025-11-12 16:56:08.133 +01:00 [INF] CORS policy execution successful.
2025-11-12 16:56:08.133 +01:00 [INF] Executing endpoint 'HomecareApp.Controllers.AppointmentController.AppointmentList (api)'
2025-11-12 16:56:08.133 +01:00 [INF] Route matched with {action = "AppointmentList", controller = "Appointment"}. Executing controller action with signature System.Threading.Tasks.Task`1[Microsoft.AspNetCore.Mvc.IActionResult] AppointmentList() on controller HomecareApp.Controllers.AppointmentController (api).
2025-11-12 16:56:08.135 +01:00 [INF] Executing OkObjectResult, writing value of type 'System.Linq.Enumerable+SelectListIterator`2[[HomecareApp.Models.Appointment, api, Version=1.0.0.0, Culture=neutral, PublicKeyToken=null],[HomecareApp.DTOs.AppointmentDto, api, Version=1.0.0.0, Culture=neutral, PublicKeyToken=null]]'.
2025-11-12 16:56:08.136 +01:00 [INF] Executed action HomecareApp.Controllers.AppointmentController.AppointmentList (api) in 2.288ms
2025-11-12 16:56:08.136 +01:00 [INF] Executed endpoint 'HomecareApp.Controllers.AppointmentController.AppointmentList (api)'
2025-11-12 16:56:08.136 +01:00 [INF] Request finished HTTP/1.1 GET http://localhost:5169/api/Appointment/appointmentlist - 200 511 application/json; charset=utf-8 3.406ms
2025-11-12 16:56:09.403 +01:00 [INF] Request starting HTTP/1.1 GET http://localhost:5169/api/ApiAvailableDay - null null
2025-11-12 16:56:09.403 +01:00 [INF] CORS policy execution successful.
2025-11-12 16:56:09.403 +01:00 [INF] Executing endpoint 'HomecareApp.Controllers.ApiAvailableDayController.GetAvailableDays (api)'
2025-11-12 16:56:09.404 +01:00 [INF] Route matched with {action = "GetAvailableDays", controller = "ApiAvailableDay"}. Executing controller action with signature System.Threading.Tasks.Task`1[Microsoft.AspNetCore.Mvc.ActionResult`1[System.Collections.Generic.IEnumerable`1[HomecareApp.Models.AvailableDay]]] GetAvailableDays() on controller HomecareApp.Controllers.ApiAvailableDayController (api).
2025-11-12 16:56:09.515 +01:00 [INF] Executing OkObjectResult, writing value of type 'System.Collections.Generic.List`1[[HomecareApp.Models.AvailableDay, api, Version=1.0.0.0, Culture=neutral, PublicKeyToken=null]]'.
2025-11-12 16:56:09.519 +01:00 [INF] Executed action HomecareApp.Controllers.ApiAvailableDayController.GetAvailableDays (api) in 115.6074ms
2025-11-12 16:56:09.519 +01:00 [INF] Executed endpoint 'HomecareApp.Controllers.ApiAvailableDayController.GetAvailableDays (api)'
2025-11-12 16:56:09.520 +01:00 [INF] Request finished HTTP/1.1 GET http://localhost:5169/api/ApiAvailableDay - 200 402 application/json; charset=utf-8 116.9545ms
2025-11-12 16:56:09.522 +01:00 [INF] Request starting HTTP/1.1 GET http://localhost:5169/api/ApiAvailableDay - null null
2025-11-12 16:56:09.522 +01:00 [INF] CORS policy execution successful.
2025-11-12 16:56:09.522 +01:00 [INF] Executing endpoint 'HomecareApp.Controllers.ApiAvailableDayController.GetAvailableDays (api)'
2025-11-12 16:56:09.522 +01:00 [INF] Route matched with {action = "GetAvailableDays", controller = "ApiAvailableDay"}. Executing controller action with signature System.Threading.Tasks.Task`1[Microsoft.AspNetCore.Mvc.ActionResult`1[System.Collections.Generic.IEnumerable`1[HomecareApp.Models.AvailableDay]]] GetAvailableDays() on controller HomecareApp.Controllers.ApiAvailableDayController (api).
2025-11-12 16:56:09.627 +01:00 [INF] Executing OkObjectResult, writing value of type 'System.Collections.Generic.List`1[[HomecareApp.Models.AvailableDay, api, Version=1.0.0.0, Culture=neutral, PublicKeyToken=null]]'.
2025-11-12 16:56:09.631 +01:00 [INF] Executed action HomecareApp.Controllers.ApiAvailableDayController.GetAvailableDays (api) in 109.0406ms
2025-11-12 16:56:09.632 +01:00 [INF] Executed endpoint 'HomecareApp.Controllers.ApiAvailableDayController.GetAvailableDays (api)'
2025-11-12 16:56:09.632 +01:00 [INF] Request finished HTTP/1.1 GET http://localhost:5169/api/ApiAvailableDay - 200 402 application/json; charset=utf-8 110.2744ms
2025-11-12 16:56:11.416 +01:00 [INF] Request starting HTTP/1.1 GET http://localhost:5169/api/Appointment/appointmentlist - null null
2025-11-12 16:56:11.416 +01:00 [INF] CORS policy execution successful.
2025-11-12 16:56:11.416 +01:00 [INF] Executing endpoint 'HomecareApp.Controllers.AppointmentController.AppointmentList (api)'
2025-11-12 16:56:11.416 +01:00 [INF] Route matched with {action = "AppointmentList", controller = "Appointment"}. Executing controller action with signature System.Threading.Tasks.Task`1[Microsoft.AspNetCore.Mvc.IActionResult] AppointmentList() on controller HomecareApp.Controllers.AppointmentController (api).
2025-11-12 16:56:11.419 +01:00 [INF] Executing OkObjectResult, writing value of type 'System.Linq.Enumerable+SelectListIterator`2[[HomecareApp.Models.Appointment, api, Version=1.0.0.0, Culture=neutral, PublicKeyToken=null],[HomecareApp.DTOs.AppointmentDto, api, Version=1.0.0.0, Culture=neutral, PublicKeyToken=null]]'.
2025-11-12 16:56:11.420 +01:00 [INF] Executed action HomecareApp.Controllers.AppointmentController.AppointmentList (api) in 3.1279ms
2025-11-12 16:56:11.420 +01:00 [INF] Executed endpoint 'HomecareApp.Controllers.AppointmentController.AppointmentList (api)'
2025-11-12 16:56:11.420 +01:00 [INF] Request finished HTTP/1.1 GET http://localhost:5169/api/Appointment/appointmentlist - 200 511 application/json; charset=utf-8 4.2264ms
2025-11-12 16:56:11.422 +01:00 [INF] Request starting HTTP/1.1 GET http://localhost:5169/api/Appointment/appointmentlist - null null
2025-11-12 16:56:11.422 +01:00 [INF] CORS policy execution successful.
2025-11-12 16:56:11.422 +01:00 [INF] Executing endpoint 'HomecareApp.Controllers.AppointmentController.AppointmentList (api)'
2025-11-12 16:56:11.422 +01:00 [INF] Route matched with {action = "AppointmentList", controller = "Appointment"}. Executing controller action with signature System.Threading.Tasks.Task`1[Microsoft.AspNetCore.Mvc.IActionResult] AppointmentList() on controller HomecareApp.Controllers.AppointmentController (api).
2025-11-12 16:56:11.424 +01:00 [INF] Executing OkObjectResult, writing value of type 'System.Linq.Enumerable+SelectListIterator`2[[HomecareApp.Models.Appointment, api, Version=1.0.0.0, Culture=neutral, PublicKeyToken=null],[HomecareApp.DTOs.AppointmentDto, api, Version=1.0.0.0, Culture=neutral, PublicKeyToken=null]]'.
2025-11-12 16:56:11.425 +01:00 [INF] Executed action HomecareApp.Controllers.AppointmentController.AppointmentList (api) in 2.5191ms
2025-11-12 16:56:11.425 +01:00 [INF] Executed endpoint 'HomecareApp.Controllers.AppointmentController.AppointmentList (api)'
2025-11-12 16:56:11.425 +01:00 [INF] Request finished HTTP/1.1 GET http://localhost:5169/api/Appointment/appointmentlist - 200 511 application/json; charset=utf-8 3.5594ms
2025-11-12 16:56:12.567 +01:00 [INF] Request starting HTTP/1.1 GET http://localhost:5169/api/ApiAvailableDay - null null
2025-11-12 16:56:12.568 +01:00 [INF] CORS policy execution successful.
2025-11-12 16:56:12.568 +01:00 [INF] Executing endpoint 'HomecareApp.Controllers.ApiAvailableDayController.GetAvailableDays (api)'
2025-11-12 16:56:12.569 +01:00 [INF] Route matched with {action = "GetAvailableDays", controller = "ApiAvailableDay"}. Executing controller action with signature System.Threading.Tasks.Task`1[Microsoft.AspNetCore.Mvc.ActionResult`1[System.Collections.Generic.IEnumerable`1[HomecareApp.Models.AvailableDay]]] GetAvailableDays() on controller HomecareApp.Controllers.ApiAvailableDayController (api).
2025-11-12 16:56:12.682 +01:00 [INF] Executing OkObjectResult, writing value of type 'System.Collections.Generic.List`1[[HomecareApp.Models.AvailableDay, api, Version=1.0.0.0, Culture=neutral, PublicKeyToken=null]]'.
2025-11-12 16:56:12.686 +01:00 [INF] Executed action HomecareApp.Controllers.ApiAvailableDayController.GetAvailableDays (api) in 117.7043ms
2025-11-12 16:56:12.687 +01:00 [INF] Executed endpoint 'HomecareApp.Controllers.ApiAvailableDayController.GetAvailableDays (api)'
2025-11-12 16:56:12.687 +01:00 [INF] Request finished HTTP/1.1 GET http://localhost:5169/api/ApiAvailableDay - 200 402 application/json; charset=utf-8 120.5166ms
2025-11-12 16:56:12.689 +01:00 [INF] Request starting HTTP/1.1 GET http://localhost:5169/api/ApiAvailableDay - null null
2025-11-12 16:56:12.689 +01:00 [INF] CORS policy execution successful.
2025-11-12 16:56:12.689 +01:00 [INF] Executing endpoint 'HomecareApp.Controllers.ApiAvailableDayController.GetAvailableDays (api)'
2025-11-12 16:56:12.690 +01:00 [INF] Route matched with {action = "GetAvailableDays", controller = "ApiAvailableDay"}. Executing controller action with signature System.Threading.Tasks.Task`1[Microsoft.AspNetCore.Mvc.ActionResult`1[System.Collections.Generic.IEnumerable`1[HomecareApp.Models.AvailableDay]]] GetAvailableDays() on controller HomecareApp.Controllers.ApiAvailableDayController (api).
2025-11-12 16:56:12.801 +01:00 [INF] Executing OkObjectResult, writing value of type 'System.Collections.Generic.List`1[[HomecareApp.Models.AvailableDay, api, Version=1.0.0.0, Culture=neutral, PublicKeyToken=null]]'.
2025-11-12 16:56:12.805 +01:00 [INF] Executed action HomecareApp.Controllers.ApiAvailableDayController.GetAvailableDays (api) in 115.7137ms
2025-11-12 16:56:12.806 +01:00 [INF] Executed endpoint 'HomecareApp.Controllers.ApiAvailableDayController.GetAvailableDays (api)'
2025-11-12 16:56:12.806 +01:00 [INF] Request finished HTTP/1.1 GET http://localhost:5169/api/ApiAvailableDay - 200 402 application/json; charset=utf-8 117.1313ms
2025-11-12 16:58:01.915 +01:00 [INF] Request starting HTTP/1.1 GET http://localhost:5169/api/Appointment/appointmentlist - null null
2025-11-12 16:58:01.915 +01:00 [INF] CORS policy execution successful.
2025-11-12 16:58:01.915 +01:00 [INF] Executing endpoint 'HomecareApp.Controllers.AppointmentController.AppointmentList (api)'
2025-11-12 16:58:01.916 +01:00 [INF] Route matched with {action = "AppointmentList", controller = "Appointment"}. Executing controller action with signature System.Threading.Tasks.Task`1[Microsoft.AspNetCore.Mvc.IActionResult] AppointmentList() on controller HomecareApp.Controllers.AppointmentController (api).
2025-11-12 16:58:01.918 +01:00 [INF] Executing OkObjectResult, writing value of type 'System.Linq.Enumerable+SelectListIterator`2[[HomecareApp.Models.Appointment, api, Version=1.0.0.0, Culture=neutral, PublicKeyToken=null],[HomecareApp.DTOs.AppointmentDto, api, Version=1.0.0.0, Culture=neutral, PublicKeyToken=null]]'.
2025-11-12 16:58:01.919 +01:00 [INF] Executed action HomecareApp.Controllers.AppointmentController.AppointmentList (api) in 3.166ms
2025-11-12 16:58:01.919 +01:00 [INF] Executed endpoint 'HomecareApp.Controllers.AppointmentController.AppointmentList (api)'
2025-11-12 16:58:01.919 +01:00 [INF] Request finished HTTP/1.1 GET http://localhost:5169/api/Appointment/appointmentlist - 200 511 application/json; charset=utf-8 4.1762ms
2025-11-12 16:58:01.921 +01:00 [INF] Request starting HTTP/1.1 GET http://localhost:5169/api/Appointment/appointmentlist - null null
2025-11-12 16:58:01.922 +01:00 [INF] CORS policy execution successful.
2025-11-12 16:58:01.922 +01:00 [INF] Executing endpoint 'HomecareApp.Controllers.AppointmentController.AppointmentList (api)'
2025-11-12 16:58:01.922 +01:00 [INF] Route matched with {action = "AppointmentList", controller = "Appointment"}. Executing controller action with signature System.Threading.Tasks.Task`1[Microsoft.AspNetCore.Mvc.IActionResult] AppointmentList() on controller HomecareApp.Controllers.AppointmentController (api).
2025-11-12 16:58:01.924 +01:00 [INF] Executing OkObjectResult, writing value of type 'System.Linq.Enumerable+SelectListIterator`2[[HomecareApp.Models.Appointment, api, Version=1.0.0.0, Culture=neutral, PublicKeyToken=null],[HomecareApp.DTOs.AppointmentDto, api, Version=1.0.0.0, Culture=neutral, PublicKeyToken=null]]'.
2025-11-12 16:58:01.924 +01:00 [INF] Executed action HomecareApp.Controllers.AppointmentController.AppointmentList (api) in 2.0401ms
2025-11-12 16:58:01.924 +01:00 [INF] Executed endpoint 'HomecareApp.Controllers.AppointmentController.AppointmentList (api)'
2025-11-12 16:58:01.924 +01:00 [INF] Request finished HTTP/1.1 GET http://localhost:5169/api/Appointment/appointmentlist - 200 511 application/json; charset=utf-8 2.7723ms
2025-11-12 16:58:03.618 +01:00 [INF] Request starting HTTP/1.1 GET http://localhost:5169/api/Appointment/appointmentlist - null null
2025-11-12 16:58:03.618 +01:00 [INF] CORS policy execution successful.
2025-11-12 16:58:03.618 +01:00 [INF] Executing endpoint 'HomecareApp.Controllers.AppointmentController.AppointmentList (api)'
2025-11-12 16:58:03.619 +01:00 [INF] Route matched with {action = "AppointmentList", controller = "Appointment"}. Executing controller action with signature System.Threading.Tasks.Task`1[Microsoft.AspNetCore.Mvc.IActionResult] AppointmentList() on controller HomecareApp.Controllers.AppointmentController (api).
2025-11-12 16:58:03.620 +01:00 [INF] Executing OkObjectResult, writing value of type 'System.Linq.Enumerable+SelectListIterator`2[[HomecareApp.Models.Appointment, api, Version=1.0.0.0, Culture=neutral, PublicKeyToken=null],[HomecareApp.DTOs.AppointmentDto, api, Version=1.0.0.0, Culture=neutral, PublicKeyToken=null]]'.
2025-11-12 16:58:03.621 +01:00 [INF] Executed action HomecareApp.Controllers.AppointmentController.AppointmentList (api) in 1.8156ms
2025-11-12 16:58:03.621 +01:00 [INF] Executed endpoint 'HomecareApp.Controllers.AppointmentController.AppointmentList (api)'
2025-11-12 16:58:03.621 +01:00 [INF] Request finished HTTP/1.1 GET http://localhost:5169/api/Appointment/appointmentlist - 200 511 application/json; charset=utf-8 3.7772ms
2025-11-12 16:58:10.300 +01:00 [INF] Request starting HTTP/1.1 GET http://localhost:5169/api/ApiAvailableDay - null null
2025-11-12 16:58:10.300 +01:00 [INF] CORS policy execution successful.
2025-11-12 16:58:10.300 +01:00 [INF] Executing endpoint 'HomecareApp.Controllers.ApiAvailableDayController.GetAvailableDays (api)'
2025-11-12 16:58:10.301 +01:00 [INF] Route matched with {action = "GetAvailableDays", controller = "ApiAvailableDay"}. Executing controller action with signature System.Threading.Tasks.Task`1[Microsoft.AspNetCore.Mvc.ActionResult`1[System.Collections.Generic.IEnumerable`1[HomecareApp.Models.AvailableDay]]] GetAvailableDays() on controller HomecareApp.Controllers.ApiAvailableDayController (api).
2025-11-12 16:58:10.416 +01:00 [INF] Executing OkObjectResult, writing value of type 'System.Collections.Generic.List`1[[HomecareApp.Models.AvailableDay, api, Version=1.0.0.0, Culture=neutral, PublicKeyToken=null]]'.
2025-11-12 16:58:10.422 +01:00 [INF] Executed action HomecareApp.Controllers.ApiAvailableDayController.GetAvailableDays (api) in 121.1295ms
2025-11-12 16:58:10.422 +01:00 [INF] Executed endpoint 'HomecareApp.Controllers.ApiAvailableDayController.GetAvailableDays (api)'
2025-11-12 16:58:10.422 +01:00 [INF] Request finished HTTP/1.1 GET http://localhost:5169/api/ApiAvailableDay - 200 402 application/json; charset=utf-8 122.8527ms
2025-11-12 16:58:10.428 +01:00 [INF] Request starting HTTP/1.1 GET http://localhost:5169/api/ApiAvailableDay - null null
2025-11-12 16:58:10.428 +01:00 [INF] CORS policy execution successful.
2025-11-12 16:58:10.429 +01:00 [INF] Executing endpoint 'HomecareApp.Controllers.ApiAvailableDayController.GetAvailableDays (api)'
2025-11-12 16:58:10.429 +01:00 [INF] Route matched with {action = "GetAvailableDays", controller = "ApiAvailableDay"}. Executing controller action with signature System.Threading.Tasks.Task`1[Microsoft.AspNetCore.Mvc.ActionResult`1[System.Collections.Generic.IEnumerable`1[HomecareApp.Models.AvailableDay]]] GetAvailableDays() on controller HomecareApp.Controllers.ApiAvailableDayController (api).
2025-11-12 16:58:10.537 +01:00 [INF] Executing OkObjectResult, writing value of type 'System.Collections.Generic.List`1[[HomecareApp.Models.AvailableDay, api, Version=1.0.0.0, Culture=neutral, PublicKeyToken=null]]'.
2025-11-12 16:58:10.540 +01:00 [INF] Executed action HomecareApp.Controllers.ApiAvailableDayController.GetAvailableDays (api) in 111.7203ms
2025-11-12 16:58:10.540 +01:00 [INF] Executed endpoint 'HomecareApp.Controllers.ApiAvailableDayController.GetAvailableDays (api)'
2025-11-12 16:58:10.541 +01:00 [INF] Request finished HTTP/1.1 GET http://localhost:5169/api/ApiAvailableDay - 200 402 application/json; charset=utf-8 112.4333ms
2025-11-12 16:58:12.272 +01:00 [INF] Request starting HTTP/1.1 GET http://localhost:5169/api/Appointment/appointmentlist - null null
2025-11-12 16:58:12.273 +01:00 [INF] CORS policy execution successful.
2025-11-12 16:58:12.273 +01:00 [INF] Executing endpoint 'HomecareApp.Controllers.AppointmentController.AppointmentList (api)'
2025-11-12 16:58:12.273 +01:00 [INF] Route matched with {action = "AppointmentList", controller = "Appointment"}. Executing controller action with signature System.Threading.Tasks.Task`1[Microsoft.AspNetCore.Mvc.IActionResult] AppointmentList() on controller HomecareApp.Controllers.AppointmentController (api).
2025-11-12 16:58:12.275 +01:00 [INF] Executing OkObjectResult, writing value of type 'System.Linq.Enumerable+SelectListIterator`2[[HomecareApp.Models.Appointment, api, Version=1.0.0.0, Culture=neutral, PublicKeyToken=null],[HomecareApp.DTOs.AppointmentDto, api, Version=1.0.0.0, Culture=neutral, PublicKeyToken=null]]'.
2025-11-12 16:58:12.276 +01:00 [INF] Executed action HomecareApp.Controllers.AppointmentController.AppointmentList (api) in 2.631ms
2025-11-12 16:58:12.276 +01:00 [INF] Executed endpoint 'HomecareApp.Controllers.AppointmentController.AppointmentList (api)'
2025-11-12 16:58:12.276 +01:00 [INF] Request finished HTTP/1.1 GET http://localhost:5169/api/Appointment/appointmentlist - 200 511 application/json; charset=utf-8 3.4743ms
2025-11-12 16:58:12.278 +01:00 [INF] Request starting HTTP/1.1 GET http://localhost:5169/api/Appointment/appointmentlist - null null
2025-11-12 16:58:12.278 +01:00 [INF] CORS policy execution successful.
2025-11-12 16:58:12.278 +01:00 [INF] Executing endpoint 'HomecareApp.Controllers.AppointmentController.AppointmentList (api)'
2025-11-12 16:58:12.278 +01:00 [INF] Route matched with {action = "AppointmentList", controller = "Appointment"}. Executing controller action with signature System.Threading.Tasks.Task`1[Microsoft.AspNetCore.Mvc.IActionResult] AppointmentList() on controller HomecareApp.Controllers.AppointmentController (api).
2025-11-12 16:58:12.281 +01:00 [INF] Executing OkObjectResult, writing value of type 'System.Linq.Enumerable+SelectListIterator`2[[HomecareApp.Models.Appointment, api, Version=1.0.0.0, Culture=neutral, PublicKeyToken=null],[HomecareApp.DTOs.AppointmentDto, api, Version=1.0.0.0, Culture=neutral, PublicKeyToken=null]]'.
2025-11-12 16:58:12.281 +01:00 [INF] Executed action HomecareApp.Controllers.AppointmentController.AppointmentList (api) in 2.3464ms
2025-11-12 16:58:12.281 +01:00 [INF] Executed endpoint 'HomecareApp.Controllers.AppointmentController.AppointmentList (api)'
2025-11-12 16:58:12.282 +01:00 [INF] Request finished HTTP/1.1 GET http://localhost:5169/api/Appointment/appointmentlist - 200 511 application/json; charset=utf-8 3.8024ms
2025-11-12 16:58:54.757 +01:00 [INF] Request starting HTTP/1.1 GET http://localhost:5169/api/ApiAvailableDay - null null
2025-11-12 16:58:54.757 +01:00 [INF] CORS policy execution successful.
2025-11-12 16:58:54.757 +01:00 [INF] Executing endpoint 'HomecareApp.Controllers.ApiAvailableDayController.GetAvailableDays (api)'
2025-11-12 16:58:54.757 +01:00 [INF] Route matched with {action = "GetAvailableDays", controller = "ApiAvailableDay"}. Executing controller action with signature System.Threading.Tasks.Task`1[Microsoft.AspNetCore.Mvc.ActionResult`1[System.Collections.Generic.IEnumerable`1[HomecareApp.Models.AvailableDay]]] GetAvailableDays() on controller HomecareApp.Controllers.ApiAvailableDayController (api).
2025-11-12 16:58:54.863 +01:00 [INF] Executing OkObjectResult, writing value of type 'System.Collections.Generic.List`1[[HomecareApp.Models.AvailableDay, api, Version=1.0.0.0, Culture=neutral, PublicKeyToken=null]]'.
2025-11-12 16:58:54.868 +01:00 [INF] Executed action HomecareApp.Controllers.ApiAvailableDayController.GetAvailableDays (api) in 110.8519ms
2025-11-12 16:58:54.869 +01:00 [INF] Executed endpoint 'HomecareApp.Controllers.ApiAvailableDayController.GetAvailableDays (api)'
2025-11-12 16:58:54.869 +01:00 [INF] Request finished HTTP/1.1 GET http://localhost:5169/api/ApiAvailableDay - 200 402 application/json; charset=utf-8 112.3164ms
2025-11-12 16:58:54.872 +01:00 [INF] Request starting HTTP/1.1 GET http://localhost:5169/api/ApiAvailableDay - null null
2025-11-12 16:58:54.872 +01:00 [INF] CORS policy execution successful.
2025-11-12 16:58:54.873 +01:00 [INF] Executing endpoint 'HomecareApp.Controllers.ApiAvailableDayController.GetAvailableDays (api)'
2025-11-12 16:58:54.873 +01:00 [INF] Route matched with {action = "GetAvailableDays", controller = "ApiAvailableDay"}. Executing controller action with signature System.Threading.Tasks.Task`1[Microsoft.AspNetCore.Mvc.ActionResult`1[System.Collections.Generic.IEnumerable`1[HomecareApp.Models.AvailableDay]]] GetAvailableDays() on controller HomecareApp.Controllers.ApiAvailableDayController (api).
2025-11-12 16:58:54.987 +01:00 [INF] Executing OkObjectResult, writing value of type 'System.Collections.Generic.List`1[[HomecareApp.Models.AvailableDay, api, Version=1.0.0.0, Culture=neutral, PublicKeyToken=null]]'.
2025-11-12 16:58:54.991 +01:00 [INF] Executed action HomecareApp.Controllers.ApiAvailableDayController.GetAvailableDays (api) in 117.9285ms
2025-11-12 16:58:54.991 +01:00 [INF] Executed endpoint 'HomecareApp.Controllers.ApiAvailableDayController.GetAvailableDays (api)'
2025-11-12 16:58:54.991 +01:00 [INF] Request finished HTTP/1.1 GET http://localhost:5169/api/ApiAvailableDay - 200 402 application/json; charset=utf-8 119.6232ms
2025-11-12 16:58:59.318 +01:00 [INF] Request starting HTTP/1.1 GET http://localhost:5169/api/ApiAvailableDay - null null
2025-11-12 16:58:59.318 +01:00 [INF] CORS policy execution successful.
2025-11-12 16:58:59.318 +01:00 [INF] Executing endpoint 'HomecareApp.Controllers.ApiAvailableDayController.GetAvailableDays (api)'
2025-11-12 16:58:59.318 +01:00 [INF] Route matched with {action = "GetAvailableDays", controller = "ApiAvailableDay"}. Executing controller action with signature System.Threading.Tasks.Task`1[Microsoft.AspNetCore.Mvc.ActionResult`1[System.Collections.Generic.IEnumerable`1[HomecareApp.Models.AvailableDay]]] GetAvailableDays() on controller HomecareApp.Controllers.ApiAvailableDayController (api).
2025-11-12 16:58:59.426 +01:00 [INF] Executing OkObjectResult, writing value of type 'System.Collections.Generic.List`1[[HomecareApp.Models.AvailableDay, api, Version=1.0.0.0, Culture=neutral, PublicKeyToken=null]]'.
2025-11-12 16:58:59.430 +01:00 [INF] Executed action HomecareApp.Controllers.ApiAvailableDayController.GetAvailableDays (api) in 112.0643ms
2025-11-12 16:58:59.431 +01:00 [INF] Executed endpoint 'HomecareApp.Controllers.ApiAvailableDayController.GetAvailableDays (api)'
2025-11-12 16:58:59.431 +01:00 [INF] Request finished HTTP/1.1 GET http://localhost:5169/api/ApiAvailableDay - 200 402 application/json; charset=utf-8 113.0192ms
2025-11-12 16:58:59.433 +01:00 [INF] Request starting HTTP/1.1 GET http://localhost:5169/api/ApiAvailableDay - null null
2025-11-12 16:58:59.433 +01:00 [INF] CORS policy execution successful.
2025-11-12 16:58:59.433 +01:00 [INF] Executing endpoint 'HomecareApp.Controllers.ApiAvailableDayController.GetAvailableDays (api)'
2025-11-12 16:58:59.433 +01:00 [INF] Route matched with {action = "GetAvailableDays", controller = "ApiAvailableDay"}. Executing controller action with signature System.Threading.Tasks.Task`1[Microsoft.AspNetCore.Mvc.ActionResult`1[System.Collections.Generic.IEnumerable`1[HomecareApp.Models.AvailableDay]]] GetAvailableDays() on controller HomecareApp.Controllers.ApiAvailableDayController (api).
2025-11-12 16:58:59.547 +01:00 [INF] Executing OkObjectResult, writing value of type 'System.Collections.Generic.List`1[[HomecareApp.Models.AvailableDay, api, Version=1.0.0.0, Culture=neutral, PublicKeyToken=null]]'.
2025-11-12 16:58:59.594 +01:00 [INF] Executed action HomecareApp.Controllers.ApiAvailableDayController.GetAvailableDays (api) in 160.8983ms
2025-11-12 16:58:59.594 +01:00 [INF] Executed endpoint 'HomecareApp.Controllers.ApiAvailableDayController.GetAvailableDays (api)'
2025-11-12 16:58:59.595 +01:00 [INF] Request finished HTTP/1.1 GET http://localhost:5169/api/ApiAvailableDay - 200 402 application/json; charset=utf-8 162.0284ms
2025-11-12 16:59:04.380 +01:00 [INF] Request starting HTTP/1.1 GET http://localhost:5169/api/Appointment/appointmentlist - null null
2025-11-12 16:59:04.380 +01:00 [INF] CORS policy execution successful.
2025-11-12 16:59:04.380 +01:00 [INF] Executing endpoint 'HomecareApp.Controllers.AppointmentController.AppointmentList (api)'
2025-11-12 16:59:04.380 +01:00 [INF] Route matched with {action = "AppointmentList", controller = "Appointment"}. Executing controller action with signature System.Threading.Tasks.Task`1[Microsoft.AspNetCore.Mvc.IActionResult] AppointmentList() on controller HomecareApp.Controllers.AppointmentController (api).
2025-11-12 16:59:04.383 +01:00 [INF] Executing OkObjectResult, writing value of type 'System.Linq.Enumerable+SelectListIterator`2[[HomecareApp.Models.Appointment, api, Version=1.0.0.0, Culture=neutral, PublicKeyToken=null],[HomecareApp.DTOs.AppointmentDto, api, Version=1.0.0.0, Culture=neutral, PublicKeyToken=null]]'.
2025-11-12 16:59:04.384 +01:00 [INF] Executed action HomecareApp.Controllers.AppointmentController.AppointmentList (api) in 3.461ms
2025-11-12 16:59:04.384 +01:00 [INF] Executed endpoint 'HomecareApp.Controllers.AppointmentController.AppointmentList (api)'
2025-11-12 16:59:04.384 +01:00 [INF] Request finished HTTP/1.1 GET http://localhost:5169/api/Appointment/appointmentlist - 200 511 application/json; charset=utf-8 4.5095ms
2025-11-12 16:59:04.386 +01:00 [INF] Request starting HTTP/1.1 GET http://localhost:5169/api/Appointment/appointmentlist - null null
2025-11-12 16:59:04.387 +01:00 [INF] CORS policy execution successful.
2025-11-12 16:59:04.387 +01:00 [INF] Executing endpoint 'HomecareApp.Controllers.AppointmentController.AppointmentList (api)'
2025-11-12 16:59:04.388 +01:00 [INF] Route matched with {action = "AppointmentList", controller = "Appointment"}. Executing controller action with signature System.Threading.Tasks.Task`1[Microsoft.AspNetCore.Mvc.IActionResult] AppointmentList() on controller HomecareApp.Controllers.AppointmentController (api).
2025-11-12 16:59:04.389 +01:00 [INF] Executing OkObjectResult, writing value of type 'System.Linq.Enumerable+SelectListIterator`2[[HomecareApp.Models.Appointment, api, Version=1.0.0.0, Culture=neutral, PublicKeyToken=null],[HomecareApp.DTOs.AppointmentDto, api, Version=1.0.0.0, Culture=neutral, PublicKeyToken=null]]'.
2025-11-12 16:59:04.390 +01:00 [INF] Executed action HomecareApp.Controllers.AppointmentController.AppointmentList (api) in 1.8621ms
2025-11-12 16:59:04.390 +01:00 [INF] Executed endpoint 'HomecareApp.Controllers.AppointmentController.AppointmentList (api)'
2025-11-12 16:59:04.390 +01:00 [INF] Request finished HTTP/1.1 GET http://localhost:5169/api/Appointment/appointmentlist - 200 511 application/json; charset=utf-8 3.8688ms
2025-11-12 16:59:08.433 +01:00 [INF] Request starting HTTP/1.1 GET http://localhost:5169/api/Appointment/appointmentlist - null null
2025-11-12 16:59:08.433 +01:00 [INF] CORS policy execution successful.
2025-11-12 16:59:08.433 +01:00 [INF] Executing endpoint 'HomecareApp.Controllers.AppointmentController.AppointmentList (api)'
2025-11-12 16:59:08.433 +01:00 [INF] Route matched with {action = "AppointmentList", controller = "Appointment"}. Executing controller action with signature System.Threading.Tasks.Task`1[Microsoft.AspNetCore.Mvc.IActionResult] AppointmentList() on controller HomecareApp.Controllers.AppointmentController (api).
2025-11-12 16:59:08.435 +01:00 [INF] Executing OkObjectResult, writing value of type 'System.Linq.Enumerable+SelectListIterator`2[[HomecareApp.Models.Appointment, api, Version=1.0.0.0, Culture=neutral, PublicKeyToken=null],[HomecareApp.DTOs.AppointmentDto, api, Version=1.0.0.0, Culture=neutral, PublicKeyToken=null]]'.
2025-11-12 16:59:08.436 +01:00 [INF] Executed action HomecareApp.Controllers.AppointmentController.AppointmentList (api) in 2.4753ms
2025-11-12 16:59:08.436 +01:00 [INF] Executed endpoint 'HomecareApp.Controllers.AppointmentController.AppointmentList (api)'
2025-11-12 16:59:08.436 +01:00 [INF] Request finished HTTP/1.1 GET http://localhost:5169/api/Appointment/appointmentlist - 200 511 application/json; charset=utf-8 3.5974ms
2025-11-12 16:59:10.006 +01:00 [INF] Request starting HTTP/1.1 GET http://localhost:5169/api/ApiAvailableDay - null null
2025-11-12 16:59:10.006 +01:00 [INF] CORS policy execution successful.
2025-11-12 16:59:10.006 +01:00 [INF] Executing endpoint 'HomecareApp.Controllers.ApiAvailableDayController.GetAvailableDays (api)'
2025-11-12 16:59:10.006 +01:00 [INF] Route matched with {action = "GetAvailableDays", controller = "ApiAvailableDay"}. Executing controller action with signature System.Threading.Tasks.Task`1[Microsoft.AspNetCore.Mvc.ActionResult`1[System.Collections.Generic.IEnumerable`1[HomecareApp.Models.AvailableDay]]] GetAvailableDays() on controller HomecareApp.Controllers.ApiAvailableDayController (api).
2025-11-12 16:59:10.121 +01:00 [INF] Executing OkObjectResult, writing value of type 'System.Collections.Generic.List`1[[HomecareApp.Models.AvailableDay, api, Version=1.0.0.0, Culture=neutral, PublicKeyToken=null]]'.
2025-11-12 16:59:10.124 +01:00 [INF] Executed action HomecareApp.Controllers.ApiAvailableDayController.GetAvailableDays (api) in 118.0569ms
2025-11-12 16:59:10.124 +01:00 [INF] Executed endpoint 'HomecareApp.Controllers.ApiAvailableDayController.GetAvailableDays (api)'
2025-11-12 16:59:10.124 +01:00 [INF] Request finished HTTP/1.1 GET http://localhost:5169/api/ApiAvailableDay - 200 402 application/json; charset=utf-8 118.6939ms
2025-11-12 16:59:10.127 +01:00 [INF] Request starting HTTP/1.1 GET http://localhost:5169/api/ApiAvailableDay - null null
2025-11-12 16:59:10.127 +01:00 [INF] CORS policy execution successful.
2025-11-12 16:59:10.128 +01:00 [INF] Executing endpoint 'HomecareApp.Controllers.ApiAvailableDayController.GetAvailableDays (api)'
2025-11-12 16:59:10.128 +01:00 [INF] Route matched with {action = "GetAvailableDays", controller = "ApiAvailableDay"}. Executing controller action with signature System.Threading.Tasks.Task`1[Microsoft.AspNetCore.Mvc.ActionResult`1[System.Collections.Generic.IEnumerable`1[HomecareApp.Models.AvailableDay]]] GetAvailableDays() on controller HomecareApp.Controllers.ApiAvailableDayController (api).
2025-11-12 16:59:10.235 +01:00 [INF] Executing OkObjectResult, writing value of type 'System.Collections.Generic.List`1[[HomecareApp.Models.AvailableDay, api, Version=1.0.0.0, Culture=neutral, PublicKeyToken=null]]'.
2025-11-12 16:59:10.239 +01:00 [INF] Executed action HomecareApp.Controllers.ApiAvailableDayController.GetAvailableDays (api) in 110.9752ms
2025-11-12 16:59:10.240 +01:00 [INF] Executed endpoint 'HomecareApp.Controllers.ApiAvailableDayController.GetAvailableDays (api)'
2025-11-12 16:59:10.240 +01:00 [INF] Request finished HTTP/1.1 GET http://localhost:5169/api/ApiAvailableDay - 200 402 application/json; charset=utf-8 113.3663ms
2025-11-12 16:59:54.735 +01:00 [INF] Request starting HTTP/1.1 OPTIONS http://localhost:5169/api/Appointment/create - null null
2025-11-12 16:59:54.736 +01:00 [INF] CORS policy execution successful.
2025-11-12 16:59:54.738 +01:00 [INF] Request finished HTTP/1.1 OPTIONS http://localhost:5169/api/Appointment/create - 204 null null 2.7831ms
2025-11-12 16:59:54.742 +01:00 [INF] Request starting HTTP/1.1 POST http://localhost:5169/api/Appointment/create - application/json 225
2025-11-12 16:59:54.744 +01:00 [INF] CORS policy execution successful.
2025-11-12 16:59:54.744 +01:00 [INF] Executing endpoint 'HomecareApp.Controllers.AppointmentController.Create (api)'
2025-11-12 16:59:54.757 +01:00 [INF] Route matched with {action = "Create", controller = "Appointment"}. Executing controller action with signature System.Threading.Tasks.Task`1[Microsoft.AspNetCore.Mvc.IActionResult] Create(HomecareApp.DTOs.AppointmentDto) on controller HomecareApp.Controllers.AppointmentController (api).
2025-11-12 16:59:54.865 +01:00 [INF] Executing CreatedAtActionResult, writing value of type 'HomecareApp.Models.Appointment'.
2025-11-12 16:59:54.902 +01:00 [INF] Executed action HomecareApp.Controllers.AppointmentController.Create (api) in 144.1817ms
2025-11-12 16:59:54.902 +01:00 [INF] Executed endpoint 'HomecareApp.Controllers.AppointmentController.Create (api)'
2025-11-12 16:59:54.902 +01:00 [INF] Request finished HTTP/1.1 POST http://localhost:5169/api/Appointment/create - 201 264 application/json; charset=utf-8 159.6004ms
2025-11-12 16:59:54.905 +01:00 [INF] Request starting HTTP/1.1 GET http://localhost:5169/api/ApiAvailableDay - null null
2025-11-12 16:59:54.905 +01:00 [INF] CORS policy execution successful.
2025-11-12 16:59:54.905 +01:00 [INF] Executing endpoint 'HomecareApp.Controllers.ApiAvailableDayController.GetAvailableDays (api)'
2025-11-12 16:59:54.905 +01:00 [INF] Route matched with {action = "GetAvailableDays", controller = "ApiAvailableDay"}. Executing controller action with signature System.Threading.Tasks.Task`1[Microsoft.AspNetCore.Mvc.ActionResult`1[System.Collections.Generic.IEnumerable`1[HomecareApp.Models.AvailableDay]]] GetAvailableDays() on controller HomecareApp.Controllers.ApiAvailableDayController (api).
2025-11-12 16:59:55.012 +01:00 [INF] Executing OkObjectResult, writing value of type 'System.Collections.Generic.List`1[[HomecareApp.Models.AvailableDay, api, Version=1.0.0.0, Culture=neutral, PublicKeyToken=null]]'.
2025-11-12 16:59:55.017 +01:00 [INF] Executed action HomecareApp.Controllers.ApiAvailableDayController.GetAvailableDays (api) in 112.2422ms
2025-11-12 16:59:55.018 +01:00 [INF] Executed endpoint 'HomecareApp.Controllers.ApiAvailableDayController.GetAvailableDays (api)'
2025-11-12 16:59:55.018 +01:00 [INF] Request finished HTTP/1.1 GET http://localhost:5169/api/ApiAvailableDay - 200 402 application/json; charset=utf-8 113.1193ms
2025-11-12 17:00:00.244 +01:00 [INF] Request starting HTTP/1.1 GET http://localhost:5169/api/Appointment/appointmentlist - null null
2025-11-12 17:00:00.244 +01:00 [INF] CORS policy execution successful.
2025-11-12 17:00:00.244 +01:00 [INF] Executing endpoint 'HomecareApp.Controllers.AppointmentController.AppointmentList (api)'
2025-11-12 17:00:00.244 +01:00 [INF] Route matched with {action = "AppointmentList", controller = "Appointment"}. Executing controller action with signature System.Threading.Tasks.Task`1[Microsoft.AspNetCore.Mvc.IActionResult] AppointmentList() on controller HomecareApp.Controllers.AppointmentController (api).
2025-11-12 17:00:00.245 +01:00 [INF] Executing OkObjectResult, writing value of type 'System.Linq.Enumerable+SelectListIterator`2[[HomecareApp.Models.Appointment, api, Version=1.0.0.0, Culture=neutral, PublicKeyToken=null],[HomecareApp.DTOs.AppointmentDto, api, Version=1.0.0.0, Culture=neutral, PublicKeyToken=null]]'.
2025-11-12 17:00:00.245 +01:00 [INF] Executed action HomecareApp.Controllers.AppointmentController.AppointmentList (api) in 1.4916ms
2025-11-12 17:00:00.246 +01:00 [INF] Executed endpoint 'HomecareApp.Controllers.AppointmentController.AppointmentList (api)'
2025-11-12 17:00:00.246 +01:00 [INF] Request finished HTTP/1.1 GET http://localhost:5169/api/Appointment/appointmentlist - 200 755 application/json; charset=utf-8 2.0902ms
2025-11-12 17:00:00.248 +01:00 [INF] Request starting HTTP/1.1 GET http://localhost:5169/api/Appointment/appointmentlist - null null
2025-11-12 17:00:00.248 +01:00 [INF] CORS policy execution successful.
2025-11-12 17:00:00.248 +01:00 [INF] Executing endpoint 'HomecareApp.Controllers.AppointmentController.AppointmentList (api)'
2025-11-12 17:00:00.248 +01:00 [INF] Route matched with {action = "AppointmentList", controller = "Appointment"}. Executing controller action with signature System.Threading.Tasks.Task`1[Microsoft.AspNetCore.Mvc.IActionResult] AppointmentList() on controller HomecareApp.Controllers.AppointmentController (api).
2025-11-12 17:00:00.249 +01:00 [INF] Executing OkObjectResult, writing value of type 'System.Linq.Enumerable+SelectListIterator`2[[HomecareApp.Models.Appointment, api, Version=1.0.0.0, Culture=neutral, PublicKeyToken=null],[HomecareApp.DTOs.AppointmentDto, api, Version=1.0.0.0, Culture=neutral, PublicKeyToken=null]]'.
2025-11-12 17:00:00.249 +01:00 [INF] Executed action HomecareApp.Controllers.AppointmentController.AppointmentList (api) in 1.3687ms
2025-11-12 17:00:00.250 +01:00 [INF] Executed endpoint 'HomecareApp.Controllers.AppointmentController.AppointmentList (api)'
2025-11-12 17:00:00.250 +01:00 [INF] Request finished HTTP/1.1 GET http://localhost:5169/api/Appointment/appointmentlist - 200 755 application/json; charset=utf-8 2.0587ms
2025-11-12 17:00:11.884 +01:00 [INF] Application is shutting down...
