2025-11-12 17:56:42.397 +01:00 [INF] Now listening on: http://localhost:5169
2025-11-12 17:56:42.404 +01:00 [INF] Application started. Press Ctrl+C to shut down.
2025-11-12 17:56:42.404 +01:00 [INF] Hosting environment: Development
2025-11-12 17:56:42.404 +01:00 [INF] Content root path: C:\Skrivebord\Exam\Homecare\api
2025-11-12 17:56:54.129 +01:00 [INF] Request starting HTTP/1.1 GET http://localhost:5169/api/ApiAvailableDay - null null
2025-11-12 17:56:54.188 +01:00 [INF] CORS policy execution successful.
2025-11-12 17:56:54.191 +01:00 [INF] Executing endpoint 'HomecareApp.Controllers.ApiAvailableDayController.GetAvailableDays (api)'
2025-11-12 17:56:54.219 +01:00 [INF] Route matched with {action = "GetAvailableDays", controller = "ApiAvailableDay"}. Executing controller action with signature System.Threading.Tasks.Task`1[Microsoft.AspNetCore.Mvc.ActionResult`1[System.Collections.Generic.IEnumerable`1[HomecareApp.Models.AvailableDay]]] GetAvailableDays() on controller HomecareApp.Controllers.ApiAvailableDayController (api).
2025-11-12 17:56:55.842 +01:00 [INF] Executing OkObjectResult, writing value of type 'System.Collections.Generic.List`1[[HomecareApp.Models.AvailableDay, api, Version=1.0.0.0, Culture=neutral, PublicKeyToken=null]]'.
2025-11-12 17:56:56.381 +01:00 [INF] Executed action HomecareApp.Controllers.ApiAvailableDayController.GetAvailableDays (api) in 2156.3668ms
2025-11-12 17:56:56.384 +01:00 [INF] Executed endpoint 'HomecareApp.Controllers.ApiAvailableDayController.GetAvailableDays (api)'
2025-11-12 17:56:56.398 +01:00 [INF] Request finished HTTP/1.1 GET http://localhost:5169/api/ApiAvailableDay - 200 402 application/json; charset=utf-8 2270.7449ms
2025-11-12 17:56:56.401 +01:00 [INF] Request starting HTTP/1.1 GET http://localhost:5169/api/ApiAvailableDay - null null
2025-11-12 17:56:56.405 +01:00 [INF] CORS policy execution successful.
2025-11-12 17:56:56.405 +01:00 [INF] Executing endpoint 'HomecareApp.Controllers.ApiAvailableDayController.GetAvailableDays (api)'
2025-11-12 17:56:56.406 +01:00 [INF] Route matched with {action = "GetAvailableDays", controller = "ApiAvailableDay"}. Executing controller action with signature System.Threading.Tasks.Task`1[Microsoft.AspNetCore.Mvc.ActionResult`1[System.Collections.Generic.IEnumerable`1[HomecareApp.Models.AvailableDay]]] GetAvailableDays() on controller HomecareApp.Controllers.ApiAvailableDayController (api).
2025-11-12 17:56:56.541 +01:00 [INF] Executing OkObjectResult, writing value of type 'System.Collections.Generic.List`1[[HomecareApp.Models.AvailableDay, api, Version=1.0.0.0, Culture=neutral, PublicKeyToken=null]]'.
2025-11-12 17:56:56.548 +01:00 [INF] Executed action HomecareApp.Controllers.ApiAvailableDayController.GetAvailableDays (api) in 141.4135ms
2025-11-12 17:56:56.548 +01:00 [INF] Executed endpoint 'HomecareApp.Controllers.ApiAvailableDayController.GetAvailableDays (api)'
2025-11-12 17:56:56.549 +01:00 [INF] Request finished HTTP/1.1 GET http://localhost:5169/api/ApiAvailableDay - 200 402 application/json; charset=utf-8 147.7362ms
2025-11-12 17:57:14.981 +01:00 [INF] Request starting HTTP/1.1 OPTIONS http://localhost:5169/api/Appointment/create - null null
2025-11-12 17:57:14.986 +01:00 [INF] CORS policy execution successful.
2025-11-12 17:57:14.987 +01:00 [INF] Request finished HTTP/1.1 OPTIONS http://localhost:5169/api/Appointment/create - 204 null null 6.0183ms
2025-11-12 17:57:14.989 +01:00 [INF] Request starting HTTP/1.1 POST http://localhost:5169/api/Appointment/create - application/json 224
2025-11-12 17:57:14.991 +01:00 [INF] CORS policy execution successful.
2025-11-12 17:57:14.992 +01:00 [INF] Executing endpoint 'HomecareApp.Controllers.AppointmentController.Create (api)'
2025-11-12 17:57:15.006 +01:00 [INF] Route matched with {action = "Create", controller = "Appointment"}. Executing controller action with signature System.Threading.Tasks.Task`1[Microsoft.AspNetCore.Mvc.IActionResult] Create(HomecareApp.DTOs.AppointmentDto) on controller HomecareApp.Controllers.AppointmentController (api).
2025-11-12 17:57:15.442 +01:00 [INF] Executing CreatedAtActionResult, writing value of type 'HomecareApp.Models.Appointment'.
2025-11-12 17:57:15.467 +01:00 [INF] Executed action HomecareApp.Controllers.AppointmentController.Create (api) in 460.4579ms
2025-11-12 17:57:15.467 +01:00 [INF] Executed endpoint 'HomecareApp.Controllers.AppointmentController.Create (api)'
2025-11-12 17:57:15.468 +01:00 [INF] Request finished HTTP/1.1 POST http://localhost:5169/api/Appointment/create - 201 263 application/json; charset=utf-8 478.2168ms
2025-11-12 17:57:15.470 +01:00 [INF] Request starting HTTP/1.1 GET http://localhost:5169/api/ApiAvailableDay - null null
2025-11-12 17:57:15.471 +01:00 [INF] CORS policy execution successful.
2025-11-12 17:57:15.471 +01:00 [INF] Executing endpoint 'HomecareApp.Controllers.ApiAvailableDayController.GetAvailableDays (api)'
2025-11-12 17:57:15.471 +01:00 [INF] Route matched with {action = "GetAvailableDays", controller = "ApiAvailableDay"}. Executing controller action with signature System.Threading.Tasks.Task`1[Microsoft.AspNetCore.Mvc.ActionResult`1[System.Collections.Generic.IEnumerable`1[HomecareApp.Models.AvailableDay]]] GetAvailableDays() on controller HomecareApp.Controllers.ApiAvailableDayController (api).
2025-11-12 17:57:15.581 +01:00 [INF] Executing OkObjectResult, writing value of type 'System.Collections.Generic.List`1[[HomecareApp.Models.AvailableDay, api, Version=1.0.0.0, Culture=neutral, PublicKeyToken=null]]'.
2025-11-12 17:57:15.588 +01:00 [INF] Executed action HomecareApp.Controllers.ApiAvailableDayController.GetAvailableDays (api) in 116.3321ms
2025-11-12 17:57:15.588 +01:00 [INF] Executed endpoint 'HomecareApp.Controllers.ApiAvailableDayController.GetAvailableDays (api)'
2025-11-12 17:57:15.588 +01:00 [INF] Request finished HTTP/1.1 GET http://localhost:5169/api/ApiAvailableDay - 200 402 application/json; charset=utf-8 118.0632ms
2025-11-12 17:57:19.844 +01:00 [INF] Request starting HTTP/1.1 GET http://localhost:5169/api/Appointment/appointmentlist - null null
2025-11-12 17:57:19.845 +01:00 [INF] CORS policy execution successful.
2025-11-12 17:57:19.845 +01:00 [INF] Executing endpoint 'HomecareApp.Controllers.AppointmentController.AppointmentList (api)'
2025-11-12 17:57:19.850 +01:00 [INF] Route matched with {action = "AppointmentList", controller = "Appointment"}. Executing controller action with signature System.Threading.Tasks.Task`1[Microsoft.AspNetCore.Mvc.IActionResult] AppointmentList() on controller HomecareApp.Controllers.AppointmentController (api).
2025-11-12 17:57:19.869 +01:00 [INF] Executing OkObjectResult, writing value of type 'System.Linq.Enumerable+SelectListIterator`2[[HomecareApp.Models.Appointment, api, Version=1.0.0.0, Culture=neutral, PublicKeyToken=null],[HomecareApp.DTOs.AppointmentDto, api, Version=1.0.0.0, Culture=neutral, PublicKeyToken=null]]'.
2025-11-12 17:57:19.873 +01:00 [INF] Executed action HomecareApp.Controllers.AppointmentController.AppointmentList (api) in 22.7528ms
2025-11-12 17:57:19.873 +01:00 [INF] Executed endpoint 'HomecareApp.Controllers.AppointmentController.AppointmentList (api)'
2025-11-12 17:57:19.874 +01:00 [INF] Request finished HTTP/1.1 GET http://localhost:5169/api/Appointment/appointmentlist - 200 763 application/json; charset=utf-8 29.4755ms
2025-11-12 17:57:19.875 +01:00 [INF] Request starting HTTP/1.1 GET http://localhost:5169/api/Appointment/appointmentlist - null null
2025-11-12 17:57:19.875 +01:00 [INF] CORS policy execution successful.
2025-11-12 17:57:19.875 +01:00 [INF] Executing endpoint 'HomecareApp.Controllers.AppointmentController.AppointmentList (api)'
2025-11-12 17:57:19.875 +01:00 [INF] Route matched with {action = "AppointmentList", controller = "Appointment"}. Executing controller action with signature System.Threading.Tasks.Task`1[Microsoft.AspNetCore.Mvc.IActionResult] AppointmentList() on controller HomecareApp.Controllers.AppointmentController (api).
2025-11-12 17:57:19.879 +01:00 [INF] Executing OkObjectResult, writing value of type 'System.Linq.Enumerable+SelectListIterator`2[[HomecareApp.Models.Appointment, api, Version=1.0.0.0, Culture=neutral, PublicKeyToken=null],[HomecareApp.DTOs.AppointmentDto, api, Version=1.0.0.0, Culture=neutral, PublicKeyToken=null]]'.
2025-11-12 17:57:19.880 +01:00 [INF] Executed action HomecareApp.Controllers.AppointmentController.AppointmentList (api) in 5.0377ms
2025-11-12 17:57:19.881 +01:00 [INF] Executed endpoint 'HomecareApp.Controllers.AppointmentController.AppointmentList (api)'
2025-11-12 17:57:19.881 +01:00 [INF] Request finished HTTP/1.1 GET http://localhost:5169/api/Appointment/appointmentlist - 200 763 application/json; charset=utf-8 6.34ms
2025-11-12 17:57:25.570 +01:00 [INF] Request starting HTTP/1.1 GET http://localhost:5169/api/Appointment/appointmentlist - null null
2025-11-12 17:57:25.571 +01:00 [INF] CORS policy execution successful.
2025-11-12 17:57:25.571 +01:00 [INF] Executing endpoint 'HomecareApp.Controllers.AppointmentController.AppointmentList (api)'
2025-11-12 17:57:25.571 +01:00 [INF] Route matched with {action = "AppointmentList", controller = "Appointment"}. Executing controller action with signature System.Threading.Tasks.Task`1[Microsoft.AspNetCore.Mvc.IActionResult] AppointmentList() on controller HomecareApp.Controllers.AppointmentController (api).
2025-11-12 17:57:25.576 +01:00 [INF] Executing OkObjectResult, writing value of type 'System.Linq.Enumerable+SelectListIterator`2[[HomecareApp.Models.Appointment, api, Version=1.0.0.0, Culture=neutral, PublicKeyToken=null],[HomecareApp.DTOs.AppointmentDto, api, Version=1.0.0.0, Culture=neutral, PublicKeyToken=null]]'.
2025-11-12 17:57:25.577 +01:00 [INF] Executed action HomecareApp.Controllers.AppointmentController.AppointmentList (api) in 5.7379ms
2025-11-12 17:57:25.577 +01:00 [INF] Executed endpoint 'HomecareApp.Controllers.AppointmentController.AppointmentList (api)'
2025-11-12 17:57:25.577 +01:00 [INF] Request finished HTTP/1.1 GET http://localhost:5169/api/Appointment/appointmentlist - 200 763 application/json; charset=utf-8 7.2257ms
2025-11-12 17:57:34.929 +01:00 [INF] Request starting HTTP/1.1 GET http://localhost:5169/api/Appointment/appointmentlist - null null
2025-11-12 17:57:34.930 +01:00 [INF] CORS policy execution successful.
2025-11-12 17:57:34.930 +01:00 [INF] Executing endpoint 'HomecareApp.Controllers.AppointmentController.AppointmentList (api)'
2025-11-12 17:57:34.930 +01:00 [INF] Route matched with {action = "AppointmentList", controller = "Appointment"}. Executing controller action with signature System.Threading.Tasks.Task`1[Microsoft.AspNetCore.Mvc.IActionResult] AppointmentList() on controller HomecareApp.Controllers.AppointmentController (api).
2025-11-12 17:57:34.933 +01:00 [INF] Executing OkObjectResult, writing value of type 'System.Linq.Enumerable+SelectListIterator`2[[HomecareApp.Models.Appointment, api, Version=1.0.0.0, Culture=neutral, PublicKeyToken=null],[HomecareApp.DTOs.AppointmentDto, api, Version=1.0.0.0, Culture=neutral, PublicKeyToken=null]]'.
2025-11-12 17:57:34.934 +01:00 [INF] Executed action HomecareApp.Controllers.AppointmentController.AppointmentList (api) in 3.876ms
2025-11-12 17:57:34.934 +01:00 [INF] Executed endpoint 'HomecareApp.Controllers.AppointmentController.AppointmentList (api)'
2025-11-12 17:57:34.935 +01:00 [INF] Request finished HTTP/1.1 GET http://localhost:5169/api/Appointment/appointmentlist - 200 763 application/json; charset=utf-8 5.2885ms
2025-11-12 17:57:34.936 +01:00 [INF] Request starting HTTP/1.1 GET http://localhost:5169/api/Appointment/appointmentlist - null null
2025-11-12 17:57:34.936 +01:00 [INF] CORS policy execution successful.
2025-11-12 17:57:34.936 +01:00 [INF] Executing endpoint 'HomecareApp.Controllers.AppointmentController.AppointmentList (api)'
2025-11-12 17:57:34.937 +01:00 [INF] Route matched with {action = "AppointmentList", controller = "Appointment"}. Executing controller action with signature System.Threading.Tasks.Task`1[Microsoft.AspNetCore.Mvc.IActionResult] AppointmentList() on controller HomecareApp.Controllers.AppointmentController (api).
2025-11-12 17:57:34.939 +01:00 [INF] Executing OkObjectResult, writing value of type 'System.Linq.Enumerable+SelectListIterator`2[[HomecareApp.Models.Appointment, api, Version=1.0.0.0, Culture=neutral, PublicKeyToken=null],[HomecareApp.DTOs.AppointmentDto, api, Version=1.0.0.0, Culture=neutral, PublicKeyToken=null]]'.
2025-11-12 17:57:34.940 +01:00 [INF] Executed action HomecareApp.Controllers.AppointmentController.AppointmentList (api) in 2.7643ms
2025-11-12 17:57:34.940 +01:00 [INF] Executed endpoint 'HomecareApp.Controllers.AppointmentController.AppointmentList (api)'
2025-11-12 17:57:34.940 +01:00 [INF] Request finished HTTP/1.1 GET http://localhost:5169/api/Appointment/appointmentlist - 200 763 application/json; charset=utf-8 4.2679ms
2025-11-12 17:57:41.766 +01:00 [INF] Application is shutting down...
