2025-11-30 14:33:55.517 +01:00 [INF] User profile is available. Using 'C:\Users\Bruker\AppData\Local\ASP.NET\DataProtection-Keys' as key repository and Windows DPAPI to encrypt keys at rest.
2025-11-30 14:33:55.632 +01:00 [INF] Now listening on: http://localhost:5169
2025-11-30 14:33:55.636 +01:00 [INF] Application started. Press Ctrl+C to shut down.
2025-11-30 14:33:55.637 +01:00 [INF] Hosting environment: Development
2025-11-30 14:33:55.637 +01:00 [INF] Content root path: C:\Skrivebord\Exam\Homecare\api
2025-11-30 14:34:03.472 +01:00 [INF] Request starting HTTP/1.1 GET http://localhost:5169/api/AvailableDay - null null
2025-11-30 14:34:03.574 +01:00 [INF] CORS policy execution failed.
2025-11-30 14:34:03.575 +01:00 [INF] Request origin http://localhost:5173 does not have permission to access the resource.
2025-11-30 14:34:03.660 +01:00 [INF] Request finished HTTP/1.1 GET http://localhost:5169/api/AvailableDay - 404 0 null 194.16ms
2025-11-30 14:34:03.665 +01:00 [INF] Request reached the end of the middleware pipeline without being handled by application code. Request path: GET http://localhost:5169/api/AvailableDay, Response status code: 404
2025-11-30 14:34:03.667 +01:00 [INF] Request starting HTTP/1.1 GET http://localhost:5169/api/AvailableDay - null null
2025-11-30 14:34:03.670 +01:00 [INF] CORS policy execution failed.
2025-11-30 14:34:03.670 +01:00 [INF] Request origin http://localhost:5173 does not have permission to access the resource.
2025-11-30 14:34:03.673 +01:00 [INF] Request finished HTTP/1.1 GET http://localhost:5169/api/AvailableDay - 404 0 null 5.4633ms
2025-11-30 14:34:03.673 +01:00 [INF] Request reached the end of the middleware pipeline without being handled by application code. Request path: GET http://localhost:5169/api/AvailableDay, Response status code: 404
2025-11-30 14:34:06.221 +01:00 [INF] Request starting HTTP/1.1 GET http://localhost:5169/api/Appointment/appointmentlist - null null
2025-11-30 14:34:06.227 +01:00 [INF] CORS policy execution failed.
2025-11-30 14:34:06.227 +01:00 [INF] Request origin http://localhost:5173 does not have permission to access the resource.
2025-11-30 14:34:06.234 +01:00 [INF] Executing endpoint 'Homecare.Controllers.AppointmentController.AppointmentList (api)'
2025-11-30 14:34:06.279 +01:00 [INF] Route matched with {action = "AppointmentList", controller = "Appointment"}. Executing controller action with signature System.Threading.Tasks.Task`1[Microsoft.AspNetCore.Mvc.IActionResult] AppointmentList() on controller Homecare.Controllers.AppointmentController (api).
2025-11-30 14:34:06.787 +01:00 [INF] Executing OkObjectResult, writing value of type 'System.Linq.Enumerable+SelectListIterator`2[[Homecare.Models.Appointment, api, Version=1.0.0.0, Culture=neutral, PublicKeyToken=null],[Homecare.DTOs.AppointmentDto, api, Version=1.0.0.0, Culture=neutral, PublicKeyToken=null]]'.
2025-11-30 14:34:06.936 +01:00 [INF] Executed action Homecare.Controllers.AppointmentController.AppointmentList (api) in 649.6277ms
2025-11-30 14:34:06.937 +01:00 [INF] Executed endpoint 'Homecare.Controllers.AppointmentController.AppointmentList (api)'
2025-11-30 14:34:06.944 +01:00 [INF] Request finished HTTP/1.1 GET http://localhost:5169/api/Appointment/appointmentlist - 200 537 application/json; charset=utf-8 722.5527ms
2025-11-30 14:34:06.944 +01:00 [INF] Request starting HTTP/1.1 GET http://localhost:5169/api/Appointment/appointmentlist - null null
2025-11-30 14:34:06.947 +01:00 [INF] CORS policy execution failed.
2025-11-30 14:34:06.948 +01:00 [INF] Request origin http://localhost:5173 does not have permission to access the resource.
2025-11-30 14:34:06.948 +01:00 [INF] Executing endpoint 'Homecare.Controllers.AppointmentController.AppointmentList (api)'
2025-11-30 14:34:06.948 +01:00 [INF] Route matched with {action = "AppointmentList", controller = "Appointment"}. Executing controller action with signature System.Threading.Tasks.Task`1[Microsoft.AspNetCore.Mvc.IActionResult] AppointmentList() on controller Homecare.Controllers.AppointmentController (api).
2025-11-30 14:34:07.045 +01:00 [INF] Executing OkObjectResult, writing value of type 'System.Linq.Enumerable+SelectListIterator`2[[Homecare.Models.Appointment, api, Version=1.0.0.0, Culture=neutral, PublicKeyToken=null],[Homecare.DTOs.AppointmentDto, api, Version=1.0.0.0, Culture=neutral, PublicKeyToken=null]]'.
2025-11-30 14:34:07.047 +01:00 [INF] Executed action Homecare.Controllers.AppointmentController.AppointmentList (api) in 98.5344ms
2025-11-30 14:34:07.047 +01:00 [INF] Executed endpoint 'Homecare.Controllers.AppointmentController.AppointmentList (api)'
2025-11-30 14:34:07.047 +01:00 [INF] Request finished HTTP/1.1 GET http://localhost:5169/api/Appointment/appointmentlist - 200 537 application/json; charset=utf-8 102.782ms
2025-11-30 14:34:10.571 +01:00 [INF] Request starting HTTP/1.1 GET http://localhost:5169/api/AvailableDay - null null
2025-11-30 14:34:10.572 +01:00 [INF] CORS policy execution failed.
2025-11-30 14:34:10.572 +01:00 [INF] Request origin http://localhost:5173 does not have permission to access the resource.
2025-11-30 14:34:10.572 +01:00 [INF] Request finished HTTP/1.1 GET http://localhost:5169/api/AvailableDay - 404 0 null 0.6605ms
2025-11-30 14:34:10.572 +01:00 [INF] Request reached the end of the middleware pipeline without being handled by application code. Request path: GET http://localhost:5169/api/AvailableDay, Response status code: 404
2025-11-30 14:34:10.573 +01:00 [INF] Request starting HTTP/1.1 GET http://localhost:5169/api/AvailableDay - null null
2025-11-30 14:34:10.574 +01:00 [INF] CORS policy execution failed.
2025-11-30 14:34:10.574 +01:00 [INF] Request origin http://localhost:5173 does not have permission to access the resource.
2025-11-30 14:34:10.574 +01:00 [INF] Request finished HTTP/1.1 GET http://localhost:5169/api/AvailableDay - 404 0 null 0.5467ms
2025-11-30 14:34:10.574 +01:00 [INF] Request reached the end of the middleware pipeline without being handled by application code. Request path: GET http://localhost:5169/api/AvailableDay, Response status code: 404
2025-11-30 14:34:15.436 +01:00 [INF] Request starting HTTP/1.1 GET http://localhost:5169/api/AvailableDay - null null
2025-11-30 14:34:15.436 +01:00 [INF] CORS policy execution failed.
2025-11-30 14:34:15.436 +01:00 [INF] Request origin http://localhost:5173 does not have permission to access the resource.
2025-11-30 14:34:15.437 +01:00 [INF] Request finished HTTP/1.1 GET http://localhost:5169/api/AvailableDay - 404 0 null 1.0458ms
2025-11-30 14:34:15.437 +01:00 [INF] Request reached the end of the middleware pipeline without being handled by application code. Request path: GET http://localhost:5169/api/AvailableDay, Response status code: 404
2025-11-30 14:34:15.439 +01:00 [INF] Request starting HTTP/1.1 GET http://localhost:5169/api/AvailableDay - null null
2025-11-30 14:34:15.439 +01:00 [INF] CORS policy execution failed.
2025-11-30 14:34:15.439 +01:00 [INF] Request origin http://localhost:5173 does not have permission to access the resource.
2025-11-30 14:34:15.440 +01:00 [INF] Request finished HTTP/1.1 GET http://localhost:5169/api/AvailableDay - 404 0 null 0.4935ms
2025-11-30 14:34:15.440 +01:00 [INF] Request reached the end of the middleware pipeline without being handled by application code. Request path: GET http://localhost:5169/api/AvailableDay, Response status code: 404
2025-11-30 14:34:16.246 +01:00 [INF] Request starting HTTP/1.1 GET http://localhost:5169/api/Appointment/appointmentlist - null null
2025-11-30 14:34:16.247 +01:00 [INF] CORS policy execution failed.
2025-11-30 14:34:16.247 +01:00 [INF] Request origin http://localhost:5173 does not have permission to access the resource.
2025-11-30 14:34:16.247 +01:00 [INF] Executing endpoint 'Homecare.Controllers.AppointmentController.AppointmentList (api)'
2025-11-30 14:34:16.247 +01:00 [INF] Route matched with {action = "AppointmentList", controller = "Appointment"}. Executing controller action with signature System.Threading.Tasks.Task`1[Microsoft.AspNetCore.Mvc.IActionResult] AppointmentList() on controller Homecare.Controllers.AppointmentController (api).
2025-11-30 14:34:16.256 +01:00 [INF] Executing OkObjectResult, writing value of type 'System.Linq.Enumerable+SelectListIterator`2[[Homecare.Models.Appointment, api, Version=1.0.0.0, Culture=neutral, PublicKeyToken=null],[Homecare.DTOs.AppointmentDto, api, Version=1.0.0.0, Culture=neutral, PublicKeyToken=null]]'.
2025-11-30 14:34:16.256 +01:00 [INF] Executed action Homecare.Controllers.AppointmentController.AppointmentList (api) in 8.9886ms
2025-11-30 14:34:16.256 +01:00 [INF] Executed endpoint 'Homecare.Controllers.AppointmentController.AppointmentList (api)'
2025-11-30 14:34:16.257 +01:00 [INF] Request finished HTTP/1.1 GET http://localhost:5169/api/Appointment/appointmentlist - 200 537 application/json; charset=utf-8 10.1863ms
2025-11-30 14:34:16.258 +01:00 [INF] Request starting HTTP/1.1 GET http://localhost:5169/api/Appointment/appointmentlist - null null
2025-11-30 14:34:16.258 +01:00 [INF] CORS policy execution failed.
2025-11-30 14:34:16.258 +01:00 [INF] Request origin http://localhost:5173 does not have permission to access the resource.
2025-11-30 14:34:16.258 +01:00 [INF] Executing endpoint 'Homecare.Controllers.AppointmentController.AppointmentList (api)'
2025-11-30 14:34:16.258 +01:00 [INF] Route matched with {action = "AppointmentList", controller = "Appointment"}. Executing controller action with signature System.Threading.Tasks.Task`1[Microsoft.AspNetCore.Mvc.IActionResult] AppointmentList() on controller Homecare.Controllers.AppointmentController (api).
2025-11-30 14:34:16.261 +01:00 [INF] Executing OkObjectResult, writing value of type 'System.Linq.Enumerable+SelectListIterator`2[[Homecare.Models.Appointment, api, Version=1.0.0.0, Culture=neutral, PublicKeyToken=null],[Homecare.DTOs.AppointmentDto, api, Version=1.0.0.0, Culture=neutral, PublicKeyToken=null]]'.
2025-11-30 14:34:16.261 +01:00 [INF] Executed action Homecare.Controllers.AppointmentController.AppointmentList (api) in 2.8214ms
2025-11-30 14:34:16.261 +01:00 [INF] Executed endpoint 'Homecare.Controllers.AppointmentController.AppointmentList (api)'
2025-11-30 14:34:16.262 +01:00 [INF] Request finished HTTP/1.1 GET http://localhost:5169/api/Appointment/appointmentlist - 200 537 application/json; charset=utf-8 3.7819ms
2025-11-30 14:34:19.004 +01:00 [INF] Request starting HTTP/1.1 GET http://localhost:5169/api/Appointment/appointmentlist - null null
2025-11-30 14:34:19.004 +01:00 [INF] CORS policy execution failed.
2025-11-30 14:34:19.004 +01:00 [INF] Request origin http://localhost:5173 does not have permission to access the resource.
2025-11-30 14:34:19.004 +01:00 [INF] Executing endpoint 'Homecare.Controllers.AppointmentController.AppointmentList (api)'
2025-11-30 14:34:19.005 +01:00 [INF] Route matched with {action = "AppointmentList", controller = "Appointment"}. Executing controller action with signature System.Threading.Tasks.Task`1[Microsoft.AspNetCore.Mvc.IActionResult] AppointmentList() on controller Homecare.Controllers.AppointmentController (api).
2025-11-30 14:34:19.009 +01:00 [INF] Executing OkObjectResult, writing value of type 'System.Linq.Enumerable+SelectListIterator`2[[Homecare.Models.Appointment, api, Version=1.0.0.0, Culture=neutral, PublicKeyToken=null],[Homecare.DTOs.AppointmentDto, api, Version=1.0.0.0, Culture=neutral, PublicKeyToken=null]]'.
2025-11-30 14:34:19.010 +01:00 [INF] Executed action Homecare.Controllers.AppointmentController.AppointmentList (api) in 5.5153ms
2025-11-30 14:34:19.010 +01:00 [INF] Executed endpoint 'Homecare.Controllers.AppointmentController.AppointmentList (api)'
2025-11-30 14:34:19.011 +01:00 [INF] Request finished HTTP/1.1 GET http://localhost:5169/api/Appointment/appointmentlist - 200 537 application/json; charset=utf-8 6.5761ms
2025-11-30 14:34:19.011 +01:00 [INF] Request starting HTTP/1.1 GET http://localhost:5169/api/Appointment/appointmentlist - null null
2025-11-30 14:34:19.012 +01:00 [INF] CORS policy execution failed.
2025-11-30 14:34:19.012 +01:00 [INF] Request origin http://localhost:5173 does not have permission to access the resource.
2025-11-30 14:34:19.012 +01:00 [INF] Executing endpoint 'Homecare.Controllers.AppointmentController.AppointmentList (api)'
2025-11-30 14:34:19.012 +01:00 [INF] Route matched with {action = "AppointmentList", controller = "Appointment"}. Executing controller action with signature System.Threading.Tasks.Task`1[Microsoft.AspNetCore.Mvc.IActionResult] AppointmentList() on controller Homecare.Controllers.AppointmentController (api).
2025-11-30 14:34:19.015 +01:00 [INF] Executing OkObjectResult, writing value of type 'System.Linq.Enumerable+SelectListIterator`2[[Homecare.Models.Appointment, api, Version=1.0.0.0, Culture=neutral, PublicKeyToken=null],[Homecare.DTOs.AppointmentDto, api, Version=1.0.0.0, Culture=neutral, PublicKeyToken=null]]'.
2025-11-30 14:34:19.016 +01:00 [INF] Executed action Homecare.Controllers.AppointmentController.AppointmentList (api) in 3.3025ms
2025-11-30 14:34:19.016 +01:00 [INF] Executed endpoint 'Homecare.Controllers.AppointmentController.AppointmentList (api)'
2025-11-30 14:34:19.016 +01:00 [INF] Request finished HTTP/1.1 GET http://localhost:5169/api/Appointment/appointmentlist - 200 537 application/json; charset=utf-8 4.5542ms
2025-11-30 14:34:20.941 +01:00 [INF] Request starting HTTP/1.1 GET http://localhost:5169/api/AvailableDay - null null
2025-11-30 14:34:20.941 +01:00 [INF] CORS policy execution failed.
2025-11-30 14:34:20.941 +01:00 [INF] Request origin http://localhost:5173 does not have permission to access the resource.
2025-11-30 14:34:20.942 +01:00 [INF] Request finished HTTP/1.1 GET http://localhost:5169/api/AvailableDay - 404 0 null 0.7073ms
2025-11-30 14:34:20.942 +01:00 [INF] Request reached the end of the middleware pipeline without being handled by application code. Request path: GET http://localhost:5169/api/AvailableDay, Response status code: 404
2025-11-30 14:34:20.943 +01:00 [INF] Request starting HTTP/1.1 GET http://localhost:5169/api/AvailableDay - null null
2025-11-30 14:34:20.943 +01:00 [INF] CORS policy execution failed.
2025-11-30 14:34:20.943 +01:00 [INF] Request origin http://localhost:5173 does not have permission to access the resource.
2025-11-30 14:34:20.944 +01:00 [INF] Request finished HTTP/1.1 GET http://localhost:5169/api/AvailableDay - 404 0 null 0.411ms
2025-11-30 14:34:20.944 +01:00 [INF] Request reached the end of the middleware pipeline without being handled by application code. Request path: GET http://localhost:5169/api/AvailableDay, Response status code: 404
2025-11-30 14:34:23.362 +01:00 [INF] Request starting HTTP/1.1 GET http://localhost:5169/api/AvailableDay - null null
2025-11-30 14:34:23.362 +01:00 [INF] CORS policy execution failed.
2025-11-30 14:34:23.362 +01:00 [INF] Request origin http://localhost:5173 does not have permission to access the resource.
2025-11-30 14:34:23.363 +01:00 [INF] Request finished HTTP/1.1 GET http://localhost:5169/api/AvailableDay - 404 0 null 0.7343ms
2025-11-30 14:34:23.363 +01:00 [INF] Request reached the end of the middleware pipeline without being handled by application code. Request path: GET http://localhost:5169/api/AvailableDay, Response status code: 404
2025-11-30 14:34:23.364 +01:00 [INF] Request starting HTTP/1.1 GET http://localhost:5169/api/AvailableDay - null null
2025-11-30 14:34:23.365 +01:00 [INF] CORS policy execution failed.
2025-11-30 14:34:23.365 +01:00 [INF] Request origin http://localhost:5173 does not have permission to access the resource.
2025-11-30 14:34:23.365 +01:00 [INF] Request finished HTTP/1.1 GET http://localhost:5169/api/AvailableDay - 404 0 null 0.4534ms
2025-11-30 14:34:23.365 +01:00 [INF] Request reached the end of the middleware pipeline without being handled by application code. Request path: GET http://localhost:5169/api/AvailableDay, Response status code: 404
2025-11-30 14:34:24.252 +01:00 [INF] Request starting HTTP/1.1 GET http://localhost:5169/api/Appointment/appointmentlist - null null
2025-11-30 14:34:24.252 +01:00 [INF] CORS policy execution failed.
2025-11-30 14:34:24.252 +01:00 [INF] Request origin http://localhost:5173 does not have permission to access the resource.
2025-11-30 14:34:24.253 +01:00 [INF] Executing endpoint 'Homecare.Controllers.AppointmentController.AppointmentList (api)'
2025-11-30 14:34:24.253 +01:00 [INF] Route matched with {action = "AppointmentList", controller = "Appointment"}. Executing controller action with signature System.Threading.Tasks.Task`1[Microsoft.AspNetCore.Mvc.IActionResult] AppointmentList() on controller Homecare.Controllers.AppointmentController (api).
2025-11-30 14:34:24.257 +01:00 [INF] Executing OkObjectResult, writing value of type 'System.Linq.Enumerable+SelectListIterator`2[[Homecare.Models.Appointment, api, Version=1.0.0.0, Culture=neutral, PublicKeyToken=null],[Homecare.DTOs.AppointmentDto, api, Version=1.0.0.0, Culture=neutral, PublicKeyToken=null]]'.
2025-11-30 14:34:24.257 +01:00 [INF] Executed action Homecare.Controllers.AppointmentController.AppointmentList (api) in 3.9824ms
2025-11-30 14:34:24.257 +01:00 [INF] Executed endpoint 'Homecare.Controllers.AppointmentController.AppointmentList (api)'
2025-11-30 14:34:24.257 +01:00 [INF] Request finished HTTP/1.1 GET http://localhost:5169/api/Appointment/appointmentlist - 200 537 application/json; charset=utf-8 5.4401ms
2025-11-30 14:34:24.259 +01:00 [INF] Request starting HTTP/1.1 GET http://localhost:5169/api/Appointment/appointmentlist - null null
2025-11-30 14:34:24.259 +01:00 [INF] CORS policy execution failed.
2025-11-30 14:34:24.259 +01:00 [INF] Request origin http://localhost:5173 does not have permission to access the resource.
2025-11-30 14:34:24.259 +01:00 [INF] Executing endpoint 'Homecare.Controllers.AppointmentController.AppointmentList (api)'
2025-11-30 14:34:24.259 +01:00 [INF] Route matched with {action = "AppointmentList", controller = "Appointment"}. Executing controller action with signature System.Threading.Tasks.Task`1[Microsoft.AspNetCore.Mvc.IActionResult] AppointmentList() on controller Homecare.Controllers.AppointmentController (api).
2025-11-30 14:34:24.261 +01:00 [INF] Executing OkObjectResult, writing value of type 'System.Linq.Enumerable+SelectListIterator`2[[Homecare.Models.Appointment, api, Version=1.0.0.0, Culture=neutral, PublicKeyToken=null],[Homecare.DTOs.AppointmentDto, api, Version=1.0.0.0, Culture=neutral, PublicKeyToken=null]]'.
2025-11-30 14:34:24.261 +01:00 [INF] Executed action Homecare.Controllers.AppointmentController.AppointmentList (api) in 2.1322ms
2025-11-30 14:34:24.262 +01:00 [INF] Executed endpoint 'Homecare.Controllers.AppointmentController.AppointmentList (api)'
2025-11-30 14:34:24.262 +01:00 [INF] Request finished HTTP/1.1 GET http://localhost:5169/api/Appointment/appointmentlist - 200 537 application/json; charset=utf-8 2.8117ms
2025-11-30 14:34:34.352 +01:00 [INF] Application is shutting down...
