2025-12-14 22:23:56.272 +01:00 [INF] No migrations were applied. The database is already up to date.
2025-12-14 22:23:56.336 +01:00 [INF] No migrations were applied. The database is already up to date.
2025-12-14 22:23:56.398 +01:00 [INF] User profile is available. Using 'C:\Users\Hiban\AppData\Local\ASP.NET\DataProtection-Keys' as key repository and Windows DPAPI to encrypt keys at rest.
2025-12-14 22:23:56.469 +01:00 [INF] Now listening on: http://localhost:5169
2025-12-14 22:23:56.473 +01:00 [INF] Application started. Press Ctrl+C to shut down.
2025-12-14 22:23:56.473 +01:00 [INF] Hosting environment: Development
2025-12-14 22:23:56.474 +01:00 [INF] Content root path: C:\Users\Hiban\Downloads\TEST_EKSAMEN_WEBAPP\Homecare\api
2025-12-14 22:24:15.140 +01:00 [INF] Request starting HTTP/1.1 OPTIONS http://localhost:5169/api/AvailableDay/availabledays - null null
2025-12-14 22:24:15.140 +01:00 [INF] Request starting HTTP/1.1 OPTIONS http://localhost:5169/api/AvailableDay/availabledays - null null
2025-12-14 22:24:15.196 +01:00 [INF] CORS policy execution successful.
2025-12-14 22:24:15.197 +01:00 [INF] CORS policy execution successful.
2025-12-14 22:24:15.206 +01:00 [INF] Request finished HTTP/1.1 OPTIONS http://localhost:5169/api/AvailableDay/availabledays - 204 null null 68.9811ms
2025-12-14 22:24:15.206 +01:00 [INF] Request finished HTTP/1.1 OPTIONS http://localhost:5169/api/AvailableDay/availabledays - 204 null null 67.805ms
2025-12-14 22:24:15.213 +01:00 [INF] Request starting HTTP/1.1 GET http://localhost:5169/api/AvailableDay/availabledays - application/json null
2025-12-14 22:24:15.229 +01:00 [INF] CORS policy execution successful.
2025-12-14 22:24:15.348 +01:00 [INF] Executing endpoint 'Homecare.Controllers.AvailableDayController.GetAvailableDays (api)'
2025-12-14 22:24:15.376 +01:00 [INF] Route matched with {action = "GetAvailableDays", controller = "AvailableDay"}. Executing controller action with signature System.Threading.Tasks.Task`1[Microsoft.AspNetCore.Mvc.IActionResult] GetAvailableDays() on controller Homecare.Controllers.AvailableDayController (api).
2025-12-14 22:24:15.759 +01:00 [INF] Executing OkObjectResult, writing value of type 'System.Linq.Enumerable+SelectListIterator`2[[Homecare.Models.AvailableDay, api, Version=1.0.0.0, Culture=neutral, PublicKeyToken=null],[Homecare.DTOs.AvailableDayDto, api, Version=1.0.0.0, Culture=neutral, PublicKeyToken=null]]'.
2025-12-14 22:24:15.872 +01:00 [INF] Executed action Homecare.Controllers.AvailableDayController.GetAvailableDays (api) in 491.8104ms
2025-12-14 22:24:15.872 +01:00 [INF] Executed endpoint 'Homecare.Controllers.AvailableDayController.GetAvailableDays (api)'
2025-12-14 22:24:15.879 +01:00 [INF] Request finished HTTP/1.1 GET http://localhost:5169/api/AvailableDay/availabledays - 200 650 application/json; charset=utf-8 666.2317ms
2025-12-14 22:24:15.880 +01:00 [INF] Request starting HTTP/1.1 GET http://localhost:5169/api/AvailableDay/availabledays - application/json null
2025-12-14 22:24:15.880 +01:00 [INF] CORS policy execution successful.
2025-12-14 22:24:15.883 +01:00 [INF] Executing endpoint 'Homecare.Controllers.AvailableDayController.GetAvailableDays (api)'
2025-12-14 22:24:15.883 +01:00 [INF] Route matched with {action = "GetAvailableDays", controller = "AvailableDay"}. Executing controller action with signature System.Threading.Tasks.Task`1[Microsoft.AspNetCore.Mvc.IActionResult] GetAvailableDays() on controller Homecare.Controllers.AvailableDayController (api).
2025-12-14 22:24:15.944 +01:00 [INF] Executing OkObjectResult, writing value of type 'System.Linq.Enumerable+SelectListIterator`2[[Homecare.Models.AvailableDay, api, Version=1.0.0.0, Culture=neutral, PublicKeyToken=null],[Homecare.DTOs.AvailableDayDto, api, Version=1.0.0.0, Culture=neutral, PublicKeyToken=null]]'.
2025-12-14 22:24:15.945 +01:00 [INF] Executed action Homecare.Controllers.AvailableDayController.GetAvailableDays (api) in 61.8983ms
2025-12-14 22:24:15.945 +01:00 [INF] Executed endpoint 'Homecare.Controllers.AvailableDayController.GetAvailableDays (api)'
2025-12-14 22:24:15.945 +01:00 [INF] Request finished HTTP/1.1 GET http://localhost:5169/api/AvailableDay/availabledays - 200 650 application/json; charset=utf-8 65.302ms
2025-12-14 22:26:19.650 +01:00 [INF] Request starting HTTP/1.1 OPTIONS http://localhost:5169/api/Auth/login - null null
2025-12-14 22:26:19.651 +01:00 [INF] CORS policy execution successful.
2025-12-14 22:26:19.651 +01:00 [INF] Request finished HTTP/1.1 OPTIONS http://localhost:5169/api/Auth/login - 204 null null 0.7905ms
2025-12-14 22:26:19.654 +01:00 [INF] Request starting HTTP/1.1 POST http://localhost:5169/api/Auth/login - application/json 41
2025-12-14 22:26:19.655 +01:00 [INF] CORS policy execution successful.
2025-12-14 22:26:19.658 +01:00 [INF] Executing endpoint 'HomecareApp.Controllers.AuthController.Login (api)'
2025-12-14 22:26:19.666 +01:00 [INF] Route matched with {action = "Login", controller = "Auth"}. Executing controller action with signature System.Threading.Tasks.Task`1[Microsoft.AspNetCore.Mvc.IActionResult] Login(Homecare.DTOs.LoginDto) on controller HomecareApp.Controllers.AuthController (api).
2025-12-14 22:26:19.935 +01:00 [INF] [AuthAPIController] user authorised for test
2025-12-14 22:26:19.939 +01:00 [INF] [AuthAPIController] JWT token created for test
2025-12-14 22:26:19.953 +01:00 [INF] Executing OkObjectResult, writing value of type '<>f__AnonymousType2`1[[System.String, System.Private.CoreLib, Version=8.0.0.0, Culture=neutral, PublicKeyToken=7cec85d7bea7798e]]'.
2025-12-14 22:26:19.959 +01:00 [INF] Executed action HomecareApp.Controllers.AuthController.Login (api) in 292.2971ms
2025-12-14 22:26:19.959 +01:00 [INF] Executed endpoint 'HomecareApp.Controllers.AuthController.Login (api)'
2025-12-14 22:26:19.960 +01:00 [INF] Request finished HTTP/1.1 POST http://localhost:5169/api/Auth/login - 200 483 application/json; charset=utf-8 306.0619ms
2025-12-14 22:26:28.599 +01:00 [INF] Request starting HTTP/1.1 OPTIONS http://localhost:5169/api/AvailableDay/availabledays - null null
2025-12-14 22:26:28.599 +01:00 [INF] CORS policy execution successful.
2025-12-14 22:26:28.600 +01:00 [INF] Request finished HTTP/1.1 OPTIONS http://localhost:5169/api/AvailableDay/availabledays - 204 null null 0.5457ms
2025-12-14 22:26:28.600 +01:00 [INF] Request starting HTTP/1.1 OPTIONS http://localhost:5169/api/AvailableDay/availabledays - null null
2025-12-14 22:26:28.600 +01:00 [INF] CORS policy execution successful.
2025-12-14 22:26:28.600 +01:00 [INF] Request finished HTTP/1.1 OPTIONS http://localhost:5169/api/AvailableDay/availabledays - 204 null null 0.3426ms
2025-12-14 22:26:28.601 +01:00 [INF] Request starting HTTP/1.1 GET http://localhost:5169/api/AvailableDay/availabledays - application/json null
2025-12-14 22:26:28.601 +01:00 [INF] CORS policy execution successful.
2025-12-14 22:26:28.603 +01:00 [INF] Executing endpoint 'Homecare.Controllers.AvailableDayController.GetAvailableDays (api)'
2025-12-14 22:26:28.603 +01:00 [INF] Route matched with {action = "GetAvailableDays", controller = "AvailableDay"}. Executing controller action with signature System.Threading.Tasks.Task`1[Microsoft.AspNetCore.Mvc.IActionResult] GetAvailableDays() on controller Homecare.Controllers.AvailableDayController (api).
2025-12-14 22:26:28.613 +01:00 [INF] Executing OkObjectResult, writing value of type 'System.Linq.Enumerable+SelectListIterator`2[[Homecare.Models.AvailableDay, api, Version=1.0.0.0, Culture=neutral, PublicKeyToken=null],[Homecare.DTOs.AvailableDayDto, api, Version=1.0.0.0, Culture=neutral, PublicKeyToken=null]]'.
2025-12-14 22:26:28.613 +01:00 [INF] Executed action Homecare.Controllers.AvailableDayController.GetAvailableDays (api) in 10.2397ms
2025-12-14 22:26:28.613 +01:00 [INF] Executed endpoint 'Homecare.Controllers.AvailableDayController.GetAvailableDays (api)'
2025-12-14 22:26:28.614 +01:00 [INF] Request finished HTTP/1.1 GET http://localhost:5169/api/AvailableDay/availabledays - 200 650 application/json; charset=utf-8 12.8095ms
2025-12-14 22:26:28.615 +01:00 [INF] Request starting HTTP/1.1 GET http://localhost:5169/api/AvailableDay/availabledays - application/json null
2025-12-14 22:26:28.616 +01:00 [INF] CORS policy execution successful.
2025-12-14 22:26:28.616 +01:00 [INF] Executing endpoint 'Homecare.Controllers.AvailableDayController.GetAvailableDays (api)'
2025-12-14 22:26:28.616 +01:00 [INF] Route matched with {action = "GetAvailableDays", controller = "AvailableDay"}. Executing controller action with signature System.Threading.Tasks.Task`1[Microsoft.AspNetCore.Mvc.IActionResult] GetAvailableDays() on controller Homecare.Controllers.AvailableDayController (api).
2025-12-14 22:26:28.618 +01:00 [INF] Executing OkObjectResult, writing value of type 'System.Linq.Enumerable+SelectListIterator`2[[Homecare.Models.AvailableDay, api, Version=1.0.0.0, Culture=neutral, PublicKeyToken=null],[Homecare.DTOs.AvailableDayDto, api, Version=1.0.0.0, Culture=neutral, PublicKeyToken=null]]'.
2025-12-14 22:26:28.619 +01:00 [INF] Executed action Homecare.Controllers.AvailableDayController.GetAvailableDays (api) in 2.6181ms
2025-12-14 22:26:28.619 +01:00 [INF] Executed endpoint 'Homecare.Controllers.AvailableDayController.GetAvailableDays (api)'
2025-12-14 22:26:28.619 +01:00 [INF] Request finished HTTP/1.1 GET http://localhost:5169/api/AvailableDay/availabledays - 200 650 application/json; charset=utf-8 3.8453ms
2025-12-14 22:26:39.616 +01:00 [INF] Request starting HTTP/1.1 OPTIONS http://localhost:5169/api/Appointment/create - null null
2025-12-14 22:26:39.616 +01:00 [INF] CORS policy execution successful.
2025-12-14 22:26:39.616 +01:00 [INF] Request finished HTTP/1.1 OPTIONS http://localhost:5169/api/Appointment/create - 204 null null 0.63ms
2025-12-14 22:26:39.618 +01:00 [INF] Request starting HTTP/1.1 POST http://localhost:5169/api/Appointment/create - application/json 196
2025-12-14 22:26:39.619 +01:00 [INF] CORS policy execution successful.
2025-12-14 22:26:39.619 +01:00 [INF] Executing endpoint 'Homecare.Controllers.AppointmentController.Create (api)'
2025-12-14 22:26:39.624 +01:00 [INF] Route matched with {action = "Create", controller = "Appointment"}. Executing controller action with signature System.Threading.Tasks.Task`1[Microsoft.AspNetCore.Mvc.IActionResult] Create(Homecare.DTOs.AppointmentDto) on controller Homecare.Controllers.AppointmentController (api).
2025-12-14 22:26:39.794 +01:00 [INF] Executing CreatedAtActionResult, writing value of type 'Homecare.Models.Appointment'.
2025-12-14 22:26:39.810 +01:00 [INF] Executed action Homecare.Controllers.AppointmentController.Create (api) in 185.3264ms
2025-12-14 22:26:39.810 +01:00 [INF] Executed endpoint 'Homecare.Controllers.AppointmentController.Create (api)'
2025-12-14 22:26:39.810 +01:00 [INF] Request finished HTTP/1.1 POST http://localhost:5169/api/Appointment/create - 201 235 application/json; charset=utf-8 191.9611ms
2025-12-14 22:26:41.818 +01:00 [INF] Request starting HTTP/1.1 OPTIONS http://localhost:5169/api/AvailableDay/availabledays - null null
2025-12-14 22:26:41.819 +01:00 [INF] CORS policy execution successful.
2025-12-14 22:26:41.819 +01:00 [INF] Request finished HTTP/1.1 OPTIONS http://localhost:5169/api/AvailableDay/availabledays - 204 null null 0.4068ms
2025-12-14 22:26:41.820 +01:00 [INF] Request starting HTTP/1.1 GET http://localhost:5169/api/AvailableDay/availabledays - application/json null
2025-12-14 22:26:41.820 +01:00 [INF] CORS policy execution successful.
2025-12-14 22:26:41.821 +01:00 [INF] Executing endpoint 'Homecare.Controllers.AvailableDayController.GetAvailableDays (api)'
2025-12-14 22:26:41.821 +01:00 [INF] Route matched with {action = "GetAvailableDays", controller = "AvailableDay"}. Executing controller action with signature System.Threading.Tasks.Task`1[Microsoft.AspNetCore.Mvc.IActionResult] GetAvailableDays() on controller Homecare.Controllers.AvailableDayController (api).
2025-12-14 22:26:41.823 +01:00 [INF] Executing OkObjectResult, writing value of type 'System.Linq.Enumerable+SelectListIterator`2[[Homecare.Models.AvailableDay, api, Version=1.0.0.0, Culture=neutral, PublicKeyToken=null],[Homecare.DTOs.AvailableDayDto, api, Version=1.0.0.0, Culture=neutral, PublicKeyToken=null]]'.
2025-12-14 22:26:41.823 +01:00 [INF] Executed action Homecare.Controllers.AvailableDayController.GetAvailableDays (api) in 2.0676ms
2025-12-14 22:26:41.823 +01:00 [INF] Executed endpoint 'Homecare.Controllers.AvailableDayController.GetAvailableDays (api)'
2025-12-14 22:26:41.823 +01:00 [INF] Request finished HTTP/1.1 GET http://localhost:5169/api/AvailableDay/availabledays - 200 650 application/json; charset=utf-8 2.977ms
2025-12-14 22:26:42.231 +01:00 [INF] Request starting HTTP/1.1 OPTIONS http://localhost:5169/api/Appointment/appointmentlist - null null
2025-12-14 22:26:42.231 +01:00 [INF] Request starting HTTP/1.1 OPTIONS http://localhost:5169/api/Appointment/appointmentlist - null null
2025-12-14 22:26:42.231 +01:00 [INF] CORS policy execution successful.
2025-12-14 22:26:42.232 +01:00 [INF] CORS policy execution successful.
2025-12-14 22:26:42.232 +01:00 [INF] Request finished HTTP/1.1 OPTIONS http://localhost:5169/api/Appointment/appointmentlist - 204 null null 0.3121ms
2025-12-14 22:26:42.232 +01:00 [INF] Request finished HTTP/1.1 OPTIONS http://localhost:5169/api/Appointment/appointmentlist - 204 null null 0.3706ms
2025-12-14 22:26:42.233 +01:00 [INF] Request starting HTTP/1.1 GET http://localhost:5169/api/Appointment/appointmentlist - application/json null
2025-12-14 22:26:42.233 +01:00 [INF] CORS policy execution successful.
2025-12-14 22:26:42.234 +01:00 [INF] Executing endpoint 'Homecare.Controllers.AppointmentController.AppointmentList (api)'
2025-12-14 22:26:42.238 +01:00 [INF] Route matched with {action = "AppointmentList", controller = "Appointment"}. Executing controller action with signature System.Threading.Tasks.Task`1[Microsoft.AspNetCore.Mvc.IActionResult] AppointmentList() on controller Homecare.Controllers.AppointmentController (api).
2025-12-14 22:26:42.249 +01:00 [INF] Executing OkObjectResult, writing value of type 'System.Linq.Enumerable+SelectListIterator`2[[Homecare.Models.Appointment, api, Version=1.0.0.0, Culture=neutral, PublicKeyToken=null],[Homecare.DTOs.AppointmentDto, api, Version=1.0.0.0, Culture=neutral, PublicKeyToken=null]]'.
2025-12-14 22:26:42.251 +01:00 [INF] Executed action Homecare.Controllers.AppointmentController.AppointmentList (api) in 13.5887ms
2025-12-14 22:26:42.251 +01:00 [INF] Executed endpoint 'Homecare.Controllers.AppointmentController.AppointmentList (api)'
2025-12-14 22:26:42.252 +01:00 [INF] Request finished HTTP/1.1 GET http://localhost:5169/api/Appointment/appointmentlist - 200 1294 application/json; charset=utf-8 18.5692ms
2025-12-14 22:26:42.253 +01:00 [INF] Request starting HTTP/1.1 GET http://localhost:5169/api/Appointment/appointmentlist - application/json null
2025-12-14 22:26:42.253 +01:00 [INF] CORS policy execution successful.
2025-12-14 22:26:42.253 +01:00 [INF] Executing endpoint 'Homecare.Controllers.AppointmentController.AppointmentList (api)'
2025-12-14 22:26:42.254 +01:00 [INF] Route matched with {action = "AppointmentList", controller = "Appointment"}. Executing controller action with signature System.Threading.Tasks.Task`1[Microsoft.AspNetCore.Mvc.IActionResult] AppointmentList() on controller Homecare.Controllers.AppointmentController (api).
2025-12-14 22:26:42.257 +01:00 [INF] Executing OkObjectResult, writing value of type 'System.Linq.Enumerable+SelectListIterator`2[[Homecare.Models.Appointment, api, Version=1.0.0.0, Culture=neutral, PublicKeyToken=null],[Homecare.DTOs.AppointmentDto, api, Version=1.0.0.0, Culture=neutral, PublicKeyToken=null]]'.
2025-12-14 22:26:42.257 +01:00 [INF] Executed action Homecare.Controllers.AppointmentController.AppointmentList (api) in 3.7898ms
2025-12-14 22:26:42.257 +01:00 [INF] Executed endpoint 'Homecare.Controllers.AppointmentController.AppointmentList (api)'
2025-12-14 22:26:42.258 +01:00 [INF] Request finished HTTP/1.1 GET http://localhost:5169/api/Appointment/appointmentlist - 200 1294 application/json; charset=utf-8 4.9802ms
2025-12-14 22:26:50.378 +01:00 [INF] Request starting HTTP/1.1 OPTIONS http://localhost:5169/api/AvailableDay/availabledays - null null
2025-12-14 22:26:50.378 +01:00 [INF] Request starting HTTP/1.1 OPTIONS http://localhost:5169/api/AvailableDay/availabledays - null null
2025-12-14 22:26:50.379 +01:00 [INF] CORS policy execution successful.
2025-12-14 22:26:50.379 +01:00 [INF] Request finished HTTP/1.1 OPTIONS http://localhost:5169/api/AvailableDay/availabledays - 204 null null 0.5304ms
2025-12-14 22:26:50.379 +01:00 [INF] CORS policy execution successful.
2025-12-14 22:26:50.379 +01:00 [INF] Request finished HTTP/1.1 OPTIONS http://localhost:5169/api/AvailableDay/availabledays - 204 null null 1.1607ms
2025-12-14 22:26:50.381 +01:00 [INF] Request starting HTTP/1.1 GET http://localhost:5169/api/AvailableDay/availabledays - application/json null
2025-12-14 22:26:50.381 +01:00 [INF] CORS policy execution successful.
2025-12-14 22:26:50.382 +01:00 [INF] Executing endpoint 'Homecare.Controllers.AvailableDayController.GetAvailableDays (api)'
2025-12-14 22:26:50.383 +01:00 [INF] Route matched with {action = "GetAvailableDays", controller = "AvailableDay"}. Executing controller action with signature System.Threading.Tasks.Task`1[Microsoft.AspNetCore.Mvc.IActionResult] GetAvailableDays() on controller Homecare.Controllers.AvailableDayController (api).
2025-12-14 22:26:50.385 +01:00 [INF] Executing OkObjectResult, writing value of type 'System.Linq.Enumerable+SelectListIterator`2[[Homecare.Models.AvailableDay, api, Version=1.0.0.0, Culture=neutral, PublicKeyToken=null],[Homecare.DTOs.AvailableDayDto, api, Version=1.0.0.0, Culture=neutral, PublicKeyToken=null]]'.
2025-12-14 22:26:50.386 +01:00 [INF] Executed action Homecare.Controllers.AvailableDayController.GetAvailableDays (api) in 3.1315ms
2025-12-14 22:26:50.386 +01:00 [INF] Executed endpoint 'Homecare.Controllers.AvailableDayController.GetAvailableDays (api)'
2025-12-14 22:26:50.386 +01:00 [INF] Request finished HTTP/1.1 GET http://localhost:5169/api/AvailableDay/availabledays - 200 650 application/json; charset=utf-8 5.181ms
2025-12-14 22:26:50.388 +01:00 [INF] Request starting HTTP/1.1 GET http://localhost:5169/api/AvailableDay/availabledays - application/json null
2025-12-14 22:26:50.389 +01:00 [INF] CORS policy execution successful.
2025-12-14 22:26:50.389 +01:00 [INF] Executing endpoint 'Homecare.Controllers.AvailableDayController.GetAvailableDays (api)'
2025-12-14 22:26:50.389 +01:00 [INF] Route matched with {action = "GetAvailableDays", controller = "AvailableDay"}. Executing controller action with signature System.Threading.Tasks.Task`1[Microsoft.AspNetCore.Mvc.IActionResult] GetAvailableDays() on controller Homecare.Controllers.AvailableDayController (api).
2025-12-14 22:26:50.392 +01:00 [INF] Executing OkObjectResult, writing value of type 'System.Linq.Enumerable+SelectListIterator`2[[Homecare.Models.AvailableDay, api, Version=1.0.0.0, Culture=neutral, PublicKeyToken=null],[Homecare.DTOs.AvailableDayDto, api, Version=1.0.0.0, Culture=neutral, PublicKeyToken=null]]'.
2025-12-14 22:26:50.392 +01:00 [INF] Executed action Homecare.Controllers.AvailableDayController.GetAvailableDays (api) in 2.8379ms
2025-12-14 22:26:50.392 +01:00 [INF] Executed endpoint 'Homecare.Controllers.AvailableDayController.GetAvailableDays (api)'
2025-12-14 22:26:50.393 +01:00 [INF] Request finished HTTP/1.1 GET http://localhost:5169/api/AvailableDay/availabledays - 200 650 application/json; charset=utf-8 4.2783ms
2025-12-14 22:27:08.216 +01:00 [INF] Request starting HTTP/1.1 OPTIONS http://localhost:5169/api/AvailableDay/6 - null null
2025-12-14 22:27:08.216 +01:00 [INF] Request starting HTTP/1.1 OPTIONS http://localhost:5169/api/AvailableDay/6 - null null
2025-12-14 22:27:08.216 +01:00 [INF] CORS policy execution successful.
2025-12-14 22:27:08.216 +01:00 [INF] CORS policy execution successful.
2025-12-14 22:27:08.216 +01:00 [INF] Request finished HTTP/1.1 OPTIONS http://localhost:5169/api/AvailableDay/6 - 204 null null 0.4233ms
2025-12-14 22:27:08.216 +01:00 [INF] Request finished HTTP/1.1 OPTIONS http://localhost:5169/api/AvailableDay/6 - 204 null null 0.4625ms
2025-12-14 22:27:08.218 +01:00 [INF] Request starting HTTP/1.1 GET http://localhost:5169/api/AvailableDay/6 - application/json null
2025-12-14 22:27:08.219 +01:00 [INF] CORS policy execution successful.
2025-12-14 22:27:08.219 +01:00 [INF] Executing endpoint 'Homecare.Controllers.AvailableDayController.GetAvailableDay (api)'
2025-12-14 22:27:08.226 +01:00 [INF] Route matched with {action = "GetAvailableDay", controller = "AvailableDay"}. Executing controller action with signature System.Threading.Tasks.Task`1[Microsoft.AspNetCore.Mvc.IActionResult] GetAvailableDay(Int32) on controller Homecare.Controllers.AvailableDayController (api).
2025-12-14 22:27:08.248 +01:00 [INF] Executing OkObjectResult, writing value of type 'Castle.Proxies.AvailableDayProxy'.
2025-12-14 22:27:08.290 +01:00 [INF] Executed action Homecare.Controllers.AvailableDayController.GetAvailableDay (api) in 63.4748ms
2025-12-14 22:27:08.290 +01:00 [INF] Executed endpoint 'Homecare.Controllers.AvailableDayController.GetAvailableDay (api)'
2025-12-14 22:27:08.290 +01:00 [INF] Request finished HTTP/1.1 GET http://localhost:5169/api/AvailableDay/6 - 200 824 application/json; charset=utf-8 71.6422ms
2025-12-14 22:27:08.293 +01:00 [INF] Request starting HTTP/1.1 GET http://localhost:5169/api/AvailableDay/6 - application/json null
2025-12-14 22:27:08.293 +01:00 [INF] CORS policy execution successful.
2025-12-14 22:27:08.293 +01:00 [INF] Executing endpoint 'Homecare.Controllers.AvailableDayController.GetAvailableDay (api)'
2025-12-14 22:27:08.294 +01:00 [INF] Route matched with {action = "GetAvailableDay", controller = "AvailableDay"}. Executing controller action with signature System.Threading.Tasks.Task`1[Microsoft.AspNetCore.Mvc.IActionResult] GetAvailableDay(Int32) on controller Homecare.Controllers.AvailableDayController (api).
2025-12-14 22:27:08.297 +01:00 [INF] Executing OkObjectResult, writing value of type 'Castle.Proxies.AvailableDayProxy'.
2025-12-14 22:27:08.301 +01:00 [INF] Executed action Homecare.Controllers.AvailableDayController.GetAvailableDay (api) in 7.8304ms
2025-12-14 22:27:08.302 +01:00 [INF] Executed endpoint 'Homecare.Controllers.AvailableDayController.GetAvailableDay (api)'
2025-12-14 22:27:08.302 +01:00 [INF] Request finished HTTP/1.1 GET http://localhost:5169/api/AvailableDay/6 - 200 824 application/json; charset=utf-8 9.0924ms
2025-12-14 22:27:11.081 +01:00 [INF] Request starting HTTP/1.1 OPTIONS http://localhost:5169/api/AvailableDay/availabledays - null null
2025-12-14 22:27:11.081 +01:00 [INF] Request starting HTTP/1.1 OPTIONS http://localhost:5169/api/AvailableDay/availabledays - null null
2025-12-14 22:27:11.081 +01:00 [INF] CORS policy execution successful.
2025-12-14 22:27:11.081 +01:00 [INF] CORS policy execution successful.
2025-12-14 22:27:11.081 +01:00 [INF] Request finished HTTP/1.1 OPTIONS http://localhost:5169/api/AvailableDay/availabledays - 204 null null 0.4675ms
2025-12-14 22:27:11.081 +01:00 [INF] Request finished HTTP/1.1 OPTIONS http://localhost:5169/api/AvailableDay/availabledays - 204 null null 0.26ms
2025-12-14 22:27:11.083 +01:00 [INF] Request starting HTTP/1.1 GET http://localhost:5169/api/AvailableDay/availabledays - application/json null
2025-12-14 22:27:11.083 +01:00 [INF] CORS policy execution successful.
2025-12-14 22:27:11.084 +01:00 [INF] Executing endpoint 'Homecare.Controllers.AvailableDayController.GetAvailableDays (api)'
2025-12-14 22:27:11.084 +01:00 [INF] Route matched with {action = "GetAvailableDays", controller = "AvailableDay"}. Executing controller action with signature System.Threading.Tasks.Task`1[Microsoft.AspNetCore.Mvc.IActionResult] GetAvailableDays() on controller Homecare.Controllers.AvailableDayController (api).
2025-12-14 22:27:11.086 +01:00 [INF] Executing OkObjectResult, writing value of type 'System.Linq.Enumerable+SelectListIterator`2[[Homecare.Models.AvailableDay, api, Version=1.0.0.0, Culture=neutral, PublicKeyToken=null],[Homecare.DTOs.AvailableDayDto, api, Version=1.0.0.0, Culture=neutral, PublicKeyToken=null]]'.
2025-12-14 22:27:11.087 +01:00 [INF] Executed action Homecare.Controllers.AvailableDayController.GetAvailableDays (api) in 2.9007ms
2025-12-14 22:27:11.087 +01:00 [INF] Executed endpoint 'Homecare.Controllers.AvailableDayController.GetAvailableDays (api)'
2025-12-14 22:27:11.088 +01:00 [INF] Request finished HTTP/1.1 GET http://localhost:5169/api/AvailableDay/availabledays - 200 650 application/json; charset=utf-8 4.63ms
2025-12-14 22:27:11.089 +01:00 [INF] Request starting HTTP/1.1 GET http://localhost:5169/api/AvailableDay/availabledays - application/json null
2025-12-14 22:27:11.089 +01:00 [INF] CORS policy execution successful.
2025-12-14 22:27:11.089 +01:00 [INF] Executing endpoint 'Homecare.Controllers.AvailableDayController.GetAvailableDays (api)'
2025-12-14 22:27:11.089 +01:00 [INF] Route matched with {action = "GetAvailableDays", controller = "AvailableDay"}. Executing controller action with signature System.Threading.Tasks.Task`1[Microsoft.AspNetCore.Mvc.IActionResult] GetAvailableDays() on controller Homecare.Controllers.AvailableDayController (api).
2025-12-14 22:27:11.091 +01:00 [INF] Executing OkObjectResult, writing value of type 'System.Linq.Enumerable+SelectListIterator`2[[Homecare.Models.AvailableDay, api, Version=1.0.0.0, Culture=neutral, PublicKeyToken=null],[Homecare.DTOs.AvailableDayDto, api, Version=1.0.0.0, Culture=neutral, PublicKeyToken=null]]'.
2025-12-14 22:27:11.092 +01:00 [INF] Executed action Homecare.Controllers.AvailableDayController.GetAvailableDays (api) in 2.0356ms
2025-12-14 22:27:11.092 +01:00 [INF] Executed endpoint 'Homecare.Controllers.AvailableDayController.GetAvailableDays (api)'
2025-12-14 22:27:11.092 +01:00 [INF] Request finished HTTP/1.1 GET http://localhost:5169/api/AvailableDay/availabledays - 200 650 application/json; charset=utf-8 3.1325ms
2025-12-14 22:27:15.988 +01:00 [INF] Request starting HTTP/1.1 OPTIONS http://localhost:5169/api/AvailableDay/delete/6 - null null
2025-12-14 22:27:15.988 +01:00 [INF] CORS policy execution successful.
2025-12-14 22:27:15.988 +01:00 [INF] Request finished HTTP/1.1 OPTIONS http://localhost:5169/api/AvailableDay/delete/6 - 204 null null 0.5146ms
2025-12-14 22:27:15.990 +01:00 [INF] Request starting HTTP/1.1 DELETE http://localhost:5169/api/AvailableDay/delete/6 - application/json null
2025-12-14 22:27:15.990 +01:00 [INF] CORS policy execution successful.
2025-12-14 22:27:15.991 +01:00 [INF] Executing endpoint 'Homecare.Controllers.AvailableDayController.DeleteAvailableDay (api)'
2025-12-14 22:27:15.996 +01:00 [INF] Route matched with {action = "DeleteAvailableDay", controller = "AvailableDay"}. Executing controller action with signature System.Threading.Tasks.Task`1[Microsoft.AspNetCore.Mvc.IActionResult] DeleteAvailableDay(Int32) on controller Homecare.Controllers.AvailableDayController (api).
2025-12-14 22:27:16.024 +01:00 [INF] Executing StatusCodeResult, setting HTTP status code 204
2025-12-14 22:27:16.024 +01:00 [INF] Executed action Homecare.Controllers.AvailableDayController.DeleteAvailableDay (api) in 28.3555ms
2025-12-14 22:27:16.025 +01:00 [INF] Executed endpoint 'Homecare.Controllers.AvailableDayController.DeleteAvailableDay (api)'
2025-12-14 22:27:16.025 +01:00 [INF] Request finished HTTP/1.1 DELETE http://localhost:5169/api/AvailableDay/delete/6 - 204 null null 34.931ms
2025-12-14 22:27:16.029 +01:00 [INF] Request starting HTTP/1.1 GET http://localhost:5169/api/AvailableDay/availabledays - application/json null
2025-12-14 22:27:16.029 +01:00 [INF] CORS policy execution successful.
2025-12-14 22:27:16.030 +01:00 [INF] Executing endpoint 'Homecare.Controllers.AvailableDayController.GetAvailableDays (api)'
2025-12-14 22:27:16.030 +01:00 [INF] Route matched with {action = "GetAvailableDays", controller = "AvailableDay"}. Executing controller action with signature System.Threading.Tasks.Task`1[Microsoft.AspNetCore.Mvc.IActionResult] GetAvailableDays() on controller Homecare.Controllers.AvailableDayController (api).
2025-12-14 22:27:16.031 +01:00 [INF] Executing OkObjectResult, writing value of type 'System.Linq.Enumerable+SelectListIterator`2[[Homecare.Models.AvailableDay, api, Version=1.0.0.0, Culture=neutral, PublicKeyToken=null],[Homecare.DTOs.AvailableDayDto, api, Version=1.0.0.0, Culture=neutral, PublicKeyToken=null]]'.
2025-12-14 22:27:16.032 +01:00 [INF] Executed action Homecare.Controllers.AvailableDayController.GetAvailableDays (api) in 1.5834ms
2025-12-14 22:27:16.032 +01:00 [INF] Executed endpoint 'Homecare.Controllers.AvailableDayController.GetAvailableDays (api)'
2025-12-14 22:27:16.032 +01:00 [INF] Request finished HTTP/1.1 GET http://localhost:5169/api/AvailableDay/availabledays - 200 487 application/json; charset=utf-8 2.733ms
2025-12-14 22:27:21.147 +01:00 [INF] Request starting HTTP/1.1 OPTIONS http://localhost:5169/api/AvailableDay/8 - null null
2025-12-14 22:27:21.147 +01:00 [INF] Request starting HTTP/1.1 OPTIONS http://localhost:5169/api/AvailableDay/8 - null null
2025-12-14 22:27:21.147 +01:00 [INF] CORS policy execution successful.
2025-12-14 22:27:21.147 +01:00 [INF] CORS policy execution successful.
2025-12-14 22:27:21.148 +01:00 [INF] Request finished HTTP/1.1 OPTIONS http://localhost:5169/api/AvailableDay/8 - 204 null null 0.7093ms
2025-12-14 22:27:21.148 +01:00 [INF] Request finished HTTP/1.1 OPTIONS http://localhost:5169/api/AvailableDay/8 - 204 null null 0.7559ms
2025-12-14 22:27:21.150 +01:00 [INF] Request starting HTTP/1.1 GET http://localhost:5169/api/AvailableDay/8 - application/json null
2025-12-14 22:27:21.150 +01:00 [INF] CORS policy execution successful.
2025-12-14 22:27:21.151 +01:00 [INF] Executing endpoint 'Homecare.Controllers.AvailableDayController.GetAvailableDay (api)'
2025-12-14 22:27:21.151 +01:00 [INF] Route matched with {action = "GetAvailableDay", controller = "AvailableDay"}. Executing controller action with signature System.Threading.Tasks.Task`1[Microsoft.AspNetCore.Mvc.IActionResult] GetAvailableDay(Int32) on controller Homecare.Controllers.AvailableDayController (api).
2025-12-14 22:27:21.155 +01:00 [INF] Executing OkObjectResult, writing value of type 'Castle.Proxies.AvailableDayProxy'.
2025-12-14 22:27:21.158 +01:00 [INF] Executed action Homecare.Controllers.AvailableDayController.GetAvailableDay (api) in 7.0531ms
2025-12-14 22:27:21.158 +01:00 [INF] Executed endpoint 'Homecare.Controllers.AvailableDayController.GetAvailableDay (api)'
2025-12-14 22:27:21.159 +01:00 [INF] Request finished HTTP/1.1 GET http://localhost:5169/api/AvailableDay/8 - 200 389 application/json; charset=utf-8 8.7386ms
2025-12-14 22:27:21.161 +01:00 [INF] Request starting HTTP/1.1 GET http://localhost:5169/api/AvailableDay/8 - application/json null
2025-12-14 22:27:21.162 +01:00 [INF] CORS policy execution successful.
2025-12-14 22:27:21.164 +01:00 [INF] Executing endpoint 'Homecare.Controllers.AvailableDayController.GetAvailableDay (api)'
2025-12-14 22:27:21.164 +01:00 [INF] Route matched with {action = "GetAvailableDay", controller = "AvailableDay"}. Executing controller action with signature System.Threading.Tasks.Task`1[Microsoft.AspNetCore.Mvc.IActionResult] GetAvailableDay(Int32) on controller Homecare.Controllers.AvailableDayController (api).
2025-12-14 22:27:21.168 +01:00 [INF] Executing OkObjectResult, writing value of type 'Castle.Proxies.AvailableDayProxy'.
2025-12-14 22:27:21.170 +01:00 [INF] Executed action Homecare.Controllers.AvailableDayController.GetAvailableDay (api) in 6.2265ms
2025-12-14 22:27:21.170 +01:00 [INF] Executed endpoint 'Homecare.Controllers.AvailableDayController.GetAvailableDay (api)'
2025-12-14 22:27:21.171 +01:00 [INF] Request finished HTTP/1.1 GET http://localhost:5169/api/AvailableDay/8 - 200 389 application/json; charset=utf-8 9.3154ms
2025-12-14 22:27:36.399 +01:00 [INF] Request starting HTTP/1.1 OPTIONS http://localhost:5169/api/AvailableDay/update/8 - null null
2025-12-14 22:27:36.400 +01:00 [INF] CORS policy execution successful.
2025-12-14 22:27:36.400 +01:00 [INF] Request finished HTTP/1.1 OPTIONS http://localhost:5169/api/AvailableDay/update/8 - 204 null null 0.2719ms
2025-12-14 22:27:36.401 +01:00 [INF] Request starting HTTP/1.1 PUT http://localhost:5169/api/AvailableDay/update/8 - application/json 143
2025-12-14 22:27:36.401 +01:00 [INF] CORS policy execution successful.
2025-12-14 22:27:36.402 +01:00 [INF] Executing endpoint 'Homecare.Controllers.AvailableDayController.Update (api)'
2025-12-14 22:27:36.407 +01:00 [INF] Route matched with {action = "Update", controller = "AvailableDay"}. Executing controller action with signature System.Threading.Tasks.Task`1[Microsoft.AspNetCore.Mvc.IActionResult] Update(Int32, Homecare.DTOs.AvailableDayDto) on controller Homecare.Controllers.AvailableDayController (api).
2025-12-14 22:27:36.416 +01:00 [INF] Executing BadRequestObjectResult, writing value of type 'Microsoft.AspNetCore.Mvc.ValidationProblemDetails'.
2025-12-14 22:27:36.443 +01:00 [INF] Executed action Homecare.Controllers.AvailableDayController.Update (api) in 35.5945ms
2025-12-14 22:27:36.443 +01:00 [INF] Executed endpoint 'Homecare.Controllers.AvailableDayController.Update (api)'
2025-12-14 22:27:36.443 +01:00 [INF] Request finished HTTP/1.1 PUT http://localhost:5169/api/AvailableDay/update/8 - 400 247 application/problem+json; charset=utf-8 41.9984ms
2025-12-14 22:27:51.118 +01:00 [INF] Request starting HTTP/1.1 OPTIONS http://localhost:5169/api/AvailableDay/update/8 - null null
2025-12-14 22:27:51.118 +01:00 [INF] CORS policy execution successful.
2025-12-14 22:27:51.119 +01:00 [INF] Request finished HTTP/1.1 OPTIONS http://localhost:5169/api/AvailableDay/update/8 - 204 null null 0.3374ms
2025-12-14 22:27:51.120 +01:00 [INF] Request starting HTTP/1.1 PUT http://localhost:5169/api/AvailableDay/update/8 - application/json 144
2025-12-14 22:27:51.120 +01:00 [INF] CORS policy execution successful.
2025-12-14 22:27:51.121 +01:00 [INF] Executing endpoint 'Homecare.Controllers.AvailableDayController.Update (api)'
2025-12-14 22:27:51.121 +01:00 [INF] Route matched with {action = "Update", controller = "AvailableDay"}. Executing controller action with signature System.Threading.Tasks.Task`1[Microsoft.AspNetCore.Mvc.IActionResult] Update(Int32, Homecare.DTOs.AvailableDayDto) on controller Homecare.Controllers.AvailableDayController (api).
2025-12-14 22:27:51.122 +01:00 [INF] Executing BadRequestObjectResult, writing value of type 'Microsoft.AspNetCore.Mvc.ValidationProblemDetails'.
2025-12-14 22:27:51.123 +01:00 [INF] Executed action Homecare.Controllers.AvailableDayController.Update (api) in 1.5883ms
2025-12-14 22:27:51.123 +01:00 [INF] Executed endpoint 'Homecare.Controllers.AvailableDayController.Update (api)'
2025-12-14 22:27:51.123 +01:00 [INF] Request finished HTTP/1.1 PUT http://localhost:5169/api/AvailableDay/update/8 - 400 247 application/problem+json; charset=utf-8 2.6773ms
2025-12-14 22:27:56.805 +01:00 [INF] Request starting HTTP/1.1 OPTIONS http://localhost:5169/api/AvailableDay/update/8 - null null
2025-12-14 22:27:56.806 +01:00 [INF] CORS policy execution successful.
2025-12-14 22:27:56.806 +01:00 [INF] Request finished HTTP/1.1 OPTIONS http://localhost:5169/api/AvailableDay/update/8 - 204 null null 0.2161ms
2025-12-14 22:27:56.807 +01:00 [INF] Request starting HTTP/1.1 PUT http://localhost:5169/api/AvailableDay/update/8 - application/json 132
2025-12-14 22:27:56.808 +01:00 [INF] CORS policy execution successful.
2025-12-14 22:27:56.808 +01:00 [INF] Executing endpoint 'Homecare.Controllers.AvailableDayController.Update (api)'
2025-12-14 22:27:56.808 +01:00 [INF] Route matched with {action = "Update", controller = "AvailableDay"}. Executing controller action with signature System.Threading.Tasks.Task`1[Microsoft.AspNetCore.Mvc.IActionResult] Update(Int32, Homecare.DTOs.AvailableDayDto) on controller Homecare.Controllers.AvailableDayController (api).
2025-12-14 22:27:56.809 +01:00 [INF] Executing BadRequestObjectResult, writing value of type 'Microsoft.AspNetCore.Mvc.ValidationProblemDetails'.
2025-12-14 22:27:56.809 +01:00 [INF] Executed action Homecare.Controllers.AvailableDayController.Update (api) in 1.1789ms
2025-12-14 22:27:56.809 +01:00 [INF] Executed endpoint 'Homecare.Controllers.AvailableDayController.Update (api)'
2025-12-14 22:27:56.810 +01:00 [INF] Request finished HTTP/1.1 PUT http://localhost:5169/api/AvailableDay/update/8 - 400 247 application/problem+json; charset=utf-8 2.1826ms
2025-12-14 22:27:57.900 +01:00 [INF] Request starting HTTP/1.1 PUT http://localhost:5169/api/AvailableDay/update/8 - application/json 132
2025-12-14 22:27:57.901 +01:00 [INF] CORS policy execution successful.
2025-12-14 22:27:57.901 +01:00 [INF] Executing endpoint 'Homecare.Controllers.AvailableDayController.Update (api)'
2025-12-14 22:27:57.901 +01:00 [INF] Route matched with {action = "Update", controller = "AvailableDay"}. Executing controller action with signature System.Threading.Tasks.Task`1[Microsoft.AspNetCore.Mvc.IActionResult] Update(Int32, Homecare.DTOs.AvailableDayDto) on controller Homecare.Controllers.AvailableDayController (api).
2025-12-14 22:27:57.902 +01:00 [INF] Executing BadRequestObjectResult, writing value of type 'Microsoft.AspNetCore.Mvc.ValidationProblemDetails'.
2025-12-14 22:27:57.902 +01:00 [INF] Executed action Homecare.Controllers.AvailableDayController.Update (api) in 1.3048ms
2025-12-14 22:27:57.903 +01:00 [INF] Executed endpoint 'Homecare.Controllers.AvailableDayController.Update (api)'
2025-12-14 22:27:57.903 +01:00 [INF] Request finished HTTP/1.1 PUT http://localhost:5169/api/AvailableDay/update/8 - 400 247 application/problem+json; charset=utf-8 2.1337ms
2025-12-14 22:27:58.087 +01:00 [INF] Request starting HTTP/1.1 PUT http://localhost:5169/api/AvailableDay/update/8 - application/json 132
2025-12-14 22:27:58.088 +01:00 [INF] CORS policy execution successful.
2025-12-14 22:27:58.088 +01:00 [INF] Executing endpoint 'Homecare.Controllers.AvailableDayController.Update (api)'
2025-12-14 22:27:58.088 +01:00 [INF] Route matched with {action = "Update", controller = "AvailableDay"}. Executing controller action with signature System.Threading.Tasks.Task`1[Microsoft.AspNetCore.Mvc.IActionResult] Update(Int32, Homecare.DTOs.AvailableDayDto) on controller Homecare.Controllers.AvailableDayController (api).
2025-12-14 22:27:58.089 +01:00 [INF] Executing BadRequestObjectResult, writing value of type 'Microsoft.AspNetCore.Mvc.ValidationProblemDetails'.
2025-12-14 22:27:58.089 +01:00 [INF] Executed action Homecare.Controllers.AvailableDayController.Update (api) in 0.7648ms
2025-12-14 22:27:58.089 +01:00 [INF] Executed endpoint 'Homecare.Controllers.AvailableDayController.Update (api)'
2025-12-14 22:27:58.089 +01:00 [INF] Request finished HTTP/1.1 PUT http://localhost:5169/api/AvailableDay/update/8 - 400 247 application/problem+json; charset=utf-8 1.5091ms
2025-12-14 22:27:58.297 +01:00 [INF] Request starting HTTP/1.1 PUT http://localhost:5169/api/AvailableDay/update/8 - application/json 132
2025-12-14 22:27:58.297 +01:00 [INF] CORS policy execution successful.
2025-12-14 22:27:58.297 +01:00 [INF] Executing endpoint 'Homecare.Controllers.AvailableDayController.Update (api)'
2025-12-14 22:27:58.298 +01:00 [INF] Route matched with {action = "Update", controller = "AvailableDay"}. Executing controller action with signature System.Threading.Tasks.Task`1[Microsoft.AspNetCore.Mvc.IActionResult] Update(Int32, Homecare.DTOs.AvailableDayDto) on controller Homecare.Controllers.AvailableDayController (api).
2025-12-14 22:27:58.299 +01:00 [INF] Executing BadRequestObjectResult, writing value of type 'Microsoft.AspNetCore.Mvc.ValidationProblemDetails'.
2025-12-14 22:27:58.299 +01:00 [INF] Executed action Homecare.Controllers.AvailableDayController.Update (api) in 1.5482ms
2025-12-14 22:27:58.299 +01:00 [INF] Executed endpoint 'Homecare.Controllers.AvailableDayController.Update (api)'
2025-12-14 22:27:58.299 +01:00 [INF] Request finished HTTP/1.1 PUT http://localhost:5169/api/AvailableDay/update/8 - 400 247 application/problem+json; charset=utf-8 2.669ms
2025-12-14 23:06:55.854 +01:00 [INF] Application is shutting down...
