2025-12-04 06:23:10.480 +01:00 [INF] No migrations were applied. The database is already up to date.
2025-12-04 06:23:10.591 +01:00 [INF] No migrations were applied. The database is already up to date.
2025-12-04 06:23:10.684 +01:00 [INF] User profile is available. Using 'C:\Users\Hiban\AppData\Local\ASP.NET\DataProtection-Keys' as key repository and Windows DPAPI to encrypt keys at rest.
2025-12-04 06:23:10.834 +01:00 [INF] Now listening on: http://localhost:5169
2025-12-04 06:23:10.841 +01:00 [INF] Application started. Press Ctrl+C to shut down.
2025-12-04 06:23:10.842 +01:00 [INF] Hosting environment: Development
2025-12-04 06:23:10.842 +01:00 [INF] Content root path: C:\WEBAPP\Homecare\api
2025-12-04 06:23:17.291 +01:00 [INF] Request starting HTTP/1.1 OPTIONS http://localhost:5169/api/Appointment/appointmentlist - null null
2025-12-04 06:23:17.291 +01:00 [INF] Request starting HTTP/1.1 OPTIONS http://localhost:5169/api/Appointment/appointmentlist - null null
2025-12-04 06:23:17.349 +01:00 [INF] CORS policy execution successful.
2025-12-04 06:23:17.349 +01:00 [INF] CORS policy execution successful.
2025-12-04 06:23:17.358 +01:00 [INF] Request finished HTTP/1.1 OPTIONS http://localhost:5169/api/Appointment/appointmentlist - 204 null null 71.3911ms
2025-12-04 06:23:17.358 +01:00 [INF] Request finished HTTP/1.1 OPTIONS http://localhost:5169/api/Appointment/appointmentlist - 204 null null 71.3904ms
2025-12-04 06:23:17.364 +01:00 [INF] Request starting HTTP/1.1 GET http://localhost:5169/api/Appointment/appointmentlist - application/json null
2025-12-04 06:23:17.379 +01:00 [INF] CORS policy execution successful.
2025-12-04 06:23:17.544 +01:00 [INF] Executing endpoint 'Homecare.Controllers.AppointmentController.AppointmentList (api)'
2025-12-04 06:23:17.582 +01:00 [INF] Route matched with {action = "AppointmentList", controller = "Appointment"}. Executing controller action with signature System.Threading.Tasks.Task`1[Microsoft.AspNetCore.Mvc.IActionResult] AppointmentList() on controller Homecare.Controllers.AppointmentController (api).
2025-12-04 06:23:18.091 +01:00 [INF] Executing OkObjectResult, writing value of type 'System.Linq.Enumerable+SelectListIterator`2[[Homecare.Models.Appointment, api, Version=1.0.0.0, Culture=neutral, PublicKeyToken=null],[Homecare.DTOs.AppointmentDto, api, Version=1.0.0.0, Culture=neutral, PublicKeyToken=null]]'.
2025-12-04 06:23:18.260 +01:00 [INF] Executed action Homecare.Controllers.AppointmentController.AppointmentList (api) in 672.5666ms
2025-12-04 06:23:18.260 +01:00 [INF] Executed endpoint 'Homecare.Controllers.AppointmentController.AppointmentList (api)'
2025-12-04 06:23:18.266 +01:00 [INF] Request finished HTTP/1.1 GET http://localhost:5169/api/Appointment/appointmentlist - 200 2 application/json; charset=utf-8 902.2511ms
2025-12-04 06:23:18.268 +01:00 [INF] Request starting HTTP/1.1 GET http://localhost:5169/api/Appointment/appointmentlist - application/json null
2025-12-04 06:23:18.269 +01:00 [INF] CORS policy execution successful.
2025-12-04 06:23:18.324 +01:00 [INF] Executing endpoint 'Homecare.Controllers.AppointmentController.AppointmentList (api)'
2025-12-04 06:23:18.324 +01:00 [INF] Route matched with {action = "AppointmentList", controller = "Appointment"}. Executing controller action with signature System.Threading.Tasks.Task`1[Microsoft.AspNetCore.Mvc.IActionResult] AppointmentList() on controller Homecare.Controllers.AppointmentController (api).
2025-12-04 06:23:18.496 +01:00 [INF] Executing OkObjectResult, writing value of type 'System.Linq.Enumerable+SelectListIterator`2[[Homecare.Models.Appointment, api, Version=1.0.0.0, Culture=neutral, PublicKeyToken=null],[Homecare.DTOs.AppointmentDto, api, Version=1.0.0.0, Culture=neutral, PublicKeyToken=null]]'.
2025-12-04 06:23:18.497 +01:00 [INF] Executed action Homecare.Controllers.AppointmentController.AppointmentList (api) in 172.3562ms
2025-12-04 06:23:18.497 +01:00 [INF] Executed endpoint 'Homecare.Controllers.AppointmentController.AppointmentList (api)'
2025-12-04 06:23:18.497 +01:00 [INF] Request finished HTTP/1.1 GET http://localhost:5169/api/Appointment/appointmentlist - 200 2 application/json; charset=utf-8 229.2646ms
2025-12-04 06:24:57.837 +01:00 [INF] Request starting HTTP/1.1 OPTIONS http://localhost:5169/api/Auth/register - null null
2025-12-04 06:24:57.838 +01:00 [INF] CORS policy execution successful.
2025-12-04 06:24:57.839 +01:00 [INF] Request finished HTTP/1.1 OPTIONS http://localhost:5169/api/Auth/register - 204 null null 1.4891ms
2025-12-04 06:24:57.840 +01:00 [INF] Request starting HTTP/1.1 POST http://localhost:5169/api/Auth/register - application/json 68
2025-12-04 06:24:57.842 +01:00 [INF] CORS policy execution successful.
2025-12-04 06:24:57.846 +01:00 [INF] Executing endpoint 'HomecareApp.Controllers.AuthController.Register (api)'
2025-12-04 06:24:57.864 +01:00 [INF] Route matched with {action = "Register", controller = "Auth"}. Executing controller action with signature System.Threading.Tasks.Task`1[Microsoft.AspNetCore.Mvc.IActionResult] Register(Homecare.DTOs.RegisterDto) on controller HomecareApp.Controllers.AuthController (api).
2025-12-04 06:24:58.869 +01:00 [INF] User created a new account with password.
2025-12-04 06:24:58.870 +01:00 [INF] Executing OkObjectResult, writing value of type '<>f__AnonymousType1`1[[System.String, System.Private.CoreLib, Version=8.0.0.0, Culture=neutral, PublicKeyToken=7cec85d7bea7798e]]'.
2025-12-04 06:24:58.895 +01:00 [INF] Executed action HomecareApp.Controllers.AuthController.Register (api) in 1029.8733ms
2025-12-04 06:24:58.895 +01:00 [INF] Executed endpoint 'HomecareApp.Controllers.AuthController.Register (api)'
2025-12-04 06:24:58.895 +01:00 [INF] Request finished HTTP/1.1 POST http://localhost:5169/api/Auth/register - 200 42 application/json; charset=utf-8 1055.0005ms
2025-12-04 06:25:05.701 +01:00 [INF] Request starting HTTP/1.1 OPTIONS http://localhost:5169/api/Auth/login - null null
2025-12-04 06:25:05.702 +01:00 [INF] CORS policy execution successful.
2025-12-04 06:25:05.702 +01:00 [INF] Request finished HTTP/1.1 OPTIONS http://localhost:5169/api/Auth/login - 204 null null 1.1071ms
2025-12-04 06:25:05.704 +01:00 [INF] Request starting HTTP/1.1 POST http://localhost:5169/api/Auth/login - application/json 41
2025-12-04 06:25:05.704 +01:00 [INF] CORS policy execution successful.
2025-12-04 06:25:05.704 +01:00 [INF] Executing endpoint 'HomecareApp.Controllers.AuthController.Login (api)'
2025-12-04 06:25:05.712 +01:00 [INF] Route matched with {action = "Login", controller = "Auth"}. Executing controller action with signature System.Threading.Tasks.Task`1[Microsoft.AspNetCore.Mvc.IActionResult] Login(Homecare.DTOs.LoginDto) on controller HomecareApp.Controllers.AuthController (api).
2025-12-04 06:25:06.048 +01:00 [INF] [AuthAPIController] user authorised for test
2025-12-04 06:25:06.055 +01:00 [INF] [AuthAPIController] JWT token created for test
2025-12-04 06:25:06.128 +01:00 [INF] Executing OkObjectResult, writing value of type '<>f__AnonymousType2`1[[System.String, System.Private.CoreLib, Version=8.0.0.0, Culture=neutral, PublicKeyToken=7cec85d7bea7798e]]'.
2025-12-04 06:25:06.130 +01:00 [INF] Executed action HomecareApp.Controllers.AuthController.Login (api) in 418.0107ms
2025-12-04 06:25:06.130 +01:00 [INF] Executed endpoint 'HomecareApp.Controllers.AuthController.Login (api)'
2025-12-04 06:25:06.130 +01:00 [INF] Request finished HTTP/1.1 POST http://localhost:5169/api/Auth/login - 200 483 application/json; charset=utf-8 426.6403ms
2025-12-04 06:31:08.451 +01:00 [INF] Request starting HTTP/1.1 OPTIONS http://localhost:5169/api/Auth/register - null null
2025-12-04 06:31:08.452 +01:00 [INF] CORS policy execution successful.
2025-12-04 06:31:08.452 +01:00 [INF] Request finished HTTP/1.1 OPTIONS http://localhost:5169/api/Auth/register - 204 null null 0.6497ms
2025-12-04 06:31:08.453 +01:00 [INF] Request starting HTTP/1.1 POST http://localhost:5169/api/Auth/register - application/json 69
2025-12-04 06:31:08.453 +01:00 [INF] CORS policy execution successful.
2025-12-04 06:31:08.454 +01:00 [INF] Executing endpoint 'HomecareApp.Controllers.AuthController.Register (api)'
2025-12-04 06:31:08.454 +01:00 [INF] Route matched with {action = "Register", controller = "Auth"}. Executing controller action with signature System.Threading.Tasks.Task`1[Microsoft.AspNetCore.Mvc.IActionResult] Register(Homecare.DTOs.RegisterDto) on controller HomecareApp.Controllers.AuthController (api).
2025-12-04 06:31:08.592 +01:00 [INF] User created a new account with password.
2025-12-04 06:31:08.592 +01:00 [INF] Executing OkObjectResult, writing value of type '<>f__AnonymousType1`1[[System.String, System.Private.CoreLib, Version=8.0.0.0, Culture=neutral, PublicKeyToken=7cec85d7bea7798e]]'.
2025-12-04 06:31:08.592 +01:00 [INF] Executed action HomecareApp.Controllers.AuthController.Register (api) in 138.1225ms
2025-12-04 06:31:08.592 +01:00 [INF] Executed endpoint 'HomecareApp.Controllers.AuthController.Register (api)'
2025-12-04 06:31:08.593 +01:00 [INF] Request finished HTTP/1.1 POST http://localhost:5169/api/Auth/register - 200 42 application/json; charset=utf-8 139.2416ms
2025-12-04 07:05:01.450 +01:00 [INF] Request starting HTTP/1.1 OPTIONS http://localhost:5169/api/Appointment/appointmentlist - null null
2025-12-04 07:05:01.450 +01:00 [INF] Request starting HTTP/1.1 OPTIONS http://localhost:5169/api/Appointment/appointmentlist - null null
2025-12-04 07:05:01.451 +01:00 [INF] CORS policy execution successful.
2025-12-04 07:05:01.451 +01:00 [INF] CORS policy execution successful.
2025-12-04 07:05:01.451 +01:00 [INF] Request finished HTTP/1.1 OPTIONS http://localhost:5169/api/Appointment/appointmentlist - 204 null null 0.6305ms
2025-12-04 07:05:01.451 +01:00 [INF] Request finished HTTP/1.1 OPTIONS http://localhost:5169/api/Appointment/appointmentlist - 204 null null 0.5492ms
2025-12-04 07:05:01.453 +01:00 [INF] Request starting HTTP/1.1 GET http://localhost:5169/api/Appointment/appointmentlist - application/json null
2025-12-04 07:05:01.453 +01:00 [INF] CORS policy execution successful.
2025-12-04 07:05:01.453 +01:00 [INF] Executing endpoint 'Homecare.Controllers.AppointmentController.AppointmentList (api)'
2025-12-04 07:05:01.454 +01:00 [INF] Route matched with {action = "AppointmentList", controller = "Appointment"}. Executing controller action with signature System.Threading.Tasks.Task`1[Microsoft.AspNetCore.Mvc.IActionResult] AppointmentList() on controller Homecare.Controllers.AppointmentController (api).
2025-12-04 07:05:01.462 +01:00 [INF] Executing OkObjectResult, writing value of type 'System.Linq.Enumerable+SelectListIterator`2[[Homecare.Models.Appointment, api, Version=1.0.0.0, Culture=neutral, PublicKeyToken=null],[Homecare.DTOs.AppointmentDto, api, Version=1.0.0.0, Culture=neutral, PublicKeyToken=null]]'.
2025-12-04 07:05:01.463 +01:00 [INF] Executed action Homecare.Controllers.AppointmentController.AppointmentList (api) in 8.896ms
2025-12-04 07:05:01.463 +01:00 [INF] Executed endpoint 'Homecare.Controllers.AppointmentController.AppointmentList (api)'
2025-12-04 07:05:01.463 +01:00 [INF] Request finished HTTP/1.1 GET http://localhost:5169/api/Appointment/appointmentlist - 200 2 application/json; charset=utf-8 10.3552ms
2025-12-04 07:05:01.464 +01:00 [INF] Request starting HTTP/1.1 GET http://localhost:5169/api/Appointment/appointmentlist - application/json null
2025-12-04 07:05:01.465 +01:00 [INF] CORS policy execution successful.
2025-12-04 07:05:01.465 +01:00 [INF] Executing endpoint 'Homecare.Controllers.AppointmentController.AppointmentList (api)'
2025-12-04 07:05:01.465 +01:00 [INF] Route matched with {action = "AppointmentList", controller = "Appointment"}. Executing controller action with signature System.Threading.Tasks.Task`1[Microsoft.AspNetCore.Mvc.IActionResult] AppointmentList() on controller Homecare.Controllers.AppointmentController (api).
2025-12-04 07:05:01.467 +01:00 [INF] Executing OkObjectResult, writing value of type 'System.Linq.Enumerable+SelectListIterator`2[[Homecare.Models.Appointment, api, Version=1.0.0.0, Culture=neutral, PublicKeyToken=null],[Homecare.DTOs.AppointmentDto, api, Version=1.0.0.0, Culture=neutral, PublicKeyToken=null]]'.
2025-12-04 07:05:01.467 +01:00 [INF] Executed action Homecare.Controllers.AppointmentController.AppointmentList (api) in 2.0668ms
2025-12-04 07:05:01.467 +01:00 [INF] Executed endpoint 'Homecare.Controllers.AppointmentController.AppointmentList (api)'
2025-12-04 07:05:01.468 +01:00 [INF] Request finished HTTP/1.1 GET http://localhost:5169/api/Appointment/appointmentlist - 200 2 application/json; charset=utf-8 3.1087ms
2025-12-04 07:05:04.417 +01:00 [INF] Request starting HTTP/1.1 OPTIONS http://localhost:5169/api/AvailableDay/availabledays - null null
2025-12-04 07:05:04.418 +01:00 [INF] CORS policy execution successful.
2025-12-04 07:05:04.418 +01:00 [INF] Request finished HTTP/1.1 OPTIONS http://localhost:5169/api/AvailableDay/availabledays - 204 null null 0.7109ms
2025-12-04 07:05:04.420 +01:00 [INF] Request starting HTTP/1.1 GET http://localhost:5169/api/AvailableDay/availabledays - application/json null
2025-12-04 07:05:04.422 +01:00 [INF] CORS policy execution successful.
2025-12-04 07:05:04.428 +01:00 [INF] Authorization failed. These requirements were not met:
DenyAnonymousAuthorizationRequirement: Requires an authenticated user.
2025-12-04 07:05:04.433 +01:00 [INF] AuthenticationScheme: Bearer was challenged.
2025-12-04 07:05:04.433 +01:00 [INF] Request finished HTTP/1.1 GET http://localhost:5169/api/AvailableDay/availabledays - 401 0 null 13.4073ms
2025-12-04 07:05:04.435 +01:00 [INF] Request starting HTTP/1.1 GET http://localhost:5169/api/AvailableDay/availabledays - application/json null
2025-12-04 07:05:04.435 +01:00 [INF] CORS policy execution successful.
2025-12-04 07:05:04.436 +01:00 [INF] Authorization failed. These requirements were not met:
DenyAnonymousAuthorizationRequirement: Requires an authenticated user.
2025-12-04 07:05:04.437 +01:00 [INF] AuthenticationScheme: Bearer was challenged.
2025-12-04 07:05:04.437 +01:00 [INF] Request finished HTTP/1.1 GET http://localhost:5169/api/AvailableDay/availabledays - 401 0 null 2.1377ms
2025-12-04 07:05:10.812 +01:00 [INF] Request starting HTTP/1.1 OPTIONS http://localhost:5169/api/Appointment/appointmentlist - null null
2025-12-04 07:05:10.812 +01:00 [INF] Request starting HTTP/1.1 OPTIONS http://localhost:5169/api/Appointment/appointmentlist - null null
2025-12-04 07:05:10.812 +01:00 [INF] CORS policy execution successful.
2025-12-04 07:05:10.813 +01:00 [INF] CORS policy execution successful.
2025-12-04 07:05:10.813 +01:00 [INF] Request finished HTTP/1.1 OPTIONS http://localhost:5169/api/Appointment/appointmentlist - 204 null null 0.6682ms
2025-12-04 07:05:10.813 +01:00 [INF] Request finished HTTP/1.1 OPTIONS http://localhost:5169/api/Appointment/appointmentlist - 204 null null 0.6754ms
2025-12-04 07:05:10.815 +01:00 [INF] Request starting HTTP/1.1 GET http://localhost:5169/api/Appointment/appointmentlist - application/json null
2025-12-04 07:05:10.815 +01:00 [INF] CORS policy execution successful.
2025-12-04 07:05:10.816 +01:00 [INF] Executing endpoint 'Homecare.Controllers.AppointmentController.AppointmentList (api)'
2025-12-04 07:05:10.816 +01:00 [INF] Route matched with {action = "AppointmentList", controller = "Appointment"}. Executing controller action with signature System.Threading.Tasks.Task`1[Microsoft.AspNetCore.Mvc.IActionResult] AppointmentList() on controller Homecare.Controllers.AppointmentController (api).
2025-12-04 07:05:10.817 +01:00 [INF] Executing OkObjectResult, writing value of type 'System.Linq.Enumerable+SelectListIterator`2[[Homecare.Models.Appointment, api, Version=1.0.0.0, Culture=neutral, PublicKeyToken=null],[Homecare.DTOs.AppointmentDto, api, Version=1.0.0.0, Culture=neutral, PublicKeyToken=null]]'.
2025-12-04 07:05:10.817 +01:00 [INF] Executed action Homecare.Controllers.AppointmentController.AppointmentList (api) in 1.5287ms
2025-12-04 07:05:10.817 +01:00 [INF] Executed endpoint 'Homecare.Controllers.AppointmentController.AppointmentList (api)'
2025-12-04 07:05:10.817 +01:00 [INF] Request finished HTTP/1.1 GET http://localhost:5169/api/Appointment/appointmentlist - 200 2 application/json; charset=utf-8 2.1898ms
2025-12-04 07:05:10.820 +01:00 [INF] Request starting HTTP/1.1 GET http://localhost:5169/api/Appointment/appointmentlist - application/json null
2025-12-04 07:05:10.820 +01:00 [INF] CORS policy execution successful.
2025-12-04 07:05:10.820 +01:00 [INF] Executing endpoint 'Homecare.Controllers.AppointmentController.AppointmentList (api)'
2025-12-04 07:05:10.820 +01:00 [INF] Route matched with {action = "AppointmentList", controller = "Appointment"}. Executing controller action with signature System.Threading.Tasks.Task`1[Microsoft.AspNetCore.Mvc.IActionResult] AppointmentList() on controller Homecare.Controllers.AppointmentController (api).
2025-12-04 07:05:10.822 +01:00 [INF] Executing OkObjectResult, writing value of type 'System.Linq.Enumerable+SelectListIterator`2[[Homecare.Models.Appointment, api, Version=1.0.0.0, Culture=neutral, PublicKeyToken=null],[Homecare.DTOs.AppointmentDto, api, Version=1.0.0.0, Culture=neutral, PublicKeyToken=null]]'.
2025-12-04 07:05:10.822 +01:00 [INF] Executed action Homecare.Controllers.AppointmentController.AppointmentList (api) in 2.264ms
2025-12-04 07:05:10.823 +01:00 [INF] Executed endpoint 'Homecare.Controllers.AppointmentController.AppointmentList (api)'
2025-12-04 07:05:10.823 +01:00 [INF] Request finished HTTP/1.1 GET http://localhost:5169/api/Appointment/appointmentlist - 200 2 application/json; charset=utf-8 3.1716ms
2025-12-04 07:05:16.558 +01:00 [INF] Request starting HTTP/1.1 OPTIONS http://localhost:5169/api/AvailableDay/availabledays - null null
2025-12-04 07:05:16.558 +01:00 [INF] CORS policy execution successful.
2025-12-04 07:05:16.558 +01:00 [INF] Request starting HTTP/1.1 OPTIONS http://localhost:5169/api/AvailableDay/availabledays - null null
2025-12-04 07:05:16.558 +01:00 [INF] Request finished HTTP/1.1 OPTIONS http://localhost:5169/api/AvailableDay/availabledays - 204 null null 0.3971ms
2025-12-04 07:05:16.558 +01:00 [INF] CORS policy execution successful.
2025-12-04 07:05:16.558 +01:00 [INF] Request finished HTTP/1.1 OPTIONS http://localhost:5169/api/AvailableDay/availabledays - 204 null null 0.1896ms
2025-12-04 07:05:16.560 +01:00 [INF] Request starting HTTP/1.1 GET http://localhost:5169/api/AvailableDay/availabledays - application/json null
2025-12-04 07:05:16.560 +01:00 [INF] CORS policy execution successful.
2025-12-04 07:05:16.564 +01:00 [INF] Authorization failed. These requirements were not met:
DenyAnonymousAuthorizationRequirement: Requires an authenticated user.
2025-12-04 07:05:16.564 +01:00 [INF] AuthenticationScheme: Bearer was challenged.
2025-12-04 07:05:16.565 +01:00 [INF] Request finished HTTP/1.1 GET http://localhost:5169/api/AvailableDay/availabledays - 401 0 null 5.0207ms
2025-12-04 07:05:16.566 +01:00 [INF] Request starting HTTP/1.1 GET http://localhost:5169/api/AvailableDay/availabledays - application/json null
2025-12-04 07:05:16.566 +01:00 [INF] CORS policy execution successful.
2025-12-04 07:05:16.567 +01:00 [INF] Authorization failed. These requirements were not met:
DenyAnonymousAuthorizationRequirement: Requires an authenticated user.
2025-12-04 07:05:16.567 +01:00 [INF] AuthenticationScheme: Bearer was challenged.
2025-12-04 07:05:16.567 +01:00 [INF] Request finished HTTP/1.1 GET http://localhost:5169/api/AvailableDay/availabledays - 401 0 null 0.9094ms
2025-12-04 07:05:25.656 +01:00 [INF] Application is shutting down...
