2025-12-04 02:29:13.029 +01:00 [INF] No migrations were applied. The database is already up to date.
2025-12-04 02:29:13.109 +01:00 [INF] No migrations were applied. The database is already up to date.
2025-12-04 02:29:13.184 +01:00 [INF] User profile is available. Using 'C:\Users\Hiban\AppData\Local\ASP.NET\DataProtection-Keys' as key repository and Windows DPAPI to encrypt keys at rest.
2025-12-04 02:29:13.232 +01:00 [INF] Now listening on: http://localhost:5169
2025-12-04 02:29:13.236 +01:00 [INF] Application started. Press Ctrl+C to shut down.
2025-12-04 02:29:13.237 +01:00 [INF] Hosting environment: Development
2025-12-04 02:29:13.237 +01:00 [INF] Content root path: C:\Users\Hiban\Downloads\WEBAPP 02.12 2145\Homecare\api
2025-12-04 02:29:37.318 +01:00 [INF] Request starting HTTP/1.1 OPTIONS http://localhost:5169/api/Auth/register - null null
2025-12-04 02:29:37.371 +01:00 [INF] CORS policy execution successful.
2025-12-04 02:29:37.381 +01:00 [INF] Request finished HTTP/1.1 OPTIONS http://localhost:5169/api/Auth/register - 204 null null 66.1236ms
2025-12-04 02:29:37.386 +01:00 [INF] Request starting HTTP/1.1 POST http://localhost:5169/api/Auth/register - application/json 65
2025-12-04 02:29:37.393 +01:00 [INF] CORS policy execution successful.
2025-12-04 02:29:37.436 +01:00 [INF] Executing endpoint 'HomecareApp.Controllers.AuthController.Register (api)'
2025-12-04 02:29:37.483 +01:00 [INF] Route matched with {action = "Register", controller = "Auth"}. Executing controller action with signature System.Threading.Tasks.Task`1[Microsoft.AspNetCore.Mvc.IActionResult] Register(Homecare.DTOs.RegisterDto) on controller HomecareApp.Controllers.AuthController (api).
2025-12-04 02:29:38.718 +01:00 [INF] User created a new account with password.
2025-12-04 02:29:38.731 +01:00 [INF] Executing OkObjectResult, writing value of type '<>f__AnonymousType1`1[[System.String, System.Private.CoreLib, Version=8.0.0.0, Culture=neutral, PublicKeyToken=7cec85d7bea7798e]]'.
2025-12-04 02:29:38.786 +01:00 [INF] Executed action HomecareApp.Controllers.AuthController.Register (api) in 1296.6094ms
2025-12-04 02:29:38.786 +01:00 [INF] Executed endpoint 'HomecareApp.Controllers.AuthController.Register (api)'
2025-12-04 02:29:38.793 +01:00 [INF] Request finished HTTP/1.1 POST http://localhost:5169/api/Auth/register - 200 42 application/json; charset=utf-8 1406.4697ms
2025-12-04 02:30:57.910 +01:00 [INF] Request starting HTTP/1.1 OPTIONS http://localhost:5169/api/Auth/register - null null
2025-12-04 02:30:57.912 +01:00 [INF] CORS policy execution successful.
2025-12-04 02:30:57.913 +01:00 [INF] Request finished HTTP/1.1 OPTIONS http://localhost:5169/api/Auth/register - 204 null null 2.134ms
2025-12-04 02:30:57.914 +01:00 [INF] Request starting HTTP/1.1 POST http://localhost:5169/api/Auth/register - application/json 65
2025-12-04 02:30:57.915 +01:00 [INF] CORS policy execution successful.
2025-12-04 02:30:57.918 +01:00 [INF] Executing endpoint 'HomecareApp.Controllers.AuthController.Register (api)'
2025-12-04 02:30:57.918 +01:00 [INF] Route matched with {action = "Register", controller = "Auth"}. Executing controller action with signature System.Threading.Tasks.Task`1[Microsoft.AspNetCore.Mvc.IActionResult] Register(Homecare.DTOs.RegisterDto) on controller HomecareApp.Controllers.AuthController (api).
2025-12-04 02:30:58.258 +01:00 [INF] User created a new account with password.
2025-12-04 02:30:58.259 +01:00 [INF] Executing OkObjectResult, writing value of type '<>f__AnonymousType1`1[[System.String, System.Private.CoreLib, Version=8.0.0.0, Culture=neutral, PublicKeyToken=7cec85d7bea7798e]]'.
2025-12-04 02:30:58.260 +01:00 [INF] Executed action HomecareApp.Controllers.AuthController.Register (api) in 341.7238ms
2025-12-04 02:30:58.260 +01:00 [INF] Executed endpoint 'HomecareApp.Controllers.AuthController.Register (api)'
2025-12-04 02:30:58.261 +01:00 [INF] Request finished HTTP/1.1 POST http://localhost:5169/api/Auth/register - 200 42 application/json; charset=utf-8 346.4714ms
2025-12-04 02:31:41.271 +01:00 [INF] Request starting HTTP/1.1 OPTIONS http://localhost:5169/api/Auth/register - null null
2025-12-04 02:31:41.272 +01:00 [INF] CORS policy execution successful.
2025-12-04 02:31:41.272 +01:00 [INF] Request finished HTTP/1.1 OPTIONS http://localhost:5169/api/Auth/register - 204 null null 1.5092ms
2025-12-04 02:31:41.274 +01:00 [INF] Request starting HTTP/1.1 POST http://localhost:5169/api/Auth/register - application/json 65
2025-12-04 02:31:41.275 +01:00 [INF] CORS policy execution successful.
2025-12-04 02:31:41.279 +01:00 [INF] Executing endpoint 'HomecareApp.Controllers.AuthController.Register (api)'
2025-12-04 02:31:41.279 +01:00 [INF] Route matched with {action = "Register", controller = "Auth"}. Executing controller action with signature System.Threading.Tasks.Task`1[Microsoft.AspNetCore.Mvc.IActionResult] Register(Homecare.DTOs.RegisterDto) on controller HomecareApp.Controllers.AuthController (api).
2025-12-04 02:31:41.518 +01:00 [WRN] [AuthAPIController] user registration failed for yaya
2025-12-04 02:31:41.518 +01:00 [INF] Executing BadRequestObjectResult, writing value of type 'System.Collections.Generic.List`1[[Microsoft.AspNetCore.Identity.IdentityError, Microsoft.Extensions.Identity.Core, Version=8.0.0.0, Culture=neutral, PublicKeyToken=adb9793829ddae60]]'.
2025-12-04 02:31:41.534 +01:00 [INF] Executed action HomecareApp.Controllers.AuthController.Register (api) in 254.3229ms
2025-12-04 02:31:41.534 +01:00 [INF] Executed endpoint 'HomecareApp.Controllers.AuthController.Register (api)'
2025-12-04 02:31:41.534 +01:00 [INF] Request finished HTTP/1.1 POST http://localhost:5169/api/Auth/register - 400 80 application/json; charset=utf-8 259.9213ms
2025-12-04 02:31:45.722 +01:00 [INF] Request starting HTTP/1.1 POST http://localhost:5169/api/Auth/register - application/json 66
2025-12-04 02:31:45.784 +01:00 [INF] CORS policy execution successful.
2025-12-04 02:31:45.785 +01:00 [INF] Executing endpoint 'HomecareApp.Controllers.AuthController.Register (api)'
2025-12-04 02:31:45.785 +01:00 [INF] Route matched with {action = "Register", controller = "Auth"}. Executing controller action with signature System.Threading.Tasks.Task`1[Microsoft.AspNetCore.Mvc.IActionResult] Register(Homecare.DTOs.RegisterDto) on controller HomecareApp.Controllers.AuthController (api).
2025-12-04 02:31:45.978 +01:00 [INF] User created a new account with password.
2025-12-04 02:31:45.978 +01:00 [INF] Executing OkObjectResult, writing value of type '<>f__AnonymousType1`1[[System.String, System.Private.CoreLib, Version=8.0.0.0, Culture=neutral, PublicKeyToken=7cec85d7bea7798e]]'.
2025-12-04 02:31:45.979 +01:00 [INF] Executed action HomecareApp.Controllers.AuthController.Register (api) in 194.3595ms
2025-12-04 02:31:45.979 +01:00 [INF] Executed endpoint 'HomecareApp.Controllers.AuthController.Register (api)'
2025-12-04 02:31:45.980 +01:00 [INF] Request finished HTTP/1.1 POST http://localhost:5169/api/Auth/register - 200 42 application/json; charset=utf-8 257.8195ms
2025-12-04 02:32:31.275 +01:00 [INF] Request starting HTTP/1.1 OPTIONS http://localhost:5169/api/Auth/register - null null
2025-12-04 02:32:31.276 +01:00 [INF] CORS policy execution successful.
2025-12-04 02:32:31.276 +01:00 [INF] Request finished HTTP/1.1 OPTIONS http://localhost:5169/api/Auth/register - 204 null null 1.2903ms
2025-12-04 02:32:31.279 +01:00 [INF] Request starting HTTP/1.1 POST http://localhost:5169/api/Auth/register - application/json 68
2025-12-04 02:32:31.280 +01:00 [INF] CORS policy execution successful.
2025-12-04 02:32:31.280 +01:00 [INF] Executing endpoint 'HomecareApp.Controllers.AuthController.Register (api)'
2025-12-04 02:32:31.280 +01:00 [INF] Route matched with {action = "Register", controller = "Auth"}. Executing controller action with signature System.Threading.Tasks.Task`1[Microsoft.AspNetCore.Mvc.IActionResult] Register(Homecare.DTOs.RegisterDto) on controller HomecareApp.Controllers.AuthController (api).
2025-12-04 02:32:31.495 +01:00 [INF] User created a new account with password.
2025-12-04 02:32:31.496 +01:00 [INF] Executing OkObjectResult, writing value of type '<>f__AnonymousType1`1[[System.String, System.Private.CoreLib, Version=8.0.0.0, Culture=neutral, PublicKeyToken=7cec85d7bea7798e]]'.
2025-12-04 02:32:31.496 +01:00 [INF] Executed action HomecareApp.Controllers.AuthController.Register (api) in 215.6691ms
2025-12-04 02:32:31.496 +01:00 [INF] Executed endpoint 'HomecareApp.Controllers.AuthController.Register (api)'
2025-12-04 02:32:31.497 +01:00 [INF] Request finished HTTP/1.1 POST http://localhost:5169/api/Auth/register - 200 42 application/json; charset=utf-8 217.5348ms
2025-12-04 02:32:41.172 +01:00 [INF] Request starting HTTP/1.1 OPTIONS http://localhost:5169/api/Auth/login - null null
2025-12-04 02:32:41.173 +01:00 [INF] CORS policy execution successful.
2025-12-04 02:32:41.173 +01:00 [INF] Request finished HTTP/1.1 OPTIONS http://localhost:5169/api/Auth/login - 204 null null 0.9058ms
2025-12-04 02:32:41.175 +01:00 [INF] Request starting HTTP/1.1 POST http://localhost:5169/api/Auth/login - application/json 39
2025-12-04 02:32:41.176 +01:00 [INF] CORS policy execution successful.
2025-12-04 02:32:41.176 +01:00 [INF] Executing endpoint 'HomecareApp.Controllers.AuthController.Login (api)'
2025-12-04 02:32:41.188 +01:00 [INF] Route matched with {action = "Login", controller = "Auth"}. Executing controller action with signature System.Threading.Tasks.Task`1[Microsoft.AspNetCore.Mvc.IActionResult] Login(Homecare.DTOs.LoginDto) on controller HomecareApp.Controllers.AuthController (api).
2025-12-04 02:32:41.416 +01:00 [INF] [AuthAPIController] user authorised for fanny
2025-12-04 02:32:41.424 +01:00 [INF] [AuthAPIController] JWT token created for fanny
2025-12-04 02:32:41.512 +01:00 [INF] Executing OkObjectResult, writing value of type '<>f__AnonymousType2`1[[System.String, System.Private.CoreLib, Version=8.0.0.0, Culture=neutral, PublicKeyToken=7cec85d7bea7798e]]'.
2025-12-04 02:32:41.514 +01:00 [INF] Executed action HomecareApp.Controllers.AuthController.Login (api) in 326.4258ms
2025-12-04 02:32:41.515 +01:00 [INF] Executed endpoint 'HomecareApp.Controllers.AuthController.Login (api)'
2025-12-04 02:32:41.515 +01:00 [INF] Request finished HTTP/1.1 POST http://localhost:5169/api/Auth/login - 200 487 application/json; charset=utf-8 339.5983ms
2025-12-04 02:32:41.518 +01:00 [INF] Request starting HTTP/1.1 POST http://localhost:5169/api/Auth/login - application/json 39
2025-12-04 02:32:41.518 +01:00 [INF] CORS policy execution successful.
2025-12-04 02:32:41.518 +01:00 [INF] Executing endpoint 'HomecareApp.Controllers.AuthController.Login (api)'
2025-12-04 02:32:41.519 +01:00 [INF] Route matched with {action = "Login", controller = "Auth"}. Executing controller action with signature System.Threading.Tasks.Task`1[Microsoft.AspNetCore.Mvc.IActionResult] Login(Homecare.DTOs.LoginDto) on controller HomecareApp.Controllers.AuthController (api).
2025-12-04 02:32:41.658 +01:00 [INF] [AuthAPIController] user authorised for fanny
2025-12-04 02:32:41.658 +01:00 [INF] [AuthAPIController] JWT token created for fanny
2025-12-04 02:32:41.659 +01:00 [INF] Executing OkObjectResult, writing value of type '<>f__AnonymousType2`1[[System.String, System.Private.CoreLib, Version=8.0.0.0, Culture=neutral, PublicKeyToken=7cec85d7bea7798e]]'.
2025-12-04 02:32:41.660 +01:00 [INF] Executed action HomecareApp.Controllers.AuthController.Login (api) in 140.7292ms
2025-12-04 02:32:41.660 +01:00 [INF] Executed endpoint 'HomecareApp.Controllers.AuthController.Login (api)'
2025-12-04 02:32:41.660 +01:00 [INF] Request finished HTTP/1.1 POST http://localhost:5169/api/Auth/login - 200 487 application/json; charset=utf-8 142.1021ms
2025-12-04 02:33:04.910 +01:00 [INF] Request starting HTTP/1.1 OPTIONS http://localhost:5169/api/AvailableDay/availabledays - null null
2025-12-04 02:33:04.914 +01:00 [INF] CORS policy execution successful.
2025-12-04 02:33:04.915 +01:00 [INF] Request finished HTTP/1.1 OPTIONS http://localhost:5169/api/AvailableDay/availabledays - 204 null null 5.2626ms
2025-12-04 02:33:04.917 +01:00 [INF] Request starting HTTP/1.1 OPTIONS http://localhost:5169/api/AvailableDay/availabledays - null null
2025-12-04 02:33:04.917 +01:00 [INF] Request starting HTTP/1.1 GET http://localhost:5169/api/AvailableDay/availabledays - application/json null
2025-12-04 02:33:04.918 +01:00 [INF] CORS policy execution successful.
2025-12-04 02:33:04.919 +01:00 [INF] Request finished HTTP/1.1 OPTIONS http://localhost:5169/api/AvailableDay/availabledays - 204 null null 2.2433ms
2025-12-04 02:33:04.928 +01:00 [INF] CORS policy execution successful.
2025-12-04 02:33:05.022 +01:00 [INF] Executing endpoint 'Homecare.Controllers.AvailableDayController.GetAvailableDays (api)'
2025-12-04 02:33:05.029 +01:00 [INF] Route matched with {action = "GetAvailableDays", controller = "AvailableDay"}. Executing controller action with signature System.Threading.Tasks.Task`1[Microsoft.AspNetCore.Mvc.IActionResult] GetAvailableDays() on controller Homecare.Controllers.AvailableDayController (api).
2025-12-04 02:33:05.204 +01:00 [INF] Executing OkObjectResult, writing value of type 'System.Linq.Enumerable+SelectListIterator`2[[Homecare.Models.AvailableDay, api, Version=1.0.0.0, Culture=neutral, PublicKeyToken=null],[Homecare.DTOs.AvailableDayDto, api, Version=1.0.0.0, Culture=neutral, PublicKeyToken=null]]'.
2025-12-04 02:33:05.212 +01:00 [INF] Executed action Homecare.Controllers.AvailableDayController.GetAvailableDays (api) in 183.4788ms
2025-12-04 02:33:05.213 +01:00 [INF] Executed endpoint 'Homecare.Controllers.AvailableDayController.GetAvailableDays (api)'
2025-12-04 02:33:05.219 +01:00 [INF] Request finished HTTP/1.1 GET http://localhost:5169/api/AvailableDay/availabledays - 200 336 application/json; charset=utf-8 301.3356ms
2025-12-04 02:33:05.219 +01:00 [INF] Request starting HTTP/1.1 GET http://localhost:5169/api/AvailableDay/availabledays - application/json null
2025-12-04 02:33:05.220 +01:00 [INF] CORS policy execution successful.
2025-12-04 02:33:05.223 +01:00 [INF] Executing endpoint 'Homecare.Controllers.AvailableDayController.GetAvailableDays (api)'
2025-12-04 02:33:05.223 +01:00 [INF] Route matched with {action = "GetAvailableDays", controller = "AvailableDay"}. Executing controller action with signature System.Threading.Tasks.Task`1[Microsoft.AspNetCore.Mvc.IActionResult] GetAvailableDays() on controller Homecare.Controllers.AvailableDayController (api).
2025-12-04 02:33:05.344 +01:00 [INF] Executing OkObjectResult, writing value of type 'System.Linq.Enumerable+SelectListIterator`2[[Homecare.Models.AvailableDay, api, Version=1.0.0.0, Culture=neutral, PublicKeyToken=null],[Homecare.DTOs.AvailableDayDto, api, Version=1.0.0.0, Culture=neutral, PublicKeyToken=null]]'.
2025-12-04 02:33:05.345 +01:00 [INF] Executed action Homecare.Controllers.AvailableDayController.GetAvailableDays (api) in 121.3645ms
2025-12-04 02:33:05.345 +01:00 [INF] Executed endpoint 'Homecare.Controllers.AvailableDayController.GetAvailableDays (api)'
2025-12-04 02:33:05.345 +01:00 [INF] Request finished HTTP/1.1 GET http://localhost:5169/api/AvailableDay/availabledays - 200 336 application/json; charset=utf-8 125.9816ms
2025-12-04 02:33:06.535 +01:00 [INF] Request starting HTTP/1.1 OPTIONS http://localhost:5169/api/AvailableDay/1 - null null
2025-12-04 02:33:06.535 +01:00 [INF] Request starting HTTP/1.1 OPTIONS http://localhost:5169/api/AvailableDay/1 - null null
2025-12-04 02:33:06.536 +01:00 [INF] CORS policy execution successful.
2025-12-04 02:33:06.536 +01:00 [INF] CORS policy execution successful.
2025-12-04 02:33:06.536 +01:00 [INF] Request finished HTTP/1.1 OPTIONS http://localhost:5169/api/AvailableDay/1 - 204 null null 0.6102ms
2025-12-04 02:33:06.537 +01:00 [INF] Request finished HTTP/1.1 OPTIONS http://localhost:5169/api/AvailableDay/1 - 204 null null 1.6954ms
2025-12-04 02:33:06.596 +01:00 [INF] Request starting HTTP/1.1 GET http://localhost:5169/api/AvailableDay/1 - application/json null
2025-12-04 02:33:06.597 +01:00 [INF] CORS policy execution successful.
2025-12-04 02:33:06.600 +01:00 [INF] Executing endpoint 'Homecare.Controllers.AvailableDayController.GetAvailableDay (api)'
2025-12-04 02:33:06.607 +01:00 [INF] Route matched with {action = "GetAvailableDay", controller = "AvailableDay"}. Executing controller action with signature System.Threading.Tasks.Task`1[Microsoft.AspNetCore.Mvc.IActionResult] GetAvailableDay(Int32) on controller Homecare.Controllers.AvailableDayController (api).
2025-12-04 02:33:06.658 +01:00 [INF] Executing OkObjectResult, writing value of type 'Castle.Proxies.AvailableDayProxy'.
2025-12-04 02:33:06.775 +01:00 [INF] Executed action Homecare.Controllers.AvailableDayController.GetAvailableDay (api) in 167.4838ms
2025-12-04 02:33:06.775 +01:00 [INF] Executed endpoint 'Homecare.Controllers.AvailableDayController.GetAvailableDay (api)'
2025-12-04 02:33:06.775 +01:00 [INF] Request finished HTTP/1.1 GET http://localhost:5169/api/AvailableDay/1 - 200 637 application/json; charset=utf-8 179.1795ms
2025-12-04 02:33:06.777 +01:00 [INF] Request starting HTTP/1.1 GET http://localhost:5169/api/AvailableDay/1 - application/json null
2025-12-04 02:33:06.777 +01:00 [INF] CORS policy execution successful.
2025-12-04 02:33:06.778 +01:00 [INF] Executing endpoint 'Homecare.Controllers.AvailableDayController.GetAvailableDay (api)'
2025-12-04 02:33:06.778 +01:00 [INF] Route matched with {action = "GetAvailableDay", controller = "AvailableDay"}. Executing controller action with signature System.Threading.Tasks.Task`1[Microsoft.AspNetCore.Mvc.IActionResult] GetAvailableDay(Int32) on controller Homecare.Controllers.AvailableDayController (api).
2025-12-04 02:33:06.782 +01:00 [INF] Executing OkObjectResult, writing value of type 'Castle.Proxies.AvailableDayProxy'.
2025-12-04 02:33:06.784 +01:00 [INF] Executed action Homecare.Controllers.AvailableDayController.GetAvailableDay (api) in 5.5795ms
2025-12-04 02:33:06.784 +01:00 [INF] Executed endpoint 'Homecare.Controllers.AvailableDayController.GetAvailableDay (api)'
2025-12-04 02:33:06.784 +01:00 [INF] Request finished HTTP/1.1 GET http://localhost:5169/api/AvailableDay/1 - 200 637 application/json; charset=utf-8 6.8346ms
2025-12-04 03:00:05.767 +01:00 [INF] Application is shutting down...
