2025-12-04 12:22:23.659 +01:00 [INF] No migrations were applied. The database is already up to date.
2025-12-04 12:22:23.788 +01:00 [INF] No migrations were applied. The database is already up to date.
2025-12-04 12:22:23.961 +01:00 [INF] User profile is available. Using 'C:\Users\Hiban\AppData\Local\ASP.NET\DataProtection-Keys' as key repository and Windows DPAPI to encrypt keys at rest.
2025-12-04 12:22:24.093 +01:00 [INF] Now listening on: http://localhost:5169
2025-12-04 12:22:24.098 +01:00 [INF] Application started. Press Ctrl+C to shut down.
2025-12-04 12:22:24.099 +01:00 [INF] Hosting environment: Development
2025-12-04 12:22:24.099 +01:00 [INF] Content root path: C:\Users\Hiban\Downloads\TEST_EKSAMEN_WEBAPP\Homecare\api
2025-12-04 12:22:45.588 +01:00 [INF] Request starting HTTP/1.1 OPTIONS http://localhost:5169/api/Auth/login - null null
2025-12-04 12:22:45.676 +01:00 [INF] CORS policy execution successful.
2025-12-04 12:22:45.696 +01:00 [INF] Request finished HTTP/1.1 OPTIONS http://localhost:5169/api/Auth/login - 204 null null 115.5386ms
2025-12-04 12:22:45.704 +01:00 [INF] Request starting HTTP/1.1 POST http://localhost:5169/api/Auth/login - application/json 41
2025-12-04 12:22:45.713 +01:00 [INF] CORS policy execution successful.
2025-12-04 12:22:45.818 +01:00 [INF] Executing endpoint 'HomecareApp.Controllers.AuthController.Login (api)'
2025-12-04 12:22:45.889 +01:00 [INF] Route matched with {action = "Login", controller = "Auth"}. Executing controller action with signature System.Threading.Tasks.Task`1[Microsoft.AspNetCore.Mvc.IActionResult] Login(Homecare.DTOs.LoginDto) on controller HomecareApp.Controllers.AuthController (api).
2025-12-04 12:22:47.270 +01:00 [INF] [AuthAPIController] user authorised for test
2025-12-04 12:22:47.280 +01:00 [INF] [AuthAPIController] JWT token created for test
2025-12-04 12:22:47.431 +01:00 [INF] Executing OkObjectResult, writing value of type '<>f__AnonymousType2`1[[System.String, System.Private.CoreLib, Version=8.0.0.0, Culture=neutral, PublicKeyToken=7cec85d7bea7798e]]'.
2025-12-04 12:22:47.497 +01:00 [INF] Executed action HomecareApp.Controllers.AuthController.Login (api) in 1598.6044ms
2025-12-04 12:22:47.497 +01:00 [INF] Executed endpoint 'HomecareApp.Controllers.AuthController.Login (api)'
2025-12-04 12:22:47.505 +01:00 [INF] Request finished HTTP/1.1 POST http://localhost:5169/api/Auth/login - 200 483 application/json; charset=utf-8 1800.5851ms
