2025-12-04 05:02:17.485 +01:00 [INF] No migrations were applied. The database is already up to date.
2025-12-04 05:02:17.605 +01:00 [INF] No migrations were applied. The database is already up to date.
2025-12-04 05:02:17.729 +01:00 [INF] User profile is available. Using 'C:\Users\Hiban\AppData\Local\ASP.NET\DataProtection-Keys' as key repository and Windows DPAPI to encrypt keys at rest.
2025-12-04 05:02:17.818 +01:00 [INF] Now listening on: http://localhost:5169
2025-12-04 05:02:17.825 +01:00 [INF] Application started. Press Ctrl+C to shut down.
2025-12-04 05:02:17.826 +01:00 [INF] Hosting environment: Development
2025-12-04 05:02:17.877 +01:00 [INF] Content root path: C:\WEBAPP\Homecare\api
2025-12-04 05:03:41.231 +01:00 [INF] Request starting HTTP/1.1 OPTIONS http://localhost:5169/api/Auth/login - null null
2025-12-04 05:03:41.282 +01:00 [INF] CORS policy execution successful.
2025-12-04 05:03:41.293 +01:00 [INF] Request finished HTTP/1.1 OPTIONS http://localhost:5169/api/Auth/login - 204 null null 64.9357ms
2025-12-04 05:03:41.299 +01:00 [INF] Request starting HTTP/1.1 POST http://localhost:5169/api/Auth/login - application/json 37
2025-12-04 05:03:41.305 +01:00 [INF] CORS policy execution successful.
2025-12-04 05:03:41.346 +01:00 [INF] Executing endpoint 'HomecareApp.Controllers.AuthController.Login (api)'
2025-12-04 05:03:41.390 +01:00 [INF] Route matched with {action = "Login", controller = "Auth"}. Executing controller action with signature System.Threading.Tasks.Task`1[Microsoft.AspNetCore.Mvc.IActionResult] Login(Homecare.DTOs.LoginDto) on controller HomecareApp.Controllers.AuthController (api).
2025-12-04 05:03:42.259 +01:00 [WRN] [AuthAPIController] user not authorised for hiba
2025-12-04 05:03:42.338 +01:00 [INF] Executing ObjectResult, writing value of type 'Microsoft.AspNetCore.Mvc.ProblemDetails'.
2025-12-04 05:03:42.409 +01:00 [INF] Executed action HomecareApp.Controllers.AuthController.Login (api) in 1012.8355ms
2025-12-04 05:03:42.409 +01:00 [INF] Executed endpoint 'HomecareApp.Controllers.AuthController.Login (api)'
2025-12-04 05:03:42.416 +01:00 [INF] Request finished HTTP/1.1 POST http://localhost:5169/api/Auth/login - 401 165 application/problem+json; charset=utf-8 1117.4159ms
2025-12-04 05:04:22.135 +01:00 [INF] Request starting HTTP/1.1 OPTIONS http://localhost:5169/api/Auth/register - null null
2025-12-04 05:04:22.138 +01:00 [INF] CORS policy execution successful.
2025-12-04 05:04:22.139 +01:00 [INF] Request finished HTTP/1.1 OPTIONS http://localhost:5169/api/Auth/register - 204 null null 4.0024ms
2025-12-04 05:04:22.142 +01:00 [INF] Request starting HTTP/1.1 POST http://localhost:5169/api/Auth/register - application/json 71
2025-12-04 05:04:22.142 +01:00 [INF] CORS policy execution successful.
2025-12-04 05:04:22.146 +01:00 [INF] Executing endpoint 'HomecareApp.Controllers.AuthController.Register (api)'
2025-12-04 05:04:22.159 +01:00 [INF] Route matched with {action = "Register", controller = "Auth"}. Executing controller action with signature System.Threading.Tasks.Task`1[Microsoft.AspNetCore.Mvc.IActionResult] Register(Homecare.DTOs.RegisterDto) on controller HomecareApp.Controllers.AuthController (api).
2025-12-04 05:04:22.719 +01:00 [INF] User created a new account with password.
2025-12-04 05:04:22.721 +01:00 [INF] Executing OkObjectResult, writing value of type '<>f__AnonymousType1`1[[System.String, System.Private.CoreLib, Version=8.0.0.0, Culture=neutral, PublicKeyToken=7cec85d7bea7798e]]'.
2025-12-04 05:04:22.726 +01:00 [INF] Executed action HomecareApp.Controllers.AuthController.Register (api) in 567.098ms
2025-12-04 05:04:22.726 +01:00 [INF] Executed endpoint 'HomecareApp.Controllers.AuthController.Register (api)'
2025-12-04 05:04:22.727 +01:00 [INF] Request finished HTTP/1.1 POST http://localhost:5169/api/Auth/register - 200 42 application/json; charset=utf-8 585.1787ms
2025-12-04 05:05:45.863 +01:00 [INF] Request starting HTTP/1.1 OPTIONS http://localhost:5169/api/Auth/login - null null
2025-12-04 05:05:45.863 +01:00 [INF] CORS policy execution successful.
2025-12-04 05:05:45.863 +01:00 [INF] Request finished HTTP/1.1 OPTIONS http://localhost:5169/api/Auth/login - 204 null null 0.7538ms
2025-12-04 05:05:45.866 +01:00 [INF] Request starting HTTP/1.1 POST http://localhost:5169/api/Auth/login - application/json 44
2025-12-04 05:05:45.866 +01:00 [INF] CORS policy execution successful.
2025-12-04 05:05:45.873 +01:00 [INF] Executing endpoint 'HomecareApp.Controllers.AuthController.Login (api)'
2025-12-04 05:05:45.874 +01:00 [INF] Route matched with {action = "Login", controller = "Auth"}. Executing controller action with signature System.Threading.Tasks.Task`1[Microsoft.AspNetCore.Mvc.IActionResult] Login(Homecare.DTOs.LoginDto) on controller HomecareApp.Controllers.AuthController (api).
2025-12-04 05:05:46.034 +01:00 [INF] [AuthAPIController] user authorised for hibaa
2025-12-04 05:05:46.042 +01:00 [INF] [AuthAPIController] JWT token created for hibaa
2025-12-04 05:05:46.082 +01:00 [INF] Executing OkObjectResult, writing value of type '<>f__AnonymousType2`1[[System.String, System.Private.CoreLib, Version=8.0.0.0, Culture=neutral, PublicKeyToken=7cec85d7bea7798e]]'.
2025-12-04 05:05:46.084 +01:00 [INF] Executed action HomecareApp.Controllers.AuthController.Login (api) in 210.517ms
2025-12-04 05:05:46.085 +01:00 [INF] Executed endpoint 'HomecareApp.Controllers.AuthController.Login (api)'
2025-12-04 05:05:46.085 +01:00 [INF] Request finished HTTP/1.1 POST http://localhost:5169/api/Auth/login - 200 484 application/json; charset=utf-8 219.2288ms
2025-12-04 05:06:58.908 +01:00 [INF] Request starting HTTP/1.1 OPTIONS http://localhost:5169/api/AvailableDay/availabledays - null null
2025-12-04 05:06:58.908 +01:00 [INF] CORS policy execution successful.
2025-12-04 05:06:58.909 +01:00 [INF] Request starting HTTP/1.1 OPTIONS http://localhost:5169/api/AvailableDay/availabledays - null null
2025-12-04 05:06:58.909 +01:00 [INF] Request finished HTTP/1.1 OPTIONS http://localhost:5169/api/AvailableDay/availabledays - 204 null null 1.3017ms
2025-12-04 05:06:58.910 +01:00 [INF] Request starting HTTP/1.1 GET http://localhost:5169/api/AvailableDay/availabledays - application/json null
2025-12-04 05:06:58.910 +01:00 [INF] CORS policy execution successful.
2025-12-04 05:06:58.911 +01:00 [INF] Request finished HTTP/1.1 OPTIONS http://localhost:5169/api/AvailableDay/availabledays - 204 null null 1.8062ms
2025-12-04 05:06:58.919 +01:00 [INF] CORS policy execution successful.
2025-12-04 05:06:59.006 +01:00 [INF] Executing endpoint 'Homecare.Controllers.AvailableDayController.GetAvailableDays (api)'
2025-12-04 05:06:59.012 +01:00 [INF] Route matched with {action = "GetAvailableDays", controller = "AvailableDay"}. Executing controller action with signature System.Threading.Tasks.Task`1[Microsoft.AspNetCore.Mvc.IActionResult] GetAvailableDays() on controller Homecare.Controllers.AvailableDayController (api).
2025-12-04 05:06:59.178 +01:00 [INF] Executing OkObjectResult, writing value of type 'System.Linq.Enumerable+SelectListIterator`2[[Homecare.Models.AvailableDay, api, Version=1.0.0.0, Culture=neutral, PublicKeyToken=null],[Homecare.DTOs.AvailableDayDto, api, Version=1.0.0.0, Culture=neutral, PublicKeyToken=null]]'.
2025-12-04 05:06:59.192 +01:00 [INF] Executed action Homecare.Controllers.AvailableDayController.GetAvailableDays (api) in 179.8048ms
2025-12-04 05:06:59.193 +01:00 [INF] Executed endpoint 'Homecare.Controllers.AvailableDayController.GetAvailableDays (api)'
2025-12-04 05:06:59.198 +01:00 [INF] Request finished HTTP/1.1 GET http://localhost:5169/api/AvailableDay/availabledays - 200 496 application/json; charset=utf-8 287.6227ms
2025-12-04 05:06:59.198 +01:00 [INF] Request starting HTTP/1.1 GET http://localhost:5169/api/AvailableDay/availabledays - application/json null
2025-12-04 05:06:59.199 +01:00 [INF] CORS policy execution successful.
2025-12-04 05:06:59.202 +01:00 [INF] Executing endpoint 'Homecare.Controllers.AvailableDayController.GetAvailableDays (api)'
2025-12-04 05:06:59.202 +01:00 [INF] Route matched with {action = "GetAvailableDays", controller = "AvailableDay"}. Executing controller action with signature System.Threading.Tasks.Task`1[Microsoft.AspNetCore.Mvc.IActionResult] GetAvailableDays() on controller Homecare.Controllers.AvailableDayController (api).
2025-12-04 05:06:59.318 +01:00 [INF] Executing OkObjectResult, writing value of type 'System.Linq.Enumerable+SelectListIterator`2[[Homecare.Models.AvailableDay, api, Version=1.0.0.0, Culture=neutral, PublicKeyToken=null],[Homecare.DTOs.AvailableDayDto, api, Version=1.0.0.0, Culture=neutral, PublicKeyToken=null]]'.
2025-12-04 05:06:59.319 +01:00 [INF] Executed action Homecare.Controllers.AvailableDayController.GetAvailableDays (api) in 116.2787ms
2025-12-04 05:06:59.319 +01:00 [INF] Executed endpoint 'Homecare.Controllers.AvailableDayController.GetAvailableDays (api)'
2025-12-04 05:06:59.319 +01:00 [INF] Request finished HTTP/1.1 GET http://localhost:5169/api/AvailableDay/availabledays - 200 496 application/json; charset=utf-8 121.012ms
2025-12-04 05:09:13.274 +01:00 [INF] Request starting HTTP/1.1 OPTIONS http://localhost:5169/api/Appointment/appointmentlist - null null
2025-12-04 05:09:13.275 +01:00 [INF] CORS policy execution successful.
2025-12-04 05:09:13.275 +01:00 [INF] Request finished HTTP/1.1 OPTIONS http://localhost:5169/api/Appointment/appointmentlist - 204 null null 0.8966ms
2025-12-04 05:09:13.277 +01:00 [INF] Request starting HTTP/1.1 GET http://localhost:5169/api/Appointment/appointmentlist - application/json null
2025-12-04 05:09:13.279 +01:00 [INF] CORS policy execution successful.
2025-12-04 05:09:13.280 +01:00 [INF] Executing endpoint 'Homecare.Controllers.AppointmentController.AppointmentList (api)'
2025-12-04 05:09:13.286 +01:00 [INF] Route matched with {action = "AppointmentList", controller = "Appointment"}. Executing controller action with signature System.Threading.Tasks.Task`1[Microsoft.AspNetCore.Mvc.IActionResult] AppointmentList() on controller Homecare.Controllers.AppointmentController (api).
2025-12-04 05:09:13.337 +01:00 [INF] Executing OkObjectResult, writing value of type 'System.Linq.Enumerable+SelectListIterator`2[[Homecare.Models.Appointment, api, Version=1.0.0.0, Culture=neutral, PublicKeyToken=null],[Homecare.DTOs.AppointmentDto, api, Version=1.0.0.0, Culture=neutral, PublicKeyToken=null]]'.
2025-12-04 05:09:13.346 +01:00 [INF] Executed action Homecare.Controllers.AppointmentController.AppointmentList (api) in 59.5023ms
2025-12-04 05:09:13.346 +01:00 [INF] Executed endpoint 'Homecare.Controllers.AppointmentController.AppointmentList (api)'
2025-12-04 05:09:13.349 +01:00 [INF] Request finished HTTP/1.1 GET http://localhost:5169/api/Appointment/appointmentlist - 200 893 application/json; charset=utf-8 71.7971ms
2025-12-04 05:09:13.349 +01:00 [INF] Request starting HTTP/1.1 GET http://localhost:5169/api/Appointment/appointmentlist - application/json null
2025-12-04 05:09:13.349 +01:00 [INF] CORS policy execution successful.
2025-12-04 05:09:13.350 +01:00 [INF] Executing endpoint 'Homecare.Controllers.AppointmentController.AppointmentList (api)'
2025-12-04 05:09:13.350 +01:00 [INF] Route matched with {action = "AppointmentList", controller = "Appointment"}. Executing controller action with signature System.Threading.Tasks.Task`1[Microsoft.AspNetCore.Mvc.IActionResult] AppointmentList() on controller Homecare.Controllers.AppointmentController (api).
2025-12-04 05:09:13.354 +01:00 [INF] Executing OkObjectResult, writing value of type 'System.Linq.Enumerable+SelectListIterator`2[[Homecare.Models.Appointment, api, Version=1.0.0.0, Culture=neutral, PublicKeyToken=null],[Homecare.DTOs.AppointmentDto, api, Version=1.0.0.0, Culture=neutral, PublicKeyToken=null]]'.
2025-12-04 05:09:13.354 +01:00 [INF] Executed action Homecare.Controllers.AppointmentController.AppointmentList (api) in 3.9951ms
2025-12-04 05:09:13.355 +01:00 [INF] Executed endpoint 'Homecare.Controllers.AppointmentController.AppointmentList (api)'
2025-12-04 05:09:13.355 +01:00 [INF] Request finished HTTP/1.1 GET http://localhost:5169/api/Appointment/appointmentlist - 200 893 application/json; charset=utf-8 5.7791ms
2025-12-04 05:09:19.182 +01:00 [INF] Request starting HTTP/1.1 OPTIONS http://localhost:5169/api/Appointment/delete/1 - null null
2025-12-04 05:09:19.182 +01:00 [INF] CORS policy execution successful.
2025-12-04 05:09:19.182 +01:00 [INF] Request finished HTTP/1.1 OPTIONS http://localhost:5169/api/Appointment/delete/1 - 204 null null 0.592ms
2025-12-04 05:09:19.184 +01:00 [INF] Request starting HTTP/1.1 DELETE http://localhost:5169/api/Appointment/delete/1 - application/json null
2025-12-04 05:09:19.184 +01:00 [INF] CORS policy execution successful.
2025-12-04 05:09:19.185 +01:00 [INF] Executing endpoint 'Homecare.Controllers.AppointmentController.DeleteConfirmed (api)'
2025-12-04 05:09:19.191 +01:00 [INF] Route matched with {action = "DeleteConfirmed", controller = "Appointment"}. Executing controller action with signature System.Threading.Tasks.Task`1[Microsoft.AspNetCore.Mvc.IActionResult] DeleteConfirmed(Int32) on controller Homecare.Controllers.AppointmentController (api).
2025-12-04 05:09:19.283 +01:00 [INF] Executing StatusCodeResult, setting HTTP status code 204
2025-12-04 05:09:19.283 +01:00 [INF] Executed action Homecare.Controllers.AppointmentController.DeleteConfirmed (api) in 92.078ms
2025-12-04 05:09:19.283 +01:00 [INF] Executed endpoint 'Homecare.Controllers.AppointmentController.DeleteConfirmed (api)'
2025-12-04 05:09:19.284 +01:00 [INF] Request finished HTTP/1.1 DELETE http://localhost:5169/api/Appointment/delete/1 - 204 null null 99.7161ms
2025-12-04 05:09:19.286 +01:00 [INF] Request starting HTTP/1.1 OPTIONS http://localhost:5169/api/Appointment/appointmentlist - null null
2025-12-04 05:09:19.287 +01:00 [INF] CORS policy execution successful.
2025-12-04 05:09:19.287 +01:00 [INF] Request finished HTTP/1.1 OPTIONS http://localhost:5169/api/Appointment/appointmentlist - 204 null null 0.4494ms
2025-12-04 05:09:19.288 +01:00 [INF] Request starting HTTP/1.1 GET http://localhost:5169/api/Appointment/appointmentlist - application/json null
2025-12-04 05:09:19.289 +01:00 [INF] CORS policy execution successful.
2025-12-04 05:09:19.290 +01:00 [INF] Executing endpoint 'Homecare.Controllers.AppointmentController.AppointmentList (api)'
2025-12-04 05:09:19.290 +01:00 [INF] Route matched with {action = "AppointmentList", controller = "Appointment"}. Executing controller action with signature System.Threading.Tasks.Task`1[Microsoft.AspNetCore.Mvc.IActionResult] AppointmentList() on controller Homecare.Controllers.AppointmentController (api).
2025-12-04 05:09:19.294 +01:00 [INF] Executing OkObjectResult, writing value of type 'System.Linq.Enumerable+SelectListIterator`2[[Homecare.Models.Appointment, api, Version=1.0.0.0, Culture=neutral, PublicKeyToken=null],[Homecare.DTOs.AppointmentDto, api, Version=1.0.0.0, Culture=neutral, PublicKeyToken=null]]'.
2025-12-04 05:09:19.295 +01:00 [INF] Executed action Homecare.Controllers.AppointmentController.AppointmentList (api) in 4.8268ms
2025-12-04 05:09:19.295 +01:00 [INF] Executed endpoint 'Homecare.Controllers.AppointmentController.AppointmentList (api)'
2025-12-04 05:09:19.295 +01:00 [INF] Request finished HTTP/1.1 GET http://localhost:5169/api/Appointment/appointmentlist - 200 675 application/json; charset=utf-8 6.4244ms
2025-12-04 05:09:21.344 +01:00 [INF] Request starting HTTP/1.1 OPTIONS http://localhost:5169/api/Appointment/delete/2 - null null
2025-12-04 05:09:21.344 +01:00 [INF] CORS policy execution successful.
2025-12-04 05:09:21.344 +01:00 [INF] Request finished HTTP/1.1 OPTIONS http://localhost:5169/api/Appointment/delete/2 - 204 null null 0.3117ms
2025-12-04 05:09:21.346 +01:00 [INF] Request starting HTTP/1.1 DELETE http://localhost:5169/api/Appointment/delete/2 - application/json null
2025-12-04 05:09:21.346 +01:00 [INF] CORS policy execution successful.
2025-12-04 05:09:21.347 +01:00 [INF] Executing endpoint 'Homecare.Controllers.AppointmentController.DeleteConfirmed (api)'
2025-12-04 05:09:21.347 +01:00 [INF] Route matched with {action = "DeleteConfirmed", controller = "Appointment"}. Executing controller action with signature System.Threading.Tasks.Task`1[Microsoft.AspNetCore.Mvc.IActionResult] DeleteConfirmed(Int32) on controller Homecare.Controllers.AppointmentController (api).
2025-12-04 05:09:21.417 +01:00 [INF] Executing StatusCodeResult, setting HTTP status code 204
2025-12-04 05:09:21.417 +01:00 [INF] Executed action Homecare.Controllers.AppointmentController.DeleteConfirmed (api) in 69.7094ms
2025-12-04 05:09:21.417 +01:00 [INF] Executed endpoint 'Homecare.Controllers.AppointmentController.DeleteConfirmed (api)'
2025-12-04 05:09:21.417 +01:00 [INF] Request finished HTTP/1.1 DELETE http://localhost:5169/api/Appointment/delete/2 - 204 null null 71.5686ms
2025-12-04 05:09:21.420 +01:00 [INF] Request starting HTTP/1.1 GET http://localhost:5169/api/Appointment/appointmentlist - application/json null
2025-12-04 05:09:21.420 +01:00 [INF] CORS policy execution successful.
2025-12-04 05:09:21.421 +01:00 [INF] Executing endpoint 'Homecare.Controllers.AppointmentController.AppointmentList (api)'
2025-12-04 05:09:21.421 +01:00 [INF] Route matched with {action = "AppointmentList", controller = "Appointment"}. Executing controller action with signature System.Threading.Tasks.Task`1[Microsoft.AspNetCore.Mvc.IActionResult] AppointmentList() on controller Homecare.Controllers.AppointmentController (api).
2025-12-04 05:09:21.423 +01:00 [INF] Executing OkObjectResult, writing value of type 'System.Linq.Enumerable+SelectListIterator`2[[Homecare.Models.Appointment, api, Version=1.0.0.0, Culture=neutral, PublicKeyToken=null],[Homecare.DTOs.AppointmentDto, api, Version=1.0.0.0, Culture=neutral, PublicKeyToken=null]]'.
2025-12-04 05:09:21.424 +01:00 [INF] Executed action Homecare.Controllers.AppointmentController.AppointmentList (api) in 2.6175ms
2025-12-04 05:09:21.424 +01:00 [INF] Executed endpoint 'Homecare.Controllers.AppointmentController.AppointmentList (api)'
2025-12-04 05:09:21.424 +01:00 [INF] Request finished HTTP/1.1 GET http://localhost:5169/api/Appointment/appointmentlist - 200 441 application/json; charset=utf-8 4.1488ms
2025-12-04 05:09:22.938 +01:00 [INF] Request starting HTTP/1.1 OPTIONS http://localhost:5169/api/Appointment/delete/3 - null null
2025-12-04 05:09:22.938 +01:00 [INF] CORS policy execution successful.
2025-12-04 05:09:22.939 +01:00 [INF] Request finished HTTP/1.1 OPTIONS http://localhost:5169/api/Appointment/delete/3 - 204 null null 0.4447ms
2025-12-04 05:09:22.942 +01:00 [INF] Request starting HTTP/1.1 DELETE http://localhost:5169/api/Appointment/delete/3 - application/json null
2025-12-04 05:09:22.942 +01:00 [INF] CORS policy execution successful.
2025-12-04 05:09:22.942 +01:00 [INF] Executing endpoint 'Homecare.Controllers.AppointmentController.DeleteConfirmed (api)'
2025-12-04 05:09:22.942 +01:00 [INF] Route matched with {action = "DeleteConfirmed", controller = "Appointment"}. Executing controller action with signature System.Threading.Tasks.Task`1[Microsoft.AspNetCore.Mvc.IActionResult] DeleteConfirmed(Int32) on controller Homecare.Controllers.AppointmentController (api).
2025-12-04 05:09:22.949 +01:00 [INF] Executing StatusCodeResult, setting HTTP status code 204
2025-12-04 05:09:22.949 +01:00 [INF] Executed action Homecare.Controllers.AppointmentController.DeleteConfirmed (api) in 6.3919ms
2025-12-04 05:09:22.949 +01:00 [INF] Executed endpoint 'Homecare.Controllers.AppointmentController.DeleteConfirmed (api)'
2025-12-04 05:09:22.949 +01:00 [INF] Request finished HTTP/1.1 DELETE http://localhost:5169/api/Appointment/delete/3 - 204 null null 7.4413ms
2025-12-04 05:09:22.952 +01:00 [INF] Request starting HTTP/1.1 GET http://localhost:5169/api/Appointment/appointmentlist - application/json null
2025-12-04 05:09:22.952 +01:00 [INF] CORS policy execution successful.
2025-12-04 05:09:22.953 +01:00 [INF] Executing endpoint 'Homecare.Controllers.AppointmentController.AppointmentList (api)'
2025-12-04 05:09:22.953 +01:00 [INF] Route matched with {action = "AppointmentList", controller = "Appointment"}. Executing controller action with signature System.Threading.Tasks.Task`1[Microsoft.AspNetCore.Mvc.IActionResult] AppointmentList() on controller Homecare.Controllers.AppointmentController (api).
2025-12-04 05:09:22.955 +01:00 [INF] Executing OkObjectResult, writing value of type 'System.Linq.Enumerable+SelectListIterator`2[[Homecare.Models.Appointment, api, Version=1.0.0.0, Culture=neutral, PublicKeyToken=null],[Homecare.DTOs.AppointmentDto, api, Version=1.0.0.0, Culture=neutral, PublicKeyToken=null]]'.
2025-12-04 05:09:22.955 +01:00 [INF] Executed action Homecare.Controllers.AppointmentController.AppointmentList (api) in 2.2197ms
2025-12-04 05:09:22.955 +01:00 [INF] Executed endpoint 'Homecare.Controllers.AppointmentController.AppointmentList (api)'
2025-12-04 05:09:22.956 +01:00 [INF] Request finished HTTP/1.1 GET http://localhost:5169/api/Appointment/appointmentlist - 200 224 application/json; charset=utf-8 3.7284ms
2025-12-04 05:09:24.406 +01:00 [INF] Request starting HTTP/1.1 OPTIONS http://localhost:5169/api/Appointment/delete/4 - null null
2025-12-04 05:09:24.407 +01:00 [INF] CORS policy execution successful.
2025-12-04 05:09:24.407 +01:00 [INF] Request finished HTTP/1.1 OPTIONS http://localhost:5169/api/Appointment/delete/4 - 204 null null 0.86ms
2025-12-04 05:09:24.408 +01:00 [INF] Request starting HTTP/1.1 DELETE http://localhost:5169/api/Appointment/delete/4 - application/json null
2025-12-04 05:09:24.408 +01:00 [INF] CORS policy execution successful.
2025-12-04 05:09:24.409 +01:00 [INF] Executing endpoint 'Homecare.Controllers.AppointmentController.DeleteConfirmed (api)'
2025-12-04 05:09:24.409 +01:00 [INF] Route matched with {action = "DeleteConfirmed", controller = "Appointment"}. Executing controller action with signature System.Threading.Tasks.Task`1[Microsoft.AspNetCore.Mvc.IActionResult] DeleteConfirmed(Int32) on controller Homecare.Controllers.AppointmentController (api).
2025-12-04 05:09:24.479 +01:00 [INF] Executing StatusCodeResult, setting HTTP status code 204
2025-12-04 05:09:24.479 +01:00 [INF] Executed action Homecare.Controllers.AppointmentController.DeleteConfirmed (api) in 70.1126ms
2025-12-04 05:09:24.479 +01:00 [INF] Executed endpoint 'Homecare.Controllers.AppointmentController.DeleteConfirmed (api)'
2025-12-04 05:09:24.480 +01:00 [INF] Request finished HTTP/1.1 DELETE http://localhost:5169/api/Appointment/delete/4 - 204 null null 71.6145ms
2025-12-04 05:09:24.482 +01:00 [INF] Request starting HTTP/1.1 OPTIONS http://localhost:5169/api/Appointment/appointmentlist - null null
2025-12-04 05:09:24.483 +01:00 [INF] CORS policy execution successful.
2025-12-04 05:09:24.483 +01:00 [INF] Request finished HTTP/1.1 OPTIONS http://localhost:5169/api/Appointment/appointmentlist - 204 null null 0.451ms
2025-12-04 05:09:24.484 +01:00 [INF] Request starting HTTP/1.1 GET http://localhost:5169/api/Appointment/appointmentlist - application/json null
2025-12-04 05:09:24.485 +01:00 [INF] CORS policy execution successful.
2025-12-04 05:09:24.485 +01:00 [INF] Executing endpoint 'Homecare.Controllers.AppointmentController.AppointmentList (api)'
2025-12-04 05:09:24.486 +01:00 [INF] Route matched with {action = "AppointmentList", controller = "Appointment"}. Executing controller action with signature System.Threading.Tasks.Task`1[Microsoft.AspNetCore.Mvc.IActionResult] AppointmentList() on controller Homecare.Controllers.AppointmentController (api).
2025-12-04 05:09:24.487 +01:00 [INF] Executing OkObjectResult, writing value of type 'System.Linq.Enumerable+SelectListIterator`2[[Homecare.Models.Appointment, api, Version=1.0.0.0, Culture=neutral, PublicKeyToken=null],[Homecare.DTOs.AppointmentDto, api, Version=1.0.0.0, Culture=neutral, PublicKeyToken=null]]'.
2025-12-04 05:09:24.488 +01:00 [INF] Executed action Homecare.Controllers.AppointmentController.AppointmentList (api) in 2.0106ms
2025-12-04 05:09:24.488 +01:00 [INF] Executed endpoint 'Homecare.Controllers.AppointmentController.AppointmentList (api)'
2025-12-04 05:09:24.488 +01:00 [INF] Request finished HTTP/1.1 GET http://localhost:5169/api/Appointment/appointmentlist - 200 2 application/json; charset=utf-8 3.7171ms
2025-12-04 05:09:40.813 +01:00 [INF] Request starting HTTP/1.1 OPTIONS http://localhost:5169/api/AvailableDay/availabledays - null null
2025-12-04 05:09:40.813 +01:00 [INF] CORS policy execution successful.
2025-12-04 05:09:40.814 +01:00 [INF] Request finished HTTP/1.1 OPTIONS http://localhost:5169/api/AvailableDay/availabledays - 204 null null 1.137ms
2025-12-04 05:09:40.815 +01:00 [INF] Request starting HTTP/1.1 OPTIONS http://localhost:5169/api/AvailableDay/availabledays - null null
2025-12-04 05:09:40.815 +01:00 [INF] CORS policy execution successful.
2025-12-04 05:09:40.815 +01:00 [INF] Request finished HTTP/1.1 OPTIONS http://localhost:5169/api/AvailableDay/availabledays - 204 null null 0.4196ms
2025-12-04 05:09:40.815 +01:00 [INF] Request starting HTTP/1.1 GET http://localhost:5169/api/AvailableDay/availabledays - application/json null
2025-12-04 05:09:40.816 +01:00 [INF] CORS policy execution successful.
2025-12-04 05:09:40.817 +01:00 [INF] Executing endpoint 'Homecare.Controllers.AvailableDayController.GetAvailableDays (api)'
2025-12-04 05:09:40.818 +01:00 [INF] Route matched with {action = "GetAvailableDays", controller = "AvailableDay"}. Executing controller action with signature System.Threading.Tasks.Task`1[Microsoft.AspNetCore.Mvc.IActionResult] GetAvailableDays() on controller Homecare.Controllers.AvailableDayController (api).
2025-12-04 05:09:40.822 +01:00 [INF] Executing OkObjectResult, writing value of type 'System.Linq.Enumerable+SelectListIterator`2[[Homecare.Models.AvailableDay, api, Version=1.0.0.0, Culture=neutral, PublicKeyToken=null],[Homecare.DTOs.AvailableDayDto, api, Version=1.0.0.0, Culture=neutral, PublicKeyToken=null]]'.
2025-12-04 05:09:40.822 +01:00 [INF] Executed action Homecare.Controllers.AvailableDayController.GetAvailableDays (api) in 4.9201ms
2025-12-04 05:09:40.823 +01:00 [INF] Executed endpoint 'Homecare.Controllers.AvailableDayController.GetAvailableDays (api)'
2025-12-04 05:09:40.823 +01:00 [INF] Request finished HTTP/1.1 GET http://localhost:5169/api/AvailableDay/availabledays - 200 496 application/json; charset=utf-8 7.2322ms
2025-12-04 05:09:40.825 +01:00 [INF] Request starting HTTP/1.1 GET http://localhost:5169/api/AvailableDay/availabledays - application/json null
2025-12-04 05:09:40.825 +01:00 [INF] CORS policy execution successful.
2025-12-04 05:09:40.826 +01:00 [INF] Executing endpoint 'Homecare.Controllers.AvailableDayController.GetAvailableDays (api)'
2025-12-04 05:09:40.826 +01:00 [INF] Route matched with {action = "GetAvailableDays", controller = "AvailableDay"}. Executing controller action with signature System.Threading.Tasks.Task`1[Microsoft.AspNetCore.Mvc.IActionResult] GetAvailableDays() on controller Homecare.Controllers.AvailableDayController (api).
2025-12-04 05:09:40.829 +01:00 [INF] Executing OkObjectResult, writing value of type 'System.Linq.Enumerable+SelectListIterator`2[[Homecare.Models.AvailableDay, api, Version=1.0.0.0, Culture=neutral, PublicKeyToken=null],[Homecare.DTOs.AvailableDayDto, api, Version=1.0.0.0, Culture=neutral, PublicKeyToken=null]]'.
2025-12-04 05:09:40.829 +01:00 [INF] Executed action Homecare.Controllers.AvailableDayController.GetAvailableDays (api) in 3.0667ms
2025-12-04 05:09:40.829 +01:00 [INF] Executed endpoint 'Homecare.Controllers.AvailableDayController.GetAvailableDays (api)'
2025-12-04 05:09:40.830 +01:00 [INF] Request finished HTTP/1.1 GET http://localhost:5169/api/AvailableDay/availabledays - 200 496 application/json; charset=utf-8 4.5419ms
2025-12-04 05:09:43.719 +01:00 [INF] Request starting HTTP/1.1 OPTIONS http://localhost:5169/api/AvailableDay/delete/2 - null null
2025-12-04 05:09:43.719 +01:00 [INF] CORS policy execution successful.
2025-12-04 05:09:43.720 +01:00 [INF] Request finished HTTP/1.1 OPTIONS http://localhost:5169/api/AvailableDay/delete/2 - 204 null null 0.8394ms
2025-12-04 05:09:43.721 +01:00 [INF] Request starting HTTP/1.1 DELETE http://localhost:5169/api/AvailableDay/delete/2 - application/json null
2025-12-04 05:09:43.721 +01:00 [INF] CORS policy execution successful.
2025-12-04 05:09:43.722 +01:00 [INF] Executing endpoint 'Homecare.Controllers.AvailableDayController.DeleteAvailableDay (api)'
2025-12-04 05:09:43.728 +01:00 [INF] Route matched with {action = "DeleteAvailableDay", controller = "AvailableDay"}. Executing controller action with signature System.Threading.Tasks.Task`1[Microsoft.AspNetCore.Mvc.IActionResult] DeleteAvailableDay(Int32) on controller Homecare.Controllers.AvailableDayController (api).
2025-12-04 05:09:43.759 +01:00 [INF] Executing StatusCodeResult, setting HTTP status code 204
2025-12-04 05:09:43.759 +01:00 [INF] Executed action Homecare.Controllers.AvailableDayController.DeleteAvailableDay (api) in 30.8509ms
2025-12-04 05:09:43.759 +01:00 [INF] Executed endpoint 'Homecare.Controllers.AvailableDayController.DeleteAvailableDay (api)'
2025-12-04 05:09:43.759 +01:00 [INF] Request finished HTTP/1.1 DELETE http://localhost:5169/api/AvailableDay/delete/2 - 204 null null 38.3612ms
2025-12-04 05:09:43.762 +01:00 [INF] Request starting HTTP/1.1 GET http://localhost:5169/api/AvailableDay/availabledays - application/json null
2025-12-04 05:09:43.763 +01:00 [INF] CORS policy execution successful.
2025-12-04 05:09:43.764 +01:00 [INF] Executing endpoint 'Homecare.Controllers.AvailableDayController.GetAvailableDays (api)'
2025-12-04 05:09:43.764 +01:00 [INF] Route matched with {action = "GetAvailableDays", controller = "AvailableDay"}. Executing controller action with signature System.Threading.Tasks.Task`1[Microsoft.AspNetCore.Mvc.IActionResult] GetAvailableDays() on controller Homecare.Controllers.AvailableDayController (api).
2025-12-04 05:09:43.766 +01:00 [INF] Executing OkObjectResult, writing value of type 'System.Linq.Enumerable+SelectListIterator`2[[Homecare.Models.AvailableDay, api, Version=1.0.0.0, Culture=neutral, PublicKeyToken=null],[Homecare.DTOs.AvailableDayDto, api, Version=1.0.0.0, Culture=neutral, PublicKeyToken=null]]'.
2025-12-04 05:09:43.766 +01:00 [INF] Executed action Homecare.Controllers.AvailableDayController.GetAvailableDays (api) in 2.1301ms
2025-12-04 05:09:43.766 +01:00 [INF] Executed endpoint 'Homecare.Controllers.AvailableDayController.GetAvailableDays (api)'
2025-12-04 05:09:43.766 +01:00 [INF] Request finished HTTP/1.1 GET http://localhost:5169/api/AvailableDay/availabledays - 200 330 application/json; charset=utf-8 3.8691ms
2025-12-04 05:09:46.041 +01:00 [INF] Request starting HTTP/1.1 OPTIONS http://localhost:5169/api/AvailableDay/delete/1 - null null
2025-12-04 05:09:46.041 +01:00 [INF] CORS policy execution successful.
2025-12-04 05:09:46.041 +01:00 [INF] Request finished HTTP/1.1 OPTIONS http://localhost:5169/api/AvailableDay/delete/1 - 204 null null 0.4558ms
2025-12-04 05:09:46.043 +01:00 [INF] Request starting HTTP/1.1 DELETE http://localhost:5169/api/AvailableDay/delete/1 - application/json null
2025-12-04 05:09:46.043 +01:00 [INF] CORS policy execution successful.
2025-12-04 05:09:46.044 +01:00 [INF] Executing endpoint 'Homecare.Controllers.AvailableDayController.DeleteAvailableDay (api)'
2025-12-04 05:09:46.044 +01:00 [INF] Route matched with {action = "DeleteAvailableDay", controller = "AvailableDay"}. Executing controller action with signature System.Threading.Tasks.Task`1[Microsoft.AspNetCore.Mvc.IActionResult] DeleteAvailableDay(Int32) on controller Homecare.Controllers.AvailableDayController (api).
2025-12-04 05:09:46.112 +01:00 [INF] Executing StatusCodeResult, setting HTTP status code 204
2025-12-04 05:09:46.112 +01:00 [INF] Executed action Homecare.Controllers.AvailableDayController.DeleteAvailableDay (api) in 67.69ms
2025-12-04 05:09:46.112 +01:00 [INF] Executed endpoint 'Homecare.Controllers.AvailableDayController.DeleteAvailableDay (api)'
2025-12-04 05:09:46.112 +01:00 [INF] Request finished HTTP/1.1 DELETE http://localhost:5169/api/AvailableDay/delete/1 - 204 null null 69.5445ms
2025-12-04 05:09:46.115 +01:00 [INF] Request starting HTTP/1.1 OPTIONS http://localhost:5169/api/AvailableDay/availabledays - null null
2025-12-04 05:09:46.115 +01:00 [INF] CORS policy execution successful.
2025-12-04 05:09:46.115 +01:00 [INF] Request finished HTTP/1.1 OPTIONS http://localhost:5169/api/AvailableDay/availabledays - 204 null null 0.2732ms
2025-12-04 05:09:46.117 +01:00 [INF] Request starting HTTP/1.1 GET http://localhost:5169/api/AvailableDay/availabledays - application/json null
2025-12-04 05:09:46.117 +01:00 [INF] CORS policy execution successful.
2025-12-04 05:09:46.118 +01:00 [INF] Executing endpoint 'Homecare.Controllers.AvailableDayController.GetAvailableDays (api)'
2025-12-04 05:09:46.118 +01:00 [INF] Route matched with {action = "GetAvailableDays", controller = "AvailableDay"}. Executing controller action with signature System.Threading.Tasks.Task`1[Microsoft.AspNetCore.Mvc.IActionResult] GetAvailableDays() on controller Homecare.Controllers.AvailableDayController (api).
2025-12-04 05:09:46.120 +01:00 [INF] Executing OkObjectResult, writing value of type 'System.Linq.Enumerable+SelectListIterator`2[[Homecare.Models.AvailableDay, api, Version=1.0.0.0, Culture=neutral, PublicKeyToken=null],[Homecare.DTOs.AvailableDayDto, api, Version=1.0.0.0, Culture=neutral, PublicKeyToken=null]]'.
2025-12-04 05:09:46.120 +01:00 [INF] Executed action Homecare.Controllers.AvailableDayController.GetAvailableDays (api) in 2.2437ms
2025-12-04 05:09:46.120 +01:00 [INF] Executed endpoint 'Homecare.Controllers.AvailableDayController.GetAvailableDays (api)'
2025-12-04 05:09:46.120 +01:00 [INF] Request finished HTTP/1.1 GET http://localhost:5169/api/AvailableDay/availabledays - 200 161 application/json; charset=utf-8 3.7512ms
2025-12-04 05:09:47.810 +01:00 [INF] Request starting HTTP/1.1 OPTIONS http://localhost:5169/api/AvailableDay/delete/3 - null null
2025-12-04 05:09:47.810 +01:00 [INF] CORS policy execution successful.
2025-12-04 05:09:47.810 +01:00 [INF] Request finished HTTP/1.1 OPTIONS http://localhost:5169/api/AvailableDay/delete/3 - 204 null null 0.4829ms
2025-12-04 05:09:47.811 +01:00 [INF] Request starting HTTP/1.1 DELETE http://localhost:5169/api/AvailableDay/delete/3 - application/json null
2025-12-04 05:09:47.811 +01:00 [INF] CORS policy execution successful.
2025-12-04 05:09:47.812 +01:00 [INF] Executing endpoint 'Homecare.Controllers.AvailableDayController.DeleteAvailableDay (api)'
2025-12-04 05:09:47.812 +01:00 [INF] Route matched with {action = "DeleteAvailableDay", controller = "AvailableDay"}. Executing controller action with signature System.Threading.Tasks.Task`1[Microsoft.AspNetCore.Mvc.IActionResult] DeleteAvailableDay(Int32) on controller Homecare.Controllers.AvailableDayController (api).
2025-12-04 05:09:47.879 +01:00 [INF] Executing StatusCodeResult, setting HTTP status code 204
2025-12-04 05:09:47.879 +01:00 [INF] Executed action Homecare.Controllers.AvailableDayController.DeleteAvailableDay (api) in 66.5708ms
2025-12-04 05:09:47.879 +01:00 [INF] Executed endpoint 'Homecare.Controllers.AvailableDayController.DeleteAvailableDay (api)'
2025-12-04 05:09:47.879 +01:00 [INF] Request finished HTTP/1.1 DELETE http://localhost:5169/api/AvailableDay/delete/3 - 204 null null 67.8661ms
2025-12-04 05:09:47.884 +01:00 [INF] Request starting HTTP/1.1 GET http://localhost:5169/api/AvailableDay/availabledays - application/json null
2025-12-04 05:09:47.884 +01:00 [INF] CORS policy execution successful.
2025-12-04 05:09:47.885 +01:00 [INF] Executing endpoint 'Homecare.Controllers.AvailableDayController.GetAvailableDays (api)'
2025-12-04 05:09:47.885 +01:00 [INF] Route matched with {action = "GetAvailableDays", controller = "AvailableDay"}. Executing controller action with signature System.Threading.Tasks.Task`1[Microsoft.AspNetCore.Mvc.IActionResult] GetAvailableDays() on controller Homecare.Controllers.AvailableDayController (api).
2025-12-04 05:09:47.887 +01:00 [INF] Executing OkObjectResult, writing value of type 'System.Linq.Enumerable+SelectListIterator`2[[Homecare.Models.AvailableDay, api, Version=1.0.0.0, Culture=neutral, PublicKeyToken=null],[Homecare.DTOs.AvailableDayDto, api, Version=1.0.0.0, Culture=neutral, PublicKeyToken=null]]'.
2025-12-04 05:09:47.888 +01:00 [INF] Executed action Homecare.Controllers.AvailableDayController.GetAvailableDays (api) in 3.3427ms
2025-12-04 05:09:47.888 +01:00 [INF] Executed endpoint 'Homecare.Controllers.AvailableDayController.GetAvailableDays (api)'
2025-12-04 05:09:47.889 +01:00 [INF] Request finished HTTP/1.1 GET http://localhost:5169/api/AvailableDay/availabledays - 200 2 application/json; charset=utf-8 4.3914ms
2025-12-04 05:11:56.932 +01:00 [INF] Request starting HTTP/1.1 OPTIONS http://localhost:5169/api/availableDay/create - null null
2025-12-04 05:11:56.932 +01:00 [INF] CORS policy execution successful.
2025-12-04 05:11:56.932 +01:00 [INF] Request finished HTTP/1.1 OPTIONS http://localhost:5169/api/availableDay/create - 204 null null 0.4094ms
2025-12-04 05:11:56.934 +01:00 [INF] Request starting HTTP/1.1 POST http://localhost:5169/api/availableDay/create - application/json 113
2025-12-04 05:11:56.934 +01:00 [INF] CORS policy execution successful.
2025-12-04 05:11:56.934 +01:00 [INF] Executing endpoint 'Homecare.Controllers.AvailableDayController.Create (api)'
2025-12-04 05:11:56.941 +01:00 [INF] Route matched with {action = "Create", controller = "AvailableDay"}. Executing controller action with signature System.Threading.Tasks.Task`1[Microsoft.AspNetCore.Mvc.IActionResult] Create(Homecare.DTOs.AvailableDayDto) on controller Homecare.Controllers.AvailableDayController (api).
2025-12-04 05:11:56.957 +01:00 [INF] Executing BadRequestObjectResult, writing value of type 'Microsoft.AspNetCore.Mvc.ValidationProblemDetails'.
2025-12-04 05:11:56.973 +01:00 [INF] Executed action Homecare.Controllers.AvailableDayController.Create (api) in 31.4071ms
2025-12-04 05:11:56.973 +01:00 [INF] Executed endpoint 'Homecare.Controllers.AvailableDayController.Create (api)'
2025-12-04 05:11:56.973 +01:00 [INF] Request finished HTTP/1.1 POST http://localhost:5169/api/availableDay/create - 400 247 application/problem+json; charset=utf-8 39.613ms
2025-12-04 05:12:07.353 +01:00 [INF] Application is shutting down...
