2025-11-02 19:17:06.368 +01:00 [INF] Now listening on: http://localhost:5169
2025-11-02 19:17:06.376 +01:00 [INF] Application started. Press Ctrl+C to shut down.
2025-11-02 19:17:06.376 +01:00 [INF] Hosting environment: Development
2025-11-02 19:17:06.376 +01:00 [INF] Content root path: C:\Homecare\api
2025-11-02 19:17:20.208 +01:00 [INF] Request starting HTTP/1.1 GET http://localhost:5169/ - null null
2025-11-02 19:17:20.283 +01:00 [INF] Request finished HTTP/1.1 GET http://localhost:5169/ - 404 0 null 76.2238ms
2025-11-02 19:17:20.288 +01:00 [INF] Request reached the end of the middleware pipeline without being handled by application code. Request path: GET http://localhost:5169/, Response status code: 404
2025-11-02 19:17:43.838 +01:00 [INF] Request starting HTTP/1.1 GET http://localhost:5169/api/ApiAvailableDay - null null
2025-11-02 19:17:43.846 +01:00 [INF] Executing endpoint 'HomecareApp.Controllers.ApiAvailableDayController.GetAvailableDays (api)'
2025-11-02 19:17:43.890 +01:00 [INF] Route matched with {action = "GetAvailableDays", controller = "ApiAvailableDay"}. Executing controller action with signature System.Threading.Tasks.Task`1[Microsoft.AspNetCore.Mvc.ActionResult`1[System.Collections.Generic.IEnumerable`1[HomecareApp.Models.AvailableDay]]] GetAvailableDays() on controller HomecareApp.Controllers.ApiAvailableDayController (api).
2025-11-02 19:17:44.396 +01:00 [ERR] Failed executing DbCommand (7ms) [Parameters=[], CommandType='"Text"', CommandTimeout='30']
SELECT "a"."AvailableDayId", "a"."Date", "a"."EndTime", "a"."HealthcareWorker", "a"."Notes", "a"."ServiceType", "a"."StartTime"
FROM "AvailableDays" AS "a"
2025-11-02 19:17:44.446 +01:00 [ERR] An exception occurred while iterating over the results of a query for context type 'HomecareApp.DAL.HomecareDbContext'.
Microsoft.Data.Sqlite.SqliteException (0x80004005): SQLite Error 1: 'no such table: AvailableDays'.
   at Microsoft.Data.Sqlite.SqliteException.ThrowExceptionForRC(Int32 rc, sqlite3 db)
   at Microsoft.Data.Sqlite.SqliteCommand.PrepareAndEnumerateStatements()+MoveNext()
   at Microsoft.Data.Sqlite.SqliteCommand.GetStatements()+MoveNext()
   at Microsoft.Data.Sqlite.SqliteDataReader.NextResult()
   at Microsoft.Data.Sqlite.SqliteCommand.ExecuteReader(CommandBehavior behavior)
   at Microsoft.Data.Sqlite.SqliteCommand.ExecuteReaderAsync(CommandBehavior behavior, CancellationToken cancellationToken)
   at Microsoft.Data.Sqlite.SqliteCommand.ExecuteDbDataReaderAsync(CommandBehavior behavior, CancellationToken cancellationToken)
   at Microsoft.EntityFrameworkCore.Storage.RelationalCommand.ExecuteReaderAsync(RelationalCommandParameterObject parameterObject, CancellationToken cancellationToken)
   at Microsoft.EntityFrameworkCore.Storage.RelationalCommand.ExecuteReaderAsync(RelationalCommandParameterObject parameterObject, CancellationToken cancellationToken)
   at Microsoft.EntityFrameworkCore.Query.Internal.SingleQueryingEnumerable`1.AsyncEnumerator.InitializeReaderAsync(AsyncEnumerator enumerator, CancellationToken cancellationToken)
   at Microsoft.EntityFrameworkCore.Query.Internal.SingleQueryingEnumerable`1.AsyncEnumerator.MoveNextAsync()
Microsoft.Data.Sqlite.SqliteException (0x80004005): SQLite Error 1: 'no such table: AvailableDays'.
   at Microsoft.Data.Sqlite.SqliteException.ThrowExceptionForRC(Int32 rc, sqlite3 db)
   at Microsoft.Data.Sqlite.SqliteCommand.PrepareAndEnumerateStatements()+MoveNext()
   at Microsoft.Data.Sqlite.SqliteCommand.GetStatements()+MoveNext()
   at Microsoft.Data.Sqlite.SqliteDataReader.NextResult()
   at Microsoft.Data.Sqlite.SqliteCommand.ExecuteReader(CommandBehavior behavior)
   at Microsoft.Data.Sqlite.SqliteCommand.ExecuteReaderAsync(CommandBehavior behavior, CancellationToken cancellationToken)
   at Microsoft.Data.Sqlite.SqliteCommand.ExecuteDbDataReaderAsync(CommandBehavior behavior, CancellationToken cancellationToken)
   at Microsoft.EntityFrameworkCore.Storage.RelationalCommand.ExecuteReaderAsync(RelationalCommandParameterObject parameterObject, CancellationToken cancellationToken)
   at Microsoft.EntityFrameworkCore.Storage.RelationalCommand.ExecuteReaderAsync(RelationalCommandParameterObject parameterObject, CancellationToken cancellationToken)
   at Microsoft.EntityFrameworkCore.Query.Internal.SingleQueryingEnumerable`1.AsyncEnumerator.InitializeReaderAsync(AsyncEnumerator enumerator, CancellationToken cancellationToken)
   at Microsoft.EntityFrameworkCore.Query.Internal.SingleQueryingEnumerable`1.AsyncEnumerator.MoveNextAsync()
2025-11-02 19:17:44.483 +01:00 [ERR] Error retrieving available days
Microsoft.Data.Sqlite.SqliteException (0x80004005): SQLite Error 1: 'no such table: AvailableDays'.
   at Microsoft.Data.Sqlite.SqliteException.ThrowExceptionForRC(Int32 rc, sqlite3 db)
   at Microsoft.Data.Sqlite.SqliteCommand.PrepareAndEnumerateStatements()+MoveNext()
   at Microsoft.Data.Sqlite.SqliteCommand.GetStatements()+MoveNext()
   at Microsoft.Data.Sqlite.SqliteDataReader.NextResult()
   at Microsoft.Data.Sqlite.SqliteCommand.ExecuteReader(CommandBehavior behavior)
   at Microsoft.Data.Sqlite.SqliteCommand.ExecuteReaderAsync(CommandBehavior behavior, CancellationToken cancellationToken)
   at Microsoft.Data.Sqlite.SqliteCommand.ExecuteDbDataReaderAsync(CommandBehavior behavior, CancellationToken cancellationToken)
   at Microsoft.EntityFrameworkCore.Storage.RelationalCommand.ExecuteReaderAsync(RelationalCommandParameterObject parameterObject, CancellationToken cancellationToken)
   at Microsoft.EntityFrameworkCore.Storage.RelationalCommand.ExecuteReaderAsync(RelationalCommandParameterObject parameterObject, CancellationToken cancellationToken)
   at Microsoft.EntityFrameworkCore.Query.Internal.SingleQueryingEnumerable`1.AsyncEnumerator.InitializeReaderAsync(AsyncEnumerator enumerator, CancellationToken cancellationToken)
   at Microsoft.EntityFrameworkCore.Query.Internal.SingleQueryingEnumerable`1.AsyncEnumerator.MoveNextAsync()
   at Microsoft.EntityFrameworkCore.EntityFrameworkQueryableExtensions.ToListAsync[TSource](IQueryable`1 source, CancellationToken cancellationToken)
   at Microsoft.EntityFrameworkCore.EntityFrameworkQueryableExtensions.ToListAsync[TSource](IQueryable`1 source, CancellationToken cancellationToken)
   at HomecareApp.DAL.HomecareRepository.GetAllAvailableDays() in C:\Homecare\api\DAL\HomecareRepository.cs:line 22
2025-11-02 19:17:44.514 +01:00 [INF] Executing ObjectResult, writing value of type 'Microsoft.AspNetCore.Mvc.ProblemDetails'.
2025-11-02 19:17:44.623 +01:00 [INF] Executed action HomecareApp.Controllers.ApiAvailableDayController.GetAvailableDays (api) in 724.6113ms
2025-11-02 19:17:44.623 +01:00 [INF] Executed endpoint 'HomecareApp.Controllers.ApiAvailableDayController.GetAvailableDays (api)'
2025-11-02 19:17:44.630 +01:00 [INF] Request finished HTTP/1.1 GET http://localhost:5169/api/ApiAvailableDay - 404 null application/problem+json; charset=utf-8 792.677ms
