2025-11-02 02:06:18.401 +01:00 [INF] Now listening on: http://localhost:5169
2025-11-02 02:06:18.408 +01:00 [INF] Application started. Press Ctrl+C to shut down.
2025-11-02 02:06:18.409 +01:00 [INF] Hosting environment: Development
2025-11-02 02:06:18.409 +01:00 [INF] Content root path: C:\Homecare\api
2025-11-02 02:06:29.985 +01:00 [INF] Request starting HTTP/1.1 GET http://localhost:5169/ - null null
2025-11-02 02:06:30.049 +01:00 [INF] Request finished HTTP/1.1 GET http://localhost:5169/ - 404 0 null 67.4675ms
2025-11-02 02:06:30.057 +01:00 [INF] Request reached the end of the middleware pipeline without being handled by application code. Request path: GET http://localhost:5169/, Response status code: 404
2025-11-02 02:06:42.076 +01:00 [INF] Request starting HTTP/1.1 GET http://localhost:5169/api/ApiAvailableDay - null null
2025-11-02 02:06:42.117 +01:00 [INF] Executing endpoint 'HomecareApp.Controllers.ApiAvailableDayController.GetAvailableDays (api)'
2025-11-02 02:06:42.165 +01:00 [INF] Route matched with {action = "GetAvailableDays", controller = "ApiAvailableDay"}. Executing controller action with signature System.Threading.Tasks.Task`1[Microsoft.AspNetCore.Mvc.ActionResult`1[System.Collections.Generic.IEnumerable`1[HomecareApp.Models.AvailableDay]]] GetAvailableDays() on controller HomecareApp.Controllers.ApiAvailableDayController (api).
2025-11-02 02:06:43.930 +01:00 [ERR] Failed executing DbCommand (15ms) [Parameters=[], CommandType='"Text"', CommandTimeout='30']
SELECT "a"."AvailableDayId", "a"."Date", "a"."EndTime", "a"."HealthcareWorker", "a"."Notes", "a"."ServiceType", "a"."StartTime"
FROM "AvailableDays" AS "a"
2025-11-02 02:06:43.982 +01:00 [ERR] An exception occurred while iterating over the results of a query for context type 'HomecareApp.DAL.HomecareDbContext'.
Microsoft.Data.Sqlite.SqliteException (0x80004005): SQLite Error 1: 'no such table: AvailableDays'.
   at Microsoft.Data.Sqlite.SqliteException.ThrowExceptionForRC(Int32 rc, sqlite3 db)
   at Microsoft.Data.Sqlite.SqliteCommand.PrepareAndEnumerateStatements()+MoveNext()
   at Microsoft.Data.Sqlite.SqliteCommand.GetStatements()+MoveNext()
   at Microsoft.Data.Sqlite.SqliteDataReader.NextResult()
   at Microsoft.Data.Sqlite.SqliteCommand.ExecuteReader(CommandBehavior behavior)
   at Microsoft.Data.Sqlite.SqliteCommand.ExecuteReaderAsync(CommandBehavior behavior, CancellationToken cancellationToken)
   at Microsoft.Data.Sqlite.SqliteCommand.ExecuteDbDataReaderAsync(CommandBehavior behavior, CancellationToken cancellationToken)
   at Microsoft.EntityFrameworkCore.Storage.RelationalCommand.ExecuteReaderAsync(RelationalCommandParameterObject parameterObject, CancellationToken cancellationToken)
   at Microsoft.EntityFrameworkCore.Storage.RelationalCommand.ExecuteReaderAsync(RelationalCommandParameterObject parameterObject, CancellationToken cancellationToken)
   at Microsoft.EntityFrameworkCore.Query.Internal.SingleQueryingEnumerable`1.AsyncEnumerator.InitializeReaderAsync(AsyncEnumerator enumerator, CancellationToken cancellationToken)
   at Microsoft.EntityFrameworkCore.Query.Internal.SingleQueryingEnumerable`1.AsyncEnumerator.MoveNextAsync()
Microsoft.Data.Sqlite.SqliteException (0x80004005): SQLite Error 1: 'no such table: AvailableDays'.
   at Microsoft.Data.Sqlite.SqliteException.ThrowExceptionForRC(Int32 rc, sqlite3 db)
   at Microsoft.Data.Sqlite.SqliteCommand.PrepareAndEnumerateStatements()+MoveNext()
   at Microsoft.Data.Sqlite.SqliteCommand.GetStatements()+MoveNext()
   at Microsoft.Data.Sqlite.SqliteDataReader.NextResult()
   at Microsoft.Data.Sqlite.SqliteCommand.ExecuteReader(CommandBehavior behavior)
   at Microsoft.Data.Sqlite.SqliteCommand.ExecuteReaderAsync(CommandBehavior behavior, CancellationToken cancellationToken)
   at Microsoft.Data.Sqlite.SqliteCommand.ExecuteDbDataReaderAsync(CommandBehavior behavior, CancellationToken cancellationToken)
   at Microsoft.EntityFrameworkCore.Storage.RelationalCommand.ExecuteReaderAsync(RelationalCommandParameterObject parameterObject, CancellationToken cancellationToken)
   at Microsoft.EntityFrameworkCore.Storage.RelationalCommand.ExecuteReaderAsync(RelationalCommandParameterObject parameterObject, CancellationToken cancellationToken)
   at Microsoft.EntityFrameworkCore.Query.Internal.SingleQueryingEnumerable`1.AsyncEnumerator.InitializeReaderAsync(AsyncEnumerator enumerator, CancellationToken cancellationToken)
   at Microsoft.EntityFrameworkCore.Query.Internal.SingleQueryingEnumerable`1.AsyncEnumerator.MoveNextAsync()
2025-11-02 02:06:44.019 +01:00 [ERR] Error retrieving available days
Microsoft.Data.Sqlite.SqliteException (0x80004005): SQLite Error 1: 'no such table: AvailableDays'.
   at Microsoft.Data.Sqlite.SqliteException.ThrowExceptionForRC(Int32 rc, sqlite3 db)
   at Microsoft.Data.Sqlite.SqliteCommand.PrepareAndEnumerateStatements()+MoveNext()
   at Microsoft.Data.Sqlite.SqliteCommand.GetStatements()+MoveNext()
   at Microsoft.Data.Sqlite.SqliteDataReader.NextResult()
   at Microsoft.Data.Sqlite.SqliteCommand.ExecuteReader(CommandBehavior behavior)
   at Microsoft.Data.Sqlite.SqliteCommand.ExecuteReaderAsync(CommandBehavior behavior, CancellationToken cancellationToken)
   at Microsoft.Data.Sqlite.SqliteCommand.ExecuteDbDataReaderAsync(CommandBehavior behavior, CancellationToken cancellationToken)
   at Microsoft.EntityFrameworkCore.Storage.RelationalCommand.ExecuteReaderAsync(RelationalCommandParameterObject parameterObject, CancellationToken cancellationToken)
   at Microsoft.EntityFrameworkCore.Storage.RelationalCommand.ExecuteReaderAsync(RelationalCommandParameterObject parameterObject, CancellationToken cancellationToken)
   at Microsoft.EntityFrameworkCore.Query.Internal.SingleQueryingEnumerable`1.AsyncEnumerator.InitializeReaderAsync(AsyncEnumerator enumerator, CancellationToken cancellationToken)
   at Microsoft.EntityFrameworkCore.Query.Internal.SingleQueryingEnumerable`1.AsyncEnumerator.MoveNextAsync()
   at Microsoft.EntityFrameworkCore.EntityFrameworkQueryableExtensions.ToListAsync[TSource](IQueryable`1 source, CancellationToken cancellationToken)
   at Microsoft.EntityFrameworkCore.EntityFrameworkQueryableExtensions.ToListAsync[TSource](IQueryable`1 source, CancellationToken cancellationToken)
   at HomecareApp.DAL.HomecareRepository.GetAllAvailableDays() in C:\Homecare\api\DAL\HomecareRepository.cs:line 22
2025-11-02 02:06:44.052 +01:00 [INF] Executing ObjectResult, writing value of type 'Microsoft.AspNetCore.Mvc.ProblemDetails'.
2025-11-02 02:06:44.169 +01:00 [INF] Executed action HomecareApp.Controllers.ApiAvailableDayController.GetAvailableDays (api) in 1996.5303ms
2025-11-02 02:06:44.170 +01:00 [INF] Executed endpoint 'HomecareApp.Controllers.ApiAvailableDayController.GetAvailableDays (api)'
2025-11-02 02:06:44.178 +01:00 [INF] Request finished HTTP/1.1 GET http://localhost:5169/api/ApiAvailableDay - 404 null application/problem+json; charset=utf-8 2102.5252ms
2025-11-02 02:06:44.232 +01:00 [INF] Request starting HTTP/1.1 GET http://localhost:5169/favicon.ico - null null
2025-11-02 02:06:44.240 +01:00 [INF] Request finished HTTP/1.1 GET http://localhost:5169/favicon.ico - 404 0 null 8.3407ms
2025-11-02 02:06:44.241 +01:00 [INF] Request reached the end of the middleware pipeline without being handled by application code. Request path: GET http://localhost:5169/favicon.ico, Response status code: 404
2025-11-02 02:06:59.237 +01:00 [INF] Request starting HTTP/1.1 GET http://localhost:5169/swagger/index.html - null null
2025-11-02 02:06:59.314 +01:00 [INF] Request finished HTTP/1.1 GET http://localhost:5169/swagger/index.html - 200 null text/html;charset=utf-8 77.3062ms
2025-11-02 02:06:59.446 +01:00 [INF] Request starting HTTP/1.1 GET http://localhost:5169/swagger/v1/swagger.json - null null
2025-11-02 02:06:59.645 +01:00 [INF] Request finished HTTP/1.1 GET http://localhost:5169/swagger/v1/swagger.json - 200 null application/json;charset=utf-8 199.2326ms
