2025-11-02 01:51:40.033 +01:00 [INF] Now listening on: http://localhost:5169
2025-11-02 01:51:40.042 +01:00 [INF] Application started. Press Ctrl+C to shut down.
2025-11-02 01:51:40.043 +01:00 [INF] Hosting environment: Development
2025-11-02 01:51:40.043 +01:00 [INF] Content root path: C:\Homecare\api
2025-11-02 01:55:08.246 +01:00 [INF] Request starting HTTP/1.1 GET http://localhost:5169/swagger - null null
2025-11-02 01:55:08.310 +01:00 [INF] Request finished HTTP/1.1 GET http://localhost:5169/swagger - 301 0 null 66.7646ms
2025-11-02 01:55:08.317 +01:00 [INF] Request starting HTTP/1.1 GET http://localhost:5169/swagger/index.html - null null
2025-11-02 01:55:08.417 +01:00 [INF] Request finished HTTP/1.1 GET http://localhost:5169/swagger/index.html - 200 null text/html;charset=utf-8 100.3215ms
2025-11-02 01:55:08.431 +01:00 [INF] Request starting HTTP/1.1 GET http://localhost:5169/swagger/swagger-ui.css - null null
2025-11-02 01:55:08.432 +01:00 [INF] Request starting HTTP/1.1 GET http://localhost:5169/swagger/swagger-ui-bundle.js - null null
2025-11-02 01:55:08.434 +01:00 [INF] Request starting HTTP/1.1 GET http://localhost:5169/swagger/swagger-ui-standalone-preset.js - null null
2025-11-02 01:55:08.466 +01:00 [INF] Sending file. Request path: '/swagger-ui.css'. Physical path: 'N/A'
2025-11-02 01:55:08.466 +01:00 [INF] Sending file. Request path: '/swagger-ui-standalone-preset.js'. Physical path: 'N/A'
2025-11-02 01:55:08.468 +01:00 [INF] Request finished HTTP/1.1 GET http://localhost:5169/swagger/swagger-ui-standalone-preset.js - 200 230280 text/javascript 34.0046ms
2025-11-02 01:55:08.468 +01:00 [INF] Request finished HTTP/1.1 GET http://localhost:5169/swagger/swagger-ui.css - 200 152034 text/css 37.2923ms
2025-11-02 01:55:08.488 +01:00 [INF] Sending file. Request path: '/swagger-ui-bundle.js'. Physical path: 'N/A'
2025-11-02 01:55:08.489 +01:00 [INF] Request finished HTTP/1.1 GET http://localhost:5169/swagger/swagger-ui-bundle.js - 200 1456926 text/javascript 56.7856ms
2025-11-02 01:55:08.586 +01:00 [INF] Request starting HTTP/1.1 GET http://localhost:5169/swagger/v1/swagger.json - null null
2025-11-02 01:55:08.600 +01:00 [INF] Request starting HTTP/1.1 GET http://localhost:5169/swagger/favicon-32x32.png - null null
2025-11-02 01:55:08.601 +01:00 [INF] Sending file. Request path: '/favicon-32x32.png'. Physical path: 'N/A'
2025-11-02 01:55:08.602 +01:00 [INF] Request finished HTTP/1.1 GET http://localhost:5169/swagger/favicon-32x32.png - 200 628 image/png 1.3789ms
2025-11-02 01:55:08.633 +01:00 [INF] Request finished HTTP/1.1 GET http://localhost:5169/swagger/v1/swagger.json - 200 null application/json;charset=utf-8 47.1316ms
2025-11-02 01:55:21.674 +01:00 [INF] Request starting HTTP/1.1 GET http://localhost:5169/api/AvailableDay - null null
2025-11-02 01:55:21.688 +01:00 [INF] Request finished HTTP/1.1 GET http://localhost:5169/api/AvailableDay - 404 0 null 13.6447ms
2025-11-02 01:55:21.691 +01:00 [INF] Request reached the end of the middleware pipeline without being handled by application code. Request path: GET http://localhost:5169/api/AvailableDay, Response status code: 404
2025-11-02 01:55:37.559 +01:00 [INF] Request starting HTTP/1.1 GET http://localhost:5169/ - null null
2025-11-02 01:55:37.559 +01:00 [INF] Request finished HTTP/1.1 GET http://localhost:5169/ - 404 0 null 0.7283ms
2025-11-02 01:55:37.560 +01:00 [INF] Request reached the end of the middleware pipeline without being handled by application code. Request path: GET http://localhost:5169/, Response status code: 404
2025-11-02 01:59:38.065 +01:00 [INF] Request starting HTTP/1.1 GET http://localhost:5169/api/Appointment - null null
2025-11-02 01:59:38.066 +01:00 [INF] Request finished HTTP/1.1 GET http://localhost:5169/api/Appointment - 404 0 null 1.009ms
2025-11-02 01:59:38.067 +01:00 [INF] Request reached the end of the middleware pipeline without being handled by application code. Request path: GET http://localhost:5169/api/Appointment, Response status code: 404
2025-11-02 02:06:11.094 +01:00 [INF] Application is shutting down...
