2025-11-30 15:25:34.983 +01:00 [INF] User profile is available. Using 'C:\Users\Bruker\AppData\Local\ASP.NET\DataProtection-Keys' as key repository and Windows DPAPI to encrypt keys at rest.
2025-11-30 15:25:35.031 +01:00 [INF] Now listening on: http://localhost:5169
2025-11-30 15:25:35.034 +01:00 [INF] Application started. Press Ctrl+C to shut down.
2025-11-30 15:25:35.035 +01:00 [INF] Hosting environment: Development
2025-11-30 15:25:35.035 +01:00 [INF] Content root path: C:\Skrivebord\Exam\Homecare\api
2025-11-30 15:25:44.328 +01:00 [INF] Request starting HTTP/1.1 GET http://localhost:5169/api/AvailableDay - null null
2025-11-30 15:25:44.409 +01:00 [INF] CORS policy execution failed.
2025-11-30 15:25:44.409 +01:00 [INF] Request origin http://localhost:5173 does not have permission to access the resource.
2025-11-30 15:25:44.454 +01:00 [INF] Request finished HTTP/1.1 GET http://localhost:5169/api/AvailableDay - 404 0 null 129.8726ms
2025-11-30 15:25:44.461 +01:00 [INF] Request reached the end of the middleware pipeline without being handled by application code. Request path: GET http://localhost:5169/api/AvailableDay, Response status code: 404
2025-11-30 15:25:44.463 +01:00 [INF] Request starting HTTP/1.1 GET http://localhost:5169/api/AvailableDay - null null
2025-11-30 15:25:44.467 +01:00 [INF] CORS policy execution failed.
2025-11-30 15:25:44.467 +01:00 [INF] Request origin http://localhost:5173 does not have permission to access the resource.
2025-11-30 15:25:44.469 +01:00 [INF] Request finished HTTP/1.1 GET http://localhost:5169/api/AvailableDay - 404 0 null 6.1249ms
2025-11-30 15:25:44.469 +01:00 [INF] Request reached the end of the middleware pipeline without being handled by application code. Request path: GET http://localhost:5169/api/AvailableDay, Response status code: 404
2025-11-30 15:25:47.491 +01:00 [INF] Request starting HTTP/1.1 GET http://localhost:5169/api/Appointment/appointmentlist - null null
2025-11-30 15:25:47.496 +01:00 [INF] CORS policy execution failed.
2025-11-30 15:25:47.497 +01:00 [INF] Request origin http://localhost:5173 does not have permission to access the resource.
2025-11-30 15:25:47.504 +01:00 [INF] Executing endpoint 'Homecare.Controllers.AppointmentController.AppointmentList (api)'
2025-11-30 15:25:47.538 +01:00 [INF] Route matched with {action = "AppointmentList", controller = "Appointment"}. Executing controller action with signature System.Threading.Tasks.Task`1[Microsoft.AspNetCore.Mvc.IActionResult] AppointmentList() on controller Homecare.Controllers.AppointmentController (api).
2025-11-30 15:25:48.052 +01:00 [INF] Executing OkObjectResult, writing value of type 'System.Linq.Enumerable+SelectListIterator`2[[Homecare.Models.Appointment, api, Version=1.0.0.0, Culture=neutral, PublicKeyToken=null],[Homecare.DTOs.AppointmentDto, api, Version=1.0.0.0, Culture=neutral, PublicKeyToken=null]]'.
2025-11-30 15:25:48.177 +01:00 [INF] Executed action Homecare.Controllers.AppointmentController.AppointmentList (api) in 631.8295ms
2025-11-30 15:25:48.177 +01:00 [INF] Executed endpoint 'Homecare.Controllers.AppointmentController.AppointmentList (api)'
2025-11-30 15:25:48.183 +01:00 [INF] Request finished HTTP/1.1 GET http://localhost:5169/api/Appointment/appointmentlist - 200 778 application/json; charset=utf-8 692.5785ms
2025-11-30 15:25:48.184 +01:00 [INF] Request starting HTTP/1.1 GET http://localhost:5169/api/Appointment/appointmentlist - null null
2025-11-30 15:25:48.187 +01:00 [INF] CORS policy execution failed.
2025-11-30 15:25:48.187 +01:00 [INF] Request origin http://localhost:5173 does not have permission to access the resource.
2025-11-30 15:25:48.188 +01:00 [INF] Executing endpoint 'Homecare.Controllers.AppointmentController.AppointmentList (api)'
2025-11-30 15:25:48.188 +01:00 [INF] Route matched with {action = "AppointmentList", controller = "Appointment"}. Executing controller action with signature System.Threading.Tasks.Task`1[Microsoft.AspNetCore.Mvc.IActionResult] AppointmentList() on controller Homecare.Controllers.AppointmentController (api).
2025-11-30 15:25:48.282 +01:00 [INF] Executing OkObjectResult, writing value of type 'System.Linq.Enumerable+SelectListIterator`2[[Homecare.Models.Appointment, api, Version=1.0.0.0, Culture=neutral, PublicKeyToken=null],[Homecare.DTOs.AppointmentDto, api, Version=1.0.0.0, Culture=neutral, PublicKeyToken=null]]'.
2025-11-30 15:25:48.284 +01:00 [INF] Executed action Homecare.Controllers.AppointmentController.AppointmentList (api) in 95.3668ms
2025-11-30 15:25:48.284 +01:00 [INF] Executed endpoint 'Homecare.Controllers.AppointmentController.AppointmentList (api)'
2025-11-30 15:25:48.284 +01:00 [INF] Request finished HTTP/1.1 GET http://localhost:5169/api/Appointment/appointmentlist - 200 778 application/json; charset=utf-8 100.5974ms
2025-11-30 15:25:49.538 +01:00 [INF] Request starting HTTP/1.1 GET http://localhost:5169/api/AvailableDay - null null
2025-11-30 15:25:49.539 +01:00 [INF] CORS policy execution failed.
2025-11-30 15:25:49.539 +01:00 [INF] Request origin http://localhost:5173 does not have permission to access the resource.
2025-11-30 15:25:49.540 +01:00 [INF] Request finished HTTP/1.1 GET http://localhost:5169/api/AvailableDay - 404 0 null 1.0175ms
2025-11-30 15:25:49.540 +01:00 [INF] Request reached the end of the middleware pipeline without being handled by application code. Request path: GET http://localhost:5169/api/AvailableDay, Response status code: 404
2025-11-30 15:25:49.542 +01:00 [INF] Request starting HTTP/1.1 GET http://localhost:5169/api/AvailableDay - null null
2025-11-30 15:25:49.542 +01:00 [INF] CORS policy execution failed.
2025-11-30 15:25:49.542 +01:00 [INF] Request origin http://localhost:5173 does not have permission to access the resource.
2025-11-30 15:25:49.543 +01:00 [INF] Request finished HTTP/1.1 GET http://localhost:5169/api/AvailableDay - 404 0 null 0.8443ms
2025-11-30 15:25:49.543 +01:00 [INF] Request reached the end of the middleware pipeline without being handled by application code. Request path: GET http://localhost:5169/api/AvailableDay, Response status code: 404
2025-11-30 15:25:50.742 +01:00 [INF] Request starting HTTP/1.1 GET http://localhost:5169/api/AvailableDay - null null
2025-11-30 15:25:50.743 +01:00 [INF] CORS policy execution failed.
2025-11-30 15:25:50.743 +01:00 [INF] Request origin http://localhost:5173 does not have permission to access the resource.
2025-11-30 15:25:50.743 +01:00 [INF] Request finished HTTP/1.1 GET http://localhost:5169/api/AvailableDay - 404 0 null 0.5661ms
2025-11-30 15:25:50.743 +01:00 [INF] Request reached the end of the middleware pipeline without being handled by application code. Request path: GET http://localhost:5169/api/AvailableDay, Response status code: 404
2025-11-30 15:25:50.744 +01:00 [INF] Request starting HTTP/1.1 GET http://localhost:5169/api/AvailableDay - null null
2025-11-30 15:25:50.744 +01:00 [INF] CORS policy execution failed.
2025-11-30 15:25:50.744 +01:00 [INF] Request origin http://localhost:5173 does not have permission to access the resource.
2025-11-30 15:25:50.745 +01:00 [INF] Request finished HTTP/1.1 GET http://localhost:5169/api/AvailableDay - 404 0 null 0.3206ms
2025-11-30 15:25:50.745 +01:00 [INF] Request reached the end of the middleware pipeline without being handled by application code. Request path: GET http://localhost:5169/api/AvailableDay, Response status code: 404
2025-11-30 15:25:51.144 +01:00 [INF] Request starting HTTP/1.1 GET http://localhost:5169/api/Appointment/appointmentlist - null null
2025-11-30 15:25:51.144 +01:00 [INF] CORS policy execution failed.
2025-11-30 15:25:51.144 +01:00 [INF] Request origin http://localhost:5173 does not have permission to access the resource.
2025-11-30 15:25:51.144 +01:00 [INF] Executing endpoint 'Homecare.Controllers.AppointmentController.AppointmentList (api)'
2025-11-30 15:25:51.144 +01:00 [INF] Route matched with {action = "AppointmentList", controller = "Appointment"}. Executing controller action with signature System.Threading.Tasks.Task`1[Microsoft.AspNetCore.Mvc.IActionResult] AppointmentList() on controller Homecare.Controllers.AppointmentController (api).
2025-11-30 15:25:51.154 +01:00 [INF] Executing OkObjectResult, writing value of type 'System.Linq.Enumerable+SelectListIterator`2[[Homecare.Models.Appointment, api, Version=1.0.0.0, Culture=neutral, PublicKeyToken=null],[Homecare.DTOs.AppointmentDto, api, Version=1.0.0.0, Culture=neutral, PublicKeyToken=null]]'.
2025-11-30 15:25:51.154 +01:00 [INF] Executed action Homecare.Controllers.AppointmentController.AppointmentList (api) in 9.4033ms
2025-11-30 15:25:51.154 +01:00 [INF] Executed endpoint 'Homecare.Controllers.AppointmentController.AppointmentList (api)'
2025-11-30 15:25:51.154 +01:00 [INF] Request finished HTTP/1.1 GET http://localhost:5169/api/Appointment/appointmentlist - 200 778 application/json; charset=utf-8 10.6476ms
2025-11-30 15:25:51.156 +01:00 [INF] Request starting HTTP/1.1 GET http://localhost:5169/api/Appointment/appointmentlist - null null
2025-11-30 15:25:51.156 +01:00 [INF] CORS policy execution failed.
2025-11-30 15:25:51.156 +01:00 [INF] Request origin http://localhost:5173 does not have permission to access the resource.
2025-11-30 15:25:51.156 +01:00 [INF] Executing endpoint 'Homecare.Controllers.AppointmentController.AppointmentList (api)'
2025-11-30 15:25:51.156 +01:00 [INF] Route matched with {action = "AppointmentList", controller = "Appointment"}. Executing controller action with signature System.Threading.Tasks.Task`1[Microsoft.AspNetCore.Mvc.IActionResult] AppointmentList() on controller Homecare.Controllers.AppointmentController (api).
2025-11-30 15:25:51.159 +01:00 [INF] Executing OkObjectResult, writing value of type 'System.Linq.Enumerable+SelectListIterator`2[[Homecare.Models.Appointment, api, Version=1.0.0.0, Culture=neutral, PublicKeyToken=null],[Homecare.DTOs.AppointmentDto, api, Version=1.0.0.0, Culture=neutral, PublicKeyToken=null]]'.
2025-11-30 15:25:51.159 +01:00 [INF] Executed action Homecare.Controllers.AppointmentController.AppointmentList (api) in 2.735ms
2025-11-30 15:25:51.159 +01:00 [INF] Executed endpoint 'Homecare.Controllers.AppointmentController.AppointmentList (api)'
2025-11-30 15:25:51.160 +01:00 [INF] Request finished HTTP/1.1 GET http://localhost:5169/api/Appointment/appointmentlist - 200 778 application/json; charset=utf-8 3.6805ms
2025-11-30 15:25:52.810 +01:00 [INF] Request starting HTTP/1.1 GET http://localhost:5169/api/AvailableDay - null null
2025-11-30 15:25:52.811 +01:00 [INF] CORS policy execution failed.
2025-11-30 15:25:52.811 +01:00 [INF] Request origin http://localhost:5173 does not have permission to access the resource.
2025-11-30 15:25:52.811 +01:00 [INF] Request finished HTTP/1.1 GET http://localhost:5169/api/AvailableDay - 404 0 null 0.7099ms
2025-11-30 15:25:52.811 +01:00 [INF] Request reached the end of the middleware pipeline without being handled by application code. Request path: GET http://localhost:5169/api/AvailableDay, Response status code: 404
2025-11-30 15:25:52.813 +01:00 [INF] Request starting HTTP/1.1 GET http://localhost:5169/api/AvailableDay - null null
2025-11-30 15:25:52.814 +01:00 [INF] CORS policy execution failed.
2025-11-30 15:25:52.814 +01:00 [INF] Request origin http://localhost:5173 does not have permission to access the resource.
2025-11-30 15:25:52.814 +01:00 [INF] Request finished HTTP/1.1 GET http://localhost:5169/api/AvailableDay - 404 0 null 0.5085ms
2025-11-30 15:25:52.814 +01:00 [INF] Request reached the end of the middleware pipeline without being handled by application code. Request path: GET http://localhost:5169/api/AvailableDay, Response status code: 404
2025-11-30 15:25:54.642 +01:00 [INF] Request starting HTTP/1.1 GET http://localhost:5169/api/AvailableDay - null null
2025-11-30 15:25:54.642 +01:00 [INF] CORS policy execution failed.
2025-11-30 15:25:54.642 +01:00 [INF] Request origin http://localhost:5173 does not have permission to access the resource.
2025-11-30 15:25:54.642 +01:00 [INF] Request finished HTTP/1.1 GET http://localhost:5169/api/AvailableDay - 404 0 null 0.8437ms
2025-11-30 15:25:54.642 +01:00 [INF] Request reached the end of the middleware pipeline without being handled by application code. Request path: GET http://localhost:5169/api/AvailableDay, Response status code: 404
2025-11-30 15:25:54.644 +01:00 [INF] Request starting HTTP/1.1 GET http://localhost:5169/api/AvailableDay - null null
2025-11-30 15:25:54.644 +01:00 [INF] CORS policy execution failed.
2025-11-30 15:25:54.644 +01:00 [INF] Request origin http://localhost:5173 does not have permission to access the resource.
2025-11-30 15:25:54.645 +01:00 [INF] Request finished HTTP/1.1 GET http://localhost:5169/api/AvailableDay - 404 0 null 0.4553ms
2025-11-30 15:25:54.645 +01:00 [INF] Request reached the end of the middleware pipeline without being handled by application code. Request path: GET http://localhost:5169/api/AvailableDay, Response status code: 404
2025-11-30 15:26:30.773 +01:00 [INF] Application is shutting down...
