2025-11-22 23:33:38.942 +01:00 [INF] User profile is available. Using 'C:\Users\Bruker\AppData\Local\ASP.NET\DataProtection-Keys' as key repository and Windows DPAPI to encrypt keys at rest.
2025-11-22 23:33:39.068 +01:00 [INF] Now listening on: http://localhost:5169
2025-11-22 23:33:39.073 +01:00 [INF] Application started. Press Ctrl+C to shut down.
2025-11-22 23:33:39.074 +01:00 [INF] Hosting environment: Development
2025-11-22 23:33:39.074 +01:00 [INF] Content root path: C:\Skrivebord\Exam\Homecare\api
2025-11-22 23:33:44.201 +01:00 [INF] Request starting HTTP/1.1 GET http://localhost:5169/ - null null
2025-11-22 23:33:44.344 +01:00 [INF] Request finished HTTP/1.1 GET http://localhost:5169/ - 404 0 null 145.9182ms
2025-11-22 23:33:44.351 +01:00 [INF] Request reached the end of the middleware pipeline without being handled by application code. Request path: GET http://localhost:5169/, Response status code: 404
2025-11-22 23:34:06.864 +01:00 [INF] Request starting HTTP/1.1 GET http://localhost:5169/swagger/index.html - null null
2025-11-22 23:34:06.962 +01:00 [INF] Request finished HTTP/1.1 GET http://localhost:5169/swagger/index.html - 200 null text/html;charset=utf-8 98.2901ms
2025-11-22 23:34:07.087 +01:00 [INF] Request starting HTTP/1.1 GET http://localhost:5169/swagger/v1/swagger.json - null null
2025-11-22 23:34:07.321 +01:00 [INF] Request finished HTTP/1.1 GET http://localhost:5169/swagger/v1/swagger.json - 200 null application/json;charset=utf-8 233.645ms
2025-11-22 23:42:04.516 +01:00 [INF] Request starting HTTP/1.1 POST http://localhost:5169/api/Appointment/createAppointment - application/json-patch+json 297
2025-11-22 23:42:04.529 +01:00 [INF] CORS policy execution failed.
2025-11-22 23:42:04.530 +01:00 [INF] Request origin http://localhost:5169 does not have permission to access the resource.
2025-11-22 23:42:04.545 +01:00 [INF] Authorization failed. These requirements were not met:
DenyAnonymousAuthorizationRequirement: Requires an authenticated user.
2025-11-22 23:42:04.554 +01:00 [INF] AuthenticationScheme: Bearer was challenged.
2025-11-22 23:42:04.555 +01:00 [INF] Request finished HTTP/1.1 POST http://localhost:5169/api/Appointment/createAppointment - 401 0 null 38.8297ms
2025-11-22 23:42:26.230 +01:00 [INF] Request starting HTTP/1.1 DELETE http://localhost:5169/api/Appointment/delete/1 - null null
2025-11-22 23:42:26.233 +01:00 [INF] CORS policy execution failed.
2025-11-22 23:42:26.233 +01:00 [INF] Request origin http://localhost:5169 does not have permission to access the resource.
2025-11-22 23:42:26.236 +01:00 [INF] Authorization failed. These requirements were not met:
DenyAnonymousAuthorizationRequirement: Requires an authenticated user.
2025-11-22 23:42:26.237 +01:00 [INF] AuthenticationScheme: Bearer was challenged.
2025-11-22 23:42:26.237 +01:00 [INF] Request finished HTTP/1.1 DELETE http://localhost:5169/api/Appointment/delete/1 - 401 0 null 7.1189ms
2025-11-22 23:42:27.576 +01:00 [INF] Request starting HTTP/1.1 DELETE http://localhost:5169/api/Appointment/delete/1 - null null
2025-11-22 23:42:27.576 +01:00 [INF] CORS policy execution failed.
2025-11-22 23:42:27.576 +01:00 [INF] Request origin http://localhost:5169 does not have permission to access the resource.
2025-11-22 23:42:27.578 +01:00 [INF] Authorization failed. These requirements were not met:
DenyAnonymousAuthorizationRequirement: Requires an authenticated user.
2025-11-22 23:42:27.579 +01:00 [INF] AuthenticationScheme: Bearer was challenged.
2025-11-22 23:42:27.579 +01:00 [INF] Request finished HTTP/1.1 DELETE http://localhost:5169/api/Appointment/delete/1 - 401 0 null 3.2773ms
2025-11-22 23:43:03.361 +01:00 [INF] Request starting HTTP/1.1 POST http://localhost:5169/api/Auth/register - application/json-patch+json 83
2025-11-22 23:43:03.362 +01:00 [INF] CORS policy execution failed.
2025-11-22 23:43:03.362 +01:00 [INF] Request origin http://localhost:5169 does not have permission to access the resource.
2025-11-22 23:43:03.365 +01:00 [INF] Executing endpoint 'HomecareApp.Controllers.AuthController.Register (api)'
2025-11-22 23:43:03.427 +01:00 [INF] Route matched with {action = "Register", controller = "Auth"}. Executing controller action with signature System.Threading.Tasks.Task`1[Microsoft.AspNetCore.Mvc.IActionResult] Register(Homecare.DTOs.RegisterDto) on controller HomecareApp.Controllers.AuthController (api).
2025-11-22 23:43:04.397 +01:00 [INF] User created a new account with password.
2025-11-22 23:43:04.406 +01:00 [INF] Executing OkObjectResult, writing value of type '<>f__AnonymousType1`1[[System.String, System.Private.CoreLib, Version=8.0.0.0, Culture=neutral, PublicKeyToken=7cec85d7bea7798e]]'.
2025-11-22 23:43:04.460 +01:00 [INF] Executed action HomecareApp.Controllers.AuthController.Register (api) in 1024.5498ms
2025-11-22 23:43:04.460 +01:00 [INF] Executed endpoint 'HomecareApp.Controllers.AuthController.Register (api)'
2025-11-22 23:43:04.468 +01:00 [INF] Request finished HTTP/1.1 POST http://localhost:5169/api/Auth/register - 200 42 application/json; charset=utf-8 1107.0498ms
2025-11-22 23:43:55.800 +01:00 [INF] Request starting HTTP/1.1 POST http://localhost:5169/api/Auth/login - application/json-patch+json 52
2025-11-22 23:43:55.803 +01:00 [INF] CORS policy execution failed.
2025-11-22 23:43:55.803 +01:00 [INF] Request origin http://localhost:5169 does not have permission to access the resource.
2025-11-22 23:43:55.803 +01:00 [INF] Executing endpoint 'HomecareApp.Controllers.AuthController.Login (api)'
2025-11-22 23:43:55.816 +01:00 [INF] Route matched with {action = "Login", controller = "Auth"}. Executing controller action with signature System.Threading.Tasks.Task`1[Microsoft.AspNetCore.Mvc.IActionResult] Login(Homecare.DTOs.LoginDto) on controller HomecareApp.Controllers.AuthController (api).
2025-11-22 23:43:56.079 +01:00 [INF] [AuthAPIController] user authorised for admin
2025-11-22 23:43:56.090 +01:00 [INF] [AuthAPIController] JWT token created for admin
2025-11-22 23:43:56.160 +01:00 [INF] Executing OkObjectResult, writing value of type '<>f__AnonymousType2`1[[System.String, System.Private.CoreLib, Version=8.0.0.0, Culture=neutral, PublicKeyToken=7cec85d7bea7798e]]'.
2025-11-22 23:43:56.162 +01:00 [INF] Executed action HomecareApp.Controllers.AuthController.Login (api) in 346.3901ms
2025-11-22 23:43:56.163 +01:00 [INF] Executed endpoint 'HomecareApp.Controllers.AuthController.Login (api)'
2025-11-22 23:43:56.163 +01:00 [INF] Request finished HTTP/1.1 POST http://localhost:5169/api/Auth/login - 200 484 application/json; charset=utf-8 363.0362ms
2025-11-22 23:43:57.699 +01:00 [INF] Request starting HTTP/1.1 POST http://localhost:5169/api/Auth/login - application/json-patch+json 52
2025-11-22 23:43:57.699 +01:00 [INF] CORS policy execution failed.
2025-11-22 23:43:57.699 +01:00 [INF] Request origin http://localhost:5169 does not have permission to access the resource.
2025-11-22 23:43:57.699 +01:00 [INF] Executing endpoint 'HomecareApp.Controllers.AuthController.Login (api)'
2025-11-22 23:43:57.700 +01:00 [INF] Route matched with {action = "Login", controller = "Auth"}. Executing controller action with signature System.Threading.Tasks.Task`1[Microsoft.AspNetCore.Mvc.IActionResult] Login(Homecare.DTOs.LoginDto) on controller HomecareApp.Controllers.AuthController (api).
2025-11-22 23:43:57.879 +01:00 [INF] [AuthAPIController] user authorised for admin
2025-11-22 23:43:57.880 +01:00 [INF] [AuthAPIController] JWT token created for admin
2025-11-22 23:43:57.881 +01:00 [INF] Executing OkObjectResult, writing value of type '<>f__AnonymousType2`1[[System.String, System.Private.CoreLib, Version=8.0.0.0, Culture=neutral, PublicKeyToken=7cec85d7bea7798e]]'.
2025-11-22 23:43:57.881 +01:00 [INF] Executed action HomecareApp.Controllers.AuthController.Login (api) in 180.9497ms
2025-11-22 23:43:57.881 +01:00 [INF] Executed endpoint 'HomecareApp.Controllers.AuthController.Login (api)'
2025-11-22 23:43:57.882 +01:00 [INF] Request finished HTTP/1.1 POST http://localhost:5169/api/Auth/login - 200 484 application/json; charset=utf-8 183.1256ms
2025-11-22 23:46:41.654 +01:00 [INF] Request starting HTTP/1.1 DELETE http://localhost:5169/api/Appointment/delete/1 - null null
2025-11-22 23:46:41.654 +01:00 [INF] CORS policy execution failed.
2025-11-22 23:46:41.654 +01:00 [INF] Request origin http://localhost:5169 does not have permission to access the resource.
2025-11-22 23:46:41.736 +01:00 [INF] Executing endpoint 'Homecare.Controllers.AppointmentController.DeleteConfirmed (api)'
2025-11-22 23:46:41.746 +01:00 [INF] Route matched with {action = "DeleteConfirmed", controller = "Appointment"}. Executing controller action with signature System.Threading.Tasks.Task`1[Microsoft.AspNetCore.Mvc.IActionResult] DeleteConfirmed(Int32) on controller Homecare.Controllers.AppointmentController (api).
2025-11-22 23:46:41.985 +01:00 [INF] Executing StatusCodeResult, setting HTTP status code 204
2025-11-22 23:46:41.985 +01:00 [INF] Executed action Homecare.Controllers.AppointmentController.DeleteConfirmed (api) in 239.2431ms
2025-11-22 23:46:41.985 +01:00 [INF] Executed endpoint 'Homecare.Controllers.AppointmentController.DeleteConfirmed (api)'
2025-11-22 23:46:41.986 +01:00 [INF] Request finished HTTP/1.1 DELETE http://localhost:5169/api/Appointment/delete/1 - 204 null null 332.191ms
2025-11-22 23:47:03.499 +01:00 [INF] Request starting HTTP/1.1 GET http://localhost:5169/api/Appointment/appointmentlist - null null
2025-11-22 23:47:03.501 +01:00 [INF] Executing endpoint 'Homecare.Controllers.AppointmentController.AppointmentList (api)'
2025-11-22 23:47:03.508 +01:00 [INF] Route matched with {action = "AppointmentList", controller = "Appointment"}. Executing controller action with signature System.Threading.Tasks.Task`1[Microsoft.AspNetCore.Mvc.IActionResult] AppointmentList() on controller Homecare.Controllers.AppointmentController (api).
2025-11-22 23:47:03.601 +01:00 [INF] Executing OkObjectResult, writing value of type 'System.Linq.Enumerable+SelectListIterator`2[[Homecare.Models.Appointment, api, Version=1.0.0.0, Culture=neutral, PublicKeyToken=null],[Homecare.DTOs.AppointmentDto, api, Version=1.0.0.0, Culture=neutral, PublicKeyToken=null]]'.
2025-11-22 23:47:03.624 +01:00 [INF] Executed action Homecare.Controllers.AppointmentController.AppointmentList (api) in 116.2108ms
2025-11-22 23:47:03.624 +01:00 [INF] Executed endpoint 'Homecare.Controllers.AppointmentController.AppointmentList (api)'
2025-11-22 23:47:03.624 +01:00 [INF] Request finished HTTP/1.1 GET http://localhost:5169/api/Appointment/appointmentlist - 200 268 application/json; charset=utf-8 124.9651ms
2025-11-22 23:53:03.505 +01:00 [INF] Request starting HTTP/1.1 GET http://localhost:5169/api/AvailableDay/availabledays - null null
2025-11-22 23:53:03.506 +01:00 [INF] Executing endpoint 'Homecare.Controllers.AvailableDayController.GetAvailableDays (api)'
2025-11-22 23:53:03.512 +01:00 [INF] Route matched with {action = "GetAvailableDays", controller = "AvailableDay"}. Executing controller action with signature System.Threading.Tasks.Task`1[Microsoft.AspNetCore.Mvc.IActionResult] GetAvailableDays() on controller Homecare.Controllers.AvailableDayController (api).
2025-11-22 23:53:03.549 +01:00 [INF] Executing OkObjectResult, writing value of type 'System.Linq.Enumerable+SelectListIterator`2[[Homecare.Models.AvailableDay, api, Version=1.0.0.0, Culture=neutral, PublicKeyToken=null],[Homecare.DTOs.AvailableDayDto, api, Version=1.0.0.0, Culture=neutral, PublicKeyToken=null]]'.
2025-11-22 23:53:03.557 +01:00 [INF] Executed action Homecare.Controllers.AvailableDayController.GetAvailableDays (api) in 44.0766ms
2025-11-22 23:53:03.557 +01:00 [INF] Executed endpoint 'Homecare.Controllers.AvailableDayController.GetAvailableDays (api)'
2025-11-22 23:53:03.557 +01:00 [INF] Request finished HTTP/1.1 GET http://localhost:5169/api/AvailableDay/availabledays - 200 366 application/json; charset=utf-8 51.7892ms
2025-11-22 23:55:43.295 +01:00 [INF] Request starting HTTP/1.1 POST http://localhost:5169/api/Appointment/createAppointment - application/json-patch+json 317
2025-11-22 23:55:43.295 +01:00 [INF] CORS policy execution failed.
2025-11-22 23:55:43.295 +01:00 [INF] Request origin http://localhost:5169 does not have permission to access the resource.
2025-11-22 23:55:43.296 +01:00 [INF] Executing endpoint 'Homecare.Controllers.AppointmentController.Create (api)'
2025-11-22 23:55:43.302 +01:00 [INF] Route matched with {action = "Create", controller = "Appointment"}. Executing controller action with signature System.Threading.Tasks.Task`1[Microsoft.AspNetCore.Mvc.IActionResult] Create(Homecare.DTOs.AppointmentDto) on controller Homecare.Controllers.AppointmentController (api).
2025-11-22 23:55:43.337 +01:00 [INF] Executing CreatedAtActionResult, writing value of type 'Homecare.Models.Appointment'.
2025-11-22 23:55:43.389 +01:00 [INF] Executed action Homecare.Controllers.AppointmentController.Create (api) in 87.3133ms
2025-11-22 23:55:43.389 +01:00 [INF] Executed endpoint 'Homecare.Controllers.AppointmentController.Create (api)'
2025-11-22 23:55:43.390 +01:00 [INF] Request finished HTTP/1.1 POST http://localhost:5169/api/Appointment/createAppointment - 201 295 application/json; charset=utf-8 95.1064ms
2025-11-22 23:56:11.016 +01:00 [INF] Request starting HTTP/1.1 POST http://localhost:5169/api/Appointment/createAppointment - application/json-patch+json 317
2025-11-22 23:56:11.016 +01:00 [INF] CORS policy execution failed.
2025-11-22 23:56:11.016 +01:00 [INF] Request origin http://localhost:5169 does not have permission to access the resource.
2025-11-22 23:56:11.017 +01:00 [INF] Executing endpoint 'Homecare.Controllers.AppointmentController.Create (api)'
2025-11-22 23:56:11.017 +01:00 [INF] Route matched with {action = "Create", controller = "Appointment"}. Executing controller action with signature System.Threading.Tasks.Task`1[Microsoft.AspNetCore.Mvc.IActionResult] Create(Homecare.DTOs.AppointmentDto) on controller Homecare.Controllers.AppointmentController (api).
2025-11-22 23:56:11.026 +01:00 [INF] Executing CreatedAtActionResult, writing value of type 'Homecare.Models.Appointment'.
2025-11-22 23:56:11.027 +01:00 [INF] Executed action Homecare.Controllers.AppointmentController.Create (api) in 9.5524ms
2025-11-22 23:56:11.027 +01:00 [INF] Executed endpoint 'Homecare.Controllers.AppointmentController.Create (api)'
2025-11-22 23:56:11.027 +01:00 [INF] Request finished HTTP/1.1 POST http://localhost:5169/api/Appointment/createAppointment - 201 295 application/json; charset=utf-8 10.9239ms
2025-11-22 23:56:18.192 +01:00 [INF] Request starting HTTP/1.1 GET http://localhost:5169/api/Appointment/appointmentlist - null null
2025-11-22 23:56:18.193 +01:00 [INF] Executing endpoint 'Homecare.Controllers.AppointmentController.AppointmentList (api)'
2025-11-22 23:56:18.193 +01:00 [INF] Route matched with {action = "AppointmentList", controller = "Appointment"}. Executing controller action with signature System.Threading.Tasks.Task`1[Microsoft.AspNetCore.Mvc.IActionResult] AppointmentList() on controller Homecare.Controllers.AppointmentController (api).
2025-11-22 23:56:18.196 +01:00 [INF] Executing OkObjectResult, writing value of type 'System.Linq.Enumerable+SelectListIterator`2[[Homecare.Models.Appointment, api, Version=1.0.0.0, Culture=neutral, PublicKeyToken=null],[Homecare.DTOs.AppointmentDto, api, Version=1.0.0.0, Culture=neutral, PublicKeyToken=null]]'.
2025-11-22 23:56:18.197 +01:00 [INF] Executed action Homecare.Controllers.AppointmentController.AppointmentList (api) in 3.6202ms
2025-11-22 23:56:18.197 +01:00 [INF] Executed endpoint 'Homecare.Controllers.AppointmentController.AppointmentList (api)'
2025-11-22 23:56:18.197 +01:00 [INF] Request finished HTTP/1.1 GET http://localhost:5169/api/Appointment/appointmentlist - 200 820 application/json; charset=utf-8 4.9864ms
2025-11-23 00:02:03.031 +01:00 [INF] Request starting HTTP/1.1 GET http://localhost:5169/api/AvailableDay/availabledays - null null
2025-11-23 00:02:03.032 +01:00 [INF] Executing endpoint 'Homecare.Controllers.AvailableDayController.GetAvailableDays (api)'
2025-11-23 00:02:03.032 +01:00 [INF] Route matched with {action = "GetAvailableDays", controller = "AvailableDay"}. Executing controller action with signature System.Threading.Tasks.Task`1[Microsoft.AspNetCore.Mvc.IActionResult] GetAvailableDays() on controller Homecare.Controllers.AvailableDayController (api).
2025-11-23 00:02:03.035 +01:00 [INF] Executing OkObjectResult, writing value of type 'System.Linq.Enumerable+SelectListIterator`2[[Homecare.Models.AvailableDay, api, Version=1.0.0.0, Culture=neutral, PublicKeyToken=null],[Homecare.DTOs.AvailableDayDto, api, Version=1.0.0.0, Culture=neutral, PublicKeyToken=null]]'.
2025-11-23 00:02:03.035 +01:00 [INF] Executed action Homecare.Controllers.AvailableDayController.GetAvailableDays (api) in 3.0167ms
2025-11-23 00:02:03.036 +01:00 [INF] Executed endpoint 'Homecare.Controllers.AvailableDayController.GetAvailableDays (api)'
2025-11-23 00:02:03.036 +01:00 [INF] Request finished HTTP/1.1 GET http://localhost:5169/api/AvailableDay/availabledays - 200 366 application/json; charset=utf-8 5.1235ms
2025-11-23 00:02:32.798 +01:00 [INF] Request starting HTTP/1.1 GET http://localhost:5169/api/Appointment/1 - null null
2025-11-23 00:02:32.802 +01:00 [INF] Executing endpoint 'Homecare.Controllers.AppointmentController.GetAppointment (api)'
2025-11-23 00:02:32.809 +01:00 [INF] Route matched with {action = "GetAppointment", controller = "Appointment"}. Executing controller action with signature System.Threading.Tasks.Task`1[Microsoft.AspNetCore.Mvc.IActionResult] GetAppointment(Int32) on controller Homecare.Controllers.AppointmentController (api).
2025-11-23 00:02:32.840 +01:00 [ERR] [AppointmentController] Appointment not found for the AppointmentId 0001
2025-11-23 00:02:32.844 +01:00 [INF] Executing NotFoundObjectResult, writing value of type 'System.String'.
2025-11-23 00:02:32.844 +01:00 [INF] Executed action Homecare.Controllers.AppointmentController.GetAppointment (api) in 34.8454ms
2025-11-23 00:02:32.845 +01:00 [INF] Executed endpoint 'Homecare.Controllers.AppointmentController.GetAppointment (api)'
2025-11-23 00:02:32.845 +01:00 [INF] Request finished HTTP/1.1 GET http://localhost:5169/api/Appointment/1 - 404 null text/plain; charset=utf-8 46.6999ms
2025-11-23 00:02:41.381 +01:00 [INF] Request starting HTTP/1.1 GET http://localhost:5169/api/Appointment/appointmentlist - null null
2025-11-23 00:02:41.382 +01:00 [INF] Executing endpoint 'Homecare.Controllers.AppointmentController.AppointmentList (api)'
2025-11-23 00:02:41.382 +01:00 [INF] Route matched with {action = "AppointmentList", controller = "Appointment"}. Executing controller action with signature System.Threading.Tasks.Task`1[Microsoft.AspNetCore.Mvc.IActionResult] AppointmentList() on controller Homecare.Controllers.AppointmentController (api).
2025-11-23 00:02:41.385 +01:00 [INF] Executing OkObjectResult, writing value of type 'System.Linq.Enumerable+SelectListIterator`2[[Homecare.Models.Appointment, api, Version=1.0.0.0, Culture=neutral, PublicKeyToken=null],[Homecare.DTOs.AppointmentDto, api, Version=1.0.0.0, Culture=neutral, PublicKeyToken=null]]'.
2025-11-23 00:02:41.386 +01:00 [INF] Executed action Homecare.Controllers.AppointmentController.AppointmentList (api) in 3.5627ms
2025-11-23 00:02:41.386 +01:00 [INF] Executed endpoint 'Homecare.Controllers.AppointmentController.AppointmentList (api)'
2025-11-23 00:02:41.386 +01:00 [INF] Request finished HTTP/1.1 GET http://localhost:5169/api/Appointment/appointmentlist - 200 820 application/json; charset=utf-8 4.9762ms
2025-11-23 00:02:49.861 +01:00 [INF] Request starting HTTP/1.1 GET http://localhost:5169/api/Appointment/2 - null null
2025-11-23 00:02:49.861 +01:00 [INF] Executing endpoint 'Homecare.Controllers.AppointmentController.GetAppointment (api)'
2025-11-23 00:02:49.861 +01:00 [INF] Route matched with {action = "GetAppointment", controller = "Appointment"}. Executing controller action with signature System.Threading.Tasks.Task`1[Microsoft.AspNetCore.Mvc.IActionResult] GetAppointment(Int32) on controller Homecare.Controllers.AppointmentController (api).
2025-11-23 00:02:49.865 +01:00 [INF] Executing OkObjectResult, writing value of type 'Castle.Proxies.AppointmentProxy'.
2025-11-23 00:02:49.948 +01:00 [INF] Executed action Homecare.Controllers.AppointmentController.GetAppointment (api) in 86.8475ms
2025-11-23 00:02:49.948 +01:00 [INF] Executed endpoint 'Homecare.Controllers.AppointmentController.GetAppointment (api)'
2025-11-23 00:02:49.948 +01:00 [INF] Request finished HTTP/1.1 GET http://localhost:5169/api/Appointment/2 - 200 486 application/json; charset=utf-8 87.5894ms
2025-11-23 00:03:22.940 +01:00 [INF] Request starting HTTP/1.1 GET http://localhost:5169/api/AvailableDay/availabledays - null null
2025-11-23 00:03:22.941 +01:00 [INF] Executing endpoint 'Homecare.Controllers.AvailableDayController.GetAvailableDays (api)'
2025-11-23 00:03:22.941 +01:00 [INF] Route matched with {action = "GetAvailableDays", controller = "AvailableDay"}. Executing controller action with signature System.Threading.Tasks.Task`1[Microsoft.AspNetCore.Mvc.IActionResult] GetAvailableDays() on controller Homecare.Controllers.AvailableDayController (api).
2025-11-23 00:03:22.944 +01:00 [INF] Executing OkObjectResult, writing value of type 'System.Linq.Enumerable+SelectListIterator`2[[Homecare.Models.AvailableDay, api, Version=1.0.0.0, Culture=neutral, PublicKeyToken=null],[Homecare.DTOs.AvailableDayDto, api, Version=1.0.0.0, Culture=neutral, PublicKeyToken=null]]'.
2025-11-23 00:03:22.945 +01:00 [INF] Executed action Homecare.Controllers.AvailableDayController.GetAvailableDays (api) in 3.7268ms
2025-11-23 00:03:22.945 +01:00 [INF] Executed endpoint 'Homecare.Controllers.AvailableDayController.GetAvailableDays (api)'
2025-11-23 00:03:22.946 +01:00 [INF] Request finished HTTP/1.1 GET http://localhost:5169/api/AvailableDay/availabledays - 200 366 application/json; charset=utf-8 5.9223ms
2025-11-23 00:03:31.978 +01:00 [INF] Request starting HTTP/1.1 DELETE http://localhost:5169/api/AvailableDay/delete/1 - null null
2025-11-23 00:03:31.978 +01:00 [INF] CORS policy execution failed.
2025-11-23 00:03:31.978 +01:00 [INF] Request origin http://localhost:5169 does not have permission to access the resource.
2025-11-23 00:03:31.979 +01:00 [INF] Executing endpoint 'Homecare.Controllers.AvailableDayController.DeleteAvailableDay (api)'
2025-11-23 00:03:31.982 +01:00 [INF] Route matched with {action = "DeleteAvailableDay", controller = "AvailableDay"}. Executing controller action with signature System.Threading.Tasks.Task`1[Microsoft.AspNetCore.Mvc.IActionResult] DeleteAvailableDay(Int32) on controller Homecare.Controllers.AvailableDayController (api).
2025-11-23 00:03:31.998 +01:00 [INF] Executing StatusCodeResult, setting HTTP status code 204
2025-11-23 00:03:31.999 +01:00 [INF] Executed action Homecare.Controllers.AvailableDayController.DeleteAvailableDay (api) in 16.1031ms
2025-11-23 00:03:31.999 +01:00 [INF] Executed endpoint 'Homecare.Controllers.AvailableDayController.DeleteAvailableDay (api)'
2025-11-23 00:03:31.999 +01:00 [INF] Request finished HTTP/1.1 DELETE http://localhost:5169/api/AvailableDay/delete/1 - 204 null null 21.0525ms
2025-11-23 00:03:36.371 +01:00 [INF] Request starting HTTP/1.1 DELETE http://localhost:5169/api/AvailableDay/delete/1 - null null
2025-11-23 00:03:36.371 +01:00 [INF] CORS policy execution failed.
2025-11-23 00:03:36.371 +01:00 [INF] Request origin http://localhost:5169 does not have permission to access the resource.
2025-11-23 00:03:36.371 +01:00 [INF] Executing endpoint 'Homecare.Controllers.AvailableDayController.DeleteAvailableDay (api)'
2025-11-23 00:03:36.372 +01:00 [INF] Route matched with {action = "DeleteAvailableDay", controller = "AvailableDay"}. Executing controller action with signature System.Threading.Tasks.Task`1[Microsoft.AspNetCore.Mvc.IActionResult] DeleteAvailableDay(Int32) on controller Homecare.Controllers.AvailableDayController (api).
2025-11-23 00:03:36.377 +01:00 [ERR] Available day not found for deletion
2025-11-23 00:03:36.378 +01:00 [ERR] Failed to delete available day with ID: 1
2025-11-23 00:03:36.378 +01:00 [INF] Executing BadRequestObjectResult, writing value of type 'System.String'.
2025-11-23 00:03:36.378 +01:00 [INF] Executed action Homecare.Controllers.AvailableDayController.DeleteAvailableDay (api) in 6.6395ms
2025-11-23 00:03:36.378 +01:00 [INF] Executed endpoint 'Homecare.Controllers.AvailableDayController.DeleteAvailableDay (api)'
2025-11-23 00:03:36.378 +01:00 [INF] Request finished HTTP/1.1 DELETE http://localhost:5169/api/AvailableDay/delete/1 - 400 null text/plain; charset=utf-8 7.5503ms
2025-11-23 00:03:43.289 +01:00 [INF] Request starting HTTP/1.1 GET http://localhost:5169/api/AvailableDay/availabledays - null null
2025-11-23 00:03:43.289 +01:00 [INF] Executing endpoint 'Homecare.Controllers.AvailableDayController.GetAvailableDays (api)'
2025-11-23 00:03:43.289 +01:00 [INF] Route matched with {action = "GetAvailableDays", controller = "AvailableDay"}. Executing controller action with signature System.Threading.Tasks.Task`1[Microsoft.AspNetCore.Mvc.IActionResult] GetAvailableDays() on controller Homecare.Controllers.AvailableDayController (api).
2025-11-23 00:03:43.292 +01:00 [INF] Executing OkObjectResult, writing value of type 'System.Linq.Enumerable+SelectListIterator`2[[Homecare.Models.AvailableDay, api, Version=1.0.0.0, Culture=neutral, PublicKeyToken=null],[Homecare.DTOs.AvailableDayDto, api, Version=1.0.0.0, Culture=neutral, PublicKeyToken=null]]'.
2025-11-23 00:03:43.292 +01:00 [INF] Executed action Homecare.Controllers.AvailableDayController.GetAvailableDays (api) in 2.7988ms
2025-11-23 00:03:43.292 +01:00 [INF] Executed endpoint 'Homecare.Controllers.AvailableDayController.GetAvailableDays (api)'
2025-11-23 00:03:43.292 +01:00 [INF] Request finished HTTP/1.1 GET http://localhost:5169/api/AvailableDay/availabledays - 200 188 application/json; charset=utf-8 3.9715ms
2025-11-23 00:03:48.281 +01:00 [INF] Request starting HTTP/1.1 DELETE http://localhost:5169/api/AvailableDay/delete/2 - null null
2025-11-23 00:03:48.281 +01:00 [INF] CORS policy execution failed.
2025-11-23 00:03:48.281 +01:00 [INF] Request origin http://localhost:5169 does not have permission to access the resource.
2025-11-23 00:03:48.282 +01:00 [INF] Executing endpoint 'Homecare.Controllers.AvailableDayController.DeleteAvailableDay (api)'
2025-11-23 00:03:48.282 +01:00 [INF] Route matched with {action = "DeleteAvailableDay", controller = "AvailableDay"}. Executing controller action with signature System.Threading.Tasks.Task`1[Microsoft.AspNetCore.Mvc.IActionResult] DeleteAvailableDay(Int32) on controller Homecare.Controllers.AvailableDayController (api).
2025-11-23 00:03:48.290 +01:00 [INF] Executing StatusCodeResult, setting HTTP status code 204
2025-11-23 00:03:48.290 +01:00 [INF] Executed action Homecare.Controllers.AvailableDayController.DeleteAvailableDay (api) in 8.0865ms
2025-11-23 00:03:48.290 +01:00 [INF] Executed endpoint 'Homecare.Controllers.AvailableDayController.DeleteAvailableDay (api)'
2025-11-23 00:03:48.290 +01:00 [INF] Request finished HTTP/1.1 DELETE http://localhost:5169/api/AvailableDay/delete/2 - 204 null null 8.8739ms
2025-11-23 00:03:55.095 +01:00 [INF] Request starting HTTP/1.1 GET http://localhost:5169/api/AvailableDay/availabledays - null null
2025-11-23 00:03:55.095 +01:00 [INF] Executing endpoint 'Homecare.Controllers.AvailableDayController.GetAvailableDays (api)'
2025-11-23 00:03:55.096 +01:00 [INF] Route matched with {action = "GetAvailableDays", controller = "AvailableDay"}. Executing controller action with signature System.Threading.Tasks.Task`1[Microsoft.AspNetCore.Mvc.IActionResult] GetAvailableDays() on controller Homecare.Controllers.AvailableDayController (api).
2025-11-23 00:03:55.098 +01:00 [INF] Executing OkObjectResult, writing value of type 'System.Linq.Enumerable+SelectListIterator`2[[Homecare.Models.AvailableDay, api, Version=1.0.0.0, Culture=neutral, PublicKeyToken=null],[Homecare.DTOs.AvailableDayDto, api, Version=1.0.0.0, Culture=neutral, PublicKeyToken=null]]'.
2025-11-23 00:03:55.099 +01:00 [INF] Executed action Homecare.Controllers.AvailableDayController.GetAvailableDays (api) in 2.7338ms
2025-11-23 00:03:55.099 +01:00 [INF] Executed endpoint 'Homecare.Controllers.AvailableDayController.GetAvailableDays (api)'
2025-11-23 00:03:55.099 +01:00 [INF] Request finished HTTP/1.1 GET http://localhost:5169/api/AvailableDay/availabledays - 200 2 application/json; charset=utf-8 3.9675ms
2025-11-23 00:04:07.351 +01:00 [INF] Request starting HTTP/1.1 GET http://localhost:5169/api/Appointment/appointmentlist - null null
2025-11-23 00:04:07.351 +01:00 [INF] Executing endpoint 'Homecare.Controllers.AppointmentController.AppointmentList (api)'
2025-11-23 00:04:07.351 +01:00 [INF] Route matched with {action = "AppointmentList", controller = "Appointment"}. Executing controller action with signature System.Threading.Tasks.Task`1[Microsoft.AspNetCore.Mvc.IActionResult] AppointmentList() on controller Homecare.Controllers.AppointmentController (api).
2025-11-23 00:04:07.352 +01:00 [INF] Executing OkObjectResult, writing value of type 'System.Linq.Enumerable+SelectListIterator`2[[Homecare.Models.Appointment, api, Version=1.0.0.0, Culture=neutral, PublicKeyToken=null],[Homecare.DTOs.AppointmentDto, api, Version=1.0.0.0, Culture=neutral, PublicKeyToken=null]]'.
2025-11-23 00:04:07.353 +01:00 [INF] Executed action Homecare.Controllers.AppointmentController.AppointmentList (api) in 1.3736ms
2025-11-23 00:04:07.353 +01:00 [INF] Executed endpoint 'Homecare.Controllers.AppointmentController.AppointmentList (api)'
2025-11-23 00:04:07.353 +01:00 [INF] Request finished HTTP/1.1 GET http://localhost:5169/api/Appointment/appointmentlist - 200 2 application/json; charset=utf-8 1.9811ms
2025-11-23 00:06:40.571 +01:00 [INF] Application is shutting down...
