2025-12-14 20:28:47.150 +01:00 [INF] No migrations were applied. The database is already up to date.
2025-12-14 20:28:47.266 +01:00 [INF] No migrations were applied. The database is already up to date.
2025-12-14 20:28:47.407 +01:00 [INF] User profile is available. Using 'C:\Users\Hiban\AppData\Local\ASP.NET\DataProtection-Keys' as key repository and Windows DPAPI to encrypt keys at rest.
2025-12-14 20:28:47.546 +01:00 [INF] Now listening on: http://localhost:5169
2025-12-14 20:28:47.553 +01:00 [INF] Application started. Press Ctrl+C to shut down.
2025-12-14 20:28:47.555 +01:00 [INF] Hosting environment: Development
2025-12-14 20:28:47.555 +01:00 [INF] Content root path: C:\Users\Hiban\Downloads\TEST_EKSAMEN_WEBAPP\Homecare\api
2025-12-14 20:29:46.258 +01:00 [INF] Request starting HTTP/1.1 OPTIONS http://localhost:5169/api/Auth/login - null null
2025-12-14 20:29:46.323 +01:00 [INF] CORS policy execution successful.
2025-12-14 20:29:46.339 +01:00 [INF] Request finished HTTP/1.1 OPTIONS http://localhost:5169/api/Auth/login - 204 null null 86.5977ms
2025-12-14 20:29:46.345 +01:00 [INF] Request starting HTTP/1.1 POST http://localhost:5169/api/Auth/login - application/json 41
2025-12-14 20:29:46.350 +01:00 [INF] CORS policy execution successful.
2025-12-14 20:29:46.399 +01:00 [INF] Executing endpoint 'HomecareApp.Controllers.AuthController.Login (api)'
2025-12-14 20:29:46.454 +01:00 [INF] Route matched with {action = "Login", controller = "Auth"}. Executing controller action with signature System.Threading.Tasks.Task`1[Microsoft.AspNetCore.Mvc.IActionResult] Login(Homecare.DTOs.LoginDto) on controller HomecareApp.Controllers.AuthController (api).
2025-12-14 20:29:47.411 +01:00 [INF] [AuthAPIController] user authorised for test
2025-12-14 20:29:47.417 +01:00 [INF] [AuthAPIController] JWT token created for test
2025-12-14 20:29:47.460 +01:00 [INF] Executing OkObjectResult, writing value of type '<>f__AnonymousType2`1[[System.String, System.Private.CoreLib, Version=8.0.0.0, Culture=neutral, PublicKeyToken=7cec85d7bea7798e]]'.
2025-12-14 20:29:47.503 +01:00 [INF] Executed action HomecareApp.Controllers.AuthController.Login (api) in 1043.6033ms
2025-12-14 20:29:47.504 +01:00 [INF] Executed endpoint 'HomecareApp.Controllers.AuthController.Login (api)'
2025-12-14 20:29:47.507 +01:00 [INF] Request finished HTTP/1.1 POST http://localhost:5169/api/Auth/login - 200 483 application/json; charset=utf-8 1162.3469ms
2025-12-14 20:29:50.479 +01:00 [INF] Request starting HTTP/1.1 OPTIONS http://localhost:5169/api/AvailableDay/availabledays - null null
2025-12-14 20:29:50.479 +01:00 [INF] Request starting HTTP/1.1 OPTIONS http://localhost:5169/api/AvailableDay/availabledays - null null
2025-12-14 20:29:50.481 +01:00 [INF] CORS policy execution successful.
2025-12-14 20:29:50.481 +01:00 [INF] CORS policy execution successful.
2025-12-14 20:29:50.481 +01:00 [INF] Request finished HTTP/1.1 OPTIONS http://localhost:5169/api/AvailableDay/availabledays - 204 null null 2.2257ms
2025-12-14 20:29:50.481 +01:00 [INF] Request finished HTTP/1.1 OPTIONS http://localhost:5169/api/AvailableDay/availabledays - 204 null null 2.2765ms
2025-12-14 20:29:50.483 +01:00 [INF] Request starting HTTP/1.1 GET http://localhost:5169/api/AvailableDay/availabledays - application/json null
2025-12-14 20:29:50.541 +01:00 [INF] CORS policy execution successful.
2025-12-14 20:29:50.627 +01:00 [INF] Executing endpoint 'Homecare.Controllers.AvailableDayController.GetAvailableDays (api)'
2025-12-14 20:29:50.634 +01:00 [INF] Route matched with {action = "GetAvailableDays", controller = "AvailableDay"}. Executing controller action with signature System.Threading.Tasks.Task`1[Microsoft.AspNetCore.Mvc.IActionResult] GetAvailableDays() on controller Homecare.Controllers.AvailableDayController (api).
2025-12-14 20:29:50.780 +01:00 [INF] Executing OkObjectResult, writing value of type 'System.Linq.Enumerable+SelectListIterator`2[[Homecare.Models.AvailableDay, api, Version=1.0.0.0, Culture=neutral, PublicKeyToken=null],[Homecare.DTOs.AvailableDayDto, api, Version=1.0.0.0, Culture=neutral, PublicKeyToken=null]]'.
2025-12-14 20:29:50.800 +01:00 [INF] Executed action Homecare.Controllers.AvailableDayController.GetAvailableDays (api) in 165.514ms
2025-12-14 20:29:50.800 +01:00 [INF] Executed endpoint 'Homecare.Controllers.AvailableDayController.GetAvailableDays (api)'
2025-12-14 20:29:50.809 +01:00 [INF] Request finished HTTP/1.1 GET http://localhost:5169/api/AvailableDay/availabledays - 200 490 application/json; charset=utf-8 325.7319ms
2025-12-14 20:29:50.809 +01:00 [INF] Request starting HTTP/1.1 GET http://localhost:5169/api/AvailableDay/availabledays - application/json null
2025-12-14 20:29:50.810 +01:00 [INF] CORS policy execution successful.
2025-12-14 20:29:50.818 +01:00 [INF] Executing endpoint 'Homecare.Controllers.AvailableDayController.GetAvailableDays (api)'
2025-12-14 20:29:50.818 +01:00 [INF] Route matched with {action = "GetAvailableDays", controller = "AvailableDay"}. Executing controller action with signature System.Threading.Tasks.Task`1[Microsoft.AspNetCore.Mvc.IActionResult] GetAvailableDays() on controller Homecare.Controllers.AvailableDayController (api).
2025-12-14 20:29:50.940 +01:00 [INF] Executing OkObjectResult, writing value of type 'System.Linq.Enumerable+SelectListIterator`2[[Homecare.Models.AvailableDay, api, Version=1.0.0.0, Culture=neutral, PublicKeyToken=null],[Homecare.DTOs.AvailableDayDto, api, Version=1.0.0.0, Culture=neutral, PublicKeyToken=null]]'.
2025-12-14 20:29:50.941 +01:00 [INF] Executed action Homecare.Controllers.AvailableDayController.GetAvailableDays (api) in 122.7177ms
2025-12-14 20:29:50.941 +01:00 [INF] Executed endpoint 'Homecare.Controllers.AvailableDayController.GetAvailableDays (api)'
2025-12-14 20:29:50.942 +01:00 [INF] Request finished HTTP/1.1 GET http://localhost:5169/api/AvailableDay/availabledays - 200 490 application/json; charset=utf-8 132.3226ms
2025-12-14 20:29:52.690 +01:00 [INF] Request starting HTTP/1.1 OPTIONS http://localhost:5169/api/Appointment/appointmentlist - null null
2025-12-14 20:29:52.690 +01:00 [INF] Request starting HTTP/1.1 OPTIONS http://localhost:5169/api/Appointment/appointmentlist - null null
2025-12-14 20:29:52.690 +01:00 [INF] CORS policy execution successful.
2025-12-14 20:29:52.690 +01:00 [INF] CORS policy execution successful.
2025-12-14 20:29:52.690 +01:00 [INF] Request finished HTTP/1.1 OPTIONS http://localhost:5169/api/Appointment/appointmentlist - 204 null null 0.4685ms
2025-12-14 20:29:52.690 +01:00 [INF] Request finished HTTP/1.1 OPTIONS http://localhost:5169/api/Appointment/appointmentlist - 204 null null 0.5301ms
2025-12-14 20:29:52.692 +01:00 [INF] Request starting HTTP/1.1 GET http://localhost:5169/api/Appointment/appointmentlist - application/json null
2025-12-14 20:29:52.694 +01:00 [INF] CORS policy execution successful.
2025-12-14 20:29:52.694 +01:00 [INF] Executing endpoint 'Homecare.Controllers.AppointmentController.AppointmentList (api)'
2025-12-14 20:29:52.744 +01:00 [INF] Route matched with {action = "AppointmentList", controller = "Appointment"}. Executing controller action with signature System.Threading.Tasks.Task`1[Microsoft.AspNetCore.Mvc.IActionResult] AppointmentList() on controller Homecare.Controllers.AppointmentController (api).
2025-12-14 20:29:52.786 +01:00 [INF] Executing OkObjectResult, writing value of type 'System.Linq.Enumerable+SelectListIterator`2[[Homecare.Models.Appointment, api, Version=1.0.0.0, Culture=neutral, PublicKeyToken=null],[Homecare.DTOs.AppointmentDto, api, Version=1.0.0.0, Culture=neutral, PublicKeyToken=null]]'.
2025-12-14 20:29:52.793 +01:00 [INF] Executed action Homecare.Controllers.AppointmentController.AppointmentList (api) in 49.263ms
2025-12-14 20:29:52.794 +01:00 [INF] Executed endpoint 'Homecare.Controllers.AppointmentController.AppointmentList (api)'
2025-12-14 20:29:52.796 +01:00 [INF] Request finished HTTP/1.1 GET http://localhost:5169/api/Appointment/appointmentlist - 200 650 application/json; charset=utf-8 104.3891ms
2025-12-14 20:29:52.796 +01:00 [INF] Request starting HTTP/1.1 GET http://localhost:5169/api/Appointment/appointmentlist - application/json null
2025-12-14 20:29:52.797 +01:00 [INF] CORS policy execution successful.
2025-12-14 20:29:52.797 +01:00 [INF] Executing endpoint 'Homecare.Controllers.AppointmentController.AppointmentList (api)'
2025-12-14 20:29:52.798 +01:00 [INF] Route matched with {action = "AppointmentList", controller = "Appointment"}. Executing controller action with signature System.Threading.Tasks.Task`1[Microsoft.AspNetCore.Mvc.IActionResult] AppointmentList() on controller Homecare.Controllers.AppointmentController (api).
2025-12-14 20:29:52.800 +01:00 [INF] Executing OkObjectResult, writing value of type 'System.Linq.Enumerable+SelectListIterator`2[[Homecare.Models.Appointment, api, Version=1.0.0.0, Culture=neutral, PublicKeyToken=null],[Homecare.DTOs.AppointmentDto, api, Version=1.0.0.0, Culture=neutral, PublicKeyToken=null]]'.
2025-12-14 20:29:52.801 +01:00 [INF] Executed action Homecare.Controllers.AppointmentController.AppointmentList (api) in 3.3142ms
2025-12-14 20:29:52.801 +01:00 [INF] Executed endpoint 'Homecare.Controllers.AppointmentController.AppointmentList (api)'
2025-12-14 20:29:52.802 +01:00 [INF] Request finished HTTP/1.1 GET http://localhost:5169/api/Appointment/appointmentlist - 200 650 application/json; charset=utf-8 5.118ms
2025-12-14 20:29:58.054 +01:00 [INF] Request starting HTTP/1.1 OPTIONS http://localhost:5169/api/AvailableDay/availabledays - null null
2025-12-14 20:29:58.054 +01:00 [INF] Request starting HTTP/1.1 OPTIONS http://localhost:5169/api/AvailableDay/availabledays - null null
2025-12-14 20:29:58.055 +01:00 [INF] CORS policy execution successful.
2025-12-14 20:29:58.055 +01:00 [INF] CORS policy execution successful.
2025-12-14 20:29:58.055 +01:00 [INF] Request finished HTTP/1.1 OPTIONS http://localhost:5169/api/AvailableDay/availabledays - 204 null null 0.9738ms
2025-12-14 20:29:58.055 +01:00 [INF] Request finished HTTP/1.1 OPTIONS http://localhost:5169/api/AvailableDay/availabledays - 204 null null 0.9891ms
2025-12-14 20:29:58.057 +01:00 [INF] Request starting HTTP/1.1 GET http://localhost:5169/api/AvailableDay/availabledays - application/json null
2025-12-14 20:29:58.058 +01:00 [INF] CORS policy execution successful.
2025-12-14 20:29:58.060 +01:00 [INF] Executing endpoint 'Homecare.Controllers.AvailableDayController.GetAvailableDays (api)'
2025-12-14 20:29:58.060 +01:00 [INF] Route matched with {action = "GetAvailableDays", controller = "AvailableDay"}. Executing controller action with signature System.Threading.Tasks.Task`1[Microsoft.AspNetCore.Mvc.IActionResult] GetAvailableDays() on controller Homecare.Controllers.AvailableDayController (api).
2025-12-14 20:29:58.067 +01:00 [INF] Executing OkObjectResult, writing value of type 'System.Linq.Enumerable+SelectListIterator`2[[Homecare.Models.AvailableDay, api, Version=1.0.0.0, Culture=neutral, PublicKeyToken=null],[Homecare.DTOs.AvailableDayDto, api, Version=1.0.0.0, Culture=neutral, PublicKeyToken=null]]'.
2025-12-14 20:29:58.067 +01:00 [INF] Executed action Homecare.Controllers.AvailableDayController.GetAvailableDays (api) in 6.895ms
2025-12-14 20:29:58.067 +01:00 [INF] Executed endpoint 'Homecare.Controllers.AvailableDayController.GetAvailableDays (api)'
2025-12-14 20:29:58.067 +01:00 [INF] Request finished HTTP/1.1 GET http://localhost:5169/api/AvailableDay/availabledays - 200 490 application/json; charset=utf-8 10.0076ms
2025-12-14 20:29:58.069 +01:00 [INF] Request starting HTTP/1.1 GET http://localhost:5169/api/AvailableDay/availabledays - application/json null
2025-12-14 20:29:58.069 +01:00 [INF] CORS policy execution successful.
2025-12-14 20:29:58.070 +01:00 [INF] Executing endpoint 'Homecare.Controllers.AvailableDayController.GetAvailableDays (api)'
2025-12-14 20:29:58.070 +01:00 [INF] Route matched with {action = "GetAvailableDays", controller = "AvailableDay"}. Executing controller action with signature System.Threading.Tasks.Task`1[Microsoft.AspNetCore.Mvc.IActionResult] GetAvailableDays() on controller Homecare.Controllers.AvailableDayController (api).
2025-12-14 20:29:58.072 +01:00 [INF] Executing OkObjectResult, writing value of type 'System.Linq.Enumerable+SelectListIterator`2[[Homecare.Models.AvailableDay, api, Version=1.0.0.0, Culture=neutral, PublicKeyToken=null],[Homecare.DTOs.AvailableDayDto, api, Version=1.0.0.0, Culture=neutral, PublicKeyToken=null]]'.
2025-12-14 20:29:58.072 +01:00 [INF] Executed action Homecare.Controllers.AvailableDayController.GetAvailableDays (api) in 2.1467ms
2025-12-14 20:29:58.072 +01:00 [INF] Executed endpoint 'Homecare.Controllers.AvailableDayController.GetAvailableDays (api)'
2025-12-14 20:29:58.072 +01:00 [INF] Request finished HTTP/1.1 GET http://localhost:5169/api/AvailableDay/availabledays - 200 490 application/json; charset=utf-8 3.3522ms
2025-12-14 20:47:27.412 +01:00 [INF] Request starting HTTP/1.1 OPTIONS http://localhost:5169/api/Auth/login - null null
2025-12-14 20:47:27.413 +01:00 [INF] CORS policy execution successful.
2025-12-14 20:47:27.413 +01:00 [INF] Request finished HTTP/1.1 OPTIONS http://localhost:5169/api/Auth/login - 204 null null 1.0687ms
2025-12-14 20:47:27.415 +01:00 [INF] Request starting HTTP/1.1 POST http://localhost:5169/api/Auth/login - application/json 41
2025-12-14 20:47:27.415 +01:00 [INF] CORS policy execution successful.
2025-12-14 20:47:27.416 +01:00 [INF] Executing endpoint 'HomecareApp.Controllers.AuthController.Login (api)'
2025-12-14 20:47:27.416 +01:00 [INF] Route matched with {action = "Login", controller = "Auth"}. Executing controller action with signature System.Threading.Tasks.Task`1[Microsoft.AspNetCore.Mvc.IActionResult] Login(Homecare.DTOs.LoginDto) on controller HomecareApp.Controllers.AuthController (api).
2025-12-14 20:47:27.698 +01:00 [INF] [AuthAPIController] user authorised for test
2025-12-14 20:47:27.698 +01:00 [INF] [AuthAPIController] JWT token created for test
2025-12-14 20:47:27.699 +01:00 [INF] Executing OkObjectResult, writing value of type '<>f__AnonymousType2`1[[System.String, System.Private.CoreLib, Version=8.0.0.0, Culture=neutral, PublicKeyToken=7cec85d7bea7798e]]'.
2025-12-14 20:47:27.699 +01:00 [INF] Executed action HomecareApp.Controllers.AuthController.Login (api) in 282.3428ms
2025-12-14 20:47:27.699 +01:00 [INF] Executed endpoint 'HomecareApp.Controllers.AuthController.Login (api)'
2025-12-14 20:47:27.699 +01:00 [INF] Request finished HTTP/1.1 POST http://localhost:5169/api/Auth/login - 200 483 application/json; charset=utf-8 284.1694ms
2025-12-14 20:47:29.112 +01:00 [INF] Request starting HTTP/1.1 OPTIONS http://localhost:5169/api/Appointment/appointmentlist - null null
2025-12-14 20:47:29.112 +01:00 [INF] CORS policy execution successful.
2025-12-14 20:47:29.112 +01:00 [INF] Request finished HTTP/1.1 OPTIONS http://localhost:5169/api/Appointment/appointmentlist - 204 null null 0.3833ms
2025-12-14 20:47:29.114 +01:00 [INF] Request starting HTTP/1.1 OPTIONS http://localhost:5169/api/Appointment/appointmentlist - null null
2025-12-14 20:47:29.114 +01:00 [INF] CORS policy execution successful.
2025-12-14 20:47:29.114 +01:00 [INF] Request finished HTTP/1.1 OPTIONS http://localhost:5169/api/Appointment/appointmentlist - 204 null null 0.4951ms
2025-12-14 20:47:29.114 +01:00 [INF] Request starting HTTP/1.1 GET http://localhost:5169/api/Appointment/appointmentlist - application/json null
2025-12-14 20:47:29.114 +01:00 [INF] CORS policy execution successful.
2025-12-14 20:47:29.115 +01:00 [INF] Executing endpoint 'Homecare.Controllers.AppointmentController.AppointmentList (api)'
2025-12-14 20:47:29.115 +01:00 [INF] Route matched with {action = "AppointmentList", controller = "Appointment"}. Executing controller action with signature System.Threading.Tasks.Task`1[Microsoft.AspNetCore.Mvc.IActionResult] AppointmentList() on controller Homecare.Controllers.AppointmentController (api).
2025-12-14 20:47:29.121 +01:00 [INF] Executing OkObjectResult, writing value of type 'System.Linq.Enumerable+SelectListIterator`2[[Homecare.Models.Appointment, api, Version=1.0.0.0, Culture=neutral, PublicKeyToken=null],[Homecare.DTOs.AppointmentDto, api, Version=1.0.0.0, Culture=neutral, PublicKeyToken=null]]'.
2025-12-14 20:47:29.122 +01:00 [INF] Executed action Homecare.Controllers.AppointmentController.AppointmentList (api) in 6.7382ms
2025-12-14 20:47:29.122 +01:00 [INF] Executed endpoint 'Homecare.Controllers.AppointmentController.AppointmentList (api)'
2025-12-14 20:47:29.122 +01:00 [INF] Request finished HTTP/1.1 GET http://localhost:5169/api/Appointment/appointmentlist - 200 650 application/json; charset=utf-8 7.9729ms
2025-12-14 20:47:29.123 +01:00 [INF] Request starting HTTP/1.1 GET http://localhost:5169/api/Appointment/appointmentlist - application/json null
2025-12-14 20:47:29.124 +01:00 [INF] CORS policy execution successful.
2025-12-14 20:47:29.124 +01:00 [INF] Executing endpoint 'Homecare.Controllers.AppointmentController.AppointmentList (api)'
2025-12-14 20:47:29.124 +01:00 [INF] Route matched with {action = "AppointmentList", controller = "Appointment"}. Executing controller action with signature System.Threading.Tasks.Task`1[Microsoft.AspNetCore.Mvc.IActionResult] AppointmentList() on controller Homecare.Controllers.AppointmentController (api).
2025-12-14 20:47:29.127 +01:00 [INF] Executing OkObjectResult, writing value of type 'System.Linq.Enumerable+SelectListIterator`2[[Homecare.Models.Appointment, api, Version=1.0.0.0, Culture=neutral, PublicKeyToken=null],[Homecare.DTOs.AppointmentDto, api, Version=1.0.0.0, Culture=neutral, PublicKeyToken=null]]'.
2025-12-14 20:47:29.127 +01:00 [INF] Executed action Homecare.Controllers.AppointmentController.AppointmentList (api) in 2.827ms
2025-12-14 20:47:29.127 +01:00 [INF] Executed endpoint 'Homecare.Controllers.AppointmentController.AppointmentList (api)'
2025-12-14 20:47:29.127 +01:00 [INF] Request finished HTTP/1.1 GET http://localhost:5169/api/Appointment/appointmentlist - 200 650 application/json; charset=utf-8 4.0189ms
2025-12-14 20:47:32.160 +01:00 [INF] Request starting HTTP/1.1 OPTIONS http://localhost:5169/api/AvailableDay/availabledays - null null
2025-12-14 20:47:32.160 +01:00 [INF] CORS policy execution successful.
2025-12-14 20:47:32.160 +01:00 [INF] Request finished HTTP/1.1 OPTIONS http://localhost:5169/api/AvailableDay/availabledays - 204 null null 0.7078ms
2025-12-14 20:47:32.163 +01:00 [INF] Request starting HTTP/1.1 OPTIONS http://localhost:5169/api/AvailableDay/availabledays - null null
2025-12-14 20:47:32.164 +01:00 [INF] CORS policy execution successful.
2025-12-14 20:47:32.164 +01:00 [INF] Request finished HTTP/1.1 OPTIONS http://localhost:5169/api/AvailableDay/availabledays - 204 null null 0.5098ms
2025-12-14 20:47:32.170 +01:00 [INF] Request starting HTTP/1.1 GET http://localhost:5169/api/AvailableDay/availabledays - application/json null
2025-12-14 20:47:32.170 +01:00 [INF] CORS policy execution successful.
2025-12-14 20:47:32.171 +01:00 [INF] Executing endpoint 'Homecare.Controllers.AvailableDayController.GetAvailableDays (api)'
2025-12-14 20:47:32.171 +01:00 [INF] Route matched with {action = "GetAvailableDays", controller = "AvailableDay"}. Executing controller action with signature System.Threading.Tasks.Task`1[Microsoft.AspNetCore.Mvc.IActionResult] GetAvailableDays() on controller Homecare.Controllers.AvailableDayController (api).
2025-12-14 20:47:32.176 +01:00 [INF] Executing OkObjectResult, writing value of type 'System.Linq.Enumerable+SelectListIterator`2[[Homecare.Models.AvailableDay, api, Version=1.0.0.0, Culture=neutral, PublicKeyToken=null],[Homecare.DTOs.AvailableDayDto, api, Version=1.0.0.0, Culture=neutral, PublicKeyToken=null]]'.
2025-12-14 20:47:32.176 +01:00 [INF] Executed action Homecare.Controllers.AvailableDayController.GetAvailableDays (api) in 4.8286ms
2025-12-14 20:47:32.176 +01:00 [INF] Executed endpoint 'Homecare.Controllers.AvailableDayController.GetAvailableDays (api)'
2025-12-14 20:47:32.177 +01:00 [INF] Request finished HTTP/1.1 GET http://localhost:5169/api/AvailableDay/availabledays - 200 490 application/json; charset=utf-8 6.9998ms
2025-12-14 20:47:32.179 +01:00 [INF] Request starting HTTP/1.1 GET http://localhost:5169/api/AvailableDay/availabledays - application/json null
2025-12-14 20:47:32.194 +01:00 [INF] CORS policy execution successful.
2025-12-14 20:47:32.195 +01:00 [INF] Executing endpoint 'Homecare.Controllers.AvailableDayController.GetAvailableDays (api)'
2025-12-14 20:47:32.195 +01:00 [INF] Route matched with {action = "GetAvailableDays", controller = "AvailableDay"}. Executing controller action with signature System.Threading.Tasks.Task`1[Microsoft.AspNetCore.Mvc.IActionResult] GetAvailableDays() on controller Homecare.Controllers.AvailableDayController (api).
2025-12-14 20:47:32.200 +01:00 [INF] Executing OkObjectResult, writing value of type 'System.Linq.Enumerable+SelectListIterator`2[[Homecare.Models.AvailableDay, api, Version=1.0.0.0, Culture=neutral, PublicKeyToken=null],[Homecare.DTOs.AvailableDayDto, api, Version=1.0.0.0, Culture=neutral, PublicKeyToken=null]]'.
2025-12-14 20:47:32.201 +01:00 [INF] Executed action Homecare.Controllers.AvailableDayController.GetAvailableDays (api) in 5.4731ms
2025-12-14 20:47:32.201 +01:00 [INF] Executed endpoint 'Homecare.Controllers.AvailableDayController.GetAvailableDays (api)'
2025-12-14 20:47:32.201 +01:00 [INF] Request finished HTTP/1.1 GET http://localhost:5169/api/AvailableDay/availabledays - 200 490 application/json; charset=utf-8 21.9ms
2025-12-14 20:52:35.780 +01:00 [INF] Application is shutting down...
