2025-12-15 01:07:15.509 +01:00 [INF] No migrations were applied. The database is already up to date.
2025-12-15 01:07:15.575 +01:00 [INF] No migrations were applied. The database is already up to date.
2025-12-15 01:07:15.634 +01:00 [INF] User profile is available. Using 'C:\Users\Hiban\AppData\Local\ASP.NET\DataProtection-Keys' as key repository and Windows DPAPI to encrypt keys at rest.
2025-12-15 01:07:15.673 +01:00 [INF] Now listening on: http://localhost:5169
2025-12-15 01:07:15.676 +01:00 [INF] Application started. Press Ctrl+C to shut down.
2025-12-15 01:07:15.677 +01:00 [INF] Hosting environment: Development
2025-12-15 01:07:15.739 +01:00 [INF] Content root path: C:\Users\Hiban\Downloads\TEST_EKSAMEN_WEBAPP\Homecare\api
2025-12-15 01:07:22.262 +01:00 [INF] Request starting HTTP/1.1 OPTIONS http://localhost:5169/api/Appointment/appointmentlist - null null
2025-12-15 01:07:22.262 +01:00 [INF] Request starting HTTP/1.1 OPTIONS http://localhost:5169/api/Appointment/appointmentlist - null null
2025-12-15 01:07:22.314 +01:00 [INF] CORS policy execution successful.
2025-12-15 01:07:22.314 +01:00 [INF] CORS policy execution successful.
2025-12-15 01:07:22.324 +01:00 [INF] Request finished HTTP/1.1 OPTIONS http://localhost:5169/api/Appointment/appointmentlist - 204 null null 65.7953ms
2025-12-15 01:07:22.324 +01:00 [INF] Request finished HTTP/1.1 OPTIONS http://localhost:5169/api/Appointment/appointmentlist - 204 null null 65.7801ms
2025-12-15 01:07:22.329 +01:00 [INF] Request starting HTTP/1.1 GET http://localhost:5169/api/Appointment/appointmentlist - application/json null
2025-12-15 01:07:22.342 +01:00 [INF] CORS policy execution successful.
2025-12-15 01:07:22.491 +01:00 [INF] Executing endpoint 'Homecare.Controllers.AppointmentController.AppointmentList (api)'
2025-12-15 01:07:22.526 +01:00 [INF] Route matched with {action = "AppointmentList", controller = "Appointment"}. Executing controller action with signature System.Threading.Tasks.Task`1[Microsoft.AspNetCore.Mvc.IActionResult] AppointmentList() on controller Homecare.Controllers.AppointmentController (api).
2025-12-15 01:07:23.039 +01:00 [INF] Executing OkObjectResult, writing value of type 'System.Linq.Enumerable+SelectListIterator`2[[Homecare.Models.Appointment, api, Version=1.0.0.0, Culture=neutral, PublicKeyToken=null],[Homecare.DTOs.AppointmentDto, api, Version=1.0.0.0, Culture=neutral, PublicKeyToken=null]]'.
2025-12-15 01:07:23.151 +01:00 [INF] Executed action Homecare.Controllers.AppointmentController.AppointmentList (api) in 618.6842ms
2025-12-15 01:07:23.151 +01:00 [INF] Executed endpoint 'Homecare.Controllers.AppointmentController.AppointmentList (api)'
2025-12-15 01:07:23.164 +01:00 [INF] Request finished HTTP/1.1 GET http://localhost:5169/api/Appointment/appointmentlist - 200 427 application/json; charset=utf-8 834.3558ms
2025-12-15 01:07:23.165 +01:00 [INF] Request starting HTTP/1.1 GET http://localhost:5169/api/Appointment/appointmentlist - application/json null
2025-12-15 01:07:23.166 +01:00 [INF] CORS policy execution successful.
2025-12-15 01:07:23.169 +01:00 [INF] Executing endpoint 'Homecare.Controllers.AppointmentController.AppointmentList (api)'
2025-12-15 01:07:23.169 +01:00 [INF] Route matched with {action = "AppointmentList", controller = "Appointment"}. Executing controller action with signature System.Threading.Tasks.Task`1[Microsoft.AspNetCore.Mvc.IActionResult] AppointmentList() on controller Homecare.Controllers.AppointmentController (api).
2025-12-15 01:07:23.280 +01:00 [INF] Executing OkObjectResult, writing value of type 'System.Linq.Enumerable+SelectListIterator`2[[Homecare.Models.Appointment, api, Version=1.0.0.0, Culture=neutral, PublicKeyToken=null],[Homecare.DTOs.AppointmentDto, api, Version=1.0.0.0, Culture=neutral, PublicKeyToken=null]]'.
2025-12-15 01:07:23.282 +01:00 [INF] Executed action Homecare.Controllers.AppointmentController.AppointmentList (api) in 111.9534ms
2025-12-15 01:07:23.282 +01:00 [INF] Executed endpoint 'Homecare.Controllers.AppointmentController.AppointmentList (api)'
2025-12-15 01:07:23.282 +01:00 [INF] Request finished HTTP/1.1 GET http://localhost:5169/api/Appointment/appointmentlist - 200 427 application/json; charset=utf-8 116.8638ms
2025-12-15 01:07:26.975 +01:00 [INF] Request starting HTTP/1.1 OPTIONS http://localhost:5169/api/Appointment/complete/13 - null null
2025-12-15 01:07:26.975 +01:00 [INF] CORS policy execution successful.
2025-12-15 01:07:26.975 +01:00 [INF] Request finished HTTP/1.1 OPTIONS http://localhost:5169/api/Appointment/complete/13 - 204 null null 0.9598ms
2025-12-15 01:07:26.978 +01:00 [INF] Request starting HTTP/1.1 PUT http://localhost:5169/api/Appointment/complete/13 - application/json 0
2025-12-15 01:07:26.978 +01:00 [INF] CORS policy execution successful.
2025-12-15 01:07:26.983 +01:00 [INF] Executing endpoint 'Homecare.Controllers.AppointmentController.CompleteAppointment (api)'
2025-12-15 01:07:27.000 +01:00 [INF] Route matched with {action = "CompleteAppointment", controller = "Appointment"}. Executing controller action with signature System.Threading.Tasks.Task`1[Microsoft.AspNetCore.Mvc.IActionResult] CompleteAppointment(Int32) on controller Homecare.Controllers.AppointmentController (api).
2025-12-15 01:07:27.386 +01:00 [INF] Executing OkObjectResult, writing value of type 'Castle.Proxies.AppointmentProxy'.
2025-12-15 01:07:27.528 +01:00 [INF] Executed action Homecare.Controllers.AppointmentController.CompleteAppointment (api) in 527.3269ms
2025-12-15 01:07:27.528 +01:00 [INF] Executed endpoint 'Homecare.Controllers.AppointmentController.CompleteAppointment (api)'
2025-12-15 01:07:27.528 +01:00 [INF] Request finished HTTP/1.1 PUT http://localhost:5169/api/Appointment/complete/13 - 200 619 application/json; charset=utf-8 550.4922ms
2025-12-15 01:08:24.677 +01:00 [INF] Request starting HTTP/1.1 OPTIONS http://localhost:5169/api/Appointment/appointmentlist - null null
2025-12-15 01:08:24.677 +01:00 [INF] Request starting HTTP/1.1 OPTIONS http://localhost:5169/api/Appointment/appointmentlist - null null
2025-12-15 01:08:24.678 +01:00 [INF] CORS policy execution successful.
2025-12-15 01:08:24.678 +01:00 [INF] CORS policy execution successful.
2025-12-15 01:08:24.678 +01:00 [INF] Request finished HTTP/1.1 OPTIONS http://localhost:5169/api/Appointment/appointmentlist - 204 null null 1.3257ms
2025-12-15 01:08:24.678 +01:00 [INF] Request finished HTTP/1.1 OPTIONS http://localhost:5169/api/Appointment/appointmentlist - 204 null null 1.3296ms
2025-12-15 01:08:24.680 +01:00 [INF] Request starting HTTP/1.1 GET http://localhost:5169/api/Appointment/appointmentlist - application/json null
2025-12-15 01:08:24.681 +01:00 [INF] CORS policy execution successful.
2025-12-15 01:08:24.681 +01:00 [INF] Executing endpoint 'Homecare.Controllers.AppointmentController.AppointmentList (api)'
2025-12-15 01:08:24.681 +01:00 [INF] Route matched with {action = "AppointmentList", controller = "Appointment"}. Executing controller action with signature System.Threading.Tasks.Task`1[Microsoft.AspNetCore.Mvc.IActionResult] AppointmentList() on controller Homecare.Controllers.AppointmentController (api).
2025-12-15 01:08:24.684 +01:00 [INF] Executing OkObjectResult, writing value of type 'System.Linq.Enumerable+SelectListIterator`2[[Homecare.Models.Appointment, api, Version=1.0.0.0, Culture=neutral, PublicKeyToken=null],[Homecare.DTOs.AppointmentDto, api, Version=1.0.0.0, Culture=neutral, PublicKeyToken=null]]'.
2025-12-15 01:08:24.685 +01:00 [INF] Executed action Homecare.Controllers.AppointmentController.AppointmentList (api) in 3.3669ms
2025-12-15 01:08:24.685 +01:00 [INF] Executed endpoint 'Homecare.Controllers.AppointmentController.AppointmentList (api)'
2025-12-15 01:08:24.685 +01:00 [INF] Request finished HTTP/1.1 GET http://localhost:5169/api/Appointment/appointmentlist - 200 427 application/json; charset=utf-8 4.77ms
2025-12-15 01:08:24.686 +01:00 [INF] Request starting HTTP/1.1 GET http://localhost:5169/api/Appointment/appointmentlist - application/json null
2025-12-15 01:08:24.686 +01:00 [INF] CORS policy execution successful.
2025-12-15 01:08:24.687 +01:00 [INF] Executing endpoint 'Homecare.Controllers.AppointmentController.AppointmentList (api)'
2025-12-15 01:08:24.688 +01:00 [INF] Route matched with {action = "AppointmentList", controller = "Appointment"}. Executing controller action with signature System.Threading.Tasks.Task`1[Microsoft.AspNetCore.Mvc.IActionResult] AppointmentList() on controller Homecare.Controllers.AppointmentController (api).
2025-12-15 01:08:24.690 +01:00 [INF] Executing OkObjectResult, writing value of type 'System.Linq.Enumerable+SelectListIterator`2[[Homecare.Models.Appointment, api, Version=1.0.0.0, Culture=neutral, PublicKeyToken=null],[Homecare.DTOs.AppointmentDto, api, Version=1.0.0.0, Culture=neutral, PublicKeyToken=null]]'.
2025-12-15 01:08:24.691 +01:00 [INF] Executed action Homecare.Controllers.AppointmentController.AppointmentList (api) in 2.7507ms
2025-12-15 01:08:24.691 +01:00 [INF] Executed endpoint 'Homecare.Controllers.AppointmentController.AppointmentList (api)'
2025-12-15 01:08:24.691 +01:00 [INF] Request finished HTTP/1.1 GET http://localhost:5169/api/Appointment/appointmentlist - 200 427 application/json; charset=utf-8 4.7773ms
