2025-12-04 01:38:57.207 +01:00 [INF] No migrations were applied. The database is already up to date.
2025-12-04 01:38:57.316 +01:00 [INF] No migrations were applied. The database is already up to date.
2025-12-04 01:38:57.424 +01:00 [INF] User profile is available. Using 'C:\Users\Hiban\AppData\Local\ASP.NET\DataProtection-Keys' as key repository and Windows DPAPI to encrypt keys at rest.
2025-12-04 01:38:57.497 +01:00 [INF] Now listening on: http://localhost:5169
2025-12-04 01:38:57.505 +01:00 [INF] Application started. Press Ctrl+C to shut down.
2025-12-04 01:38:57.506 +01:00 [INF] Hosting environment: Development
2025-12-04 01:38:57.506 +01:00 [INF] Content root path: C:\Users\Hiban\Downloads\WEBAPP 02.12 2145\Homecare\api
2025-12-04 01:39:05.868 +01:00 [INF] Request starting HTTP/1.1 OPTIONS http://localhost:5169/api/Appointment/appointmentlist - null null
2025-12-04 01:39:05.868 +01:00 [INF] Request starting HTTP/1.1 OPTIONS http://localhost:5169/api/Appointment/appointmentlist - null null
2025-12-04 01:39:05.928 +01:00 [INF] CORS policy execution successful.
2025-12-04 01:39:05.928 +01:00 [INF] CORS policy execution successful.
2025-12-04 01:39:05.937 +01:00 [INF] Request finished HTTP/1.1 OPTIONS http://localhost:5169/api/Appointment/appointmentlist - 204 null null 72.7941ms
2025-12-04 01:39:05.937 +01:00 [INF] Request finished HTTP/1.1 OPTIONS http://localhost:5169/api/Appointment/appointmentlist - 204 null null 73.0137ms
2025-12-04 01:39:05.942 +01:00 [INF] Request starting HTTP/1.1 GET http://localhost:5169/api/Appointment/appointmentlist - application/json null
2025-12-04 01:39:05.957 +01:00 [INF] CORS policy execution successful.
2025-12-04 01:39:06.110 +01:00 [INF] Executing endpoint 'Homecare.Controllers.AppointmentController.AppointmentList (api)'
2025-12-04 01:39:06.146 +01:00 [INF] Route matched with {action = "AppointmentList", controller = "Appointment"}. Executing controller action with signature System.Threading.Tasks.Task`1[Microsoft.AspNetCore.Mvc.IActionResult] AppointmentList() on controller Homecare.Controllers.AppointmentController (api).
2025-12-04 01:39:06.726 +01:00 [INF] Executing OkObjectResult, writing value of type 'System.Linq.Enumerable+SelectListIterator`2[[Homecare.Models.Appointment, api, Version=1.0.0.0, Culture=neutral, PublicKeyToken=null],[Homecare.DTOs.AppointmentDto, api, Version=1.0.0.0, Culture=neutral, PublicKeyToken=null]]'.
2025-12-04 01:39:06.850 +01:00 [INF] Executed action Homecare.Controllers.AppointmentController.AppointmentList (api) in 699.4628ms
2025-12-04 01:39:06.850 +01:00 [INF] Executed endpoint 'Homecare.Controllers.AppointmentController.AppointmentList (api)'
2025-12-04 01:39:06.864 +01:00 [INF] Request finished HTTP/1.1 GET http://localhost:5169/api/Appointment/appointmentlist - 200 219 application/json; charset=utf-8 921.8067ms
2025-12-04 01:39:06.865 +01:00 [INF] Request starting HTTP/1.1 GET http://localhost:5169/api/Appointment/appointmentlist - application/json null
2025-12-04 01:39:06.866 +01:00 [INF] CORS policy execution successful.
2025-12-04 01:39:06.870 +01:00 [INF] Executing endpoint 'Homecare.Controllers.AppointmentController.AppointmentList (api)'
2025-12-04 01:39:06.870 +01:00 [INF] Route matched with {action = "AppointmentList", controller = "Appointment"}. Executing controller action with signature System.Threading.Tasks.Task`1[Microsoft.AspNetCore.Mvc.IActionResult] AppointmentList() on controller Homecare.Controllers.AppointmentController (api).
2025-12-04 01:39:06.994 +01:00 [INF] Executing OkObjectResult, writing value of type 'System.Linq.Enumerable+SelectListIterator`2[[Homecare.Models.Appointment, api, Version=1.0.0.0, Culture=neutral, PublicKeyToken=null],[Homecare.DTOs.AppointmentDto, api, Version=1.0.0.0, Culture=neutral, PublicKeyToken=null]]'.
2025-12-04 01:39:06.996 +01:00 [INF] Executed action Homecare.Controllers.AppointmentController.AppointmentList (api) in 125.5162ms
2025-12-04 01:39:06.996 +01:00 [INF] Executed endpoint 'Homecare.Controllers.AppointmentController.AppointmentList (api)'
2025-12-04 01:39:06.997 +01:00 [INF] Request finished HTTP/1.1 GET http://localhost:5169/api/Appointment/appointmentlist - 200 219 application/json; charset=utf-8 131.8562ms
2025-12-04 01:39:17.398 +01:00 [INF] Request starting HTTP/1.1 OPTIONS http://localhost:5169/api/Auth/login - null null
2025-12-04 01:39:17.398 +01:00 [INF] CORS policy execution successful.
2025-12-04 01:39:17.398 +01:00 [INF] Request finished HTTP/1.1 OPTIONS http://localhost:5169/api/Auth/login - 204 null null 0.6543ms
2025-12-04 01:39:17.400 +01:00 [INF] Request starting HTTP/1.1 POST http://localhost:5169/api/Auth/login - application/json 38
2025-12-04 01:39:17.401 +01:00 [INF] CORS policy execution successful.
2025-12-04 01:39:17.404 +01:00 [INF] Executing endpoint 'HomecareApp.Controllers.AuthController.Login (api)'
2025-12-04 01:39:17.422 +01:00 [INF] Route matched with {action = "Login", controller = "Auth"}. Executing controller action with signature System.Threading.Tasks.Task`1[Microsoft.AspNetCore.Mvc.IActionResult] Login(Homecare.DTOs.LoginDto) on controller HomecareApp.Controllers.AuthController (api).
2025-12-04 01:39:17.874 +01:00 [INF] [AuthAPIController] user authorised for mjau
2025-12-04 01:39:17.878 +01:00 [INF] [AuthAPIController] JWT token created for mjau
2025-12-04 01:39:17.884 +01:00 [INF] Executing OkObjectResult, writing value of type '<>f__AnonymousType2`1[[System.String, System.Private.CoreLib, Version=8.0.0.0, Culture=neutral, PublicKeyToken=7cec85d7bea7798e]]'.
2025-12-04 01:39:17.888 +01:00 [INF] Executed action HomecareApp.Controllers.AuthController.Login (api) in 465.829ms
2025-12-04 01:39:17.888 +01:00 [INF] Executed endpoint 'HomecareApp.Controllers.AuthController.Login (api)'
2025-12-04 01:39:17.890 +01:00 [INF] Request finished HTTP/1.1 POST http://localhost:5169/api/Auth/login - 200 483 application/json; charset=utf-8 489.3848ms
2025-12-04 01:39:17.892 +01:00 [INF] Request starting HTTP/1.1 POST http://localhost:5169/api/Auth/login - application/json 38
2025-12-04 01:39:17.892 +01:00 [INF] CORS policy execution successful.
2025-12-04 01:39:17.893 +01:00 [INF] Executing endpoint 'HomecareApp.Controllers.AuthController.Login (api)'
2025-12-04 01:39:17.893 +01:00 [INF] Route matched with {action = "Login", controller = "Auth"}. Executing controller action with signature System.Threading.Tasks.Task`1[Microsoft.AspNetCore.Mvc.IActionResult] Login(Homecare.DTOs.LoginDto) on controller HomecareApp.Controllers.AuthController (api).
2025-12-04 01:39:18.115 +01:00 [INF] [AuthAPIController] user authorised for mjau
2025-12-04 01:39:18.116 +01:00 [INF] [AuthAPIController] JWT token created for mjau
2025-12-04 01:39:18.116 +01:00 [INF] Executing OkObjectResult, writing value of type '<>f__AnonymousType2`1[[System.String, System.Private.CoreLib, Version=8.0.0.0, Culture=neutral, PublicKeyToken=7cec85d7bea7798e]]'.
2025-12-04 01:39:18.117 +01:00 [INF] Executed action HomecareApp.Controllers.AuthController.Login (api) in 224.4208ms
2025-12-04 01:39:18.117 +01:00 [INF] Executed endpoint 'HomecareApp.Controllers.AuthController.Login (api)'
2025-12-04 01:39:18.118 +01:00 [INF] Request finished HTTP/1.1 POST http://localhost:5169/api/Auth/login - 200 483 application/json; charset=utf-8 225.5061ms
2025-12-04 01:39:47.337 +01:00 [INF] Request starting HTTP/1.1 OPTIONS http://localhost:5169/api/Auth/register - null null
2025-12-04 01:39:47.338 +01:00 [INF] CORS policy execution successful.
2025-12-04 01:39:47.338 +01:00 [INF] Request finished HTTP/1.1 OPTIONS http://localhost:5169/api/Auth/register - 204 null null 0.7369ms
2025-12-04 01:39:47.339 +01:00 [INF] Request starting HTTP/1.1 POST http://localhost:5169/api/Auth/register - application/json 68
2025-12-04 01:39:47.340 +01:00 [INF] CORS policy execution successful.
2025-12-04 01:39:47.340 +01:00 [INF] Executing endpoint 'HomecareApp.Controllers.AuthController.Register (api)'
2025-12-04 01:39:47.347 +01:00 [INF] Route matched with {action = "Register", controller = "Auth"}. Executing controller action with signature System.Threading.Tasks.Task`1[Microsoft.AspNetCore.Mvc.IActionResult] Register(Homecare.DTOs.RegisterDto) on controller HomecareApp.Controllers.AuthController (api).
2025-12-04 01:39:47.503 +01:00 [WRN] [AuthAPIController] user registration failed for Rabia 
2025-12-04 01:39:47.507 +01:00 [INF] Executing BadRequestObjectResult, writing value of type 'System.Collections.Generic.List`1[[Microsoft.AspNetCore.Identity.IdentityError, Microsoft.Extensions.Identity.Core, Version=8.0.0.0, Culture=neutral, PublicKeyToken=adb9793829ddae60]]'.
2025-12-04 01:39:47.511 +01:00 [INF] Executed action HomecareApp.Controllers.AuthController.Register (api) in 161.9708ms
2025-12-04 01:39:47.511 +01:00 [INF] Executed endpoint 'HomecareApp.Controllers.AuthController.Register (api)'
2025-12-04 01:39:47.511 +01:00 [INF] Request finished HTTP/1.1 POST http://localhost:5169/api/Auth/register - 400 110 application/json; charset=utf-8 171.6629ms
2025-12-04 01:40:03.588 +01:00 [INF] Request starting HTTP/1.1 OPTIONS http://localhost:5169/api/Auth/register - null null
2025-12-04 01:40:03.588 +01:00 [INF] CORS policy execution successful.
2025-12-04 01:40:03.589 +01:00 [INF] Request finished HTTP/1.1 OPTIONS http://localhost:5169/api/Auth/register - 204 null null 1.0429ms
2025-12-04 01:40:03.590 +01:00 [INF] Request starting HTTP/1.1 POST http://localhost:5169/api/Auth/register - application/json 67
2025-12-04 01:40:03.590 +01:00 [INF] CORS policy execution successful.
2025-12-04 01:40:03.590 +01:00 [INF] Executing endpoint 'HomecareApp.Controllers.AuthController.Register (api)'
2025-12-04 01:40:03.590 +01:00 [INF] Route matched with {action = "Register", controller = "Auth"}. Executing controller action with signature System.Threading.Tasks.Task`1[Microsoft.AspNetCore.Mvc.IActionResult] Register(Homecare.DTOs.RegisterDto) on controller HomecareApp.Controllers.AuthController (api).
2025-12-04 01:40:03.859 +01:00 [INF] User created a new account with password.
2025-12-04 01:40:03.859 +01:00 [INF] Executing OkObjectResult, writing value of type '<>f__AnonymousType1`1[[System.String, System.Private.CoreLib, Version=8.0.0.0, Culture=neutral, PublicKeyToken=7cec85d7bea7798e]]'.
2025-12-04 01:40:03.864 +01:00 [INF] Executed action HomecareApp.Controllers.AuthController.Register (api) in 273.7544ms
2025-12-04 01:40:03.864 +01:00 [INF] Executed endpoint 'HomecareApp.Controllers.AuthController.Register (api)'
2025-12-04 01:40:03.865 +01:00 [INF] Request finished HTTP/1.1 POST http://localhost:5169/api/Auth/register - 200 42 application/json; charset=utf-8 274.738ms
2025-12-04 01:40:12.611 +01:00 [INF] Request starting HTTP/1.1 OPTIONS http://localhost:5169/api/Auth/login - null null
2025-12-04 01:40:12.611 +01:00 [INF] CORS policy execution successful.
2025-12-04 01:40:12.611 +01:00 [INF] Request finished HTTP/1.1 OPTIONS http://localhost:5169/api/Auth/login - 204 null null 0.6172ms
2025-12-04 01:40:12.613 +01:00 [INF] Request starting HTTP/1.1 POST http://localhost:5169/api/Auth/login - application/json 39
2025-12-04 01:40:12.613 +01:00 [INF] CORS policy execution successful.
2025-12-04 01:40:12.613 +01:00 [INF] Executing endpoint 'HomecareApp.Controllers.AuthController.Login (api)'
2025-12-04 01:40:12.613 +01:00 [INF] Route matched with {action = "Login", controller = "Auth"}. Executing controller action with signature System.Threading.Tasks.Task`1[Microsoft.AspNetCore.Mvc.IActionResult] Login(Homecare.DTOs.LoginDto) on controller HomecareApp.Controllers.AuthController (api).
2025-12-04 01:40:12.734 +01:00 [INF] [AuthAPIController] user authorised for Rabia
2025-12-04 01:40:12.734 +01:00 [INF] [AuthAPIController] JWT token created for Rabia
2025-12-04 01:40:12.734 +01:00 [INF] Executing OkObjectResult, writing value of type '<>f__AnonymousType2`1[[System.String, System.Private.CoreLib, Version=8.0.0.0, Culture=neutral, PublicKeyToken=7cec85d7bea7798e]]'.
2025-12-04 01:40:12.734 +01:00 [INF] Executed action HomecareApp.Controllers.AuthController.Login (api) in 120.7789ms
2025-12-04 01:40:12.734 +01:00 [INF] Executed endpoint 'HomecareApp.Controllers.AuthController.Login (api)'
2025-12-04 01:40:12.734 +01:00 [INF] Request finished HTTP/1.1 POST http://localhost:5169/api/Auth/login - 200 485 application/json; charset=utf-8 121.9618ms
2025-12-04 01:40:12.738 +01:00 [INF] Request starting HTTP/1.1 POST http://localhost:5169/api/Auth/login - application/json 39
2025-12-04 01:40:12.738 +01:00 [INF] CORS policy execution successful.
2025-12-04 01:40:12.738 +01:00 [INF] Executing endpoint 'HomecareApp.Controllers.AuthController.Login (api)'
2025-12-04 01:40:12.738 +01:00 [INF] Route matched with {action = "Login", controller = "Auth"}. Executing controller action with signature System.Threading.Tasks.Task`1[Microsoft.AspNetCore.Mvc.IActionResult] Login(Homecare.DTOs.LoginDto) on controller HomecareApp.Controllers.AuthController (api).
2025-12-04 01:40:12.843 +01:00 [INF] [AuthAPIController] user authorised for Rabia
2025-12-04 01:40:12.843 +01:00 [INF] [AuthAPIController] JWT token created for Rabia
2025-12-04 01:40:12.844 +01:00 [INF] Executing OkObjectResult, writing value of type '<>f__AnonymousType2`1[[System.String, System.Private.CoreLib, Version=8.0.0.0, Culture=neutral, PublicKeyToken=7cec85d7bea7798e]]'.
2025-12-04 01:40:12.844 +01:00 [INF] Executed action HomecareApp.Controllers.AuthController.Login (api) in 106.1504ms
2025-12-04 01:40:12.844 +01:00 [INF] Executed endpoint 'HomecareApp.Controllers.AuthController.Login (api)'
2025-12-04 01:40:12.844 +01:00 [INF] Request finished HTTP/1.1 POST http://localhost:5169/api/Auth/login - 200 485 application/json; charset=utf-8 106.8711ms
2025-12-04 01:40:24.360 +01:00 [INF] Request starting HTTP/1.1 OPTIONS http://localhost:5169/api/AvailableDay/availabledays - null null
2025-12-04 01:40:24.360 +01:00 [INF] CORS policy execution successful.
2025-12-04 01:40:24.360 +01:00 [INF] Request starting HTTP/1.1 OPTIONS http://localhost:5169/api/AvailableDay/availabledays - null null
2025-12-04 01:40:24.360 +01:00 [INF] CORS policy execution successful.
2025-12-04 01:40:24.360 +01:00 [INF] Request finished HTTP/1.1 OPTIONS http://localhost:5169/api/AvailableDay/availabledays - 204 null null 0.3539ms
2025-12-04 01:40:24.360 +01:00 [INF] Request finished HTTP/1.1 OPTIONS http://localhost:5169/api/AvailableDay/availabledays - 204 null null 0.1596ms
2025-12-04 01:40:24.362 +01:00 [INF] Request starting HTTP/1.1 GET http://localhost:5169/api/AvailableDay/availabledays - application/json null
2025-12-04 01:40:24.363 +01:00 [INF] CORS policy execution successful.
2025-12-04 01:40:24.369 +01:00 [INF] Executing endpoint 'Homecare.Controllers.AvailableDayController.GetAvailableDays (api)'
2025-12-04 01:40:24.372 +01:00 [INF] Route matched with {action = "GetAvailableDays", controller = "AvailableDay"}. Executing controller action with signature System.Threading.Tasks.Task`1[Microsoft.AspNetCore.Mvc.IActionResult] GetAvailableDays() on controller Homecare.Controllers.AvailableDayController (api).
2025-12-04 01:40:24.402 +01:00 [INF] Executing OkObjectResult, writing value of type 'System.Linq.Enumerable+SelectListIterator`2[[Homecare.Models.AvailableDay, api, Version=1.0.0.0, Culture=neutral, PublicKeyToken=null],[Homecare.DTOs.AvailableDayDto, api, Version=1.0.0.0, Culture=neutral, PublicKeyToken=null]]'.
2025-12-04 01:40:24.405 +01:00 [INF] Executed action Homecare.Controllers.AvailableDayController.GetAvailableDays (api) in 33.3182ms
2025-12-04 01:40:24.406 +01:00 [INF] Executed endpoint 'Homecare.Controllers.AvailableDayController.GetAvailableDays (api)'
2025-12-04 01:40:24.409 +01:00 [INF] Request finished HTTP/1.1 GET http://localhost:5169/api/AvailableDay/availabledays - 200 170 application/json; charset=utf-8 46.222ms
2025-12-04 01:40:24.409 +01:00 [INF] Request starting HTTP/1.1 GET http://localhost:5169/api/AvailableDay/availabledays - application/json null
2025-12-04 01:40:24.410 +01:00 [INF] CORS policy execution successful.
2025-12-04 01:40:24.413 +01:00 [INF] Executing endpoint 'Homecare.Controllers.AvailableDayController.GetAvailableDays (api)'
2025-12-04 01:40:24.414 +01:00 [INF] Route matched with {action = "GetAvailableDays", controller = "AvailableDay"}. Executing controller action with signature System.Threading.Tasks.Task`1[Microsoft.AspNetCore.Mvc.IActionResult] GetAvailableDays() on controller Homecare.Controllers.AvailableDayController (api).
2025-12-04 01:40:24.417 +01:00 [INF] Executing OkObjectResult, writing value of type 'System.Linq.Enumerable+SelectListIterator`2[[Homecare.Models.AvailableDay, api, Version=1.0.0.0, Culture=neutral, PublicKeyToken=null],[Homecare.DTOs.AvailableDayDto, api, Version=1.0.0.0, Culture=neutral, PublicKeyToken=null]]'.
2025-12-04 01:40:24.417 +01:00 [INF] Executed action Homecare.Controllers.AvailableDayController.GetAvailableDays (api) in 3.1841ms
2025-12-04 01:40:24.417 +01:00 [INF] Executed endpoint 'Homecare.Controllers.AvailableDayController.GetAvailableDays (api)'
2025-12-04 01:40:24.418 +01:00 [INF] Request finished HTTP/1.1 GET http://localhost:5169/api/AvailableDay/availabledays - 200 170 application/json; charset=utf-8 8.2326ms
2025-12-04 01:40:47.286 +01:00 [INF] Request starting HTTP/1.1 OPTIONS http://localhost:5169/api/availableDay/create - null null
2025-12-04 01:40:47.286 +01:00 [INF] CORS policy execution successful.
2025-12-04 01:40:47.286 +01:00 [INF] Request finished HTTP/1.1 OPTIONS http://localhost:5169/api/availableDay/create - 204 null null 0.4787ms
2025-12-04 01:40:47.288 +01:00 [INF] Request starting HTTP/1.1 POST http://localhost:5169/api/availableDay/create - application/json 142
2025-12-04 01:40:47.288 +01:00 [INF] CORS policy execution successful.
2025-12-04 01:40:47.290 +01:00 [INF] Executing endpoint 'Homecare.Controllers.AvailableDayController.Create (api)'
2025-12-04 01:40:47.298 +01:00 [INF] Route matched with {action = "Create", controller = "AvailableDay"}. Executing controller action with signature System.Threading.Tasks.Task`1[Microsoft.AspNetCore.Mvc.IActionResult] Create(Homecare.DTOs.AvailableDayDto) on controller Homecare.Controllers.AvailableDayController (api).
2025-12-04 01:40:47.353 +01:00 [INF] Executing CreatedAtActionResult, writing value of type 'Homecare.Models.AvailableDay'.
2025-12-04 01:40:47.376 +01:00 [INF] Executed action Homecare.Controllers.AvailableDayController.Create (api) in 77.7186ms
2025-12-04 01:40:47.376 +01:00 [INF] Executed endpoint 'Homecare.Controllers.AvailableDayController.Create (api)'
2025-12-04 01:40:47.376 +01:00 [INF] Request finished HTTP/1.1 POST http://localhost:5169/api/availableDay/create - 201 181 application/json; charset=utf-8 88.6814ms
2025-12-04 01:40:48.893 +01:00 [INF] Request starting HTTP/1.1 OPTIONS http://localhost:5169/api/AvailableDay/availabledays - null null
2025-12-04 01:40:48.893 +01:00 [INF] Request starting HTTP/1.1 OPTIONS http://localhost:5169/api/AvailableDay/availabledays - null null
2025-12-04 01:40:48.893 +01:00 [INF] CORS policy execution successful.
2025-12-04 01:40:48.893 +01:00 [INF] CORS policy execution successful.
2025-12-04 01:40:48.893 +01:00 [INF] Request finished HTTP/1.1 OPTIONS http://localhost:5169/api/AvailableDay/availabledays - 204 null null 0.6995ms
2025-12-04 01:40:48.893 +01:00 [INF] Request finished HTTP/1.1 OPTIONS http://localhost:5169/api/AvailableDay/availabledays - 204 null null 0.685ms
2025-12-04 01:40:48.896 +01:00 [INF] Request starting HTTP/1.1 GET http://localhost:5169/api/AvailableDay/availabledays - application/json null
2025-12-04 01:40:48.897 +01:00 [INF] CORS policy execution successful.
2025-12-04 01:40:48.898 +01:00 [INF] Executing endpoint 'Homecare.Controllers.AvailableDayController.GetAvailableDays (api)'
2025-12-04 01:40:48.898 +01:00 [INF] Route matched with {action = "GetAvailableDays", controller = "AvailableDay"}. Executing controller action with signature System.Threading.Tasks.Task`1[Microsoft.AspNetCore.Mvc.IActionResult] GetAvailableDays() on controller Homecare.Controllers.AvailableDayController (api).
2025-12-04 01:40:48.900 +01:00 [INF] Executing OkObjectResult, writing value of type 'System.Linq.Enumerable+SelectListIterator`2[[Homecare.Models.AvailableDay, api, Version=1.0.0.0, Culture=neutral, PublicKeyToken=null],[Homecare.DTOs.AvailableDayDto, api, Version=1.0.0.0, Culture=neutral, PublicKeyToken=null]]'.
2025-12-04 01:40:48.901 +01:00 [INF] Executed action Homecare.Controllers.AvailableDayController.GetAvailableDays (api) in 2.4561ms
2025-12-04 01:40:48.901 +01:00 [INF] Executed endpoint 'Homecare.Controllers.AvailableDayController.GetAvailableDays (api)'
2025-12-04 01:40:48.901 +01:00 [INF] Request finished HTTP/1.1 GET http://localhost:5169/api/AvailableDay/availabledays - 200 332 application/json; charset=utf-8 4.7268ms
2025-12-04 01:40:48.903 +01:00 [INF] Request starting HTTP/1.1 GET http://localhost:5169/api/AvailableDay/availabledays - application/json null
2025-12-04 01:40:48.904 +01:00 [INF] CORS policy execution successful.
2025-12-04 01:40:48.904 +01:00 [INF] Executing endpoint 'Homecare.Controllers.AvailableDayController.GetAvailableDays (api)'
2025-12-04 01:40:48.905 +01:00 [INF] Route matched with {action = "GetAvailableDays", controller = "AvailableDay"}. Executing controller action with signature System.Threading.Tasks.Task`1[Microsoft.AspNetCore.Mvc.IActionResult] GetAvailableDays() on controller Homecare.Controllers.AvailableDayController (api).
2025-12-04 01:40:48.906 +01:00 [INF] Executing OkObjectResult, writing value of type 'System.Linq.Enumerable+SelectListIterator`2[[Homecare.Models.AvailableDay, api, Version=1.0.0.0, Culture=neutral, PublicKeyToken=null],[Homecare.DTOs.AvailableDayDto, api, Version=1.0.0.0, Culture=neutral, PublicKeyToken=null]]'.
2025-12-04 01:40:48.907 +01:00 [INF] Executed action Homecare.Controllers.AvailableDayController.GetAvailableDays (api) in 2.59ms
2025-12-04 01:40:48.907 +01:00 [INF] Executed endpoint 'Homecare.Controllers.AvailableDayController.GetAvailableDays (api)'
2025-12-04 01:40:48.907 +01:00 [INF] Request finished HTTP/1.1 GET http://localhost:5169/api/AvailableDay/availabledays - 200 332 application/json; charset=utf-8 4.3447ms
2025-12-04 01:40:53.052 +01:00 [INF] Request starting HTTP/1.1 OPTIONS http://localhost:5169/api/AvailableDay/2 - null null
2025-12-04 01:40:53.052 +01:00 [INF] Request starting HTTP/1.1 OPTIONS http://localhost:5169/api/AvailableDay/2 - null null
2025-12-04 01:40:53.053 +01:00 [INF] CORS policy execution successful.
2025-12-04 01:40:53.053 +01:00 [INF] CORS policy execution successful.
2025-12-04 01:40:53.053 +01:00 [INF] Request finished HTTP/1.1 OPTIONS http://localhost:5169/api/AvailableDay/2 - 204 null null 0.4422ms
2025-12-04 01:40:53.053 +01:00 [INF] Request finished HTTP/1.1 OPTIONS http://localhost:5169/api/AvailableDay/2 - 204 null null 0.4315ms
2025-12-04 01:40:53.054 +01:00 [INF] Request starting HTTP/1.1 GET http://localhost:5169/api/AvailableDay/2 - application/json null
2025-12-04 01:40:53.054 +01:00 [INF] CORS policy execution successful.
2025-12-04 01:40:53.055 +01:00 [INF] Executing endpoint 'Homecare.Controllers.AvailableDayController.GetAvailableDay (api)'
2025-12-04 01:40:53.060 +01:00 [INF] Route matched with {action = "GetAvailableDay", controller = "AvailableDay"}. Executing controller action with signature System.Threading.Tasks.Task`1[Microsoft.AspNetCore.Mvc.IActionResult] GetAvailableDay(Int32) on controller Homecare.Controllers.AvailableDayController (api).
2025-12-04 01:40:53.097 +01:00 [INF] Executing OkObjectResult, writing value of type 'Castle.Proxies.AvailableDayProxy'.
2025-12-04 01:40:53.152 +01:00 [INF] Executed action Homecare.Controllers.AvailableDayController.GetAvailableDay (api) in 91.8336ms
2025-12-04 01:40:53.152 +01:00 [INF] Executed endpoint 'Homecare.Controllers.AvailableDayController.GetAvailableDay (api)'
2025-12-04 01:40:53.152 +01:00 [INF] Request finished HTTP/1.1 GET http://localhost:5169/api/AvailableDay/2 - 200 179 application/json; charset=utf-8 98.1392ms
2025-12-04 01:40:53.154 +01:00 [INF] Request starting HTTP/1.1 GET http://localhost:5169/api/AvailableDay/2 - application/json null
2025-12-04 01:40:53.154 +01:00 [INF] CORS policy execution successful.
2025-12-04 01:40:53.155 +01:00 [INF] Executing endpoint 'Homecare.Controllers.AvailableDayController.GetAvailableDay (api)'
2025-12-04 01:40:53.155 +01:00 [INF] Route matched with {action = "GetAvailableDay", controller = "AvailableDay"}. Executing controller action with signature System.Threading.Tasks.Task`1[Microsoft.AspNetCore.Mvc.IActionResult] GetAvailableDay(Int32) on controller Homecare.Controllers.AvailableDayController (api).
2025-12-04 01:40:53.157 +01:00 [INF] Executing OkObjectResult, writing value of type 'Castle.Proxies.AvailableDayProxy'.
2025-12-04 01:40:53.159 +01:00 [INF] Executed action Homecare.Controllers.AvailableDayController.GetAvailableDay (api) in 4.4705ms
2025-12-04 01:40:53.159 +01:00 [INF] Executed endpoint 'Homecare.Controllers.AvailableDayController.GetAvailableDay (api)'
2025-12-04 01:40:53.159 +01:00 [INF] Request finished HTTP/1.1 GET http://localhost:5169/api/AvailableDay/2 - 200 179 application/json; charset=utf-8 5.479ms
2025-12-04 01:40:58.579 +01:00 [INF] Request starting HTTP/1.1 OPTIONS http://localhost:5169/api/AvailableDay/update/2 - null null
2025-12-04 01:40:58.579 +01:00 [INF] CORS policy execution successful.
2025-12-04 01:40:58.580 +01:00 [INF] Request finished HTTP/1.1 OPTIONS http://localhost:5169/api/AvailableDay/update/2 - 204 null null 0.8208ms
2025-12-04 01:40:58.585 +01:00 [INF] Request starting HTTP/1.1 PUT http://localhost:5169/api/AvailableDay/update/2 - application/json 165
2025-12-04 01:40:58.585 +01:00 [INF] CORS policy execution successful.
2025-12-04 01:40:58.586 +01:00 [INF] Executing endpoint 'Homecare.Controllers.AvailableDayController.Update (api)'
2025-12-04 01:40:58.594 +01:00 [INF] Route matched with {action = "Update", controller = "AvailableDay"}. Executing controller action with signature System.Threading.Tasks.Task`1[Microsoft.AspNetCore.Mvc.IActionResult] Update(Int32, Homecare.DTOs.AvailableDayDto) on controller Homecare.Controllers.AvailableDayController (api).
2025-12-04 01:40:58.619 +01:00 [INF] Executing OkObjectResult, writing value of type 'Castle.Proxies.AvailableDayProxy'.
2025-12-04 01:40:58.622 +01:00 [INF] Executed action Homecare.Controllers.AvailableDayController.Update (api) in 28.4697ms
2025-12-04 01:40:58.622 +01:00 [INF] Executed endpoint 'Homecare.Controllers.AvailableDayController.Update (api)'
2025-12-04 01:40:58.623 +01:00 [INF] Request finished HTTP/1.1 PUT http://localhost:5169/api/AvailableDay/update/2 - 200 183 application/json; charset=utf-8 37.2321ms
2025-12-04 01:41:00.151 +01:00 [INF] Request starting HTTP/1.1 OPTIONS http://localhost:5169/api/AvailableDay/availabledays - null null
2025-12-04 01:41:00.152 +01:00 [INF] CORS policy execution successful.
2025-12-04 01:41:00.152 +01:00 [INF] Request finished HTTP/1.1 OPTIONS http://localhost:5169/api/AvailableDay/availabledays - 204 null null 0.8821ms
2025-12-04 01:41:00.154 +01:00 [INF] Request starting HTTP/1.1 GET http://localhost:5169/api/AvailableDay/availabledays - application/json null
2025-12-04 01:41:00.155 +01:00 [INF] CORS policy execution successful.
2025-12-04 01:41:00.156 +01:00 [INF] Executing endpoint 'Homecare.Controllers.AvailableDayController.GetAvailableDays (api)'
2025-12-04 01:41:00.156 +01:00 [INF] Route matched with {action = "GetAvailableDays", controller = "AvailableDay"}. Executing controller action with signature System.Threading.Tasks.Task`1[Microsoft.AspNetCore.Mvc.IActionResult] GetAvailableDays() on controller Homecare.Controllers.AvailableDayController (api).
2025-12-04 01:41:00.158 +01:00 [INF] Executing OkObjectResult, writing value of type 'System.Linq.Enumerable+SelectListIterator`2[[Homecare.Models.AvailableDay, api, Version=1.0.0.0, Culture=neutral, PublicKeyToken=null],[Homecare.DTOs.AvailableDayDto, api, Version=1.0.0.0, Culture=neutral, PublicKeyToken=null]]'.
2025-12-04 01:41:00.159 +01:00 [INF] Executed action Homecare.Controllers.AvailableDayController.GetAvailableDays (api) in 2.7895ms
2025-12-04 01:41:00.159 +01:00 [INF] Executed endpoint 'Homecare.Controllers.AvailableDayController.GetAvailableDays (api)'
2025-12-04 01:41:00.159 +01:00 [INF] Request finished HTTP/1.1 GET http://localhost:5169/api/AvailableDay/availabledays - 200 336 application/json; charset=utf-8 4.7855ms
2025-12-04 01:41:00.163 +01:00 [INF] Request starting HTTP/1.1 GET http://localhost:5169/api/AvailableDay/availabledays - application/json null
2025-12-04 01:41:00.164 +01:00 [INF] CORS policy execution successful.
2025-12-04 01:41:00.166 +01:00 [INF] Executing endpoint 'Homecare.Controllers.AvailableDayController.GetAvailableDays (api)'
2025-12-04 01:41:00.166 +01:00 [INF] Route matched with {action = "GetAvailableDays", controller = "AvailableDay"}. Executing controller action with signature System.Threading.Tasks.Task`1[Microsoft.AspNetCore.Mvc.IActionResult] GetAvailableDays() on controller Homecare.Controllers.AvailableDayController (api).
2025-12-04 01:41:00.171 +01:00 [INF] Executing OkObjectResult, writing value of type 'System.Linq.Enumerable+SelectListIterator`2[[Homecare.Models.AvailableDay, api, Version=1.0.0.0, Culture=neutral, PublicKeyToken=null],[Homecare.DTOs.AvailableDayDto, api, Version=1.0.0.0, Culture=neutral, PublicKeyToken=null]]'.
2025-12-04 01:41:00.172 +01:00 [INF] Executed action Homecare.Controllers.AvailableDayController.GetAvailableDays (api) in 5.4299ms
2025-12-04 01:41:00.172 +01:00 [INF] Executed endpoint 'Homecare.Controllers.AvailableDayController.GetAvailableDays (api)'
2025-12-04 01:41:00.172 +01:00 [INF] Request finished HTTP/1.1 GET http://localhost:5169/api/AvailableDay/availabledays - 200 336 application/json; charset=utf-8 8.8944ms
2025-12-04 01:41:04.502 +01:00 [INF] Request starting HTTP/1.1 GET http://localhost:5169/api/AvailableDay/availabledays - application/json null
2025-12-04 01:41:04.503 +01:00 [INF] CORS policy execution successful.
2025-12-04 01:41:04.503 +01:00 [INF] Executing endpoint 'Homecare.Controllers.AvailableDayController.GetAvailableDays (api)'
2025-12-04 01:41:04.503 +01:00 [INF] Route matched with {action = "GetAvailableDays", controller = "AvailableDay"}. Executing controller action with signature System.Threading.Tasks.Task`1[Microsoft.AspNetCore.Mvc.IActionResult] GetAvailableDays() on controller Homecare.Controllers.AvailableDayController (api).
2025-12-04 01:41:04.505 +01:00 [INF] Executing OkObjectResult, writing value of type 'System.Linq.Enumerable+SelectListIterator`2[[Homecare.Models.AvailableDay, api, Version=1.0.0.0, Culture=neutral, PublicKeyToken=null],[Homecare.DTOs.AvailableDayDto, api, Version=1.0.0.0, Culture=neutral, PublicKeyToken=null]]'.
2025-12-04 01:41:04.506 +01:00 [INF] Executed action Homecare.Controllers.AvailableDayController.GetAvailableDays (api) in 2.5368ms
2025-12-04 01:41:04.506 +01:00 [INF] Executed endpoint 'Homecare.Controllers.AvailableDayController.GetAvailableDays (api)'
2025-12-04 01:41:04.506 +01:00 [INF] Request finished HTTP/1.1 GET http://localhost:5169/api/AvailableDay/availabledays - 200 336 application/json; charset=utf-8 3.759ms
2025-12-04 01:41:04.511 +01:00 [INF] Request starting HTTP/1.1 GET http://localhost:5169/api/AvailableDay/availabledays - application/json null
2025-12-04 01:41:04.512 +01:00 [INF] CORS policy execution successful.
2025-12-04 01:41:04.512 +01:00 [INF] Executing endpoint 'Homecare.Controllers.AvailableDayController.GetAvailableDays (api)'
2025-12-04 01:41:04.512 +01:00 [INF] Route matched with {action = "GetAvailableDays", controller = "AvailableDay"}. Executing controller action with signature System.Threading.Tasks.Task`1[Microsoft.AspNetCore.Mvc.IActionResult] GetAvailableDays() on controller Homecare.Controllers.AvailableDayController (api).
2025-12-04 01:41:04.514 +01:00 [INF] Executing OkObjectResult, writing value of type 'System.Linq.Enumerable+SelectListIterator`2[[Homecare.Models.AvailableDay, api, Version=1.0.0.0, Culture=neutral, PublicKeyToken=null],[Homecare.DTOs.AvailableDayDto, api, Version=1.0.0.0, Culture=neutral, PublicKeyToken=null]]'.
2025-12-04 01:41:04.514 +01:00 [INF] Executed action Homecare.Controllers.AvailableDayController.GetAvailableDays (api) in 1.9194ms
2025-12-04 01:41:04.514 +01:00 [INF] Executed endpoint 'Homecare.Controllers.AvailableDayController.GetAvailableDays (api)'
2025-12-04 01:41:04.514 +01:00 [INF] Request finished HTTP/1.1 GET http://localhost:5169/api/AvailableDay/availabledays - 200 336 application/json; charset=utf-8 3.1982ms
2025-12-04 01:41:31.990 +01:00 [INF] Request starting HTTP/1.1 OPTIONS http://localhost:5169/api/Appointment/create - null null
2025-12-04 01:41:31.990 +01:00 [INF] CORS policy execution successful.
2025-12-04 01:41:31.991 +01:00 [INF] Request finished HTTP/1.1 OPTIONS http://localhost:5169/api/Appointment/create - 204 null null 0.4508ms
2025-12-04 01:41:31.992 +01:00 [INF] Request starting HTTP/1.1 POST http://localhost:5169/api/Appointment/create - application/json 201
2025-12-04 01:41:31.992 +01:00 [INF] CORS policy execution successful.
2025-12-04 01:41:31.992 +01:00 [INF] Executing endpoint 'Homecare.Controllers.AppointmentController.Create (api)'
2025-12-04 01:41:32.000 +01:00 [INF] Route matched with {action = "Create", controller = "Appointment"}. Executing controller action with signature System.Threading.Tasks.Task`1[Microsoft.AspNetCore.Mvc.IActionResult] Create(Homecare.DTOs.AppointmentDto) on controller Homecare.Controllers.AppointmentController (api).
2025-12-04 01:41:32.025 +01:00 [INF] Executing CreatedAtActionResult, writing value of type 'Homecare.Models.Appointment'.
2025-12-04 01:41:32.028 +01:00 [INF] Executed action Homecare.Controllers.AppointmentController.Create (api) in 28.2423ms
2025-12-04 01:41:32.028 +01:00 [INF] Executed endpoint 'Homecare.Controllers.AppointmentController.Create (api)'
2025-12-04 01:41:32.029 +01:00 [INF] Request finished HTTP/1.1 POST http://localhost:5169/api/Appointment/create - 201 258 application/json; charset=utf-8 36.567ms
2025-12-04 01:41:34.033 +01:00 [INF] Request starting HTTP/1.1 OPTIONS http://localhost:5169/api/AvailableDay/availabledays - null null
2025-12-04 01:41:34.033 +01:00 [INF] CORS policy execution successful.
2025-12-04 01:41:34.033 +01:00 [INF] Request finished HTTP/1.1 OPTIONS http://localhost:5169/api/AvailableDay/availabledays - 204 null null 0.2367ms
2025-12-04 01:41:34.034 +01:00 [INF] Request starting HTTP/1.1 GET http://localhost:5169/api/AvailableDay/availabledays - application/json null
2025-12-04 01:41:34.034 +01:00 [INF] CORS policy execution successful.
2025-12-04 01:41:34.035 +01:00 [INF] Executing endpoint 'Homecare.Controllers.AvailableDayController.GetAvailableDays (api)'
2025-12-04 01:41:34.035 +01:00 [INF] Route matched with {action = "GetAvailableDays", controller = "AvailableDay"}. Executing controller action with signature System.Threading.Tasks.Task`1[Microsoft.AspNetCore.Mvc.IActionResult] GetAvailableDays() on controller Homecare.Controllers.AvailableDayController (api).
2025-12-04 01:41:34.036 +01:00 [INF] Executing OkObjectResult, writing value of type 'System.Linq.Enumerable+SelectListIterator`2[[Homecare.Models.AvailableDay, api, Version=1.0.0.0, Culture=neutral, PublicKeyToken=null],[Homecare.DTOs.AvailableDayDto, api, Version=1.0.0.0, Culture=neutral, PublicKeyToken=null]]'.
2025-12-04 01:41:34.036 +01:00 [INF] Executed action Homecare.Controllers.AvailableDayController.GetAvailableDays (api) in 1.1885ms
2025-12-04 01:41:34.036 +01:00 [INF] Executed endpoint 'Homecare.Controllers.AvailableDayController.GetAvailableDays (api)'
2025-12-04 01:41:34.036 +01:00 [INF] Request finished HTTP/1.1 GET http://localhost:5169/api/AvailableDay/availabledays - 200 336 application/json; charset=utf-8 1.9245ms
2025-12-04 01:41:36.232 +01:00 [INF] Request starting HTTP/1.1 OPTIONS http://localhost:5169/api/Appointment/appointmentlist - null null
2025-12-04 01:41:36.232 +01:00 [INF] Request starting HTTP/1.1 OPTIONS http://localhost:5169/api/Appointment/appointmentlist - null null
2025-12-04 01:41:36.232 +01:00 [INF] CORS policy execution successful.
2025-12-04 01:41:36.232 +01:00 [INF] CORS policy execution successful.
2025-12-04 01:41:36.232 +01:00 [INF] Request finished HTTP/1.1 OPTIONS http://localhost:5169/api/Appointment/appointmentlist - 204 null null 0.2491ms
2025-12-04 01:41:36.232 +01:00 [INF] Request finished HTTP/1.1 OPTIONS http://localhost:5169/api/Appointment/appointmentlist - 204 null null 0.2833ms
2025-12-04 01:41:36.234 +01:00 [INF] Request starting HTTP/1.1 GET http://localhost:5169/api/Appointment/appointmentlist - application/json null
2025-12-04 01:41:36.234 +01:00 [INF] CORS policy execution successful.
2025-12-04 01:41:36.234 +01:00 [INF] Executing endpoint 'Homecare.Controllers.AppointmentController.AppointmentList (api)'
2025-12-04 01:41:36.235 +01:00 [INF] Route matched with {action = "AppointmentList", controller = "Appointment"}. Executing controller action with signature System.Threading.Tasks.Task`1[Microsoft.AspNetCore.Mvc.IActionResult] AppointmentList() on controller Homecare.Controllers.AppointmentController (api).
2025-12-04 01:41:36.237 +01:00 [INF] Executing OkObjectResult, writing value of type 'System.Linq.Enumerable+SelectListIterator`2[[Homecare.Models.Appointment, api, Version=1.0.0.0, Culture=neutral, PublicKeyToken=null],[Homecare.DTOs.AppointmentDto, api, Version=1.0.0.0, Culture=neutral, PublicKeyToken=null]]'.
2025-12-04 01:41:36.237 +01:00 [INF] Executed action Homecare.Controllers.AppointmentController.AppointmentList (api) in 2.6723ms
2025-12-04 01:41:36.237 +01:00 [INF] Executed endpoint 'Homecare.Controllers.AppointmentController.AppointmentList (api)'
2025-12-04 01:41:36.238 +01:00 [INF] Request finished HTTP/1.1 GET http://localhost:5169/api/Appointment/appointmentlist - 200 439 application/json; charset=utf-8 3.7544ms
2025-12-04 01:41:36.239 +01:00 [INF] Request starting HTTP/1.1 GET http://localhost:5169/api/Appointment/appointmentlist - application/json null
2025-12-04 01:41:36.239 +01:00 [INF] CORS policy execution successful.
2025-12-04 01:41:36.239 +01:00 [INF] Executing endpoint 'Homecare.Controllers.AppointmentController.AppointmentList (api)'
2025-12-04 01:41:36.240 +01:00 [INF] Route matched with {action = "AppointmentList", controller = "Appointment"}. Executing controller action with signature System.Threading.Tasks.Task`1[Microsoft.AspNetCore.Mvc.IActionResult] AppointmentList() on controller Homecare.Controllers.AppointmentController (api).
2025-12-04 01:41:36.241 +01:00 [INF] Executing OkObjectResult, writing value of type 'System.Linq.Enumerable+SelectListIterator`2[[Homecare.Models.Appointment, api, Version=1.0.0.0, Culture=neutral, PublicKeyToken=null],[Homecare.DTOs.AppointmentDto, api, Version=1.0.0.0, Culture=neutral, PublicKeyToken=null]]'.
2025-12-04 01:41:36.241 +01:00 [INF] Executed action Homecare.Controllers.AppointmentController.AppointmentList (api) in 1.6101ms
2025-12-04 01:41:36.242 +01:00 [INF] Executed endpoint 'Homecare.Controllers.AppointmentController.AppointmentList (api)'
2025-12-04 01:41:36.242 +01:00 [INF] Request finished HTTP/1.1 GET http://localhost:5169/api/Appointment/appointmentlist - 200 439 application/json; charset=utf-8 2.8009ms
2025-12-04 01:41:42.137 +01:00 [INF] Request starting HTTP/1.1 OPTIONS http://localhost:5169/api/AvailableDay/availabledays - null null
2025-12-04 01:41:42.137 +01:00 [INF] Request starting HTTP/1.1 OPTIONS http://localhost:5169/api/AvailableDay/availabledays - null null
2025-12-04 01:41:42.137 +01:00 [INF] CORS policy execution successful.
2025-12-04 01:41:42.137 +01:00 [INF] CORS policy execution successful.
2025-12-04 01:41:42.138 +01:00 [INF] Request finished HTTP/1.1 OPTIONS http://localhost:5169/api/AvailableDay/availabledays - 204 null null 0.5787ms
2025-12-04 01:41:42.138 +01:00 [INF] Request finished HTTP/1.1 OPTIONS http://localhost:5169/api/AvailableDay/availabledays - 204 null null 0.5783ms
2025-12-04 01:41:42.140 +01:00 [INF] Request starting HTTP/1.1 GET http://localhost:5169/api/AvailableDay/availabledays - application/json null
2025-12-04 01:41:42.140 +01:00 [INF] CORS policy execution successful.
2025-12-04 01:41:42.141 +01:00 [INF] Executing endpoint 'Homecare.Controllers.AvailableDayController.GetAvailableDays (api)'
2025-12-04 01:41:42.141 +01:00 [INF] Route matched with {action = "GetAvailableDays", controller = "AvailableDay"}. Executing controller action with signature System.Threading.Tasks.Task`1[Microsoft.AspNetCore.Mvc.IActionResult] GetAvailableDays() on controller Homecare.Controllers.AvailableDayController (api).
2025-12-04 01:41:42.143 +01:00 [INF] Executing OkObjectResult, writing value of type 'System.Linq.Enumerable+SelectListIterator`2[[Homecare.Models.AvailableDay, api, Version=1.0.0.0, Culture=neutral, PublicKeyToken=null],[Homecare.DTOs.AvailableDayDto, api, Version=1.0.0.0, Culture=neutral, PublicKeyToken=null]]'.
2025-12-04 01:41:42.144 +01:00 [INF] Executed action Homecare.Controllers.AvailableDayController.GetAvailableDays (api) in 2.5166ms
2025-12-04 01:41:42.144 +01:00 [INF] Executed endpoint 'Homecare.Controllers.AvailableDayController.GetAvailableDays (api)'
2025-12-04 01:41:42.144 +01:00 [INF] Request finished HTTP/1.1 GET http://localhost:5169/api/AvailableDay/availabledays - 200 336 application/json; charset=utf-8 3.7445ms
2025-12-04 01:41:42.146 +01:00 [INF] Request starting HTTP/1.1 GET http://localhost:5169/api/AvailableDay/availabledays - application/json null
2025-12-04 01:41:42.146 +01:00 [INF] CORS policy execution successful.
2025-12-04 01:41:42.146 +01:00 [INF] Executing endpoint 'Homecare.Controllers.AvailableDayController.GetAvailableDays (api)'
2025-12-04 01:41:42.146 +01:00 [INF] Route matched with {action = "GetAvailableDays", controller = "AvailableDay"}. Executing controller action with signature System.Threading.Tasks.Task`1[Microsoft.AspNetCore.Mvc.IActionResult] GetAvailableDays() on controller Homecare.Controllers.AvailableDayController (api).
2025-12-04 01:41:42.149 +01:00 [INF] Executing OkObjectResult, writing value of type 'System.Linq.Enumerable+SelectListIterator`2[[Homecare.Models.AvailableDay, api, Version=1.0.0.0, Culture=neutral, PublicKeyToken=null],[Homecare.DTOs.AvailableDayDto, api, Version=1.0.0.0, Culture=neutral, PublicKeyToken=null]]'.
2025-12-04 01:41:42.149 +01:00 [INF] Executed action Homecare.Controllers.AvailableDayController.GetAvailableDays (api) in 2.6386ms
2025-12-04 01:41:42.149 +01:00 [INF] Executed endpoint 'Homecare.Controllers.AvailableDayController.GetAvailableDays (api)'
2025-12-04 01:41:42.149 +01:00 [INF] Request finished HTTP/1.1 GET http://localhost:5169/api/AvailableDay/availabledays - 200 336 application/json; charset=utf-8 3.4749ms
2025-12-04 01:42:01.194 +01:00 [INF] Request starting HTTP/1.1 OPTIONS http://localhost:5169/api/Appointment/update/2 - null null
2025-12-04 01:42:01.194 +01:00 [INF] CORS policy execution successful.
2025-12-04 01:42:01.194 +01:00 [INF] Request finished HTTP/1.1 OPTIONS http://localhost:5169/api/Appointment/update/2 - 204 null null 0.2838ms
2025-12-04 01:42:01.199 +01:00 [INF] Request starting HTTP/1.1 PUT http://localhost:5169/api/Appointment/update/2 - application/json 215
2025-12-04 01:42:01.199 +01:00 [INF] CORS policy execution successful.
2025-12-04 01:42:01.199 +01:00 [INF] Executing endpoint 'Homecare.Controllers.AppointmentController.Update (api)'
2025-12-04 01:42:01.205 +01:00 [INF] Route matched with {action = "Update", controller = "Appointment"}. Executing controller action with signature System.Threading.Tasks.Task`1[Microsoft.AspNetCore.Mvc.IActionResult] Update(Int32, Homecare.DTOs.AppointmentDto) on controller Homecare.Controllers.AppointmentController (api).
2025-12-04 01:42:01.221 +01:00 [INF] Executing OkObjectResult, writing value of type 'Castle.Proxies.AppointmentProxy'.
2025-12-04 01:42:01.255 +01:00 [INF] Executed action Homecare.Controllers.AppointmentController.Update (api) in 49.5398ms
2025-12-04 01:42:01.255 +01:00 [INF] Executed endpoint 'Homecare.Controllers.AppointmentController.Update (api)'
2025-12-04 01:42:01.255 +01:00 [INF] Request finished HTTP/1.1 PUT http://localhost:5169/api/Appointment/update/2 - 200 690 application/json; charset=utf-8 56.7683ms
2025-12-04 01:42:03.272 +01:00 [INF] Request starting HTTP/1.1 OPTIONS http://localhost:5169/api/Appointment/appointmentlist - null null
2025-12-04 01:42:03.272 +01:00 [INF] CORS policy execution successful.
2025-12-04 01:42:03.272 +01:00 [INF] Request finished HTTP/1.1 OPTIONS http://localhost:5169/api/Appointment/appointmentlist - 204 null null 0.1998ms
2025-12-04 01:42:03.272 +01:00 [INF] Request starting HTTP/1.1 OPTIONS http://localhost:5169/api/Appointment/appointmentlist - null null
2025-12-04 01:42:03.272 +01:00 [INF] CORS policy execution successful.
2025-12-04 01:42:03.272 +01:00 [INF] Request finished HTTP/1.1 OPTIONS http://localhost:5169/api/Appointment/appointmentlist - 204 null null 0.2031ms
2025-12-04 01:42:03.275 +01:00 [INF] Request starting HTTP/1.1 GET http://localhost:5169/api/Appointment/appointmentlist - application/json null
2025-12-04 01:42:03.276 +01:00 [INF] CORS policy execution successful.
2025-12-04 01:42:03.278 +01:00 [INF] Executing endpoint 'Homecare.Controllers.AppointmentController.AppointmentList (api)'
2025-12-04 01:42:03.278 +01:00 [INF] Route matched with {action = "AppointmentList", controller = "Appointment"}. Executing controller action with signature System.Threading.Tasks.Task`1[Microsoft.AspNetCore.Mvc.IActionResult] AppointmentList() on controller Homecare.Controllers.AppointmentController (api).
2025-12-04 01:42:03.283 +01:00 [INF] Executing OkObjectResult, writing value of type 'System.Linq.Enumerable+SelectListIterator`2[[Homecare.Models.Appointment, api, Version=1.0.0.0, Culture=neutral, PublicKeyToken=null],[Homecare.DTOs.AppointmentDto, api, Version=1.0.0.0, Culture=neutral, PublicKeyToken=null]]'.
2025-12-04 01:42:03.283 +01:00 [INF] Executed action Homecare.Controllers.AppointmentController.AppointmentList (api) in 5.0459ms
2025-12-04 01:42:03.284 +01:00 [INF] Executed endpoint 'Homecare.Controllers.AppointmentController.AppointmentList (api)'
2025-12-04 01:42:03.284 +01:00 [INF] Request finished HTTP/1.1 GET http://localhost:5169/api/Appointment/appointmentlist - 200 453 application/json; charset=utf-8 8.2754ms
2025-12-04 01:42:03.286 +01:00 [INF] Request starting HTTP/1.1 GET http://localhost:5169/api/Appointment/appointmentlist - application/json null
2025-12-04 01:42:03.286 +01:00 [INF] CORS policy execution successful.
2025-12-04 01:42:03.287 +01:00 [INF] Executing endpoint 'Homecare.Controllers.AppointmentController.AppointmentList (api)'
2025-12-04 01:42:03.287 +01:00 [INF] Route matched with {action = "AppointmentList", controller = "Appointment"}. Executing controller action with signature System.Threading.Tasks.Task`1[Microsoft.AspNetCore.Mvc.IActionResult] AppointmentList() on controller Homecare.Controllers.AppointmentController (api).
2025-12-04 01:42:03.288 +01:00 [INF] Executing OkObjectResult, writing value of type 'System.Linq.Enumerable+SelectListIterator`2[[Homecare.Models.Appointment, api, Version=1.0.0.0, Culture=neutral, PublicKeyToken=null],[Homecare.DTOs.AppointmentDto, api, Version=1.0.0.0, Culture=neutral, PublicKeyToken=null]]'.
2025-12-04 01:42:03.288 +01:00 [INF] Executed action Homecare.Controllers.AppointmentController.AppointmentList (api) in 1.4398ms
2025-12-04 01:42:03.288 +01:00 [INF] Executed endpoint 'Homecare.Controllers.AppointmentController.AppointmentList (api)'
2025-12-04 01:42:03.288 +01:00 [INF] Request finished HTTP/1.1 GET http://localhost:5169/api/Appointment/appointmentlist - 200 453 application/json; charset=utf-8 2.1909ms
2025-12-04 01:50:17.906 +01:00 [INF] Application is shutting down...
