2025-12-04 09:52:18.186 +01:00 [INF] No migrations were applied. The database is already up to date.
2025-12-04 09:52:18.278 +01:00 [INF] No migrations were applied. The database is already up to date.
2025-12-04 09:52:18.341 +01:00 [INF] User profile is available. Using 'C:\Users\Hiban\AppData\Local\ASP.NET\DataProtection-Keys' as key repository and Windows DPAPI to encrypt keys at rest.
2025-12-04 09:52:18.426 +01:00 [INF] Now listening on: http://localhost:5169
2025-12-04 09:52:18.429 +01:00 [INF] Application started. Press Ctrl+C to shut down.
2025-12-04 09:52:18.429 +01:00 [INF] Hosting environment: Development
2025-12-04 09:52:18.430 +01:00 [INF] Content root path: C:\WEBAPP\Homecare\api
2025-12-04 09:52:32.437 +01:00 [INF] Request starting HTTP/1.1 OPTIONS http://localhost:5169/api/Auth/login - null null
2025-12-04 09:52:32.510 +01:00 [INF] CORS policy execution successful.
2025-12-04 09:52:32.525 +01:00 [INF] Request finished HTTP/1.1 OPTIONS http://localhost:5169/api/Auth/login - 204 null null 93.2279ms
2025-12-04 09:52:32.531 +01:00 [INF] Request starting HTTP/1.1 POST http://localhost:5169/api/Auth/login - application/json 41
2025-12-04 09:52:32.538 +01:00 [INF] CORS policy execution successful.
2025-12-04 09:52:32.589 +01:00 [INF] Executing endpoint 'HomecareApp.Controllers.AuthController.Login (api)'
2025-12-04 09:52:32.645 +01:00 [INF] Route matched with {action = "Login", controller = "Auth"}. Executing controller action with signature System.Threading.Tasks.Task`1[Microsoft.AspNetCore.Mvc.IActionResult] Login(Homecare.DTOs.LoginDto) on controller HomecareApp.Controllers.AuthController (api).
2025-12-04 09:52:33.632 +01:00 [INF] [AuthAPIController] user authorised for test
2025-12-04 09:52:33.640 +01:00 [INF] [AuthAPIController] JWT token created for test
2025-12-04 09:52:33.693 +01:00 [INF] Executing OkObjectResult, writing value of type '<>f__AnonymousType2`1[[System.String, System.Private.CoreLib, Version=8.0.0.0, Culture=neutral, PublicKeyToken=7cec85d7bea7798e]]'.
2025-12-04 09:52:33.741 +01:00 [INF] Executed action HomecareApp.Controllers.AuthController.Login (api) in 1088.612ms
2025-12-04 09:52:33.741 +01:00 [INF] Executed endpoint 'HomecareApp.Controllers.AuthController.Login (api)'
2025-12-04 09:52:33.747 +01:00 [INF] Request finished HTTP/1.1 POST http://localhost:5169/api/Auth/login - 200 483 application/json; charset=utf-8 1215.4636ms
2025-12-04 10:01:15.808 +01:00 [INF] Application is shutting down...
