2025-12-04 03:53:59.230 +01:00 [INF] No migrations were applied. The database is already up to date.
2025-12-04 03:53:59.303 +01:00 [INF] No migrations were applied. The database is already up to date.
2025-12-04 03:53:59.366 +01:00 [INF] User profile is available. Using 'C:\Users\Hiban\AppData\Local\ASP.NET\DataProtection-Keys' as key repository and Windows DPAPI to encrypt keys at rest.
2025-12-04 03:53:59.408 +01:00 [INF] Now listening on: http://localhost:5169
2025-12-04 03:53:59.411 +01:00 [INF] Application started. Press Ctrl+C to shut down.
2025-12-04 03:53:59.411 +01:00 [INF] Hosting environment: Development
2025-12-04 03:53:59.413 +01:00 [INF] Content root path: C:\WEBAPP\Homecare\api
2025-12-04 03:54:30.256 +01:00 [INF] Request starting HTTP/1.1 OPTIONS http://localhost:5169/api/Auth/register - null null
2025-12-04 03:54:30.291 +01:00 [INF] CORS policy execution successful.
2025-12-04 03:54:30.301 +01:00 [INF] Request finished HTTP/1.1 OPTIONS http://localhost:5169/api/Auth/register - 204 null null 46.8639ms
2025-12-04 03:54:30.305 +01:00 [INF] Request starting HTTP/1.1 POST http://localhost:5169/api/Auth/register - application/json 66
2025-12-04 03:54:30.310 +01:00 [INF] CORS policy execution successful.
2025-12-04 03:54:30.350 +01:00 [INF] Executing endpoint 'HomecareApp.Controllers.AuthController.Register (api)'
2025-12-04 03:54:30.378 +01:00 [INF] Route matched with {action = "Register", controller = "Auth"}. Executing controller action with signature System.Threading.Tasks.Task`1[Microsoft.AspNetCore.Mvc.IActionResult] Register(Homecare.DTOs.RegisterDto) on controller HomecareApp.Controllers.AuthController (api).
2025-12-04 03:54:31.074 +01:00 [WRN] [AuthAPIController] user registration failed for yasmin
2025-12-04 03:54:31.089 +01:00 [INF] Executing BadRequestObjectResult, writing value of type 'System.Collections.Generic.List`1[[Microsoft.AspNetCore.Identity.IdentityError, Microsoft.Extensions.Identity.Core, Version=8.0.0.0, Culture=neutral, PublicKeyToken=adb9793829ddae60]]'.
2025-12-04 03:54:31.120 +01:00 [INF] Executed action HomecareApp.Controllers.AuthController.Register (api) in 738.9526ms
2025-12-04 03:54:31.120 +01:00 [INF] Executed endpoint 'HomecareApp.Controllers.AuthController.Register (api)'
2025-12-04 03:54:31.122 +01:00 [INF] Request finished HTTP/1.1 POST http://localhost:5169/api/Auth/register - 400 82 application/json; charset=utf-8 817.0487ms
2025-12-04 03:54:35.879 +01:00 [INF] Request starting HTTP/1.1 OPTIONS http://localhost:5169/api/Auth/register - null null
2025-12-04 03:54:35.882 +01:00 [INF] CORS policy execution successful.
2025-12-04 03:54:35.883 +01:00 [INF] Request finished HTTP/1.1 OPTIONS http://localhost:5169/api/Auth/register - 204 null null 4.1082ms
2025-12-04 03:54:35.884 +01:00 [INF] Request starting HTTP/1.1 POST http://localhost:5169/api/Auth/register - application/json 67
2025-12-04 03:54:35.885 +01:00 [INF] CORS policy execution successful.
2025-12-04 03:54:35.886 +01:00 [INF] Executing endpoint 'HomecareApp.Controllers.AuthController.Register (api)'
2025-12-04 03:54:35.887 +01:00 [INF] Route matched with {action = "Register", controller = "Auth"}. Executing controller action with signature System.Threading.Tasks.Task`1[Microsoft.AspNetCore.Mvc.IActionResult] Register(Homecare.DTOs.RegisterDto) on controller HomecareApp.Controllers.AuthController (api).
2025-12-04 03:54:36.231 +01:00 [INF] User created a new account with password.
2025-12-04 03:54:36.232 +01:00 [INF] Executing OkObjectResult, writing value of type '<>f__AnonymousType1`1[[System.String, System.Private.CoreLib, Version=8.0.0.0, Culture=neutral, PublicKeyToken=7cec85d7bea7798e]]'.
2025-12-04 03:54:36.239 +01:00 [INF] Executed action HomecareApp.Controllers.AuthController.Register (api) in 352.6498ms
2025-12-04 03:54:36.240 +01:00 [INF] Executed endpoint 'HomecareApp.Controllers.AuthController.Register (api)'
2025-12-04 03:54:36.240 +01:00 [INF] Request finished HTTP/1.1 POST http://localhost:5169/api/Auth/register - 200 42 application/json; charset=utf-8 355.454ms
2025-12-04 04:24:05.514 +01:00 [INF] Application is shutting down...
