2025-11-12 17:57:46.435 +01:00 [INF] Now listening on: http://localhost:5169
2025-11-12 17:57:46.443 +01:00 [INF] Application started. Press Ctrl+C to shut down.
2025-11-12 17:57:46.444 +01:00 [INF] Hosting environment: Development
2025-11-12 17:57:46.445 +01:00 [INF] Content root path: C:\Skrivebord\Exam\Homecare\api
2025-11-12 17:57:52.207 +01:00 [INF] Request starting HTTP/1.1 GET http://localhost:5169/api/ApiAvailableDay - null null
2025-11-12 17:57:52.306 +01:00 [INF] CORS policy execution successful.
2025-11-12 17:57:52.313 +01:00 [INF] Executing endpoint 'HomecareApp.Controllers.ApiAvailableDayController.GetAvailableDays (api)'
2025-11-12 17:57:52.351 +01:00 [INF] Route matched with {action = "GetAvailableDays", controller = "ApiAvailableDay"}. Executing controller action with signature System.Threading.Tasks.Task`1[Microsoft.AspNetCore.Mvc.ActionResult`1[System.Collections.Generic.IEnumerable`1[HomecareApp.Models.AvailableDay]]] GetAvailableDays() on controller HomecareApp.Controllers.ApiAvailableDayController (api).
2025-11-12 17:57:53.981 +01:00 [INF] Executing OkObjectResult, writing value of type 'System.Collections.Generic.List`1[[HomecareApp.Models.AvailableDay, api, Version=1.0.0.0, Culture=neutral, PublicKeyToken=null]]'.
2025-11-12 17:57:54.137 +01:00 [INF] Request starting HTTP/1.1 GET http://localhost:5169/api/Appointment/appointmentlist - null null
2025-11-12 17:57:54.149 +01:00 [INF] CORS policy execution successful.
2025-11-12 17:57:54.149 +01:00 [INF] Executing endpoint 'HomecareApp.Controllers.AppointmentController.AppointmentList (api)'
2025-11-12 17:57:54.156 +01:00 [INF] Route matched with {action = "AppointmentList", controller = "Appointment"}. Executing controller action with signature System.Threading.Tasks.Task`1[Microsoft.AspNetCore.Mvc.IActionResult] AppointmentList() on controller HomecareApp.Controllers.AppointmentController (api).
2025-11-12 17:57:54.257 +01:00 [INF] Executing OkObjectResult, writing value of type 'System.Linq.Enumerable+SelectListIterator`2[[HomecareApp.Models.Appointment, api, Version=1.0.0.0, Culture=neutral, PublicKeyToken=null],[HomecareApp.DTOs.AppointmentDto, api, Version=1.0.0.0, Culture=neutral, PublicKeyToken=null]]'.
2025-11-12 17:57:54.302 +01:00 [INF] Executed action HomecareApp.Controllers.AppointmentController.AppointmentList (api) in 137.9691ms
2025-11-12 17:57:54.304 +01:00 [INF] Executed endpoint 'HomecareApp.Controllers.AppointmentController.AppointmentList (api)'
2025-11-12 17:57:54.318 +01:00 [INF] Request finished HTTP/1.1 GET http://localhost:5169/api/Appointment/appointmentlist - 200 763 application/json; charset=utf-8 181.5014ms
2025-11-12 17:57:54.321 +01:00 [INF] Request starting HTTP/1.1 GET http://localhost:5169/api/Appointment/appointmentlist - null null
2025-11-12 17:57:54.325 +01:00 [INF] CORS policy execution successful.
2025-11-12 17:57:54.325 +01:00 [INF] Executing endpoint 'HomecareApp.Controllers.AppointmentController.AppointmentList (api)'
2025-11-12 17:57:54.326 +01:00 [INF] Route matched with {action = "AppointmentList", controller = "Appointment"}. Executing controller action with signature System.Threading.Tasks.Task`1[Microsoft.AspNetCore.Mvc.IActionResult] AppointmentList() on controller HomecareApp.Controllers.AppointmentController (api).
2025-11-12 17:57:54.461 +01:00 [INF] Executing OkObjectResult, writing value of type 'System.Linq.Enumerable+SelectListIterator`2[[HomecareApp.Models.Appointment, api, Version=1.0.0.0, Culture=neutral, PublicKeyToken=null],[HomecareApp.DTOs.AppointmentDto, api, Version=1.0.0.0, Culture=neutral, PublicKeyToken=null]]'.
2025-11-12 17:57:54.463 +01:00 [INF] Executed action HomecareApp.Controllers.AppointmentController.AppointmentList (api) in 137.1781ms
2025-11-12 17:57:54.463 +01:00 [INF] Executed endpoint 'HomecareApp.Controllers.AppointmentController.AppointmentList (api)'
2025-11-12 17:57:54.464 +01:00 [INF] Request finished HTTP/1.1 GET http://localhost:5169/api/Appointment/appointmentlist - 200 763 application/json; charset=utf-8 142.4827ms
2025-11-12 17:57:54.504 +01:00 [INF] Executed action HomecareApp.Controllers.ApiAvailableDayController.GetAvailableDays (api) in 2152.5506ms
2025-11-12 17:57:54.505 +01:00 [INF] Executed endpoint 'HomecareApp.Controllers.ApiAvailableDayController.GetAvailableDays (api)'
2025-11-12 17:57:54.509 +01:00 [INF] Request finished HTTP/1.1 GET http://localhost:5169/api/ApiAvailableDay - 200 402 application/json; charset=utf-8 2305.098ms
2025-11-12 17:57:54.510 +01:00 [INF] Request starting HTTP/1.1 GET http://localhost:5169/api/ApiAvailableDay - null null
2025-11-12 17:57:54.510 +01:00 [INF] CORS policy execution successful.
2025-11-12 17:57:54.510 +01:00 [INF] Executing endpoint 'HomecareApp.Controllers.ApiAvailableDayController.GetAvailableDays (api)'
2025-11-12 17:57:54.511 +01:00 [INF] Route matched with {action = "GetAvailableDays", controller = "ApiAvailableDay"}. Executing controller action with signature System.Threading.Tasks.Task`1[Microsoft.AspNetCore.Mvc.ActionResult`1[System.Collections.Generic.IEnumerable`1[HomecareApp.Models.AvailableDay]]] GetAvailableDays() on controller HomecareApp.Controllers.ApiAvailableDayController (api).
2025-11-12 17:57:54.614 +01:00 [INF] Executing OkObjectResult, writing value of type 'System.Collections.Generic.List`1[[HomecareApp.Models.AvailableDay, api, Version=1.0.0.0, Culture=neutral, PublicKeyToken=null]]'.
2025-11-12 17:57:54.620 +01:00 [INF] Executed action HomecareApp.Controllers.ApiAvailableDayController.GetAvailableDays (api) in 109.5663ms
2025-11-12 17:57:54.621 +01:00 [INF] Executed endpoint 'HomecareApp.Controllers.ApiAvailableDayController.GetAvailableDays (api)'
2025-11-12 17:57:54.621 +01:00 [INF] Request finished HTTP/1.1 GET http://localhost:5169/api/ApiAvailableDay - 200 402 application/json; charset=utf-8 111.3799ms
2025-11-12 17:59:12.597 +01:00 [INF] Request starting HTTP/1.1 GET http://localhost:5169/api/Appointment/appointmentlist - null null
2025-11-12 17:59:12.598 +01:00 [INF] CORS policy execution successful.
2025-11-12 17:59:12.598 +01:00 [INF] Executing endpoint 'HomecareApp.Controllers.AppointmentController.AppointmentList (api)'
2025-11-12 17:59:12.599 +01:00 [INF] Route matched with {action = "AppointmentList", controller = "Appointment"}. Executing controller action with signature System.Threading.Tasks.Task`1[Microsoft.AspNetCore.Mvc.IActionResult] AppointmentList() on controller HomecareApp.Controllers.AppointmentController (api).
2025-11-12 17:59:12.609 +01:00 [INF] Executing OkObjectResult, writing value of type 'System.Linq.Enumerable+SelectListIterator`2[[HomecareApp.Models.Appointment, api, Version=1.0.0.0, Culture=neutral, PublicKeyToken=null],[HomecareApp.DTOs.AppointmentDto, api, Version=1.0.0.0, Culture=neutral, PublicKeyToken=null]]'.
2025-11-12 17:59:12.610 +01:00 [INF] Executed action HomecareApp.Controllers.AppointmentController.AppointmentList (api) in 10.7594ms
2025-11-12 17:59:12.610 +01:00 [INF] Executed endpoint 'HomecareApp.Controllers.AppointmentController.AppointmentList (api)'
2025-11-12 17:59:12.610 +01:00 [INF] Request finished HTTP/1.1 GET http://localhost:5169/api/Appointment/appointmentlist - 200 763 application/json; charset=utf-8 12.9326ms
2025-11-12 17:59:13.478 +01:00 [INF] Request starting HTTP/1.1 GET http://localhost:5169/api/Appointment/appointmentlist - null null
2025-11-12 17:59:13.479 +01:00 [INF] CORS policy execution successful.
2025-11-12 17:59:13.479 +01:00 [INF] Executing endpoint 'HomecareApp.Controllers.AppointmentController.AppointmentList (api)'
2025-11-12 17:59:13.479 +01:00 [INF] Route matched with {action = "AppointmentList", controller = "Appointment"}. Executing controller action with signature System.Threading.Tasks.Task`1[Microsoft.AspNetCore.Mvc.IActionResult] AppointmentList() on controller HomecareApp.Controllers.AppointmentController (api).
2025-11-12 17:59:13.484 +01:00 [INF] Executing OkObjectResult, writing value of type 'System.Linq.Enumerable+SelectListIterator`2[[HomecareApp.Models.Appointment, api, Version=1.0.0.0, Culture=neutral, PublicKeyToken=null],[HomecareApp.DTOs.AppointmentDto, api, Version=1.0.0.0, Culture=neutral, PublicKeyToken=null]]'.
2025-11-12 17:59:13.487 +01:00 [INF] Executed action HomecareApp.Controllers.AppointmentController.AppointmentList (api) in 6.6486ms
2025-11-12 17:59:13.487 +01:00 [INF] Executed endpoint 'HomecareApp.Controllers.AppointmentController.AppointmentList (api)'
2025-11-12 17:59:13.487 +01:00 [INF] Request finished HTTP/1.1 GET http://localhost:5169/api/Appointment/appointmentlist - 200 763 application/json; charset=utf-8 8.7514ms
2025-11-12 17:59:21.376 +01:00 [INF] Request starting HTTP/1.1 GET http://localhost:5169/api/ApiAvailableDay - null null
2025-11-12 17:59:21.376 +01:00 [INF] CORS policy execution successful.
2025-11-12 17:59:21.377 +01:00 [INF] Executing endpoint 'HomecareApp.Controllers.ApiAvailableDayController.GetAvailableDays (api)'
2025-11-12 17:59:21.377 +01:00 [INF] Route matched with {action = "GetAvailableDays", controller = "ApiAvailableDay"}. Executing controller action with signature System.Threading.Tasks.Task`1[Microsoft.AspNetCore.Mvc.ActionResult`1[System.Collections.Generic.IEnumerable`1[HomecareApp.Models.AvailableDay]]] GetAvailableDays() on controller HomecareApp.Controllers.ApiAvailableDayController (api).
2025-11-12 17:59:21.493 +01:00 [INF] Executing OkObjectResult, writing value of type 'System.Collections.Generic.List`1[[HomecareApp.Models.AvailableDay, api, Version=1.0.0.0, Culture=neutral, PublicKeyToken=null]]'.
2025-11-12 17:59:21.500 +01:00 [INF] Executed action HomecareApp.Controllers.ApiAvailableDayController.GetAvailableDays (api) in 122.3426ms
2025-11-12 17:59:21.500 +01:00 [INF] Executed endpoint 'HomecareApp.Controllers.ApiAvailableDayController.GetAvailableDays (api)'
2025-11-12 17:59:21.501 +01:00 [INF] Request finished HTTP/1.1 GET http://localhost:5169/api/ApiAvailableDay - 200 402 application/json; charset=utf-8 124.514ms
2025-11-12 17:59:21.502 +01:00 [INF] Request starting HTTP/1.1 GET http://localhost:5169/api/ApiAvailableDay - null null
2025-11-12 17:59:21.502 +01:00 [INF] CORS policy execution successful.
2025-11-12 17:59:21.503 +01:00 [INF] Executing endpoint 'HomecareApp.Controllers.ApiAvailableDayController.GetAvailableDays (api)'
2025-11-12 17:59:21.503 +01:00 [INF] Route matched with {action = "GetAvailableDays", controller = "ApiAvailableDay"}. Executing controller action with signature System.Threading.Tasks.Task`1[Microsoft.AspNetCore.Mvc.ActionResult`1[System.Collections.Generic.IEnumerable`1[HomecareApp.Models.AvailableDay]]] GetAvailableDays() on controller HomecareApp.Controllers.ApiAvailableDayController (api).
2025-11-12 17:59:21.616 +01:00 [INF] Executing OkObjectResult, writing value of type 'System.Collections.Generic.List`1[[HomecareApp.Models.AvailableDay, api, Version=1.0.0.0, Culture=neutral, PublicKeyToken=null]]'.
2025-11-12 17:59:21.623 +01:00 [INF] Executed action HomecareApp.Controllers.ApiAvailableDayController.GetAvailableDays (api) in 119.8824ms
2025-11-12 17:59:21.623 +01:00 [INF] Executed endpoint 'HomecareApp.Controllers.ApiAvailableDayController.GetAvailableDays (api)'
2025-11-12 17:59:21.624 +01:00 [INF] Request finished HTTP/1.1 GET http://localhost:5169/api/ApiAvailableDay - 200 402 application/json; charset=utf-8 121.4542ms
2025-11-12 17:59:25.758 +01:00 [INF] Request starting HTTP/1.1 GET http://localhost:5169/api/ApiAvailableDay - null null
2025-11-12 17:59:25.759 +01:00 [INF] CORS policy execution successful.
2025-11-12 17:59:25.759 +01:00 [INF] Executing endpoint 'HomecareApp.Controllers.ApiAvailableDayController.GetAvailableDays (api)'
2025-11-12 17:59:25.759 +01:00 [INF] Route matched with {action = "GetAvailableDays", controller = "ApiAvailableDay"}. Executing controller action with signature System.Threading.Tasks.Task`1[Microsoft.AspNetCore.Mvc.ActionResult`1[System.Collections.Generic.IEnumerable`1[HomecareApp.Models.AvailableDay]]] GetAvailableDays() on controller HomecareApp.Controllers.ApiAvailableDayController (api).
2025-11-12 17:59:25.865 +01:00 [INF] Executing OkObjectResult, writing value of type 'System.Collections.Generic.List`1[[HomecareApp.Models.AvailableDay, api, Version=1.0.0.0, Culture=neutral, PublicKeyToken=null]]'.
2025-11-12 17:59:25.872 +01:00 [INF] Executed action HomecareApp.Controllers.ApiAvailableDayController.GetAvailableDays (api) in 112.6788ms
2025-11-12 17:59:25.872 +01:00 [INF] Executed endpoint 'HomecareApp.Controllers.ApiAvailableDayController.GetAvailableDays (api)'
2025-11-12 17:59:25.872 +01:00 [INF] Request finished HTTP/1.1 GET http://localhost:5169/api/ApiAvailableDay - 200 402 application/json; charset=utf-8 113.8299ms
2025-11-12 17:59:25.874 +01:00 [INF] Request starting HTTP/1.1 GET http://localhost:5169/api/ApiAvailableDay - null null
2025-11-12 17:59:25.874 +01:00 [INF] CORS policy execution successful.
2025-11-12 17:59:25.874 +01:00 [INF] Executing endpoint 'HomecareApp.Controllers.ApiAvailableDayController.GetAvailableDays (api)'
2025-11-12 17:59:25.874 +01:00 [INF] Route matched with {action = "GetAvailableDays", controller = "ApiAvailableDay"}. Executing controller action with signature System.Threading.Tasks.Task`1[Microsoft.AspNetCore.Mvc.ActionResult`1[System.Collections.Generic.IEnumerable`1[HomecareApp.Models.AvailableDay]]] GetAvailableDays() on controller HomecareApp.Controllers.ApiAvailableDayController (api).
2025-11-12 17:59:25.988 +01:00 [INF] Executing OkObjectResult, writing value of type 'System.Collections.Generic.List`1[[HomecareApp.Models.AvailableDay, api, Version=1.0.0.0, Culture=neutral, PublicKeyToken=null]]'.
2025-11-12 17:59:25.995 +01:00 [INF] Executed action HomecareApp.Controllers.ApiAvailableDayController.GetAvailableDays (api) in 120.4384ms
2025-11-12 17:59:25.995 +01:00 [INF] Executed endpoint 'HomecareApp.Controllers.ApiAvailableDayController.GetAvailableDays (api)'
2025-11-12 17:59:25.995 +01:00 [INF] Request finished HTTP/1.1 GET http://localhost:5169/api/ApiAvailableDay - 200 402 application/json; charset=utf-8 121.3223ms
2025-11-12 17:59:26.653 +01:00 [INF] Request starting HTTP/1.1 GET http://localhost:5169/api/Appointment/appointmentlist - null null
2025-11-12 17:59:26.654 +01:00 [INF] CORS policy execution successful.
2025-11-12 17:59:26.654 +01:00 [INF] Executing endpoint 'HomecareApp.Controllers.AppointmentController.AppointmentList (api)'
2025-11-12 17:59:26.654 +01:00 [INF] Route matched with {action = "AppointmentList", controller = "Appointment"}. Executing controller action with signature System.Threading.Tasks.Task`1[Microsoft.AspNetCore.Mvc.IActionResult] AppointmentList() on controller HomecareApp.Controllers.AppointmentController (api).
2025-11-12 17:59:26.657 +01:00 [INF] Executing OkObjectResult, writing value of type 'System.Linq.Enumerable+SelectListIterator`2[[HomecareApp.Models.Appointment, api, Version=1.0.0.0, Culture=neutral, PublicKeyToken=null],[HomecareApp.DTOs.AppointmentDto, api, Version=1.0.0.0, Culture=neutral, PublicKeyToken=null]]'.
2025-11-12 17:59:26.658 +01:00 [INF] Executed action HomecareApp.Controllers.AppointmentController.AppointmentList (api) in 4.2567ms
2025-11-12 17:59:26.658 +01:00 [INF] Executed endpoint 'HomecareApp.Controllers.AppointmentController.AppointmentList (api)'
2025-11-12 17:59:26.659 +01:00 [INF] Request finished HTTP/1.1 GET http://localhost:5169/api/Appointment/appointmentlist - 200 763 application/json; charset=utf-8 5.1976ms
2025-11-12 17:59:26.659 +01:00 [INF] Request starting HTTP/1.1 GET http://localhost:5169/api/Appointment/appointmentlist - null null
2025-11-12 17:59:26.660 +01:00 [INF] CORS policy execution successful.
2025-11-12 17:59:26.660 +01:00 [INF] Executing endpoint 'HomecareApp.Controllers.AppointmentController.AppointmentList (api)'
2025-11-12 17:59:26.660 +01:00 [INF] Route matched with {action = "AppointmentList", controller = "Appointment"}. Executing controller action with signature System.Threading.Tasks.Task`1[Microsoft.AspNetCore.Mvc.IActionResult] AppointmentList() on controller HomecareApp.Controllers.AppointmentController (api).
2025-11-12 17:59:26.662 +01:00 [INF] Executing OkObjectResult, writing value of type 'System.Linq.Enumerable+SelectListIterator`2[[HomecareApp.Models.Appointment, api, Version=1.0.0.0, Culture=neutral, PublicKeyToken=null],[HomecareApp.DTOs.AppointmentDto, api, Version=1.0.0.0, Culture=neutral, PublicKeyToken=null]]'.
2025-11-12 17:59:26.662 +01:00 [INF] Executed action HomecareApp.Controllers.AppointmentController.AppointmentList (api) in 1.8878ms
2025-11-12 17:59:26.662 +01:00 [INF] Executed endpoint 'HomecareApp.Controllers.AppointmentController.AppointmentList (api)'
2025-11-12 17:59:26.662 +01:00 [INF] Request finished HTTP/1.1 GET http://localhost:5169/api/Appointment/appointmentlist - 200 763 application/json; charset=utf-8 2.894ms
2025-11-12 17:59:27.506 +01:00 [INF] Request starting HTTP/1.1 GET http://localhost:5169/api/ApiAvailableDay - null null
2025-11-12 17:59:27.506 +01:00 [INF] CORS policy execution successful.
2025-11-12 17:59:27.506 +01:00 [INF] Executing endpoint 'HomecareApp.Controllers.ApiAvailableDayController.GetAvailableDays (api)'
2025-11-12 17:59:27.506 +01:00 [INF] Route matched with {action = "GetAvailableDays", controller = "ApiAvailableDay"}. Executing controller action with signature System.Threading.Tasks.Task`1[Microsoft.AspNetCore.Mvc.ActionResult`1[System.Collections.Generic.IEnumerable`1[HomecareApp.Models.AvailableDay]]] GetAvailableDays() on controller HomecareApp.Controllers.ApiAvailableDayController (api).
2025-11-12 17:59:27.618 +01:00 [INF] Executing OkObjectResult, writing value of type 'System.Collections.Generic.List`1[[HomecareApp.Models.AvailableDay, api, Version=1.0.0.0, Culture=neutral, PublicKeyToken=null]]'.
2025-11-12 17:59:27.625 +01:00 [INF] Executed action HomecareApp.Controllers.ApiAvailableDayController.GetAvailableDays (api) in 118.9293ms
2025-11-12 17:59:27.625 +01:00 [INF] Executed endpoint 'HomecareApp.Controllers.ApiAvailableDayController.GetAvailableDays (api)'
2025-11-12 17:59:27.625 +01:00 [INF] Request finished HTTP/1.1 GET http://localhost:5169/api/ApiAvailableDay - 200 402 application/json; charset=utf-8 119.7732ms
2025-11-12 17:59:27.627 +01:00 [INF] Request starting HTTP/1.1 GET http://localhost:5169/api/ApiAvailableDay - null null
2025-11-12 17:59:27.627 +01:00 [INF] CORS policy execution successful.
2025-11-12 17:59:27.627 +01:00 [INF] Executing endpoint 'HomecareApp.Controllers.ApiAvailableDayController.GetAvailableDays (api)'
2025-11-12 17:59:27.627 +01:00 [INF] Route matched with {action = "GetAvailableDays", controller = "ApiAvailableDay"}. Executing controller action with signature System.Threading.Tasks.Task`1[Microsoft.AspNetCore.Mvc.ActionResult`1[System.Collections.Generic.IEnumerable`1[HomecareApp.Models.AvailableDay]]] GetAvailableDays() on controller HomecareApp.Controllers.ApiAvailableDayController (api).
2025-11-12 17:59:27.730 +01:00 [INF] Executing OkObjectResult, writing value of type 'System.Collections.Generic.List`1[[HomecareApp.Models.AvailableDay, api, Version=1.0.0.0, Culture=neutral, PublicKeyToken=null]]'.
2025-11-12 17:59:27.734 +01:00 [INF] Executed action HomecareApp.Controllers.ApiAvailableDayController.GetAvailableDays (api) in 106.2789ms
2025-11-12 17:59:27.734 +01:00 [INF] Executed endpoint 'HomecareApp.Controllers.ApiAvailableDayController.GetAvailableDays (api)'
2025-11-12 17:59:27.734 +01:00 [INF] Request finished HTTP/1.1 GET http://localhost:5169/api/ApiAvailableDay - 200 402 application/json; charset=utf-8 107.2213ms
2025-11-12 17:59:30.825 +01:00 [INF] Request starting HTTP/1.1 GET http://localhost:5169/api/Appointment/appointmentlist - null null
2025-11-12 17:59:30.826 +01:00 [INF] CORS policy execution successful.
2025-11-12 17:59:30.826 +01:00 [INF] Executing endpoint 'HomecareApp.Controllers.AppointmentController.AppointmentList (api)'
2025-11-12 17:59:30.826 +01:00 [INF] Route matched with {action = "AppointmentList", controller = "Appointment"}. Executing controller action with signature System.Threading.Tasks.Task`1[Microsoft.AspNetCore.Mvc.IActionResult] AppointmentList() on controller HomecareApp.Controllers.AppointmentController (api).
2025-11-12 17:59:30.829 +01:00 [INF] Executing OkObjectResult, writing value of type 'System.Linq.Enumerable+SelectListIterator`2[[HomecareApp.Models.Appointment, api, Version=1.0.0.0, Culture=neutral, PublicKeyToken=null],[HomecareApp.DTOs.AppointmentDto, api, Version=1.0.0.0, Culture=neutral, PublicKeyToken=null]]'.
2025-11-12 17:59:30.829 +01:00 [INF] Executed action HomecareApp.Controllers.AppointmentController.AppointmentList (api) in 3.444ms
2025-11-12 17:59:30.830 +01:00 [INF] Executed endpoint 'HomecareApp.Controllers.AppointmentController.AppointmentList (api)'
2025-11-12 17:59:30.830 +01:00 [INF] Request finished HTTP/1.1 GET http://localhost:5169/api/Appointment/appointmentlist - 200 763 application/json; charset=utf-8 5.2652ms
2025-11-12 17:59:30.832 +01:00 [INF] Request starting HTTP/1.1 GET http://localhost:5169/api/Appointment/appointmentlist - null null
2025-11-12 17:59:30.832 +01:00 [INF] CORS policy execution successful.
2025-11-12 17:59:30.832 +01:00 [INF] Executing endpoint 'HomecareApp.Controllers.AppointmentController.AppointmentList (api)'
2025-11-12 17:59:30.832 +01:00 [INF] Route matched with {action = "AppointmentList", controller = "Appointment"}. Executing controller action with signature System.Threading.Tasks.Task`1[Microsoft.AspNetCore.Mvc.IActionResult] AppointmentList() on controller HomecareApp.Controllers.AppointmentController (api).
2025-11-12 17:59:30.834 +01:00 [INF] Executing OkObjectResult, writing value of type 'System.Linq.Enumerable+SelectListIterator`2[[HomecareApp.Models.Appointment, api, Version=1.0.0.0, Culture=neutral, PublicKeyToken=null],[HomecareApp.DTOs.AppointmentDto, api, Version=1.0.0.0, Culture=neutral, PublicKeyToken=null]]'.
2025-11-12 17:59:30.835 +01:00 [INF] Executed action HomecareApp.Controllers.AppointmentController.AppointmentList (api) in 2.7087ms
2025-11-12 17:59:30.835 +01:00 [INF] Executed endpoint 'HomecareApp.Controllers.AppointmentController.AppointmentList (api)'
2025-11-12 17:59:30.835 +01:00 [INF] Request finished HTTP/1.1 GET http://localhost:5169/api/Appointment/appointmentlist - 200 763 application/json; charset=utf-8 3.3187ms
2025-11-12 17:59:33.571 +01:00 [INF] Request starting HTTP/1.1 GET http://localhost:5169/api/ApiAvailableDay - null null
2025-11-12 17:59:33.572 +01:00 [INF] CORS policy execution successful.
2025-11-12 17:59:33.573 +01:00 [INF] Executing endpoint 'HomecareApp.Controllers.ApiAvailableDayController.GetAvailableDays (api)'
2025-11-12 17:59:33.574 +01:00 [INF] Route matched with {action = "GetAvailableDays", controller = "ApiAvailableDay"}. Executing controller action with signature System.Threading.Tasks.Task`1[Microsoft.AspNetCore.Mvc.ActionResult`1[System.Collections.Generic.IEnumerable`1[HomecareApp.Models.AvailableDay]]] GetAvailableDays() on controller HomecareApp.Controllers.ApiAvailableDayController (api).
2025-11-12 17:59:33.689 +01:00 [INF] Executing OkObjectResult, writing value of type 'System.Collections.Generic.List`1[[HomecareApp.Models.AvailableDay, api, Version=1.0.0.0, Culture=neutral, PublicKeyToken=null]]'.
2025-11-12 17:59:33.693 +01:00 [INF] Executed action HomecareApp.Controllers.ApiAvailableDayController.GetAvailableDays (api) in 119.3934ms
2025-11-12 17:59:33.693 +01:00 [INF] Executed endpoint 'HomecareApp.Controllers.ApiAvailableDayController.GetAvailableDays (api)'
2025-11-12 17:59:33.694 +01:00 [INF] Request finished HTTP/1.1 GET http://localhost:5169/api/ApiAvailableDay - 200 402 application/json; charset=utf-8 124.6352ms
2025-11-12 17:59:33.695 +01:00 [INF] Request starting HTTP/1.1 GET http://localhost:5169/api/ApiAvailableDay - null null
2025-11-12 17:59:33.695 +01:00 [INF] CORS policy execution successful.
2025-11-12 17:59:33.696 +01:00 [INF] Executing endpoint 'HomecareApp.Controllers.ApiAvailableDayController.GetAvailableDays (api)'
2025-11-12 17:59:33.696 +01:00 [INF] Route matched with {action = "GetAvailableDays", controller = "ApiAvailableDay"}. Executing controller action with signature System.Threading.Tasks.Task`1[Microsoft.AspNetCore.Mvc.ActionResult`1[System.Collections.Generic.IEnumerable`1[HomecareApp.Models.AvailableDay]]] GetAvailableDays() on controller HomecareApp.Controllers.ApiAvailableDayController (api).
2025-11-12 17:59:33.809 +01:00 [INF] Executing OkObjectResult, writing value of type 'System.Collections.Generic.List`1[[HomecareApp.Models.AvailableDay, api, Version=1.0.0.0, Culture=neutral, PublicKeyToken=null]]'.
2025-11-12 17:59:33.814 +01:00 [INF] Executed action HomecareApp.Controllers.ApiAvailableDayController.GetAvailableDays (api) in 118.213ms
2025-11-12 17:59:33.815 +01:00 [INF] Executed endpoint 'HomecareApp.Controllers.ApiAvailableDayController.GetAvailableDays (api)'
2025-11-12 17:59:33.815 +01:00 [INF] Request finished HTTP/1.1 GET http://localhost:5169/api/ApiAvailableDay - 200 402 application/json; charset=utf-8 119.7322ms
2025-11-12 17:59:49.043 +01:00 [INF] Request starting HTTP/1.1 GET http://localhost:5169/api/ApiAvailableDay - null null
2025-11-12 17:59:49.043 +01:00 [INF] CORS policy execution successful.
2025-11-12 17:59:49.043 +01:00 [INF] Executing endpoint 'HomecareApp.Controllers.ApiAvailableDayController.GetAvailableDays (api)'
2025-11-12 17:59:49.043 +01:00 [INF] Route matched with {action = "GetAvailableDays", controller = "ApiAvailableDay"}. Executing controller action with signature System.Threading.Tasks.Task`1[Microsoft.AspNetCore.Mvc.ActionResult`1[System.Collections.Generic.IEnumerable`1[HomecareApp.Models.AvailableDay]]] GetAvailableDays() on controller HomecareApp.Controllers.ApiAvailableDayController (api).
2025-11-12 17:59:49.148 +01:00 [INF] Executing OkObjectResult, writing value of type 'System.Collections.Generic.List`1[[HomecareApp.Models.AvailableDay, api, Version=1.0.0.0, Culture=neutral, PublicKeyToken=null]]'.
2025-11-12 17:59:49.153 +01:00 [INF] Executed action HomecareApp.Controllers.ApiAvailableDayController.GetAvailableDays (api) in 109.8869ms
2025-11-12 17:59:49.153 +01:00 [INF] Executed endpoint 'HomecareApp.Controllers.ApiAvailableDayController.GetAvailableDays (api)'
2025-11-12 17:59:49.154 +01:00 [INF] Request finished HTTP/1.1 GET http://localhost:5169/api/ApiAvailableDay - 200 402 application/json; charset=utf-8 111.2846ms
2025-11-12 17:59:49.156 +01:00 [INF] Request starting HTTP/1.1 GET http://localhost:5169/api/ApiAvailableDay - null null
2025-11-12 17:59:49.156 +01:00 [INF] CORS policy execution successful.
2025-11-12 17:59:49.156 +01:00 [INF] Executing endpoint 'HomecareApp.Controllers.ApiAvailableDayController.GetAvailableDays (api)'
2025-11-12 17:59:49.156 +01:00 [INF] Route matched with {action = "GetAvailableDays", controller = "ApiAvailableDay"}. Executing controller action with signature System.Threading.Tasks.Task`1[Microsoft.AspNetCore.Mvc.ActionResult`1[System.Collections.Generic.IEnumerable`1[HomecareApp.Models.AvailableDay]]] GetAvailableDays() on controller HomecareApp.Controllers.ApiAvailableDayController (api).
2025-11-12 17:59:49.262 +01:00 [INF] Executing OkObjectResult, writing value of type 'System.Collections.Generic.List`1[[HomecareApp.Models.AvailableDay, api, Version=1.0.0.0, Culture=neutral, PublicKeyToken=null]]'.
2025-11-12 17:59:49.266 +01:00 [INF] Executed action HomecareApp.Controllers.ApiAvailableDayController.GetAvailableDays (api) in 109.9315ms
2025-11-12 17:59:49.267 +01:00 [INF] Executed endpoint 'HomecareApp.Controllers.ApiAvailableDayController.GetAvailableDays (api)'
2025-11-12 17:59:49.267 +01:00 [INF] Request finished HTTP/1.1 GET http://localhost:5169/api/ApiAvailableDay - 200 402 application/json; charset=utf-8 110.963ms
2025-11-12 17:59:50.675 +01:00 [INF] Request starting HTTP/1.1 GET http://localhost:5169/api/Appointment/appointmentlist - null null
2025-11-12 17:59:50.675 +01:00 [INF] CORS policy execution successful.
2025-11-12 17:59:50.675 +01:00 [INF] Executing endpoint 'HomecareApp.Controllers.AppointmentController.AppointmentList (api)'
2025-11-12 17:59:50.675 +01:00 [INF] Route matched with {action = "AppointmentList", controller = "Appointment"}. Executing controller action with signature System.Threading.Tasks.Task`1[Microsoft.AspNetCore.Mvc.IActionResult] AppointmentList() on controller HomecareApp.Controllers.AppointmentController (api).
2025-11-12 17:59:50.678 +01:00 [INF] Executing OkObjectResult, writing value of type 'System.Linq.Enumerable+SelectListIterator`2[[HomecareApp.Models.Appointment, api, Version=1.0.0.0, Culture=neutral, PublicKeyToken=null],[HomecareApp.DTOs.AppointmentDto, api, Version=1.0.0.0, Culture=neutral, PublicKeyToken=null]]'.
2025-11-12 17:59:50.679 +01:00 [INF] Executed action HomecareApp.Controllers.AppointmentController.AppointmentList (api) in 3.436ms
2025-11-12 17:59:50.679 +01:00 [INF] Executed endpoint 'HomecareApp.Controllers.AppointmentController.AppointmentList (api)'
2025-11-12 17:59:50.679 +01:00 [INF] Request finished HTTP/1.1 GET http://localhost:5169/api/Appointment/appointmentlist - 200 763 application/json; charset=utf-8 4.6512ms
2025-11-12 17:59:50.681 +01:00 [INF] Request starting HTTP/1.1 GET http://localhost:5169/api/Appointment/appointmentlist - null null
2025-11-12 17:59:50.682 +01:00 [INF] CORS policy execution successful.
2025-11-12 17:59:50.682 +01:00 [INF] Executing endpoint 'HomecareApp.Controllers.AppointmentController.AppointmentList (api)'
2025-11-12 17:59:50.682 +01:00 [INF] Route matched with {action = "AppointmentList", controller = "Appointment"}. Executing controller action with signature System.Threading.Tasks.Task`1[Microsoft.AspNetCore.Mvc.IActionResult] AppointmentList() on controller HomecareApp.Controllers.AppointmentController (api).
2025-11-12 17:59:50.684 +01:00 [INF] Executing OkObjectResult, writing value of type 'System.Linq.Enumerable+SelectListIterator`2[[HomecareApp.Models.Appointment, api, Version=1.0.0.0, Culture=neutral, PublicKeyToken=null],[HomecareApp.DTOs.AppointmentDto, api, Version=1.0.0.0, Culture=neutral, PublicKeyToken=null]]'.
2025-11-12 17:59:50.684 +01:00 [INF] Executed action HomecareApp.Controllers.AppointmentController.AppointmentList (api) in 2.2858ms
2025-11-12 17:59:50.684 +01:00 [INF] Executed endpoint 'HomecareApp.Controllers.AppointmentController.AppointmentList (api)'
2025-11-12 17:59:50.685 +01:00 [INF] Request finished HTTP/1.1 GET http://localhost:5169/api/Appointment/appointmentlist - 200 763 application/json; charset=utf-8 3.1724ms
2025-11-12 17:59:51.998 +01:00 [INF] Request starting HTTP/1.1 GET http://localhost:5169/api/ApiAvailableDay - null null
2025-11-12 17:59:51.999 +01:00 [INF] CORS policy execution successful.
2025-11-12 17:59:51.999 +01:00 [INF] Executing endpoint 'HomecareApp.Controllers.ApiAvailableDayController.GetAvailableDays (api)'
2025-11-12 17:59:51.999 +01:00 [INF] Route matched with {action = "GetAvailableDays", controller = "ApiAvailableDay"}. Executing controller action with signature System.Threading.Tasks.Task`1[Microsoft.AspNetCore.Mvc.ActionResult`1[System.Collections.Generic.IEnumerable`1[HomecareApp.Models.AvailableDay]]] GetAvailableDays() on controller HomecareApp.Controllers.ApiAvailableDayController (api).
2025-11-12 17:59:52.115 +01:00 [INF] Executing OkObjectResult, writing value of type 'System.Collections.Generic.List`1[[HomecareApp.Models.AvailableDay, api, Version=1.0.0.0, Culture=neutral, PublicKeyToken=null]]'.
2025-11-12 17:59:52.119 +01:00 [INF] Executed action HomecareApp.Controllers.ApiAvailableDayController.GetAvailableDays (api) in 120.3835ms
2025-11-12 17:59:52.119 +01:00 [INF] Executed endpoint 'HomecareApp.Controllers.ApiAvailableDayController.GetAvailableDays (api)'
2025-11-12 17:59:52.120 +01:00 [INF] Request finished HTTP/1.1 GET http://localhost:5169/api/ApiAvailableDay - 200 402 application/json; charset=utf-8 121.4669ms
2025-11-12 17:59:52.122 +01:00 [INF] Request starting HTTP/1.1 GET http://localhost:5169/api/ApiAvailableDay - null null
2025-11-12 17:59:52.122 +01:00 [INF] CORS policy execution successful.
2025-11-12 17:59:52.122 +01:00 [INF] Executing endpoint 'HomecareApp.Controllers.ApiAvailableDayController.GetAvailableDays (api)'
2025-11-12 17:59:52.123 +01:00 [INF] Route matched with {action = "GetAvailableDays", controller = "ApiAvailableDay"}. Executing controller action with signature System.Threading.Tasks.Task`1[Microsoft.AspNetCore.Mvc.ActionResult`1[System.Collections.Generic.IEnumerable`1[HomecareApp.Models.AvailableDay]]] GetAvailableDays() on controller HomecareApp.Controllers.ApiAvailableDayController (api).
2025-11-12 17:59:52.231 +01:00 [INF] Executing OkObjectResult, writing value of type 'System.Collections.Generic.List`1[[HomecareApp.Models.AvailableDay, api, Version=1.0.0.0, Culture=neutral, PublicKeyToken=null]]'.
2025-11-12 17:59:52.235 +01:00 [INF] Executed action HomecareApp.Controllers.ApiAvailableDayController.GetAvailableDays (api) in 112.3389ms
2025-11-12 17:59:52.235 +01:00 [INF] Executed endpoint 'HomecareApp.Controllers.ApiAvailableDayController.GetAvailableDays (api)'
2025-11-12 17:59:52.235 +01:00 [INF] Request finished HTTP/1.1 GET http://localhost:5169/api/ApiAvailableDay - 200 402 application/json; charset=utf-8 113.5212ms
2025-11-12 17:59:55.224 +01:00 [INF] Request starting HTTP/1.1 GET http://localhost:5169/api/ApiAvailableDay - null null
2025-11-12 17:59:55.225 +01:00 [INF] CORS policy execution successful.
2025-11-12 17:59:55.225 +01:00 [INF] Executing endpoint 'HomecareApp.Controllers.ApiAvailableDayController.GetAvailableDays (api)'
2025-11-12 17:59:55.225 +01:00 [INF] Route matched with {action = "GetAvailableDays", controller = "ApiAvailableDay"}. Executing controller action with signature System.Threading.Tasks.Task`1[Microsoft.AspNetCore.Mvc.ActionResult`1[System.Collections.Generic.IEnumerable`1[HomecareApp.Models.AvailableDay]]] GetAvailableDays() on controller HomecareApp.Controllers.ApiAvailableDayController (api).
2025-11-12 17:59:55.333 +01:00 [INF] Executing OkObjectResult, writing value of type 'System.Collections.Generic.List`1[[HomecareApp.Models.AvailableDay, api, Version=1.0.0.0, Culture=neutral, PublicKeyToken=null]]'.
2025-11-12 17:59:55.338 +01:00 [INF] Executed action HomecareApp.Controllers.ApiAvailableDayController.GetAvailableDays (api) in 112.9483ms
2025-11-12 17:59:55.338 +01:00 [INF] Executed endpoint 'HomecareApp.Controllers.ApiAvailableDayController.GetAvailableDays (api)'
2025-11-12 17:59:55.339 +01:00 [INF] Request finished HTTP/1.1 GET http://localhost:5169/api/ApiAvailableDay - 200 402 application/json; charset=utf-8 114.0214ms
2025-11-12 17:59:56.657 +01:00 [INF] Request starting HTTP/1.1 GET http://localhost:5169/api/Appointment/appointmentlist - null null
2025-11-12 17:59:56.658 +01:00 [INF] CORS policy execution successful.
2025-11-12 17:59:56.658 +01:00 [INF] Executing endpoint 'HomecareApp.Controllers.AppointmentController.AppointmentList (api)'
2025-11-12 17:59:56.658 +01:00 [INF] Route matched with {action = "AppointmentList", controller = "Appointment"}. Executing controller action with signature System.Threading.Tasks.Task`1[Microsoft.AspNetCore.Mvc.IActionResult] AppointmentList() on controller HomecareApp.Controllers.AppointmentController (api).
2025-11-12 17:59:56.660 +01:00 [INF] Executing OkObjectResult, writing value of type 'System.Linq.Enumerable+SelectListIterator`2[[HomecareApp.Models.Appointment, api, Version=1.0.0.0, Culture=neutral, PublicKeyToken=null],[HomecareApp.DTOs.AppointmentDto, api, Version=1.0.0.0, Culture=neutral, PublicKeyToken=null]]'.
2025-11-12 17:59:56.660 +01:00 [INF] Executed action HomecareApp.Controllers.AppointmentController.AppointmentList (api) in 2.1862ms
2025-11-12 17:59:56.660 +01:00 [INF] Executed endpoint 'HomecareApp.Controllers.AppointmentController.AppointmentList (api)'
2025-11-12 17:59:56.660 +01:00 [INF] Request finished HTTP/1.1 GET http://localhost:5169/api/Appointment/appointmentlist - 200 763 application/json; charset=utf-8 3.1436ms
2025-11-12 17:59:56.662 +01:00 [INF] Request starting HTTP/1.1 GET http://localhost:5169/api/Appointment/appointmentlist - null null
2025-11-12 17:59:56.662 +01:00 [INF] CORS policy execution successful.
2025-11-12 17:59:56.662 +01:00 [INF] Executing endpoint 'HomecareApp.Controllers.AppointmentController.AppointmentList (api)'
2025-11-12 17:59:56.662 +01:00 [INF] Route matched with {action = "AppointmentList", controller = "Appointment"}. Executing controller action with signature System.Threading.Tasks.Task`1[Microsoft.AspNetCore.Mvc.IActionResult] AppointmentList() on controller HomecareApp.Controllers.AppointmentController (api).
2025-11-12 17:59:56.664 +01:00 [INF] Executing OkObjectResult, writing value of type 'System.Linq.Enumerable+SelectListIterator`2[[HomecareApp.Models.Appointment, api, Version=1.0.0.0, Culture=neutral, PublicKeyToken=null],[HomecareApp.DTOs.AppointmentDto, api, Version=1.0.0.0, Culture=neutral, PublicKeyToken=null]]'.
2025-11-12 17:59:56.664 +01:00 [INF] Executed action HomecareApp.Controllers.AppointmentController.AppointmentList (api) in 1.8955ms
2025-11-12 17:59:56.664 +01:00 [INF] Executed endpoint 'HomecareApp.Controllers.AppointmentController.AppointmentList (api)'
2025-11-12 17:59:56.664 +01:00 [INF] Request finished HTTP/1.1 GET http://localhost:5169/api/Appointment/appointmentlist - 200 763 application/json; charset=utf-8 2.5251ms
2025-11-12 17:59:57.410 +01:00 [INF] Request starting HTTP/1.1 GET http://localhost:5169/api/ApiAvailableDay - null null
2025-11-12 17:59:57.411 +01:00 [INF] CORS policy execution successful.
2025-11-12 17:59:57.411 +01:00 [INF] Executing endpoint 'HomecareApp.Controllers.ApiAvailableDayController.GetAvailableDays (api)'
2025-11-12 17:59:57.411 +01:00 [INF] Route matched with {action = "GetAvailableDays", controller = "ApiAvailableDay"}. Executing controller action with signature System.Threading.Tasks.Task`1[Microsoft.AspNetCore.Mvc.ActionResult`1[System.Collections.Generic.IEnumerable`1[HomecareApp.Models.AvailableDay]]] GetAvailableDays() on controller HomecareApp.Controllers.ApiAvailableDayController (api).
2025-11-12 17:59:57.526 +01:00 [INF] Executing OkObjectResult, writing value of type 'System.Collections.Generic.List`1[[HomecareApp.Models.AvailableDay, api, Version=1.0.0.0, Culture=neutral, PublicKeyToken=null]]'.
2025-11-12 17:59:57.531 +01:00 [INF] Executed action HomecareApp.Controllers.ApiAvailableDayController.GetAvailableDays (api) in 120.1385ms
2025-11-12 17:59:57.531 +01:00 [INF] Executed endpoint 'HomecareApp.Controllers.ApiAvailableDayController.GetAvailableDays (api)'
2025-11-12 17:59:57.531 +01:00 [INF] Request finished HTTP/1.1 GET http://localhost:5169/api/ApiAvailableDay - 200 402 application/json; charset=utf-8 120.9971ms
2025-11-12 17:59:57.533 +01:00 [INF] Request starting HTTP/1.1 GET http://localhost:5169/api/ApiAvailableDay - null null
2025-11-12 17:59:57.534 +01:00 [INF] CORS policy execution successful.
2025-11-12 17:59:57.534 +01:00 [INF] Executing endpoint 'HomecareApp.Controllers.ApiAvailableDayController.GetAvailableDays (api)'
2025-11-12 17:59:57.534 +01:00 [INF] Route matched with {action = "GetAvailableDays", controller = "ApiAvailableDay"}. Executing controller action with signature System.Threading.Tasks.Task`1[Microsoft.AspNetCore.Mvc.ActionResult`1[System.Collections.Generic.IEnumerable`1[HomecareApp.Models.AvailableDay]]] GetAvailableDays() on controller HomecareApp.Controllers.ApiAvailableDayController (api).
2025-11-12 17:59:57.642 +01:00 [INF] Executing OkObjectResult, writing value of type 'System.Collections.Generic.List`1[[HomecareApp.Models.AvailableDay, api, Version=1.0.0.0, Culture=neutral, PublicKeyToken=null]]'.
2025-11-12 17:59:57.647 +01:00 [INF] Executed action HomecareApp.Controllers.ApiAvailableDayController.GetAvailableDays (api) in 113.3961ms
2025-11-12 17:59:57.647 +01:00 [INF] Executed endpoint 'HomecareApp.Controllers.ApiAvailableDayController.GetAvailableDays (api)'
2025-11-12 17:59:57.647 +01:00 [INF] Request finished HTTP/1.1 GET http://localhost:5169/api/ApiAvailableDay - 200 402 application/json; charset=utf-8 114.262ms
2025-11-12 18:00:58.057 +01:00 [INF] Application is shutting down...
