2025-11-02 16:41:23.589 +01:00 [INF] Now listening on: http://localhost:5169
2025-11-02 16:41:23.595 +01:00 [INF] Application started. Press Ctrl+C to shut down.
2025-11-02 16:41:23.596 +01:00 [INF] Hosting environment: Development
2025-11-02 16:41:23.596 +01:00 [INF] Content root path: C:\Homecare\api
2025-11-02 16:41:26.632 +01:00 [INF] Request starting HTTP/1.1 GET http://localhost:5169/ - null null
2025-11-02 16:41:26.700 +01:00 [INF] Request finished HTTP/1.1 GET http://localhost:5169/ - 404 0 null 69.6709ms
2025-11-02 16:41:26.706 +01:00 [INF] Request reached the end of the middleware pipeline without being handled by application code. Request path: GET http://localhost:5169/, Response status code: 404
2025-11-02 16:41:37.208 +01:00 [INF] Request starting HTTP/1.1 GET http://localhost:5169/swagger/index.html - null null
2025-11-02 16:41:37.300 +01:00 [INF] Request finished HTTP/1.1 GET http://localhost:5169/swagger/index.html - 200 null text/html;charset=utf-8 92.2259ms
2025-11-02 16:41:37.374 +01:00 [INF] Request starting HTTP/1.1 GET http://localhost:5169/swagger/v1/swagger.json - null null
2025-11-02 16:41:37.539 +01:00 [INF] Request finished HTTP/1.1 GET http://localhost:5169/swagger/v1/swagger.json - 200 null application/json;charset=utf-8 165.455ms
2025-11-02 16:44:09.475 +01:00 [INF] Request starting HTTP/1.1 POST http://localhost:5169/api/ApiAvailableDay - application/json 232
2025-11-02 16:44:09.486 +01:00 [INF] CORS policy execution successful.
2025-11-02 16:44:09.489 +01:00 [INF] Executing endpoint 'HomecareApp.Controllers.ApiAvailableDayController.PostAvailableDay (api)'
2025-11-02 16:44:09.537 +01:00 [INF] Route matched with {action = "PostAvailableDay", controller = "ApiAvailableDay"}. Executing controller action with signature System.Threading.Tasks.Task`1[Microsoft.AspNetCore.Mvc.ActionResult`1[HomecareApp.Models.AvailableDay]] PostAvailableDay(HomecareApp.Models.AvailableDay) on controller HomecareApp.Controllers.ApiAvailableDayController (api).
2025-11-02 16:44:09.867 +01:00 [INF] Executing BadRequestObjectResult, writing value of type 'Microsoft.AspNetCore.Mvc.ValidationProblemDetails'.
2025-11-02 16:44:09.921 +01:00 [INF] Executed action HomecareApp.Controllers.ApiAvailableDayController.PostAvailableDay (api) in 375.5191ms
2025-11-02 16:44:09.921 +01:00 [INF] Executed endpoint 'HomecareApp.Controllers.ApiAvailableDayController.PostAvailableDay (api)'
2025-11-02 16:44:09.923 +01:00 [INF] Request finished HTTP/1.1 POST http://localhost:5169/api/ApiAvailableDay - 400 null application/problem+json; charset=utf-8 448.1206ms
2025-11-02 16:44:12.442 +01:00 [INF] Request starting HTTP/1.1 POST http://localhost:5169/api/ApiAvailableDay - application/json 232
2025-11-02 16:44:12.445 +01:00 [INF] CORS policy execution successful.
2025-11-02 16:44:12.445 +01:00 [INF] Executing endpoint 'HomecareApp.Controllers.ApiAvailableDayController.PostAvailableDay (api)'
2025-11-02 16:44:12.445 +01:00 [INF] Route matched with {action = "PostAvailableDay", controller = "ApiAvailableDay"}. Executing controller action with signature System.Threading.Tasks.Task`1[Microsoft.AspNetCore.Mvc.ActionResult`1[HomecareApp.Models.AvailableDay]] PostAvailableDay(HomecareApp.Models.AvailableDay) on controller HomecareApp.Controllers.ApiAvailableDayController (api).
2025-11-02 16:44:12.458 +01:00 [INF] Executing BadRequestObjectResult, writing value of type 'Microsoft.AspNetCore.Mvc.ValidationProblemDetails'.
2025-11-02 16:44:12.459 +01:00 [INF] Executed action HomecareApp.Controllers.ApiAvailableDayController.PostAvailableDay (api) in 13.3222ms
2025-11-02 16:44:12.459 +01:00 [INF] Executed endpoint 'HomecareApp.Controllers.ApiAvailableDayController.PostAvailableDay (api)'
2025-11-02 16:44:12.459 +01:00 [INF] Request finished HTTP/1.1 POST http://localhost:5169/api/ApiAvailableDay - 400 null application/problem+json; charset=utf-8 17.2051ms
2025-11-02 16:59:28.305 +01:00 [INF] Application is shutting down...
