2025-11-13 14:07:50.941 +01:00 [INF] Now listening on: http://localhost:5169
2025-11-13 14:07:50.947 +01:00 [INF] Application started. Press Ctrl+C to shut down.
2025-11-13 14:07:50.947 +01:00 [INF] Hosting environment: Development
2025-11-13 14:07:50.947 +01:00 [INF] Content root path: C:\Skrivebord\Exam\Homecare\api
2025-11-13 14:08:14.563 +01:00 [INF] Request starting HTTP/1.1 GET http://localhost:5169/api/ApiAvailableDay - null null
2025-11-13 14:08:14.665 +01:00 [INF] CORS policy execution successful.
2025-11-13 14:08:14.696 +01:00 [INF] Request finished HTTP/1.1 GET http://localhost:5169/api/ApiAvailableDay - 404 0 null 136.5889ms
2025-11-13 14:08:14.704 +01:00 [INF] Request reached the end of the middleware pipeline without being handled by application code. Request path: GET http://localhost:5169/api/ApiAvailableDay, Response status code: 404
2025-11-13 14:08:14.706 +01:00 [INF] Request starting HTTP/1.1 GET http://localhost:5169/api/ApiAvailableDay - null null
2025-11-13 14:08:14.709 +01:00 [INF] CORS policy execution successful.
2025-11-13 14:08:14.710 +01:00 [INF] Request finished HTTP/1.1 GET http://localhost:5169/api/ApiAvailableDay - 404 0 null 4.814ms
2025-11-13 14:08:14.711 +01:00 [INF] Request reached the end of the middleware pipeline without being handled by application code. Request path: GET http://localhost:5169/api/ApiAvailableDay, Response status code: 404
2025-11-13 14:08:25.370 +01:00 [INF] Request starting HTTP/1.1 GET http://localhost:5169/api/ApiAvailableDay - null null
2025-11-13 14:08:25.373 +01:00 [INF] CORS policy execution successful.
2025-11-13 14:08:25.373 +01:00 [INF] Request finished HTTP/1.1 GET http://localhost:5169/api/ApiAvailableDay - 404 0 null 3.3625ms
2025-11-13 14:08:25.373 +01:00 [INF] Request reached the end of the middleware pipeline without being handled by application code. Request path: GET http://localhost:5169/api/ApiAvailableDay, Response status code: 404
2025-11-13 14:08:25.375 +01:00 [INF] Request starting HTTP/1.1 GET http://localhost:5169/api/ApiAvailableDay - null null
2025-11-13 14:08:25.375 +01:00 [INF] CORS policy execution successful.
2025-11-13 14:08:25.375 +01:00 [INF] Request finished HTTP/1.1 GET http://localhost:5169/api/ApiAvailableDay - 404 0 null 0.36ms
2025-11-13 14:08:25.375 +01:00 [INF] Request reached the end of the middleware pipeline without being handled by application code. Request path: GET http://localhost:5169/api/ApiAvailableDay, Response status code: 404
2025-11-13 14:08:28.075 +01:00 [INF] Request starting HTTP/1.1 GET http://localhost:5169/api/ApiAvailableDay - null null
2025-11-13 14:08:28.076 +01:00 [INF] CORS policy execution successful.
2025-11-13 14:08:28.077 +01:00 [INF] Request finished HTTP/1.1 GET http://localhost:5169/api/ApiAvailableDay - 404 0 null 1.5921ms
2025-11-13 14:08:28.077 +01:00 [INF] Request reached the end of the middleware pipeline without being handled by application code. Request path: GET http://localhost:5169/api/ApiAvailableDay, Response status code: 404
2025-11-13 14:08:29.444 +01:00 [INF] Request starting HTTP/1.1 GET http://localhost:5169/api/Appointment/appointmentlist - null null
2025-11-13 14:08:29.446 +01:00 [INF] CORS policy execution successful.
2025-11-13 14:08:29.510 +01:00 [INF] Executing endpoint 'HomecareApp.Controllers.AppointmentController.AppointmentList (api)'
2025-11-13 14:08:29.544 +01:00 [INF] Route matched with {action = "AppointmentList", controller = "Appointment"}. Executing controller action with signature System.Threading.Tasks.Task`1[Microsoft.AspNetCore.Mvc.IActionResult] AppointmentList() on controller HomecareApp.Controllers.AppointmentController (api).
2025-11-13 14:08:31.175 +01:00 [INF] Executing OkObjectResult, writing value of type 'System.Linq.Enumerable+SelectListIterator`2[[HomecareApp.Models.Appointment, api, Version=1.0.0.0, Culture=neutral, PublicKeyToken=null],[HomecareApp.DTOs.AppointmentDto, api, Version=1.0.0.0, Culture=neutral, PublicKeyToken=null]]'.
2025-11-13 14:08:31.291 +01:00 [INF] Executed action HomecareApp.Controllers.AppointmentController.AppointmentList (api) in 1741.8608ms
2025-11-13 14:08:31.291 +01:00 [INF] Executed endpoint 'HomecareApp.Controllers.AppointmentController.AppointmentList (api)'
2025-11-13 14:08:31.312 +01:00 [INF] Request finished HTTP/1.1 GET http://localhost:5169/api/Appointment/appointmentlist - 200 763 application/json; charset=utf-8 1867.5177ms
2025-11-13 14:08:31.312 +01:00 [INF] Request starting HTTP/1.1 GET http://localhost:5169/api/Appointment/appointmentlist - null null
2025-11-13 14:08:31.314 +01:00 [INF] CORS policy execution successful.
2025-11-13 14:08:31.314 +01:00 [INF] Executing endpoint 'HomecareApp.Controllers.AppointmentController.AppointmentList (api)'
2025-11-13 14:08:31.315 +01:00 [INF] Route matched with {action = "AppointmentList", controller = "Appointment"}. Executing controller action with signature System.Threading.Tasks.Task`1[Microsoft.AspNetCore.Mvc.IActionResult] AppointmentList() on controller HomecareApp.Controllers.AppointmentController (api).
2025-11-13 14:08:31.347 +01:00 [INF] Executing OkObjectResult, writing value of type 'System.Linq.Enumerable+SelectListIterator`2[[HomecareApp.Models.Appointment, api, Version=1.0.0.0, Culture=neutral, PublicKeyToken=null],[HomecareApp.DTOs.AppointmentDto, api, Version=1.0.0.0, Culture=neutral, PublicKeyToken=null]]'.
2025-11-13 14:08:31.348 +01:00 [INF] Executed action HomecareApp.Controllers.AppointmentController.AppointmentList (api) in 33.2048ms
2025-11-13 14:08:31.348 +01:00 [INF] Executed endpoint 'HomecareApp.Controllers.AppointmentController.AppointmentList (api)'
2025-11-13 14:08:31.349 +01:00 [INF] Request finished HTTP/1.1 GET http://localhost:5169/api/Appointment/appointmentlist - 200 763 application/json; charset=utf-8 36.2085ms
2025-11-13 14:08:38.114 +01:00 [INF] Application is shutting down...
