2025-11-22 19:19:56.669 +01:00 [INF] User profile is available. Using 'C:\Users\Bruker\AppData\Local\ASP.NET\DataProtection-Keys' as key repository and Windows DPAPI to encrypt keys at rest.
2025-11-22 19:19:56.740 +01:00 [INF] Creating key {0c8594d1-0b62-4ba1-aa11-c19836770945} with creation date 2025-11-22 18:19:56Z, activation date 2025-11-22 18:19:56Z, and expiration date 2026-02-20 18:19:56Z.
2025-11-22 19:19:56.749 +01:00 [INF] Writing data to file 'C:\Users\Bruker\AppData\Local\ASP.NET\DataProtection-Keys\key-0c8594d1-0b62-4ba1-aa11-c19836770945.xml'.
2025-11-22 19:19:56.806 +01:00 [INF] Now listening on: http://localhost:5169
2025-11-22 19:19:56.811 +01:00 [INF] Application started. Press Ctrl+C to shut down.
2025-11-22 19:19:56.811 +01:00 [INF] Hosting environment: Development
2025-11-22 19:19:56.811 +01:00 [INF] Content root path: C:\Skrivebord\Exam\Homecare\api
2025-11-22 19:20:10.129 +01:00 [INF] Request starting HTTP/1.1 GET http://localhost:5169/ - null null
2025-11-22 19:20:10.323 +01:00 [ERR] An unhandled exception has occurred while executing the request.
System.InvalidOperationException: JWT key not found in configuration.
   at Program.<>c__DisplayClass0_0.<<Main>$>b__6(JwtBearerOptions options) in C:\Skrivebord\Exam\Homecare\api\Program.cs:line 92
   at Microsoft.Extensions.Options.ConfigureNamedOptions`1.Configure(String name, TOptions options)
   at Microsoft.Extensions.Options.OptionsFactory`1.Create(String name)
   at Microsoft.Extensions.Options.OptionsMonitor`1.<>c.<Get>b__10_0(String name, IOptionsFactory`1 factory)
   at Microsoft.Extensions.Options.OptionsCache`1.<>c__DisplayClass3_1`1.<GetOrAdd>b__2()
   at System.Lazy`1.ViaFactory(LazyThreadSafetyMode mode)
   at System.Lazy`1.ExecutionAndPublication(LazyHelper executionAndPublication, Boolean useDefaultConstructor)
   at System.Lazy`1.CreateValue()
   at Microsoft.Extensions.Options.OptionsCache`1.GetOrAdd[TArg](String name, Func`3 createOptions, TArg factoryArgument)
   at Microsoft.Extensions.Options.OptionsMonitor`1.Get(String name)
   at Microsoft.AspNetCore.Authentication.AuthenticationHandler`1.InitializeAsync(AuthenticationScheme scheme, HttpContext context)
   at Microsoft.AspNetCore.Authentication.AuthenticationHandlerProvider.GetHandlerAsync(HttpContext context, String authenticationScheme)
   at Microsoft.AspNetCore.Authentication.AuthenticationService.AuthenticateAsync(HttpContext context, String scheme)
   at Microsoft.AspNetCore.Authentication.AuthenticationMiddleware.Invoke(HttpContext context)
   at Swashbuckle.AspNetCore.SwaggerUI.SwaggerUIMiddleware.Invoke(HttpContext httpContext)
   at Swashbuckle.AspNetCore.Swagger.SwaggerMiddleware.Invoke(HttpContext httpContext, ISwaggerProvider swaggerProvider)
   at Microsoft.AspNetCore.Diagnostics.DeveloperExceptionPageMiddlewareImpl.Invoke(HttpContext context)
2025-11-22 19:20:10.374 +01:00 [INF] Request finished HTTP/1.1 GET http://localhost:5169/ - 500 null text/html; charset=utf-8 247.2229ms
2025-11-22 19:20:10.492 +01:00 [INF] Request starting HTTP/1.1 GET http://localhost:5169/favicon.ico - null null
2025-11-22 19:20:10.500 +01:00 [ERR] An unhandled exception has occurred while executing the request.
System.InvalidOperationException: JWT key not found in configuration.
   at Program.<>c__DisplayClass0_0.<<Main>$>b__6(JwtBearerOptions options) in C:\Skrivebord\Exam\Homecare\api\Program.cs:line 92
   at Microsoft.Extensions.Options.ConfigureNamedOptions`1.Configure(String name, TOptions options)
   at Microsoft.Extensions.Options.OptionsFactory`1.Create(String name)
   at Microsoft.Extensions.Options.OptionsMonitor`1.<>c.<Get>b__10_0(String name, IOptionsFactory`1 factory)
   at Microsoft.Extensions.Options.OptionsCache`1.<>c__DisplayClass3_1`1.<GetOrAdd>b__2()
   at System.Lazy`1.ViaFactory(LazyThreadSafetyMode mode)
--- End of stack trace from previous location ---
   at System.Lazy`1.CreateValue()
   at Microsoft.Extensions.Options.OptionsCache`1.GetOrAdd[TArg](String name, Func`3 createOptions, TArg factoryArgument)
   at Microsoft.Extensions.Options.OptionsMonitor`1.Get(String name)
   at Microsoft.AspNetCore.Authentication.AuthenticationHandler`1.InitializeAsync(AuthenticationScheme scheme, HttpContext context)
   at Microsoft.AspNetCore.Authentication.AuthenticationHandlerProvider.GetHandlerAsync(HttpContext context, String authenticationScheme)
   at Microsoft.AspNetCore.Authentication.AuthenticationService.AuthenticateAsync(HttpContext context, String scheme)
   at Microsoft.AspNetCore.Authentication.AuthenticationMiddleware.Invoke(HttpContext context)
   at Swashbuckle.AspNetCore.SwaggerUI.SwaggerUIMiddleware.Invoke(HttpContext httpContext)
   at Swashbuckle.AspNetCore.Swagger.SwaggerMiddleware.Invoke(HttpContext httpContext, ISwaggerProvider swaggerProvider)
   at Microsoft.AspNetCore.Diagnostics.DeveloperExceptionPageMiddlewareImpl.Invoke(HttpContext context)
2025-11-22 19:20:10.509 +01:00 [INF] Request finished HTTP/1.1 GET http://localhost:5169/favicon.ico - 500 null text/plain; charset=utf-8 16.0842ms
2025-11-22 19:22:17.148 +01:00 [INF] Application is shutting down...
