2025-12-15 01:02:40.191 +01:00 [INF] No migrations were applied. The database is already up to date.
2025-12-15 01:02:40.252 +01:00 [INF] No migrations were applied. The database is already up to date.
2025-12-15 01:02:40.336 +01:00 [INF] User profile is available. Using 'C:\Users\Hiban\AppData\Local\ASP.NET\DataProtection-Keys' as key repository and Windows DPAPI to encrypt keys at rest.
2025-12-15 01:02:40.375 +01:00 [INF] Now listening on: http://localhost:5169
2025-12-15 01:02:40.379 +01:00 [INF] Application started. Press Ctrl+C to shut down.
2025-12-15 01:02:40.380 +01:00 [INF] Hosting environment: Development
2025-12-15 01:02:40.380 +01:00 [INF] Content root path: C:\Users\Hiban\Downloads\TEST_EKSAMEN_WEBAPP\Homecare\api
2025-12-15 01:02:46.982 +01:00 [INF] Request starting HTTP/1.1 OPTIONS http://localhost:5169/api/Appointment/appointmentlist - null null
2025-12-15 01:02:46.982 +01:00 [INF] Request starting HTTP/1.1 OPTIONS http://localhost:5169/api/Appointment/appointmentlist - null null
2025-12-15 01:02:47.030 +01:00 [INF] CORS policy execution successful.
2025-12-15 01:02:47.030 +01:00 [INF] CORS policy execution successful.
2025-12-15 01:02:47.038 +01:00 [INF] Request finished HTTP/1.1 OPTIONS http://localhost:5169/api/Appointment/appointmentlist - 204 null null 60.6924ms
2025-12-15 01:02:47.038 +01:00 [INF] Request finished HTTP/1.1 OPTIONS http://localhost:5169/api/Appointment/appointmentlist - 204 null null 59.4695ms
2025-12-15 01:02:47.042 +01:00 [INF] Request starting HTTP/1.1 GET http://localhost:5169/api/Appointment/appointmentlist - application/json null
2025-12-15 01:02:47.055 +01:00 [INF] CORS policy execution successful.
2025-12-15 01:02:47.204 +01:00 [INF] Executing endpoint 'Homecare.Controllers.AppointmentController.AppointmentList (api)'
2025-12-15 01:02:47.238 +01:00 [INF] Route matched with {action = "AppointmentList", controller = "Appointment"}. Executing controller action with signature System.Threading.Tasks.Task`1[Microsoft.AspNetCore.Mvc.IActionResult] AppointmentList() on controller Homecare.Controllers.AppointmentController (api).
2025-12-15 01:02:47.792 +01:00 [INF] Executing OkObjectResult, writing value of type 'System.Linq.Enumerable+SelectListIterator`2[[Homecare.Models.Appointment, api, Version=1.0.0.0, Culture=neutral, PublicKeyToken=null],[Homecare.DTOs.AppointmentDto, api, Version=1.0.0.0, Culture=neutral, PublicKeyToken=null]]'.
2025-12-15 01:02:47.911 +01:00 [INF] Executed action Homecare.Controllers.AppointmentController.AppointmentList (api) in 667.5784ms
2025-12-15 01:02:47.912 +01:00 [INF] Executed endpoint 'Homecare.Controllers.AppointmentController.AppointmentList (api)'
2025-12-15 01:02:47.923 +01:00 [INF] Request finished HTTP/1.1 GET http://localhost:5169/api/Appointment/appointmentlist - 200 213 application/json; charset=utf-8 880.6232ms
2025-12-15 01:02:47.924 +01:00 [INF] Request starting HTTP/1.1 GET http://localhost:5169/api/Appointment/appointmentlist - application/json null
2025-12-15 01:02:47.925 +01:00 [INF] CORS policy execution successful.
2025-12-15 01:02:47.927 +01:00 [INF] Executing endpoint 'Homecare.Controllers.AppointmentController.AppointmentList (api)'
2025-12-15 01:02:47.928 +01:00 [INF] Route matched with {action = "AppointmentList", controller = "Appointment"}. Executing controller action with signature System.Threading.Tasks.Task`1[Microsoft.AspNetCore.Mvc.IActionResult] AppointmentList() on controller Homecare.Controllers.AppointmentController (api).
2025-12-15 01:02:48.039 +01:00 [INF] Executing OkObjectResult, writing value of type 'System.Linq.Enumerable+SelectListIterator`2[[Homecare.Models.Appointment, api, Version=1.0.0.0, Culture=neutral, PublicKeyToken=null],[Homecare.DTOs.AppointmentDto, api, Version=1.0.0.0, Culture=neutral, PublicKeyToken=null]]'.
2025-12-15 01:02:48.040 +01:00 [INF] Executed action Homecare.Controllers.AppointmentController.AppointmentList (api) in 112.1431ms
2025-12-15 01:02:48.040 +01:00 [INF] Executed endpoint 'Homecare.Controllers.AppointmentController.AppointmentList (api)'
2025-12-15 01:02:48.041 +01:00 [INF] Request finished HTTP/1.1 GET http://localhost:5169/api/Appointment/appointmentlist - 200 213 application/json; charset=utf-8 116.8126ms
2025-12-15 01:02:51.881 +01:00 [INF] Request starting HTTP/1.1 OPTIONS http://localhost:5169/api/Appointment/cancel/12 - null null
2025-12-15 01:02:51.882 +01:00 [INF] CORS policy execution successful.
2025-12-15 01:02:51.882 +01:00 [INF] Request finished HTTP/1.1 OPTIONS http://localhost:5169/api/Appointment/cancel/12 - 204 null null 0.9293ms
2025-12-15 01:02:51.884 +01:00 [INF] Request starting HTTP/1.1 PUT http://localhost:5169/api/Appointment/cancel/12 - application/json 0
2025-12-15 01:02:51.885 +01:00 [INF] CORS policy execution successful.
2025-12-15 01:02:51.889 +01:00 [INF] Executing endpoint 'Homecare.Controllers.AppointmentController.CancelAppointment (api)'
2025-12-15 01:02:51.907 +01:00 [INF] Route matched with {action = "CancelAppointment", controller = "Appointment"}. Executing controller action with signature System.Threading.Tasks.Task`1[Microsoft.AspNetCore.Mvc.IActionResult] CancelAppointment(Int32) on controller Homecare.Controllers.AppointmentController (api).
2025-12-15 01:02:52.289 +01:00 [INF] Executing OkObjectResult, writing value of type 'Castle.Proxies.AppointmentProxy'.
2025-12-15 01:02:52.440 +01:00 [INF] Executed action Homecare.Controllers.AppointmentController.CancelAppointment (api) in 532.036ms
2025-12-15 01:02:52.440 +01:00 [INF] Executed endpoint 'Homecare.Controllers.AppointmentController.CancelAppointment (api)'
2025-12-15 01:02:52.440 +01:00 [INF] Request finished HTTP/1.1 PUT http://localhost:5169/api/Appointment/cancel/12 - 200 406 application/json; charset=utf-8 556.1139ms
2025-12-15 01:02:58.963 +01:00 [INF] Request starting HTTP/1.1 OPTIONS http://localhost:5169/api/AvailableDay/availabledays - null null
2025-12-15 01:02:58.963 +01:00 [INF] Request starting HTTP/1.1 OPTIONS http://localhost:5169/api/AvailableDay/availabledays - null null
2025-12-15 01:02:58.963 +01:00 [INF] CORS policy execution successful.
2025-12-15 01:02:58.963 +01:00 [INF] CORS policy execution successful.
2025-12-15 01:02:58.964 +01:00 [INF] Request finished HTTP/1.1 OPTIONS http://localhost:5169/api/AvailableDay/availabledays - 204 null null 0.7527ms
2025-12-15 01:02:58.964 +01:00 [INF] Request finished HTTP/1.1 OPTIONS http://localhost:5169/api/AvailableDay/availabledays - 204 null null 0.81ms
2025-12-15 01:02:58.965 +01:00 [INF] Request starting HTTP/1.1 GET http://localhost:5169/api/AvailableDay/availabledays - application/json null
2025-12-15 01:02:58.967 +01:00 [INF] CORS policy execution successful.
2025-12-15 01:02:58.973 +01:00 [INF] Executing endpoint 'Homecare.Controllers.AvailableDayController.GetAvailableDays (api)'
2025-12-15 01:02:58.978 +01:00 [INF] Route matched with {action = "GetAvailableDays", controller = "AvailableDay"}. Executing controller action with signature System.Threading.Tasks.Task`1[Microsoft.AspNetCore.Mvc.IActionResult] GetAvailableDays() on controller Homecare.Controllers.AvailableDayController (api).
2025-12-15 01:02:58.994 +01:00 [INF] Executing OkObjectResult, writing value of type 'System.Linq.Enumerable+SelectListIterator`2[[Homecare.Models.AvailableDay, api, Version=1.0.0.0, Culture=neutral, PublicKeyToken=null],[Homecare.DTOs.AvailableDayDto, api, Version=1.0.0.0, Culture=neutral, PublicKeyToken=null]]'.
2025-12-15 01:02:58.999 +01:00 [INF] Executed action Homecare.Controllers.AvailableDayController.GetAvailableDays (api) in 21.2067ms
2025-12-15 01:02:58.999 +01:00 [INF] Executed endpoint 'Homecare.Controllers.AvailableDayController.GetAvailableDays (api)'
2025-12-15 01:02:59.000 +01:00 [INF] Request finished HTTP/1.1 GET http://localhost:5169/api/AvailableDay/availabledays - 200 652 application/json; charset=utf-8 34.2335ms
2025-12-15 01:02:59.001 +01:00 [INF] Request starting HTTP/1.1 GET http://localhost:5169/api/AvailableDay/availabledays - application/json null
2025-12-15 01:02:59.001 +01:00 [INF] CORS policy execution successful.
2025-12-15 01:02:59.003 +01:00 [INF] Executing endpoint 'Homecare.Controllers.AvailableDayController.GetAvailableDays (api)'
2025-12-15 01:02:59.004 +01:00 [INF] Route matched with {action = "GetAvailableDays", controller = "AvailableDay"}. Executing controller action with signature System.Threading.Tasks.Task`1[Microsoft.AspNetCore.Mvc.IActionResult] GetAvailableDays() on controller Homecare.Controllers.AvailableDayController (api).
2025-12-15 01:02:59.007 +01:00 [INF] Executing OkObjectResult, writing value of type 'System.Linq.Enumerable+SelectListIterator`2[[Homecare.Models.AvailableDay, api, Version=1.0.0.0, Culture=neutral, PublicKeyToken=null],[Homecare.DTOs.AvailableDayDto, api, Version=1.0.0.0, Culture=neutral, PublicKeyToken=null]]'.
2025-12-15 01:02:59.008 +01:00 [INF] Executed action Homecare.Controllers.AvailableDayController.GetAvailableDays (api) in 4.4228ms
2025-12-15 01:02:59.008 +01:00 [INF] Executed endpoint 'Homecare.Controllers.AvailableDayController.GetAvailableDays (api)'
2025-12-15 01:02:59.009 +01:00 [INF] Request finished HTTP/1.1 GET http://localhost:5169/api/AvailableDay/availabledays - 200 652 application/json; charset=utf-8 7.8438ms
2025-12-15 01:03:00.016 +01:00 [INF] Request starting HTTP/1.1 OPTIONS http://localhost:5169/api/Appointment/appointmentlist - null null
2025-12-15 01:03:00.017 +01:00 [INF] CORS policy execution successful.
2025-12-15 01:03:00.017 +01:00 [INF] Request finished HTTP/1.1 OPTIONS http://localhost:5169/api/Appointment/appointmentlist - 204 null null 0.3765ms
2025-12-15 01:03:00.017 +01:00 [INF] Request starting HTTP/1.1 OPTIONS http://localhost:5169/api/Appointment/appointmentlist - null null
2025-12-15 01:03:00.017 +01:00 [INF] CORS policy execution successful.
2025-12-15 01:03:00.017 +01:00 [INF] Request finished HTTP/1.1 OPTIONS http://localhost:5169/api/Appointment/appointmentlist - 204 null null 0.5876ms
2025-12-15 01:03:00.018 +01:00 [INF] Request starting HTTP/1.1 GET http://localhost:5169/api/Appointment/appointmentlist - application/json null
2025-12-15 01:03:00.019 +01:00 [INF] CORS policy execution successful.
2025-12-15 01:03:00.019 +01:00 [INF] Executing endpoint 'Homecare.Controllers.AppointmentController.AppointmentList (api)'
2025-12-15 01:03:00.019 +01:00 [INF] Route matched with {action = "AppointmentList", controller = "Appointment"}. Executing controller action with signature System.Threading.Tasks.Task`1[Microsoft.AspNetCore.Mvc.IActionResult] AppointmentList() on controller Homecare.Controllers.AppointmentController (api).
2025-12-15 01:03:00.022 +01:00 [INF] Executing OkObjectResult, writing value of type 'System.Linq.Enumerable+SelectListIterator`2[[Homecare.Models.Appointment, api, Version=1.0.0.0, Culture=neutral, PublicKeyToken=null],[Homecare.DTOs.AppointmentDto, api, Version=1.0.0.0, Culture=neutral, PublicKeyToken=null]]'.
2025-12-15 01:03:00.023 +01:00 [INF] Executed action Homecare.Controllers.AppointmentController.AppointmentList (api) in 3.7035ms
2025-12-15 01:03:00.023 +01:00 [INF] Executed endpoint 'Homecare.Controllers.AppointmentController.AppointmentList (api)'
2025-12-15 01:03:00.023 +01:00 [INF] Request finished HTTP/1.1 GET http://localhost:5169/api/Appointment/appointmentlist - 200 213 application/json; charset=utf-8 4.8979ms
2025-12-15 01:03:00.025 +01:00 [INF] Request starting HTTP/1.1 GET http://localhost:5169/api/Appointment/appointmentlist - application/json null
2025-12-15 01:03:00.026 +01:00 [INF] CORS policy execution successful.
2025-12-15 01:03:00.026 +01:00 [INF] Executing endpoint 'Homecare.Controllers.AppointmentController.AppointmentList (api)'
2025-12-15 01:03:00.026 +01:00 [INF] Route matched with {action = "AppointmentList", controller = "Appointment"}. Executing controller action with signature System.Threading.Tasks.Task`1[Microsoft.AspNetCore.Mvc.IActionResult] AppointmentList() on controller Homecare.Controllers.AppointmentController (api).
2025-12-15 01:03:00.028 +01:00 [INF] Executing OkObjectResult, writing value of type 'System.Linq.Enumerable+SelectListIterator`2[[Homecare.Models.Appointment, api, Version=1.0.0.0, Culture=neutral, PublicKeyToken=null],[Homecare.DTOs.AppointmentDto, api, Version=1.0.0.0, Culture=neutral, PublicKeyToken=null]]'.
2025-12-15 01:03:00.029 +01:00 [INF] Executed action Homecare.Controllers.AppointmentController.AppointmentList (api) in 2.4331ms
2025-12-15 01:03:00.029 +01:00 [INF] Executed endpoint 'Homecare.Controllers.AppointmentController.AppointmentList (api)'
2025-12-15 01:03:00.029 +01:00 [INF] Request finished HTTP/1.1 GET http://localhost:5169/api/Appointment/appointmentlist - 200 213 application/json; charset=utf-8 3.6464ms
2025-12-15 01:03:03.111 +01:00 [INF] Request starting HTTP/1.1 GET http://localhost:5169/api/AvailableDay/availabledays - application/json null
2025-12-15 01:03:03.113 +01:00 [INF] CORS policy execution successful.
2025-12-15 01:03:03.115 +01:00 [INF] Executing endpoint 'Homecare.Controllers.AvailableDayController.GetAvailableDays (api)'
2025-12-15 01:03:03.115 +01:00 [INF] Route matched with {action = "GetAvailableDays", controller = "AvailableDay"}. Executing controller action with signature System.Threading.Tasks.Task`1[Microsoft.AspNetCore.Mvc.IActionResult] GetAvailableDays() on controller Homecare.Controllers.AvailableDayController (api).
2025-12-15 01:03:03.118 +01:00 [INF] Executing OkObjectResult, writing value of type 'System.Linq.Enumerable+SelectListIterator`2[[Homecare.Models.AvailableDay, api, Version=1.0.0.0, Culture=neutral, PublicKeyToken=null],[Homecare.DTOs.AvailableDayDto, api, Version=1.0.0.0, Culture=neutral, PublicKeyToken=null]]'.
2025-12-15 01:03:03.118 +01:00 [INF] Executed action Homecare.Controllers.AvailableDayController.GetAvailableDays (api) in 3.4363ms
2025-12-15 01:03:03.118 +01:00 [INF] Executed endpoint 'Homecare.Controllers.AvailableDayController.GetAvailableDays (api)'
2025-12-15 01:03:03.119 +01:00 [INF] Request finished HTTP/1.1 GET http://localhost:5169/api/AvailableDay/availabledays - 200 652 application/json; charset=utf-8 7.3914ms
2025-12-15 01:03:03.121 +01:00 [INF] Request starting HTTP/1.1 GET http://localhost:5169/api/AvailableDay/availabledays - application/json null
2025-12-15 01:03:03.122 +01:00 [INF] CORS policy execution successful.
2025-12-15 01:03:03.122 +01:00 [INF] Executing endpoint 'Homecare.Controllers.AvailableDayController.GetAvailableDays (api)'
2025-12-15 01:03:03.122 +01:00 [INF] Route matched with {action = "GetAvailableDays", controller = "AvailableDay"}. Executing controller action with signature System.Threading.Tasks.Task`1[Microsoft.AspNetCore.Mvc.IActionResult] GetAvailableDays() on controller Homecare.Controllers.AvailableDayController (api).
2025-12-15 01:03:03.125 +01:00 [INF] Executing OkObjectResult, writing value of type 'System.Linq.Enumerable+SelectListIterator`2[[Homecare.Models.AvailableDay, api, Version=1.0.0.0, Culture=neutral, PublicKeyToken=null],[Homecare.DTOs.AvailableDayDto, api, Version=1.0.0.0, Culture=neutral, PublicKeyToken=null]]'.
2025-12-15 01:03:03.125 +01:00 [INF] Executed action Homecare.Controllers.AvailableDayController.GetAvailableDays (api) in 2.5008ms
2025-12-15 01:03:03.125 +01:00 [INF] Executed endpoint 'Homecare.Controllers.AvailableDayController.GetAvailableDays (api)'
2025-12-15 01:03:03.125 +01:00 [INF] Request finished HTTP/1.1 GET http://localhost:5169/api/AvailableDay/availabledays - 200 652 application/json; charset=utf-8 4.2128ms
2025-12-15 01:03:13.487 +01:00 [INF] Request starting HTTP/1.1 OPTIONS http://localhost:5169/api/Appointment/create - null null
2025-12-15 01:03:13.487 +01:00 [INF] CORS policy execution successful.
2025-12-15 01:03:13.488 +01:00 [INF] Request finished HTTP/1.1 OPTIONS http://localhost:5169/api/Appointment/create - 204 null null 0.9103ms
2025-12-15 01:03:13.490 +01:00 [INF] Request starting HTTP/1.1 POST http://localhost:5169/api/Appointment/create - application/json 194
2025-12-15 01:03:13.490 +01:00 [INF] CORS policy execution successful.
2025-12-15 01:03:13.490 +01:00 [INF] Executing endpoint 'Homecare.Controllers.AppointmentController.Create (api)'
2025-12-15 01:03:13.498 +01:00 [INF] Route matched with {action = "Create", controller = "Appointment"}. Executing controller action with signature System.Threading.Tasks.Task`1[Microsoft.AspNetCore.Mvc.IActionResult] Create(Homecare.DTOs.AppointmentDto) on controller Homecare.Controllers.AppointmentController (api).
2025-12-15 01:03:13.669 +01:00 [INF] Executing CreatedAtActionResult, writing value of type 'Homecare.Models.Appointment'.
2025-12-15 01:03:13.694 +01:00 [INF] Executed action Homecare.Controllers.AppointmentController.Create (api) in 195.7406ms
2025-12-15 01:03:13.694 +01:00 [INF] Executed endpoint 'Homecare.Controllers.AppointmentController.Create (api)'
2025-12-15 01:03:13.694 +01:00 [INF] Request finished HTTP/1.1 POST http://localhost:5169/api/Appointment/create - 201 233 application/json; charset=utf-8 204.7521ms
2025-12-15 01:03:15.707 +01:00 [INF] Request starting HTTP/1.1 OPTIONS http://localhost:5169/api/AvailableDay/availabledays - null null
2025-12-15 01:03:15.708 +01:00 [INF] CORS policy execution successful.
2025-12-15 01:03:15.708 +01:00 [INF] Request finished HTTP/1.1 OPTIONS http://localhost:5169/api/AvailableDay/availabledays - 204 null null 0.764ms
2025-12-15 01:03:15.710 +01:00 [INF] Request starting HTTP/1.1 GET http://localhost:5169/api/AvailableDay/availabledays - application/json null
2025-12-15 01:03:15.710 +01:00 [INF] CORS policy execution successful.
2025-12-15 01:03:15.711 +01:00 [INF] Executing endpoint 'Homecare.Controllers.AvailableDayController.GetAvailableDays (api)'
2025-12-15 01:03:15.711 +01:00 [INF] Route matched with {action = "GetAvailableDays", controller = "AvailableDay"}. Executing controller action with signature System.Threading.Tasks.Task`1[Microsoft.AspNetCore.Mvc.IActionResult] GetAvailableDays() on controller Homecare.Controllers.AvailableDayController (api).
2025-12-15 01:03:15.715 +01:00 [INF] Executing OkObjectResult, writing value of type 'System.Linq.Enumerable+SelectListIterator`2[[Homecare.Models.AvailableDay, api, Version=1.0.0.0, Culture=neutral, PublicKeyToken=null],[Homecare.DTOs.AvailableDayDto, api, Version=1.0.0.0, Culture=neutral, PublicKeyToken=null]]'.
2025-12-15 01:03:15.715 +01:00 [INF] Executed action Homecare.Controllers.AvailableDayController.GetAvailableDays (api) in 3.7138ms
2025-12-15 01:03:15.715 +01:00 [INF] Executed endpoint 'Homecare.Controllers.AvailableDayController.GetAvailableDays (api)'
2025-12-15 01:03:15.715 +01:00 [INF] Request finished HTTP/1.1 GET http://localhost:5169/api/AvailableDay/availabledays - 200 652 application/json; charset=utf-8 5.4046ms
2025-12-15 01:03:18.149 +01:00 [INF] Request starting HTTP/1.1 OPTIONS http://localhost:5169/api/Appointment/appointmentlist - null null
2025-12-15 01:03:18.149 +01:00 [INF] Request starting HTTP/1.1 OPTIONS http://localhost:5169/api/Appointment/appointmentlist - null null
2025-12-15 01:03:18.149 +01:00 [INF] CORS policy execution successful.
2025-12-15 01:03:18.150 +01:00 [INF] CORS policy execution successful.
2025-12-15 01:03:18.150 +01:00 [INF] Request finished HTTP/1.1 OPTIONS http://localhost:5169/api/Appointment/appointmentlist - 204 null null 0.5268ms
2025-12-15 01:03:18.150 +01:00 [INF] Request finished HTTP/1.1 OPTIONS http://localhost:5169/api/Appointment/appointmentlist - 204 null null 0.6907ms
2025-12-15 01:03:18.152 +01:00 [INF] Request starting HTTP/1.1 GET http://localhost:5169/api/Appointment/appointmentlist - application/json null
2025-12-15 01:03:18.152 +01:00 [INF] CORS policy execution successful.
2025-12-15 01:03:18.153 +01:00 [INF] Executing endpoint 'Homecare.Controllers.AppointmentController.AppointmentList (api)'
2025-12-15 01:03:18.153 +01:00 [INF] Route matched with {action = "AppointmentList", controller = "Appointment"}. Executing controller action with signature System.Threading.Tasks.Task`1[Microsoft.AspNetCore.Mvc.IActionResult] AppointmentList() on controller Homecare.Controllers.AppointmentController (api).
2025-12-15 01:03:18.157 +01:00 [INF] Executing OkObjectResult, writing value of type 'System.Linq.Enumerable+SelectListIterator`2[[Homecare.Models.Appointment, api, Version=1.0.0.0, Culture=neutral, PublicKeyToken=null],[Homecare.DTOs.AppointmentDto, api, Version=1.0.0.0, Culture=neutral, PublicKeyToken=null]]'.
2025-12-15 01:03:18.157 +01:00 [INF] Executed action Homecare.Controllers.AppointmentController.AppointmentList (api) in 4.036ms
2025-12-15 01:03:18.157 +01:00 [INF] Executed endpoint 'Homecare.Controllers.AppointmentController.AppointmentList (api)'
2025-12-15 01:03:18.157 +01:00 [INF] Request finished HTTP/1.1 GET http://localhost:5169/api/Appointment/appointmentlist - 200 427 application/json; charset=utf-8 5.8044ms
2025-12-15 01:03:18.159 +01:00 [INF] Request starting HTTP/1.1 GET http://localhost:5169/api/Appointment/appointmentlist - application/json null
2025-12-15 01:03:18.159 +01:00 [INF] CORS policy execution successful.
2025-12-15 01:03:18.159 +01:00 [INF] Executing endpoint 'Homecare.Controllers.AppointmentController.AppointmentList (api)'
2025-12-15 01:03:18.159 +01:00 [INF] Route matched with {action = "AppointmentList", controller = "Appointment"}. Executing controller action with signature System.Threading.Tasks.Task`1[Microsoft.AspNetCore.Mvc.IActionResult] AppointmentList() on controller Homecare.Controllers.AppointmentController (api).
2025-12-15 01:03:18.162 +01:00 [INF] Executing OkObjectResult, writing value of type 'System.Linq.Enumerable+SelectListIterator`2[[Homecare.Models.Appointment, api, Version=1.0.0.0, Culture=neutral, PublicKeyToken=null],[Homecare.DTOs.AppointmentDto, api, Version=1.0.0.0, Culture=neutral, PublicKeyToken=null]]'.
2025-12-15 01:03:18.162 +01:00 [INF] Executed action Homecare.Controllers.AppointmentController.AppointmentList (api) in 2.7778ms
2025-12-15 01:03:18.162 +01:00 [INF] Executed endpoint 'Homecare.Controllers.AppointmentController.AppointmentList (api)'
2025-12-15 01:03:18.162 +01:00 [INF] Request finished HTTP/1.1 GET http://localhost:5169/api/Appointment/appointmentlist - 200 427 application/json; charset=utf-8 3.4589ms
2025-12-15 01:03:27.275 +01:00 [INF] Request starting HTTP/1.1 OPTIONS http://localhost:5169/api/Appointment/appointmentlist - null null
2025-12-15 01:03:27.276 +01:00 [INF] CORS policy execution successful.
2025-12-15 01:03:27.276 +01:00 [INF] Request finished HTTP/1.1 OPTIONS http://localhost:5169/api/Appointment/appointmentlist - 204 null null 0.6361ms
2025-12-15 01:03:27.276 +01:00 [INF] Request starting HTTP/1.1 OPTIONS http://localhost:5169/api/Appointment/appointmentlist - null null
2025-12-15 01:03:27.276 +01:00 [INF] CORS policy execution successful.
2025-12-15 01:03:27.276 +01:00 [INF] Request finished HTTP/1.1 OPTIONS http://localhost:5169/api/Appointment/appointmentlist - 204 null null 0.7279ms
2025-12-15 01:03:27.278 +01:00 [INF] Request starting HTTP/1.1 GET http://localhost:5169/api/Appointment/appointmentlist - application/json null
2025-12-15 01:03:27.279 +01:00 [INF] CORS policy execution successful.
2025-12-15 01:03:27.279 +01:00 [INF] Executing endpoint 'Homecare.Controllers.AppointmentController.AppointmentList (api)'
2025-12-15 01:03:27.279 +01:00 [INF] Route matched with {action = "AppointmentList", controller = "Appointment"}. Executing controller action with signature System.Threading.Tasks.Task`1[Microsoft.AspNetCore.Mvc.IActionResult] AppointmentList() on controller Homecare.Controllers.AppointmentController (api).
2025-12-15 01:03:27.282 +01:00 [INF] Executing OkObjectResult, writing value of type 'System.Linq.Enumerable+SelectListIterator`2[[Homecare.Models.Appointment, api, Version=1.0.0.0, Culture=neutral, PublicKeyToken=null],[Homecare.DTOs.AppointmentDto, api, Version=1.0.0.0, Culture=neutral, PublicKeyToken=null]]'.
2025-12-15 01:03:27.282 +01:00 [INF] Executed action Homecare.Controllers.AppointmentController.AppointmentList (api) in 2.6903ms
2025-12-15 01:03:27.282 +01:00 [INF] Executed endpoint 'Homecare.Controllers.AppointmentController.AppointmentList (api)'
2025-12-15 01:03:27.282 +01:00 [INF] Request finished HTTP/1.1 GET http://localhost:5169/api/Appointment/appointmentlist - 200 427 application/json; charset=utf-8 3.8102ms
2025-12-15 01:03:27.284 +01:00 [INF] Request starting HTTP/1.1 GET http://localhost:5169/api/Appointment/appointmentlist - application/json null
2025-12-15 01:03:27.284 +01:00 [INF] CORS policy execution successful.
2025-12-15 01:03:27.284 +01:00 [INF] Executing endpoint 'Homecare.Controllers.AppointmentController.AppointmentList (api)'
2025-12-15 01:03:27.284 +01:00 [INF] Route matched with {action = "AppointmentList", controller = "Appointment"}. Executing controller action with signature System.Threading.Tasks.Task`1[Microsoft.AspNetCore.Mvc.IActionResult] AppointmentList() on controller Homecare.Controllers.AppointmentController (api).
2025-12-15 01:03:27.286 +01:00 [INF] Executing OkObjectResult, writing value of type 'System.Linq.Enumerable+SelectListIterator`2[[Homecare.Models.Appointment, api, Version=1.0.0.0, Culture=neutral, PublicKeyToken=null],[Homecare.DTOs.AppointmentDto, api, Version=1.0.0.0, Culture=neutral, PublicKeyToken=null]]'.
2025-12-15 01:03:27.287 +01:00 [INF] Executed action Homecare.Controllers.AppointmentController.AppointmentList (api) in 2.3536ms
2025-12-15 01:03:27.287 +01:00 [INF] Executed endpoint 'Homecare.Controllers.AppointmentController.AppointmentList (api)'
2025-12-15 01:03:27.287 +01:00 [INF] Request finished HTTP/1.1 GET http://localhost:5169/api/Appointment/appointmentlist - 200 427 application/json; charset=utf-8 3.2506ms
2025-12-15 01:03:42.512 +01:00 [INF] Request starting HTTP/1.1 OPTIONS http://localhost:5169/api/Auth/login - null null
2025-12-15 01:03:42.513 +01:00 [INF] CORS policy execution successful.
2025-12-15 01:03:42.513 +01:00 [INF] Request finished HTTP/1.1 OPTIONS http://localhost:5169/api/Auth/login - 204 null null 0.7988ms
2025-12-15 01:03:42.515 +01:00 [INF] Request starting HTTP/1.1 POST http://localhost:5169/api/Auth/login - application/json 43
2025-12-15 01:03:42.517 +01:00 [INF] CORS policy execution successful.
2025-12-15 01:03:42.517 +01:00 [INF] Executing endpoint 'HomecareApp.Controllers.AuthController.Login (api)'
2025-12-15 01:03:42.525 +01:00 [INF] Route matched with {action = "Login", controller = "Auth"}. Executing controller action with signature System.Threading.Tasks.Task`1[Microsoft.AspNetCore.Mvc.IActionResult] Login(Homecare.DTOs.LoginDto) on controller HomecareApp.Controllers.AuthController (api).
2025-12-15 01:03:42.763 +01:00 [INF] [AuthAPIController] user authorised for Hibaaa
2025-12-15 01:03:42.770 +01:00 [INF] [AuthAPIController] JWT token created for Hibaaa
2025-12-15 01:03:42.781 +01:00 [INF] Executing OkObjectResult, writing value of type '<>f__AnonymousType2`1[[System.String, System.Private.CoreLib, Version=8.0.0.0, Culture=neutral, PublicKeyToken=7cec85d7bea7798e]]'.
2025-12-15 01:03:42.788 +01:00 [INF] Executed action HomecareApp.Controllers.AuthController.Login (api) in 262.9065ms
2025-12-15 01:03:42.788 +01:00 [INF] Executed endpoint 'HomecareApp.Controllers.AuthController.Login (api)'
2025-12-15 01:03:42.788 +01:00 [INF] Request finished HTTP/1.1 POST http://localhost:5169/api/Auth/login - 200 481 application/json; charset=utf-8 273.1403ms
2025-12-15 01:03:45.157 +01:00 [INF] Request starting HTTP/1.1 OPTIONS http://localhost:5169/api/Appointment/appointmentlist - null null
2025-12-15 01:03:45.157 +01:00 [INF] CORS policy execution successful.
2025-12-15 01:03:45.157 +01:00 [INF] Request starting HTTP/1.1 OPTIONS http://localhost:5169/api/Appointment/appointmentlist - null null
2025-12-15 01:03:45.157 +01:00 [INF] CORS policy execution successful.
2025-12-15 01:03:45.157 +01:00 [INF] Request finished HTTP/1.1 OPTIONS http://localhost:5169/api/Appointment/appointmentlist - 204 null null 0.453ms
2025-12-15 01:03:45.157 +01:00 [INF] Request finished HTTP/1.1 OPTIONS http://localhost:5169/api/Appointment/appointmentlist - 204 null null 0.1986ms
2025-12-15 01:03:45.159 +01:00 [INF] Request starting HTTP/1.1 GET http://localhost:5169/api/Appointment/appointmentlist - application/json null
2025-12-15 01:03:45.159 +01:00 [INF] CORS policy execution successful.
2025-12-15 01:03:45.159 +01:00 [INF] Executing endpoint 'Homecare.Controllers.AppointmentController.AppointmentList (api)'
2025-12-15 01:03:45.160 +01:00 [INF] Route matched with {action = "AppointmentList", controller = "Appointment"}. Executing controller action with signature System.Threading.Tasks.Task`1[Microsoft.AspNetCore.Mvc.IActionResult] AppointmentList() on controller Homecare.Controllers.AppointmentController (api).
2025-12-15 01:03:45.161 +01:00 [INF] Executing OkObjectResult, writing value of type 'System.Linq.Enumerable+SelectListIterator`2[[Homecare.Models.Appointment, api, Version=1.0.0.0, Culture=neutral, PublicKeyToken=null],[Homecare.DTOs.AppointmentDto, api, Version=1.0.0.0, Culture=neutral, PublicKeyToken=null]]'.
2025-12-15 01:03:45.162 +01:00 [INF] Executed action Homecare.Controllers.AppointmentController.AppointmentList (api) in 1.9527ms
2025-12-15 01:03:45.162 +01:00 [INF] Executed endpoint 'Homecare.Controllers.AppointmentController.AppointmentList (api)'
2025-12-15 01:03:45.162 +01:00 [INF] Request finished HTTP/1.1 GET http://localhost:5169/api/Appointment/appointmentlist - 200 427 application/json; charset=utf-8 2.8489ms
2025-12-15 01:03:45.163 +01:00 [INF] Request starting HTTP/1.1 GET http://localhost:5169/api/Appointment/appointmentlist - application/json null
2025-12-15 01:03:45.163 +01:00 [INF] CORS policy execution successful.
2025-12-15 01:03:45.164 +01:00 [INF] Executing endpoint 'Homecare.Controllers.AppointmentController.AppointmentList (api)'
2025-12-15 01:03:45.164 +01:00 [INF] Route matched with {action = "AppointmentList", controller = "Appointment"}. Executing controller action with signature System.Threading.Tasks.Task`1[Microsoft.AspNetCore.Mvc.IActionResult] AppointmentList() on controller Homecare.Controllers.AppointmentController (api).
2025-12-15 01:03:45.166 +01:00 [INF] Executing OkObjectResult, writing value of type 'System.Linq.Enumerable+SelectListIterator`2[[Homecare.Models.Appointment, api, Version=1.0.0.0, Culture=neutral, PublicKeyToken=null],[Homecare.DTOs.AppointmentDto, api, Version=1.0.0.0, Culture=neutral, PublicKeyToken=null]]'.
2025-12-15 01:03:45.166 +01:00 [INF] Executed action Homecare.Controllers.AppointmentController.AppointmentList (api) in 2.0326ms
2025-12-15 01:03:45.166 +01:00 [INF] Executed endpoint 'Homecare.Controllers.AppointmentController.AppointmentList (api)'
2025-12-15 01:03:45.166 +01:00 [INF] Request finished HTTP/1.1 GET http://localhost:5169/api/Appointment/appointmentlist - 200 427 application/json; charset=utf-8 3.1321ms
2025-12-15 01:06:51.417 +01:00 [INF] Request starting HTTP/1.1 OPTIONS http://localhost:5169/api/Appointment/appointmentlist - null null
2025-12-15 01:06:51.417 +01:00 [INF] Request starting HTTP/1.1 OPTIONS http://localhost:5169/api/Appointment/appointmentlist - null null
2025-12-15 01:06:51.417 +01:00 [INF] CORS policy execution successful.
2025-12-15 01:06:51.417 +01:00 [INF] CORS policy execution successful.
2025-12-15 01:06:51.417 +01:00 [INF] Request finished HTTP/1.1 OPTIONS http://localhost:5169/api/Appointment/appointmentlist - 204 null null 0.3854ms
2025-12-15 01:06:51.417 +01:00 [INF] Request finished HTTP/1.1 OPTIONS http://localhost:5169/api/Appointment/appointmentlist - 204 null null 0.4412ms
2025-12-15 01:06:51.418 +01:00 [INF] Request starting HTTP/1.1 GET http://localhost:5169/api/Appointment/appointmentlist - application/json null
2025-12-15 01:06:51.419 +01:00 [INF] CORS policy execution successful.
2025-12-15 01:06:51.419 +01:00 [INF] Executing endpoint 'Homecare.Controllers.AppointmentController.AppointmentList (api)'
2025-12-15 01:06:51.420 +01:00 [INF] Route matched with {action = "AppointmentList", controller = "Appointment"}. Executing controller action with signature System.Threading.Tasks.Task`1[Microsoft.AspNetCore.Mvc.IActionResult] AppointmentList() on controller Homecare.Controllers.AppointmentController (api).
2025-12-15 01:06:51.423 +01:00 [INF] Executing OkObjectResult, writing value of type 'System.Linq.Enumerable+SelectListIterator`2[[Homecare.Models.Appointment, api, Version=1.0.0.0, Culture=neutral, PublicKeyToken=null],[Homecare.DTOs.AppointmentDto, api, Version=1.0.0.0, Culture=neutral, PublicKeyToken=null]]'.
2025-12-15 01:06:51.423 +01:00 [INF] Executed action Homecare.Controllers.AppointmentController.AppointmentList (api) in 3.6719ms
2025-12-15 01:06:51.423 +01:00 [INF] Executed endpoint 'Homecare.Controllers.AppointmentController.AppointmentList (api)'
2025-12-15 01:06:51.424 +01:00 [INF] Request finished HTTP/1.1 GET http://localhost:5169/api/Appointment/appointmentlist - 200 427 application/json; charset=utf-8 5.2718ms
2025-12-15 01:06:51.425 +01:00 [INF] Request starting HTTP/1.1 GET http://localhost:5169/api/Appointment/appointmentlist - application/json null
2025-12-15 01:06:51.425 +01:00 [INF] CORS policy execution successful.
2025-12-15 01:06:51.425 +01:00 [INF] Executing endpoint 'Homecare.Controllers.AppointmentController.AppointmentList (api)'
2025-12-15 01:06:51.425 +01:00 [INF] Route matched with {action = "AppointmentList", controller = "Appointment"}. Executing controller action with signature System.Threading.Tasks.Task`1[Microsoft.AspNetCore.Mvc.IActionResult] AppointmentList() on controller Homecare.Controllers.AppointmentController (api).
2025-12-15 01:06:51.428 +01:00 [INF] Executing OkObjectResult, writing value of type 'System.Linq.Enumerable+SelectListIterator`2[[Homecare.Models.Appointment, api, Version=1.0.0.0, Culture=neutral, PublicKeyToken=null],[Homecare.DTOs.AppointmentDto, api, Version=1.0.0.0, Culture=neutral, PublicKeyToken=null]]'.
2025-12-15 01:06:51.428 +01:00 [INF] Executed action Homecare.Controllers.AppointmentController.AppointmentList (api) in 2.3533ms
2025-12-15 01:06:51.428 +01:00 [INF] Executed endpoint 'Homecare.Controllers.AppointmentController.AppointmentList (api)'
2025-12-15 01:06:51.428 +01:00 [INF] Request finished HTTP/1.1 GET http://localhost:5169/api/Appointment/appointmentlist - 200 427 application/json; charset=utf-8 3.1982ms
2025-12-15 01:06:55.726 +01:00 [INF] Request starting HTTP/1.1 OPTIONS http://localhost:5169/api/Appointment/complete/13 - null null
2025-12-15 01:06:55.727 +01:00 [INF] CORS policy execution successful.
2025-12-15 01:06:55.727 +01:00 [INF] Request finished HTTP/1.1 OPTIONS http://localhost:5169/api/Appointment/complete/13 - 204 null null 1.6079ms
2025-12-15 01:06:55.729 +01:00 [INF] Request starting HTTP/1.1 PUT http://localhost:5169/api/Appointment/complete/13 - application/json 0
2025-12-15 01:06:55.729 +01:00 [INF] CORS policy execution successful.
2025-12-15 01:06:55.730 +01:00 [INF] Request finished HTTP/1.1 PUT http://localhost:5169/api/Appointment/complete/13 - 404 0 null 1.292ms
2025-12-15 01:06:55.731 +01:00 [INF] Request reached the end of the middleware pipeline without being handled by application code. Request path: PUT http://localhost:5169/api/Appointment/complete/13, Response status code: 404
2025-12-15 01:07:03.532 +01:00 [INF] Application is shutting down...
