2025-11-12 17:48:26.884 +01:00 [INF] No migrations were applied. The database is already up to date.
2025-11-12 17:48:27.648 +01:00 [INF] Now listening on: http://localhost:5169
2025-11-12 17:48:27.651 +01:00 [INF] Application started. Press Ctrl+C to shut down.
2025-11-12 17:48:27.651 +01:00 [INF] Hosting environment: Development
2025-11-12 17:48:27.651 +01:00 [INF] Content root path: C:\Skrivebord\Exam\Homecare\api
2025-11-12 17:48:32.945 +01:00 [INF] Request starting HTTP/1.1 GET http://localhost:5169/api/Appointment/appointmentlist - null null
2025-11-12 17:48:33.065 +01:00 [INF] CORS policy execution successful.
2025-11-12 17:48:33.069 +01:00 [INF] Executing endpoint 'HomecareApp.Controllers.AppointmentController.AppointmentList (api)'
2025-11-12 17:48:33.098 +01:00 [INF] Route matched with {action = "AppointmentList", controller = "Appointment"}. Executing controller action with signature System.Threading.Tasks.Task`1[Microsoft.AspNetCore.Mvc.IActionResult] AppointmentList() on controller HomecareApp.Controllers.AppointmentController (api).
2025-11-12 17:48:33.504 +01:00 [INF] Executing OkObjectResult, writing value of type 'System.Linq.Enumerable+SelectListIterator`2[[HomecareApp.Models.Appointment, api, Version=1.0.0.0, Culture=neutral, PublicKeyToken=null],[HomecareApp.DTOs.AppointmentDto, api, Version=1.0.0.0, Culture=neutral, PublicKeyToken=null]]'.
2025-11-12 17:48:33.630 +01:00 [INF] Executed action HomecareApp.Controllers.AppointmentController.AppointmentList (api) in 525.7835ms
2025-11-12 17:48:33.632 +01:00 [INF] Executed endpoint 'HomecareApp.Controllers.AppointmentController.AppointmentList (api)'
2025-11-12 17:48:33.639 +01:00 [INF] Request finished HTTP/1.1 GET http://localhost:5169/api/Appointment/appointmentlist - 200 520 application/json; charset=utf-8 696.225ms
2025-11-12 17:48:33.642 +01:00 [INF] Request starting HTTP/1.1 GET http://localhost:5169/api/Appointment/appointmentlist - null null
2025-11-12 17:48:33.647 +01:00 [INF] CORS policy execution successful.
2025-11-12 17:48:33.648 +01:00 [INF] Executing endpoint 'HomecareApp.Controllers.AppointmentController.AppointmentList (api)'
2025-11-12 17:48:33.648 +01:00 [INF] Route matched with {action = "AppointmentList", controller = "Appointment"}. Executing controller action with signature System.Threading.Tasks.Task`1[Microsoft.AspNetCore.Mvc.IActionResult] AppointmentList() on controller HomecareApp.Controllers.AppointmentController (api).
2025-11-12 17:48:33.739 +01:00 [INF] Executing OkObjectResult, writing value of type 'System.Linq.Enumerable+SelectListIterator`2[[HomecareApp.Models.Appointment, api, Version=1.0.0.0, Culture=neutral, PublicKeyToken=null],[HomecareApp.DTOs.AppointmentDto, api, Version=1.0.0.0, Culture=neutral, PublicKeyToken=null]]'.
2025-11-12 17:48:33.741 +01:00 [INF] Executed action HomecareApp.Controllers.AppointmentController.AppointmentList (api) in 92.4832ms
2025-11-12 17:48:33.741 +01:00 [INF] Executed endpoint 'HomecareApp.Controllers.AppointmentController.AppointmentList (api)'
2025-11-12 17:48:33.741 +01:00 [INF] Request finished HTTP/1.1 GET http://localhost:5169/api/Appointment/appointmentlist - 200 520 application/json; charset=utf-8 99.0264ms
2025-11-12 17:48:41.758 +01:00 [INF] Request starting HTTP/1.1 GET http://localhost:5169/api/ApiAvailableDay - null null
2025-11-12 17:48:41.761 +01:00 [INF] CORS policy execution successful.
2025-11-12 17:48:41.762 +01:00 [INF] Executing endpoint 'HomecareApp.Controllers.ApiAvailableDayController.GetAvailableDays (api)'
2025-11-12 17:48:41.772 +01:00 [INF] Route matched with {action = "GetAvailableDays", controller = "ApiAvailableDay"}. Executing controller action with signature System.Threading.Tasks.Task`1[Microsoft.AspNetCore.Mvc.ActionResult`1[System.Collections.Generic.IEnumerable`1[HomecareApp.Models.AvailableDay]]] GetAvailableDays() on controller HomecareApp.Controllers.ApiAvailableDayController (api).
2025-11-12 17:48:41.902 +01:00 [INF] Executing OkObjectResult, writing value of type 'System.Collections.Generic.List`1[[HomecareApp.Models.AvailableDay, api, Version=1.0.0.0, Culture=neutral, PublicKeyToken=null]]'.
2025-11-12 17:48:42.213 +01:00 [INF] Executed action HomecareApp.Controllers.ApiAvailableDayController.GetAvailableDays (api) in 440.5469ms
2025-11-12 17:48:42.214 +01:00 [INF] Executed endpoint 'HomecareApp.Controllers.ApiAvailableDayController.GetAvailableDays (api)'
2025-11-12 17:48:42.218 +01:00 [INF] Request finished HTTP/1.1 GET http://localhost:5169/api/ApiAvailableDay - 200 402 application/json; charset=utf-8 460.1137ms
2025-11-12 17:48:42.219 +01:00 [INF] Request starting HTTP/1.1 GET http://localhost:5169/api/ApiAvailableDay - null null
2025-11-12 17:48:42.219 +01:00 [INF] CORS policy execution successful.
2025-11-12 17:48:42.219 +01:00 [INF] Executing endpoint 'HomecareApp.Controllers.ApiAvailableDayController.GetAvailableDays (api)'
2025-11-12 17:48:42.219 +01:00 [INF] Route matched with {action = "GetAvailableDays", controller = "ApiAvailableDay"}. Executing controller action with signature System.Threading.Tasks.Task`1[Microsoft.AspNetCore.Mvc.ActionResult`1[System.Collections.Generic.IEnumerable`1[HomecareApp.Models.AvailableDay]]] GetAvailableDays() on controller HomecareApp.Controllers.ApiAvailableDayController (api).
2025-11-12 17:48:42.338 +01:00 [INF] Executing OkObjectResult, writing value of type 'System.Collections.Generic.List`1[[HomecareApp.Models.AvailableDay, api, Version=1.0.0.0, Culture=neutral, PublicKeyToken=null]]'.
2025-11-12 17:48:42.342 +01:00 [INF] Executed action HomecareApp.Controllers.ApiAvailableDayController.GetAvailableDays (api) in 122.9039ms
2025-11-12 17:48:42.343 +01:00 [INF] Executed endpoint 'HomecareApp.Controllers.ApiAvailableDayController.GetAvailableDays (api)'
2025-11-12 17:48:42.343 +01:00 [INF] Request finished HTTP/1.1 GET http://localhost:5169/api/ApiAvailableDay - 200 402 application/json; charset=utf-8 124.7456ms
2025-11-12 17:53:17.442 +01:00 [INF] Application is shutting down...
