2025-12-14 20:52:53.379 +01:00 [INF] No migrations were applied. The database is already up to date.
2025-12-14 20:52:53.460 +01:00 [INF] No migrations were applied. The database is already up to date.
2025-12-14 20:52:53.527 +01:00 [INF] User profile is available. Using 'C:\Users\Hiban\AppData\Local\ASP.NET\DataProtection-Keys' as key repository and Windows DPAPI to encrypt keys at rest.
2025-12-14 20:52:53.570 +01:00 [INF] Now listening on: http://localhost:5169
2025-12-14 20:52:53.573 +01:00 [INF] Application started. Press Ctrl+C to shut down.
2025-12-14 20:52:53.574 +01:00 [INF] Hosting environment: Development
2025-12-14 20:52:53.574 +01:00 [INF] Content root path: C:\Users\Hiban\Downloads\TEST_EKSAMEN_WEBAPP\Homecare\api
2025-12-14 20:53:08.441 +01:00 [INF] Request starting HTTP/1.1 OPTIONS http://localhost:5169/api/Appointment/appointmentlist - null null
2025-12-14 20:53:08.441 +01:00 [INF] Request starting HTTP/1.1 OPTIONS http://localhost:5169/api/Appointment/appointmentlist - null null
2025-12-14 20:53:08.509 +01:00 [INF] CORS policy execution successful.
2025-12-14 20:53:08.509 +01:00 [INF] CORS policy execution successful.
2025-12-14 20:53:08.520 +01:00 [INF] Request finished HTTP/1.1 OPTIONS http://localhost:5169/api/Appointment/appointmentlist - 204 null null 83.8924ms
2025-12-14 20:53:08.520 +01:00 [INF] Request finished HTTP/1.1 OPTIONS http://localhost:5169/api/Appointment/appointmentlist - 204 null null 83.9876ms
2025-12-14 20:53:08.527 +01:00 [INF] Request starting HTTP/1.1 GET http://localhost:5169/api/Appointment/appointmentlist - application/json null
2025-12-14 20:53:08.543 +01:00 [INF] CORS policy execution successful.
2025-12-14 20:53:08.731 +01:00 [INF] Executing endpoint 'Homecare.Controllers.AppointmentController.AppointmentList (api)'
2025-12-14 20:53:08.771 +01:00 [INF] Route matched with {action = "AppointmentList", controller = "Appointment"}. Executing controller action with signature System.Threading.Tasks.Task`1[Microsoft.AspNetCore.Mvc.IActionResult] AppointmentList() on controller Homecare.Controllers.AppointmentController (api).
2025-12-14 20:53:09.465 +01:00 [INF] Executing OkObjectResult, writing value of type 'System.Linq.Enumerable+SelectListIterator`2[[Homecare.Models.Appointment, api, Version=1.0.0.0, Culture=neutral, PublicKeyToken=null],[Homecare.DTOs.AppointmentDto, api, Version=1.0.0.0, Culture=neutral, PublicKeyToken=null]]'.
2025-12-14 20:53:09.619 +01:00 [INF] Executed action Homecare.Controllers.AppointmentController.AppointmentList (api) in 841.0461ms
2025-12-14 20:53:09.620 +01:00 [INF] Executed endpoint 'Homecare.Controllers.AppointmentController.AppointmentList (api)'
2025-12-14 20:53:09.636 +01:00 [INF] Request finished HTTP/1.1 GET http://localhost:5169/api/Appointment/appointmentlist - 200 650 application/json; charset=utf-8 1109.0665ms
2025-12-14 20:53:09.639 +01:00 [INF] Request starting HTTP/1.1 GET http://localhost:5169/api/Appointment/appointmentlist - application/json null
2025-12-14 20:53:09.640 +01:00 [INF] CORS policy execution successful.
2025-12-14 20:53:09.713 +01:00 [INF] Executing endpoint 'Homecare.Controllers.AppointmentController.AppointmentList (api)'
2025-12-14 20:53:09.714 +01:00 [INF] Route matched with {action = "AppointmentList", controller = "Appointment"}. Executing controller action with signature System.Threading.Tasks.Task`1[Microsoft.AspNetCore.Mvc.IActionResult] AppointmentList() on controller Homecare.Controllers.AppointmentController (api).
2025-12-14 20:53:09.852 +01:00 [INF] Executing OkObjectResult, writing value of type 'System.Linq.Enumerable+SelectListIterator`2[[Homecare.Models.Appointment, api, Version=1.0.0.0, Culture=neutral, PublicKeyToken=null],[Homecare.DTOs.AppointmentDto, api, Version=1.0.0.0, Culture=neutral, PublicKeyToken=null]]'.
2025-12-14 20:53:09.853 +01:00 [INF] Executed action Homecare.Controllers.AppointmentController.AppointmentList (api) in 139.3111ms
2025-12-14 20:53:09.854 +01:00 [INF] Executed endpoint 'Homecare.Controllers.AppointmentController.AppointmentList (api)'
2025-12-14 20:53:09.854 +01:00 [INF] Request finished HTTP/1.1 GET http://localhost:5169/api/Appointment/appointmentlist - 200 650 application/json; charset=utf-8 215.4396ms
2025-12-14 20:53:16.521 +01:00 [INF] Request starting HTTP/1.1 OPTIONS http://localhost:5169/api/AvailableDay/availabledays - null null
2025-12-14 20:53:16.521 +01:00 [INF] Request starting HTTP/1.1 OPTIONS http://localhost:5169/api/AvailableDay/availabledays - null null
2025-12-14 20:53:16.521 +01:00 [INF] CORS policy execution successful.
2025-12-14 20:53:16.521 +01:00 [INF] CORS policy execution successful.
2025-12-14 20:53:16.521 +01:00 [INF] Request finished HTTP/1.1 OPTIONS http://localhost:5169/api/AvailableDay/availabledays - 204 null null 0.9151ms
2025-12-14 20:53:16.521 +01:00 [INF] Request finished HTTP/1.1 OPTIONS http://localhost:5169/api/AvailableDay/availabledays - 204 null null 0.9757ms
2025-12-14 20:53:16.524 +01:00 [INF] Request starting HTTP/1.1 GET http://localhost:5169/api/AvailableDay/availabledays - application/json null
2025-12-14 20:53:16.527 +01:00 [INF] CORS policy execution successful.
2025-12-14 20:53:16.539 +01:00 [INF] Executing endpoint 'Homecare.Controllers.AvailableDayController.GetAvailableDays (api)'
2025-12-14 20:53:16.546 +01:00 [INF] Route matched with {action = "GetAvailableDays", controller = "AvailableDay"}. Executing controller action with signature System.Threading.Tasks.Task`1[Microsoft.AspNetCore.Mvc.IActionResult] GetAvailableDays() on controller Homecare.Controllers.AvailableDayController (api).
2025-12-14 20:53:16.609 +01:00 [INF] Executing OkObjectResult, writing value of type 'System.Linq.Enumerable+SelectListIterator`2[[Homecare.Models.AvailableDay, api, Version=1.0.0.0, Culture=neutral, PublicKeyToken=null],[Homecare.DTOs.AvailableDayDto, api, Version=1.0.0.0, Culture=neutral, PublicKeyToken=null]]'.
2025-12-14 20:53:16.619 +01:00 [INF] Executed action Homecare.Controllers.AvailableDayController.GetAvailableDays (api) in 72.9459ms
2025-12-14 20:53:16.620 +01:00 [INF] Executed endpoint 'Homecare.Controllers.AvailableDayController.GetAvailableDays (api)'
2025-12-14 20:53:16.623 +01:00 [INF] Request finished HTTP/1.1 GET http://localhost:5169/api/AvailableDay/availabledays - 200 490 application/json; charset=utf-8 98.3541ms
2025-12-14 20:53:16.623 +01:00 [INF] Request starting HTTP/1.1 GET http://localhost:5169/api/AvailableDay/availabledays - application/json null
2025-12-14 20:53:16.623 +01:00 [INF] CORS policy execution successful.
2025-12-14 20:53:16.626 +01:00 [INF] Executing endpoint 'Homecare.Controllers.AvailableDayController.GetAvailableDays (api)'
2025-12-14 20:53:16.627 +01:00 [INF] Route matched with {action = "GetAvailableDays", controller = "AvailableDay"}. Executing controller action with signature System.Threading.Tasks.Task`1[Microsoft.AspNetCore.Mvc.IActionResult] GetAvailableDays() on controller Homecare.Controllers.AvailableDayController (api).
2025-12-14 20:53:16.630 +01:00 [INF] Executing OkObjectResult, writing value of type 'System.Linq.Enumerable+SelectListIterator`2[[Homecare.Models.AvailableDay, api, Version=1.0.0.0, Culture=neutral, PublicKeyToken=null],[Homecare.DTOs.AvailableDayDto, api, Version=1.0.0.0, Culture=neutral, PublicKeyToken=null]]'.
2025-12-14 20:53:16.631 +01:00 [INF] Executed action Homecare.Controllers.AvailableDayController.GetAvailableDays (api) in 3.9944ms
2025-12-14 20:53:16.631 +01:00 [INF] Executed endpoint 'Homecare.Controllers.AvailableDayController.GetAvailableDays (api)'
2025-12-14 20:53:16.631 +01:00 [INF] Request finished HTTP/1.1 GET http://localhost:5169/api/AvailableDay/availabledays - 200 490 application/json; charset=utf-8 7.9412ms
2025-12-14 20:53:43.177 +01:00 [INF] Request starting HTTP/1.1 OPTIONS http://localhost:5169/api/Appointment/appointmentlist - null null
2025-12-14 20:53:43.177 +01:00 [INF] Request starting HTTP/1.1 OPTIONS http://localhost:5169/api/Appointment/appointmentlist - null null
2025-12-14 20:53:43.178 +01:00 [INF] CORS policy execution successful.
2025-12-14 20:53:43.178 +01:00 [INF] CORS policy execution successful.
2025-12-14 20:53:43.178 +01:00 [INF] Request finished HTTP/1.1 OPTIONS http://localhost:5169/api/Appointment/appointmentlist - 204 null null 1.6844ms
2025-12-14 20:53:43.179 +01:00 [INF] Request finished HTTP/1.1 OPTIONS http://localhost:5169/api/Appointment/appointmentlist - 204 null null 1.8185ms
2025-12-14 20:53:43.182 +01:00 [INF] Request starting HTTP/1.1 GET http://localhost:5169/api/Appointment/appointmentlist - application/json null
2025-12-14 20:53:43.183 +01:00 [INF] CORS policy execution successful.
2025-12-14 20:53:43.184 +01:00 [INF] Executing endpoint 'Homecare.Controllers.AppointmentController.AppointmentList (api)'
2025-12-14 20:53:43.184 +01:00 [INF] Route matched with {action = "AppointmentList", controller = "Appointment"}. Executing controller action with signature System.Threading.Tasks.Task`1[Microsoft.AspNetCore.Mvc.IActionResult] AppointmentList() on controller Homecare.Controllers.AppointmentController (api).
2025-12-14 20:53:43.193 +01:00 [INF] Executing OkObjectResult, writing value of type 'System.Linq.Enumerable+SelectListIterator`2[[Homecare.Models.Appointment, api, Version=1.0.0.0, Culture=neutral, PublicKeyToken=null],[Homecare.DTOs.AppointmentDto, api, Version=1.0.0.0, Culture=neutral, PublicKeyToken=null]]'.
2025-12-14 20:53:43.194 +01:00 [INF] Executed action Homecare.Controllers.AppointmentController.AppointmentList (api) in 8.8105ms
2025-12-14 20:53:43.194 +01:00 [INF] Executed endpoint 'Homecare.Controllers.AppointmentController.AppointmentList (api)'
2025-12-14 20:53:43.194 +01:00 [INF] Request finished HTTP/1.1 GET http://localhost:5169/api/Appointment/appointmentlist - 200 650 application/json; charset=utf-8 11.6727ms
2025-12-14 20:53:43.196 +01:00 [INF] Request starting HTTP/1.1 GET http://localhost:5169/api/Appointment/appointmentlist - application/json null
2025-12-14 20:53:43.196 +01:00 [INF] CORS policy execution successful.
2025-12-14 20:53:43.197 +01:00 [INF] Executing endpoint 'Homecare.Controllers.AppointmentController.AppointmentList (api)'
2025-12-14 20:53:43.198 +01:00 [INF] Route matched with {action = "AppointmentList", controller = "Appointment"}. Executing controller action with signature System.Threading.Tasks.Task`1[Microsoft.AspNetCore.Mvc.IActionResult] AppointmentList() on controller Homecare.Controllers.AppointmentController (api).
2025-12-14 20:53:43.201 +01:00 [INF] Executing OkObjectResult, writing value of type 'System.Linq.Enumerable+SelectListIterator`2[[Homecare.Models.Appointment, api, Version=1.0.0.0, Culture=neutral, PublicKeyToken=null],[Homecare.DTOs.AppointmentDto, api, Version=1.0.0.0, Culture=neutral, PublicKeyToken=null]]'.
2025-12-14 20:53:43.201 +01:00 [INF] Executed action Homecare.Controllers.AppointmentController.AppointmentList (api) in 3.4692ms
2025-12-14 20:53:43.201 +01:00 [INF] Executed endpoint 'Homecare.Controllers.AppointmentController.AppointmentList (api)'
2025-12-14 20:53:43.202 +01:00 [INF] Request finished HTTP/1.1 GET http://localhost:5169/api/Appointment/appointmentlist - 200 650 application/json; charset=utf-8 5.7103ms
2025-12-14 20:56:13.680 +01:00 [INF] Request starting HTTP/1.1 OPTIONS http://localhost:5169/api/AvailableDay/availabledays - null null
2025-12-14 20:56:13.681 +01:00 [INF] CORS policy execution successful.
2025-12-14 20:56:13.682 +01:00 [INF] Request finished HTTP/1.1 OPTIONS http://localhost:5169/api/AvailableDay/availabledays - 204 null null 1.3271ms
2025-12-14 20:56:13.682 +01:00 [INF] Request starting HTTP/1.1 OPTIONS http://localhost:5169/api/AvailableDay/availabledays - null null
2025-12-14 20:56:13.683 +01:00 [INF] CORS policy execution successful.
2025-12-14 20:56:13.683 +01:00 [INF] Request finished HTTP/1.1 OPTIONS http://localhost:5169/api/AvailableDay/availabledays - 204 null null 0.5711ms
2025-12-14 20:56:13.684 +01:00 [INF] Request starting HTTP/1.1 GET http://localhost:5169/api/AvailableDay/availabledays - application/json null
2025-12-14 20:56:13.685 +01:00 [INF] CORS policy execution successful.
2025-12-14 20:56:13.688 +01:00 [INF] Executing endpoint 'Homecare.Controllers.AvailableDayController.GetAvailableDays (api)'
2025-12-14 20:56:13.688 +01:00 [INF] Route matched with {action = "GetAvailableDays", controller = "AvailableDay"}. Executing controller action with signature System.Threading.Tasks.Task`1[Microsoft.AspNetCore.Mvc.IActionResult] GetAvailableDays() on controller Homecare.Controllers.AvailableDayController (api).
2025-12-14 20:56:13.693 +01:00 [INF] Executing OkObjectResult, writing value of type 'System.Linq.Enumerable+SelectListIterator`2[[Homecare.Models.AvailableDay, api, Version=1.0.0.0, Culture=neutral, PublicKeyToken=null],[Homecare.DTOs.AvailableDayDto, api, Version=1.0.0.0, Culture=neutral, PublicKeyToken=null]]'.
2025-12-14 20:56:13.694 +01:00 [INF] Executed action Homecare.Controllers.AvailableDayController.GetAvailableDays (api) in 5.5057ms
2025-12-14 20:56:13.694 +01:00 [INF] Executed endpoint 'Homecare.Controllers.AvailableDayController.GetAvailableDays (api)'
2025-12-14 20:56:13.694 +01:00 [INF] Request finished HTTP/1.1 GET http://localhost:5169/api/AvailableDay/availabledays - 200 490 application/json; charset=utf-8 9.9112ms
2025-12-14 20:56:13.696 +01:00 [INF] Request starting HTTP/1.1 GET http://localhost:5169/api/AvailableDay/availabledays - application/json null
2025-12-14 20:56:13.697 +01:00 [INF] CORS policy execution successful.
2025-12-14 20:56:13.697 +01:00 [INF] Executing endpoint 'Homecare.Controllers.AvailableDayController.GetAvailableDays (api)'
2025-12-14 20:56:13.697 +01:00 [INF] Route matched with {action = "GetAvailableDays", controller = "AvailableDay"}. Executing controller action with signature System.Threading.Tasks.Task`1[Microsoft.AspNetCore.Mvc.IActionResult] GetAvailableDays() on controller Homecare.Controllers.AvailableDayController (api).
2025-12-14 20:56:13.700 +01:00 [INF] Executing OkObjectResult, writing value of type 'System.Linq.Enumerable+SelectListIterator`2[[Homecare.Models.AvailableDay, api, Version=1.0.0.0, Culture=neutral, PublicKeyToken=null],[Homecare.DTOs.AvailableDayDto, api, Version=1.0.0.0, Culture=neutral, PublicKeyToken=null]]'.
2025-12-14 20:56:13.700 +01:00 [INF] Executed action Homecare.Controllers.AvailableDayController.GetAvailableDays (api) in 2.6783ms
2025-12-14 20:56:13.700 +01:00 [INF] Executed endpoint 'Homecare.Controllers.AvailableDayController.GetAvailableDays (api)'
2025-12-14 20:56:13.701 +01:00 [INF] Request finished HTTP/1.1 GET http://localhost:5169/api/AvailableDay/availabledays - 200 490 application/json; charset=utf-8 4.2118ms
2025-12-14 20:56:35.813 +01:00 [INF] Request starting HTTP/1.1 OPTIONS http://localhost:5169/api/Appointment/create - null null
2025-12-14 20:56:35.813 +01:00 [INF] CORS policy execution successful.
2025-12-14 20:56:35.814 +01:00 [INF] Request finished HTTP/1.1 OPTIONS http://localhost:5169/api/Appointment/create - 204 null null 1.2022ms
2025-12-14 20:56:35.817 +01:00 [INF] Request starting HTTP/1.1 POST http://localhost:5169/api/Appointment/create - application/json 196
2025-12-14 20:56:35.817 +01:00 [INF] CORS policy execution successful.
2025-12-14 20:56:35.818 +01:00 [INF] Executing endpoint 'Homecare.Controllers.AppointmentController.Create (api)'
2025-12-14 20:56:35.838 +01:00 [INF] Route matched with {action = "Create", controller = "Appointment"}. Executing controller action with signature System.Threading.Tasks.Task`1[Microsoft.AspNetCore.Mvc.IActionResult] Create(Homecare.DTOs.AppointmentDto) on controller Homecare.Controllers.AppointmentController (api).
2025-12-14 20:56:36.254 +01:00 [INF] Executing CreatedAtActionResult, writing value of type 'Homecare.Models.Appointment'.
2025-12-14 20:56:36.290 +01:00 [INF] Executed action Homecare.Controllers.AppointmentController.Create (api) in 452.4195ms
2025-12-14 20:56:36.290 +01:00 [INF] Executed endpoint 'Homecare.Controllers.AppointmentController.Create (api)'
2025-12-14 20:56:36.291 +01:00 [INF] Request finished HTTP/1.1 POST http://localhost:5169/api/Appointment/create - 201 234 application/json; charset=utf-8 473.7375ms
2025-12-14 20:56:38.302 +01:00 [INF] Request starting HTTP/1.1 OPTIONS http://localhost:5169/api/AvailableDay/availabledays - null null
2025-12-14 20:56:38.302 +01:00 [INF] CORS policy execution successful.
2025-12-14 20:56:38.303 +01:00 [INF] Request finished HTTP/1.1 OPTIONS http://localhost:5169/api/AvailableDay/availabledays - 204 null null 0.9676ms
2025-12-14 20:56:38.306 +01:00 [INF] Request starting HTTP/1.1 GET http://localhost:5169/api/AvailableDay/availabledays - application/json null
2025-12-14 20:56:38.307 +01:00 [INF] CORS policy execution successful.
2025-12-14 20:56:38.308 +01:00 [INF] Executing endpoint 'Homecare.Controllers.AvailableDayController.GetAvailableDays (api)'
2025-12-14 20:56:38.308 +01:00 [INF] Route matched with {action = "GetAvailableDays", controller = "AvailableDay"}. Executing controller action with signature System.Threading.Tasks.Task`1[Microsoft.AspNetCore.Mvc.IActionResult] GetAvailableDays() on controller Homecare.Controllers.AvailableDayController (api).
2025-12-14 20:56:38.311 +01:00 [INF] Executing OkObjectResult, writing value of type 'System.Linq.Enumerable+SelectListIterator`2[[Homecare.Models.AvailableDay, api, Version=1.0.0.0, Culture=neutral, PublicKeyToken=null],[Homecare.DTOs.AvailableDayDto, api, Version=1.0.0.0, Culture=neutral, PublicKeyToken=null]]'.
2025-12-14 20:56:38.312 +01:00 [INF] Executed action Homecare.Controllers.AvailableDayController.GetAvailableDays (api) in 3.0817ms
2025-12-14 20:56:38.312 +01:00 [INF] Executed endpoint 'Homecare.Controllers.AvailableDayController.GetAvailableDays (api)'
2025-12-14 20:56:38.312 +01:00 [INF] Request finished HTTP/1.1 GET http://localhost:5169/api/AvailableDay/availabledays - 200 490 application/json; charset=utf-8 5.6417ms
2025-12-14 20:56:39.321 +01:00 [INF] Request starting HTTP/1.1 OPTIONS http://localhost:5169/api/Appointment/appointmentlist - null null
2025-12-14 20:56:39.321 +01:00 [INF] CORS policy execution successful.
2025-12-14 20:56:39.322 +01:00 [INF] Request finished HTTP/1.1 OPTIONS http://localhost:5169/api/Appointment/appointmentlist - 204 null null 0.3691ms
2025-12-14 20:56:39.322 +01:00 [INF] Request starting HTTP/1.1 OPTIONS http://localhost:5169/api/Appointment/appointmentlist - null null
2025-12-14 20:56:39.322 +01:00 [INF] CORS policy execution successful.
2025-12-14 20:56:39.322 +01:00 [INF] Request finished HTTP/1.1 OPTIONS http://localhost:5169/api/Appointment/appointmentlist - 204 null null 0.1756ms
2025-12-14 20:56:39.323 +01:00 [INF] Request starting HTTP/1.1 GET http://localhost:5169/api/Appointment/appointmentlist - application/json null
2025-12-14 20:56:39.324 +01:00 [INF] CORS policy execution successful.
2025-12-14 20:56:39.324 +01:00 [INF] Executing endpoint 'Homecare.Controllers.AppointmentController.AppointmentList (api)'
2025-12-14 20:56:39.324 +01:00 [INF] Route matched with {action = "AppointmentList", controller = "Appointment"}. Executing controller action with signature System.Threading.Tasks.Task`1[Microsoft.AspNetCore.Mvc.IActionResult] AppointmentList() on controller Homecare.Controllers.AppointmentController (api).
2025-12-14 20:56:39.326 +01:00 [INF] Executing OkObjectResult, writing value of type 'System.Linq.Enumerable+SelectListIterator`2[[Homecare.Models.Appointment, api, Version=1.0.0.0, Culture=neutral, PublicKeyToken=null],[Homecare.DTOs.AppointmentDto, api, Version=1.0.0.0, Culture=neutral, PublicKeyToken=null]]'.
2025-12-14 20:56:39.327 +01:00 [INF] Executed action Homecare.Controllers.AppointmentController.AppointmentList (api) in 2.5048ms
2025-12-14 20:56:39.327 +01:00 [INF] Executed endpoint 'Homecare.Controllers.AppointmentController.AppointmentList (api)'
2025-12-14 20:56:39.327 +01:00 [INF] Request finished HTTP/1.1 GET http://localhost:5169/api/Appointment/appointmentlist - 200 865 application/json; charset=utf-8 3.4374ms
2025-12-14 20:56:39.328 +01:00 [INF] Request starting HTTP/1.1 GET http://localhost:5169/api/Appointment/appointmentlist - application/json null
2025-12-14 20:56:39.329 +01:00 [INF] CORS policy execution successful.
2025-12-14 20:56:39.329 +01:00 [INF] Executing endpoint 'Homecare.Controllers.AppointmentController.AppointmentList (api)'
2025-12-14 20:56:39.329 +01:00 [INF] Route matched with {action = "AppointmentList", controller = "Appointment"}. Executing controller action with signature System.Threading.Tasks.Task`1[Microsoft.AspNetCore.Mvc.IActionResult] AppointmentList() on controller Homecare.Controllers.AppointmentController (api).
2025-12-14 20:56:39.332 +01:00 [INF] Executing OkObjectResult, writing value of type 'System.Linq.Enumerable+SelectListIterator`2[[Homecare.Models.Appointment, api, Version=1.0.0.0, Culture=neutral, PublicKeyToken=null],[Homecare.DTOs.AppointmentDto, api, Version=1.0.0.0, Culture=neutral, PublicKeyToken=null]]'.
2025-12-14 20:56:39.333 +01:00 [INF] Executed action Homecare.Controllers.AppointmentController.AppointmentList (api) in 3.2318ms
2025-12-14 20:56:39.333 +01:00 [INF] Executed endpoint 'Homecare.Controllers.AppointmentController.AppointmentList (api)'
2025-12-14 20:56:39.333 +01:00 [INF] Request finished HTTP/1.1 GET http://localhost:5169/api/Appointment/appointmentlist - 200 865 application/json; charset=utf-8 4.8516ms
2025-12-14 20:56:44.162 +01:00 [INF] Request starting HTTP/1.1 OPTIONS http://localhost:5169/api/AvailableDay/availabledays - null null
2025-12-14 20:56:44.162 +01:00 [INF] CORS policy execution successful.
2025-12-14 20:56:44.162 +01:00 [INF] Request starting HTTP/1.1 OPTIONS http://localhost:5169/api/AvailableDay/availabledays - null null
2025-12-14 20:56:44.162 +01:00 [INF] CORS policy execution successful.
2025-12-14 20:56:44.162 +01:00 [INF] Request finished HTTP/1.1 OPTIONS http://localhost:5169/api/AvailableDay/availabledays - 204 null null 0.4255ms
2025-12-14 20:56:44.162 +01:00 [INF] Request finished HTTP/1.1 OPTIONS http://localhost:5169/api/AvailableDay/availabledays - 204 null null 0.2152ms
2025-12-14 20:56:44.164 +01:00 [INF] Request starting HTTP/1.1 GET http://localhost:5169/api/AvailableDay/availabledays - application/json null
2025-12-14 20:56:44.164 +01:00 [INF] CORS policy execution successful.
2025-12-14 20:56:44.165 +01:00 [INF] Executing endpoint 'Homecare.Controllers.AvailableDayController.GetAvailableDays (api)'
2025-12-14 20:56:44.165 +01:00 [INF] Route matched with {action = "GetAvailableDays", controller = "AvailableDay"}. Executing controller action with signature System.Threading.Tasks.Task`1[Microsoft.AspNetCore.Mvc.IActionResult] GetAvailableDays() on controller Homecare.Controllers.AvailableDayController (api).
2025-12-14 20:56:44.168 +01:00 [INF] Executing OkObjectResult, writing value of type 'System.Linq.Enumerable+SelectListIterator`2[[Homecare.Models.AvailableDay, api, Version=1.0.0.0, Culture=neutral, PublicKeyToken=null],[Homecare.DTOs.AvailableDayDto, api, Version=1.0.0.0, Culture=neutral, PublicKeyToken=null]]'.
2025-12-14 20:56:44.168 +01:00 [INF] Executed action Homecare.Controllers.AvailableDayController.GetAvailableDays (api) in 3.0648ms
2025-12-14 20:56:44.168 +01:00 [INF] Executed endpoint 'Homecare.Controllers.AvailableDayController.GetAvailableDays (api)'
2025-12-14 20:56:44.169 +01:00 [INF] Request finished HTTP/1.1 GET http://localhost:5169/api/AvailableDay/availabledays - 200 490 application/json; charset=utf-8 4.7547ms
2025-12-14 20:56:44.171 +01:00 [INF] Request starting HTTP/1.1 GET http://localhost:5169/api/AvailableDay/availabledays - application/json null
2025-12-14 20:56:44.171 +01:00 [INF] CORS policy execution successful.
2025-12-14 20:56:44.171 +01:00 [INF] Executing endpoint 'Homecare.Controllers.AvailableDayController.GetAvailableDays (api)'
2025-12-14 20:56:44.171 +01:00 [INF] Route matched with {action = "GetAvailableDays", controller = "AvailableDay"}. Executing controller action with signature System.Threading.Tasks.Task`1[Microsoft.AspNetCore.Mvc.IActionResult] GetAvailableDays() on controller Homecare.Controllers.AvailableDayController (api).
2025-12-14 20:56:44.174 +01:00 [INF] Executing OkObjectResult, writing value of type 'System.Linq.Enumerable+SelectListIterator`2[[Homecare.Models.AvailableDay, api, Version=1.0.0.0, Culture=neutral, PublicKeyToken=null],[Homecare.DTOs.AvailableDayDto, api, Version=1.0.0.0, Culture=neutral, PublicKeyToken=null]]'.
2025-12-14 20:56:44.175 +01:00 [INF] Executed action Homecare.Controllers.AvailableDayController.GetAvailableDays (api) in 3.0025ms
2025-12-14 20:56:44.175 +01:00 [INF] Executed endpoint 'Homecare.Controllers.AvailableDayController.GetAvailableDays (api)'
2025-12-14 20:56:44.175 +01:00 [INF] Request finished HTTP/1.1 GET http://localhost:5169/api/AvailableDay/availabledays - 200 490 application/json; charset=utf-8 4.3135ms
2025-12-14 20:56:59.399 +01:00 [INF] Request starting HTTP/1.1 OPTIONS http://localhost:5169/api/AvailableDay/availabledays - null null
2025-12-14 20:56:59.399 +01:00 [INF] Request starting HTTP/1.1 OPTIONS http://localhost:5169/api/AvailableDay/availabledays - null null
2025-12-14 20:56:59.399 +01:00 [INF] CORS policy execution successful.
2025-12-14 20:56:59.399 +01:00 [INF] CORS policy execution successful.
2025-12-14 20:56:59.399 +01:00 [INF] Request finished HTTP/1.1 OPTIONS http://localhost:5169/api/AvailableDay/availabledays - 204 null null 0.5641ms
2025-12-14 20:56:59.399 +01:00 [INF] Request finished HTTP/1.1 OPTIONS http://localhost:5169/api/AvailableDay/availabledays - 204 null null 0.7036ms
2025-12-14 20:56:59.402 +01:00 [INF] Request starting HTTP/1.1 GET http://localhost:5169/api/AvailableDay/availabledays - application/json null
2025-12-14 20:56:59.402 +01:00 [INF] CORS policy execution successful.
2025-12-14 20:56:59.402 +01:00 [INF] Executing endpoint 'Homecare.Controllers.AvailableDayController.GetAvailableDays (api)'
2025-12-14 20:56:59.402 +01:00 [INF] Route matched with {action = "GetAvailableDays", controller = "AvailableDay"}. Executing controller action with signature System.Threading.Tasks.Task`1[Microsoft.AspNetCore.Mvc.IActionResult] GetAvailableDays() on controller Homecare.Controllers.AvailableDayController (api).
2025-12-14 20:56:59.404 +01:00 [INF] Executing OkObjectResult, writing value of type 'System.Linq.Enumerable+SelectListIterator`2[[Homecare.Models.AvailableDay, api, Version=1.0.0.0, Culture=neutral, PublicKeyToken=null],[Homecare.DTOs.AvailableDayDto, api, Version=1.0.0.0, Culture=neutral, PublicKeyToken=null]]'.
2025-12-14 20:56:59.405 +01:00 [INF] Executed action Homecare.Controllers.AvailableDayController.GetAvailableDays (api) in 2.1343ms
2025-12-14 20:56:59.405 +01:00 [INF] Executed endpoint 'Homecare.Controllers.AvailableDayController.GetAvailableDays (api)'
2025-12-14 20:56:59.405 +01:00 [INF] Request finished HTTP/1.1 GET http://localhost:5169/api/AvailableDay/availabledays - 200 490 application/json; charset=utf-8 3.343ms
2025-12-14 20:56:59.406 +01:00 [INF] Request starting HTTP/1.1 GET http://localhost:5169/api/AvailableDay/availabledays - application/json null
2025-12-14 20:56:59.406 +01:00 [INF] CORS policy execution successful.
2025-12-14 20:56:59.407 +01:00 [INF] Executing endpoint 'Homecare.Controllers.AvailableDayController.GetAvailableDays (api)'
2025-12-14 20:56:59.407 +01:00 [INF] Route matched with {action = "GetAvailableDays", controller = "AvailableDay"}. Executing controller action with signature System.Threading.Tasks.Task`1[Microsoft.AspNetCore.Mvc.IActionResult] GetAvailableDays() on controller Homecare.Controllers.AvailableDayController (api).
2025-12-14 20:56:59.409 +01:00 [INF] Executing OkObjectResult, writing value of type 'System.Linq.Enumerable+SelectListIterator`2[[Homecare.Models.AvailableDay, api, Version=1.0.0.0, Culture=neutral, PublicKeyToken=null],[Homecare.DTOs.AvailableDayDto, api, Version=1.0.0.0, Culture=neutral, PublicKeyToken=null]]'.
2025-12-14 20:56:59.409 +01:00 [INF] Executed action Homecare.Controllers.AvailableDayController.GetAvailableDays (api) in 2.2487ms
2025-12-14 20:56:59.409 +01:00 [INF] Executed endpoint 'Homecare.Controllers.AvailableDayController.GetAvailableDays (api)'
2025-12-14 20:56:59.409 +01:00 [INF] Request finished HTTP/1.1 GET http://localhost:5169/api/AvailableDay/availabledays - 200 490 application/json; charset=utf-8 3.3712ms
2025-12-14 20:57:00.207 +01:00 [INF] Request starting HTTP/1.1 OPTIONS http://localhost:5169/api/Appointment/appointmentlist - null null
2025-12-14 20:57:00.208 +01:00 [INF] CORS policy execution successful.
2025-12-14 20:57:00.208 +01:00 [INF] Request starting HTTP/1.1 OPTIONS http://localhost:5169/api/Appointment/appointmentlist - null null
2025-12-14 20:57:00.208 +01:00 [INF] Request finished HTTP/1.1 OPTIONS http://localhost:5169/api/Appointment/appointmentlist - 204 null null 1.1938ms
2025-12-14 20:57:00.208 +01:00 [INF] CORS policy execution successful.
2025-12-14 20:57:00.209 +01:00 [INF] Request finished HTTP/1.1 OPTIONS http://localhost:5169/api/Appointment/appointmentlist - 204 null null 0.6703ms
2025-12-14 20:57:00.212 +01:00 [INF] Request starting HTTP/1.1 GET http://localhost:5169/api/Appointment/appointmentlist - application/json null
2025-12-14 20:57:00.212 +01:00 [INF] CORS policy execution successful.
2025-12-14 20:57:00.213 +01:00 [INF] Executing endpoint 'Homecare.Controllers.AppointmentController.AppointmentList (api)'
2025-12-14 20:57:00.213 +01:00 [INF] Route matched with {action = "AppointmentList", controller = "Appointment"}. Executing controller action with signature System.Threading.Tasks.Task`1[Microsoft.AspNetCore.Mvc.IActionResult] AppointmentList() on controller Homecare.Controllers.AppointmentController (api).
2025-12-14 20:57:00.215 +01:00 [INF] Executing OkObjectResult, writing value of type 'System.Linq.Enumerable+SelectListIterator`2[[Homecare.Models.Appointment, api, Version=1.0.0.0, Culture=neutral, PublicKeyToken=null],[Homecare.DTOs.AppointmentDto, api, Version=1.0.0.0, Culture=neutral, PublicKeyToken=null]]'.
2025-12-14 20:57:00.215 +01:00 [INF] Executed action Homecare.Controllers.AppointmentController.AppointmentList (api) in 2.4255ms
2025-12-14 20:57:00.215 +01:00 [INF] Executed endpoint 'Homecare.Controllers.AppointmentController.AppointmentList (api)'
2025-12-14 20:57:00.215 +01:00 [INF] Request finished HTTP/1.1 GET http://localhost:5169/api/Appointment/appointmentlist - 200 865 application/json; charset=utf-8 3.9536ms
2025-12-14 20:57:00.218 +01:00 [INF] Request starting HTTP/1.1 GET http://localhost:5169/api/Appointment/appointmentlist - application/json null
2025-12-14 20:57:00.218 +01:00 [INF] CORS policy execution successful.
2025-12-14 20:57:00.219 +01:00 [INF] Executing endpoint 'Homecare.Controllers.AppointmentController.AppointmentList (api)'
2025-12-14 20:57:00.219 +01:00 [INF] Route matched with {action = "AppointmentList", controller = "Appointment"}. Executing controller action with signature System.Threading.Tasks.Task`1[Microsoft.AspNetCore.Mvc.IActionResult] AppointmentList() on controller Homecare.Controllers.AppointmentController (api).
2025-12-14 20:57:00.221 +01:00 [INF] Executing OkObjectResult, writing value of type 'System.Linq.Enumerable+SelectListIterator`2[[Homecare.Models.Appointment, api, Version=1.0.0.0, Culture=neutral, PublicKeyToken=null],[Homecare.DTOs.AppointmentDto, api, Version=1.0.0.0, Culture=neutral, PublicKeyToken=null]]'.
2025-12-14 20:57:00.221 +01:00 [INF] Executed action Homecare.Controllers.AppointmentController.AppointmentList (api) in 2.1051ms
2025-12-14 20:57:00.221 +01:00 [INF] Executed endpoint 'Homecare.Controllers.AppointmentController.AppointmentList (api)'
2025-12-14 20:57:00.222 +01:00 [INF] Request finished HTTP/1.1 GET http://localhost:5169/api/Appointment/appointmentlist - 200 865 application/json; charset=utf-8 4.1732ms
2025-12-14 20:57:04.802 +01:00 [INF] Request starting HTTP/1.1 OPTIONS http://localhost:5169/api/AvailableDay/availabledays - null null
2025-12-14 20:57:04.802 +01:00 [INF] CORS policy execution successful.
2025-12-14 20:57:04.802 +01:00 [INF] Request finished HTTP/1.1 OPTIONS http://localhost:5169/api/AvailableDay/availabledays - 204 null null 0.3162ms
2025-12-14 20:57:04.802 +01:00 [INF] Request starting HTTP/1.1 OPTIONS http://localhost:5169/api/AvailableDay/availabledays - null null
2025-12-14 20:57:04.802 +01:00 [INF] CORS policy execution successful.
2025-12-14 20:57:04.802 +01:00 [INF] Request finished HTTP/1.1 OPTIONS http://localhost:5169/api/AvailableDay/availabledays - 204 null null 0.2371ms
2025-12-14 20:57:04.805 +01:00 [INF] Request starting HTTP/1.1 GET http://localhost:5169/api/AvailableDay/availabledays - application/json null
2025-12-14 20:57:04.805 +01:00 [INF] CORS policy execution successful.
2025-12-14 20:57:04.806 +01:00 [INF] Executing endpoint 'Homecare.Controllers.AvailableDayController.GetAvailableDays (api)'
2025-12-14 20:57:04.806 +01:00 [INF] Route matched with {action = "GetAvailableDays", controller = "AvailableDay"}. Executing controller action with signature System.Threading.Tasks.Task`1[Microsoft.AspNetCore.Mvc.IActionResult] GetAvailableDays() on controller Homecare.Controllers.AvailableDayController (api).
2025-12-14 20:57:04.807 +01:00 [INF] Executing OkObjectResult, writing value of type 'System.Linq.Enumerable+SelectListIterator`2[[Homecare.Models.AvailableDay, api, Version=1.0.0.0, Culture=neutral, PublicKeyToken=null],[Homecare.DTOs.AvailableDayDto, api, Version=1.0.0.0, Culture=neutral, PublicKeyToken=null]]'.
2025-12-14 20:57:04.808 +01:00 [INF] Executed action Homecare.Controllers.AvailableDayController.GetAvailableDays (api) in 1.9973ms
2025-12-14 20:57:04.808 +01:00 [INF] Executed endpoint 'Homecare.Controllers.AvailableDayController.GetAvailableDays (api)'
2025-12-14 20:57:04.808 +01:00 [INF] Request finished HTTP/1.1 GET http://localhost:5169/api/AvailableDay/availabledays - 200 490 application/json; charset=utf-8 3.2143ms
2025-12-14 20:57:04.810 +01:00 [INF] Request starting HTTP/1.1 GET http://localhost:5169/api/AvailableDay/availabledays - application/json null
2025-12-14 20:57:04.810 +01:00 [INF] CORS policy execution successful.
2025-12-14 20:57:04.810 +01:00 [INF] Executing endpoint 'Homecare.Controllers.AvailableDayController.GetAvailableDays (api)'
2025-12-14 20:57:04.811 +01:00 [INF] Route matched with {action = "GetAvailableDays", controller = "AvailableDay"}. Executing controller action with signature System.Threading.Tasks.Task`1[Microsoft.AspNetCore.Mvc.IActionResult] GetAvailableDays() on controller Homecare.Controllers.AvailableDayController (api).
2025-12-14 20:57:04.813 +01:00 [INF] Executing OkObjectResult, writing value of type 'System.Linq.Enumerable+SelectListIterator`2[[Homecare.Models.AvailableDay, api, Version=1.0.0.0, Culture=neutral, PublicKeyToken=null],[Homecare.DTOs.AvailableDayDto, api, Version=1.0.0.0, Culture=neutral, PublicKeyToken=null]]'.
2025-12-14 20:57:04.814 +01:00 [INF] Executed action Homecare.Controllers.AvailableDayController.GetAvailableDays (api) in 3.1732ms
2025-12-14 20:57:04.814 +01:00 [INF] Executed endpoint 'Homecare.Controllers.AvailableDayController.GetAvailableDays (api)'
2025-12-14 20:57:04.814 +01:00 [INF] Request finished HTTP/1.1 GET http://localhost:5169/api/AvailableDay/availabledays - 200 490 application/json; charset=utf-8 4.5458ms
2025-12-14 20:58:19.773 +01:00 [INF] Request starting HTTP/1.1 OPTIONS http://localhost:5169/api/AvailableDay/availabledays - null null
2025-12-14 20:58:19.773 +01:00 [INF] CORS policy execution successful.
2025-12-14 20:58:19.773 +01:00 [INF] Request starting HTTP/1.1 OPTIONS http://localhost:5169/api/AvailableDay/availabledays - null null
2025-12-14 20:58:19.773 +01:00 [INF] Request finished HTTP/1.1 OPTIONS http://localhost:5169/api/AvailableDay/availabledays - 204 null null 0.2382ms
2025-12-14 20:58:19.774 +01:00 [INF] CORS policy execution successful.
2025-12-14 20:58:19.774 +01:00 [INF] Request finished HTTP/1.1 OPTIONS http://localhost:5169/api/AvailableDay/availabledays - 204 null null 0.2669ms
2025-12-14 20:58:19.775 +01:00 [INF] Request starting HTTP/1.1 GET http://localhost:5169/api/AvailableDay/availabledays - application/json null
2025-12-14 20:58:19.775 +01:00 [INF] CORS policy execution successful.
2025-12-14 20:58:19.776 +01:00 [INF] Executing endpoint 'Homecare.Controllers.AvailableDayController.GetAvailableDays (api)'
2025-12-14 20:58:19.776 +01:00 [INF] Route matched with {action = "GetAvailableDays", controller = "AvailableDay"}. Executing controller action with signature System.Threading.Tasks.Task`1[Microsoft.AspNetCore.Mvc.IActionResult] GetAvailableDays() on controller Homecare.Controllers.AvailableDayController (api).
2025-12-14 20:58:19.778 +01:00 [INF] Executing OkObjectResult, writing value of type 'System.Linq.Enumerable+SelectListIterator`2[[Homecare.Models.AvailableDay, api, Version=1.0.0.0, Culture=neutral, PublicKeyToken=null],[Homecare.DTOs.AvailableDayDto, api, Version=1.0.0.0, Culture=neutral, PublicKeyToken=null]]'.
2025-12-14 20:58:19.778 +01:00 [INF] Executed action Homecare.Controllers.AvailableDayController.GetAvailableDays (api) in 2.3259ms
2025-12-14 20:58:19.778 +01:00 [INF] Executed endpoint 'Homecare.Controllers.AvailableDayController.GetAvailableDays (api)'
2025-12-14 20:58:19.778 +01:00 [INF] Request finished HTTP/1.1 GET http://localhost:5169/api/AvailableDay/availabledays - 200 490 application/json; charset=utf-8 3.3947ms
2025-12-14 20:58:19.779 +01:00 [INF] Request starting HTTP/1.1 GET http://localhost:5169/api/AvailableDay/availabledays - application/json null
2025-12-14 20:58:19.779 +01:00 [INF] CORS policy execution successful.
2025-12-14 20:58:19.780 +01:00 [INF] Executing endpoint 'Homecare.Controllers.AvailableDayController.GetAvailableDays (api)'
2025-12-14 20:58:19.780 +01:00 [INF] Route matched with {action = "GetAvailableDays", controller = "AvailableDay"}. Executing controller action with signature System.Threading.Tasks.Task`1[Microsoft.AspNetCore.Mvc.IActionResult] GetAvailableDays() on controller Homecare.Controllers.AvailableDayController (api).
2025-12-14 20:58:19.782 +01:00 [INF] Executing OkObjectResult, writing value of type 'System.Linq.Enumerable+SelectListIterator`2[[Homecare.Models.AvailableDay, api, Version=1.0.0.0, Culture=neutral, PublicKeyToken=null],[Homecare.DTOs.AvailableDayDto, api, Version=1.0.0.0, Culture=neutral, PublicKeyToken=null]]'.
2025-12-14 20:58:19.783 +01:00 [INF] Executed action Homecare.Controllers.AvailableDayController.GetAvailableDays (api) in 2.3363ms
2025-12-14 20:58:19.783 +01:00 [INF] Executed endpoint 'Homecare.Controllers.AvailableDayController.GetAvailableDays (api)'
2025-12-14 20:58:19.783 +01:00 [INF] Request finished HTTP/1.1 GET http://localhost:5169/api/AvailableDay/availabledays - 200 490 application/json; charset=utf-8 4.1681ms
2025-12-14 21:07:35.907 +01:00 [INF] Request starting HTTP/1.1 OPTIONS http://localhost:5169/api/Appointment/appointmentlist - null null
2025-12-14 21:07:35.907 +01:00 [INF] CORS policy execution successful.
2025-12-14 21:07:35.907 +01:00 [INF] Request finished HTTP/1.1 OPTIONS http://localhost:5169/api/Appointment/appointmentlist - 204 null null 0.6731ms
2025-12-14 21:07:35.907 +01:00 [INF] Request starting HTTP/1.1 OPTIONS http://localhost:5169/api/Appointment/appointmentlist - null null
2025-12-14 21:07:35.908 +01:00 [INF] CORS policy execution successful.
2025-12-14 21:07:35.908 +01:00 [INF] Request finished HTTP/1.1 OPTIONS http://localhost:5169/api/Appointment/appointmentlist - 204 null null 0.2577ms
2025-12-14 21:07:35.910 +01:00 [INF] Request starting HTTP/1.1 GET http://localhost:5169/api/Appointment/appointmentlist - application/json null
2025-12-14 21:07:35.911 +01:00 [INF] CORS policy execution successful.
2025-12-14 21:07:35.912 +01:00 [INF] Executing endpoint 'Homecare.Controllers.AppointmentController.AppointmentList (api)'
2025-12-14 21:07:35.913 +01:00 [INF] Route matched with {action = "AppointmentList", controller = "Appointment"}. Executing controller action with signature System.Threading.Tasks.Task`1[Microsoft.AspNetCore.Mvc.IActionResult] AppointmentList() on controller Homecare.Controllers.AppointmentController (api).
2025-12-14 21:07:35.924 +01:00 [INF] Executing OkObjectResult, writing value of type 'System.Linq.Enumerable+SelectListIterator`2[[Homecare.Models.Appointment, api, Version=1.0.0.0, Culture=neutral, PublicKeyToken=null],[Homecare.DTOs.AppointmentDto, api, Version=1.0.0.0, Culture=neutral, PublicKeyToken=null]]'.
2025-12-14 21:07:35.925 +01:00 [INF] Executed action Homecare.Controllers.AppointmentController.AppointmentList (api) in 12.282ms
2025-12-14 21:07:35.925 +01:00 [INF] Executed endpoint 'Homecare.Controllers.AppointmentController.AppointmentList (api)'
2025-12-14 21:07:35.925 +01:00 [INF] Request finished HTTP/1.1 GET http://localhost:5169/api/Appointment/appointmentlist - 200 865 application/json; charset=utf-8 15.2421ms
2025-12-14 21:07:35.929 +01:00 [INF] Request starting HTTP/1.1 GET http://localhost:5169/api/Appointment/appointmentlist - application/json null
2025-12-14 21:07:35.929 +01:00 [INF] CORS policy execution successful.
2025-12-14 21:07:35.931 +01:00 [INF] Executing endpoint 'Homecare.Controllers.AppointmentController.AppointmentList (api)'
2025-12-14 21:07:35.931 +01:00 [INF] Route matched with {action = "AppointmentList", controller = "Appointment"}. Executing controller action with signature System.Threading.Tasks.Task`1[Microsoft.AspNetCore.Mvc.IActionResult] AppointmentList() on controller Homecare.Controllers.AppointmentController (api).
2025-12-14 21:07:35.933 +01:00 [INF] Executing OkObjectResult, writing value of type 'System.Linq.Enumerable+SelectListIterator`2[[Homecare.Models.Appointment, api, Version=1.0.0.0, Culture=neutral, PublicKeyToken=null],[Homecare.DTOs.AppointmentDto, api, Version=1.0.0.0, Culture=neutral, PublicKeyToken=null]]'.
2025-12-14 21:07:35.934 +01:00 [INF] Executed action Homecare.Controllers.AppointmentController.AppointmentList (api) in 2.5583ms
2025-12-14 21:07:35.934 +01:00 [INF] Executed endpoint 'Homecare.Controllers.AppointmentController.AppointmentList (api)'
2025-12-14 21:07:35.934 +01:00 [INF] Request finished HTTP/1.1 GET http://localhost:5169/api/Appointment/appointmentlist - 200 865 application/json; charset=utf-8 4.8312ms
2025-12-14 21:07:36.616 +01:00 [INF] Request starting HTTP/1.1 OPTIONS http://localhost:5169/api/AvailableDay/availabledays - null null
2025-12-14 21:07:36.616 +01:00 [INF] CORS policy execution successful.
2025-12-14 21:07:36.616 +01:00 [INF] Request starting HTTP/1.1 OPTIONS http://localhost:5169/api/AvailableDay/availabledays - null null
2025-12-14 21:07:36.617 +01:00 [INF] Request finished HTTP/1.1 OPTIONS http://localhost:5169/api/AvailableDay/availabledays - 204 null null 0.3907ms
2025-12-14 21:07:36.617 +01:00 [INF] CORS policy execution successful.
2025-12-14 21:07:36.617 +01:00 [INF] Request finished HTTP/1.1 OPTIONS http://localhost:5169/api/AvailableDay/availabledays - 204 null null 0.2166ms
2025-12-14 21:07:36.619 +01:00 [INF] Request starting HTTP/1.1 GET http://localhost:5169/api/AvailableDay/availabledays - application/json null
2025-12-14 21:07:36.619 +01:00 [INF] CORS policy execution successful.
2025-12-14 21:07:36.619 +01:00 [INF] Executing endpoint 'Homecare.Controllers.AvailableDayController.GetAvailableDays (api)'
2025-12-14 21:07:36.620 +01:00 [INF] Route matched with {action = "GetAvailableDays", controller = "AvailableDay"}. Executing controller action with signature System.Threading.Tasks.Task`1[Microsoft.AspNetCore.Mvc.IActionResult] GetAvailableDays() on controller Homecare.Controllers.AvailableDayController (api).
2025-12-14 21:07:36.621 +01:00 [INF] Executing OkObjectResult, writing value of type 'System.Linq.Enumerable+SelectListIterator`2[[Homecare.Models.AvailableDay, api, Version=1.0.0.0, Culture=neutral, PublicKeyToken=null],[Homecare.DTOs.AvailableDayDto, api, Version=1.0.0.0, Culture=neutral, PublicKeyToken=null]]'.
2025-12-14 21:07:36.622 +01:00 [INF] Executed action Homecare.Controllers.AvailableDayController.GetAvailableDays (api) in 2.2891ms
2025-12-14 21:07:36.622 +01:00 [INF] Executed endpoint 'Homecare.Controllers.AvailableDayController.GetAvailableDays (api)'
2025-12-14 21:07:36.622 +01:00 [INF] Request finished HTTP/1.1 GET http://localhost:5169/api/AvailableDay/availabledays - 200 490 application/json; charset=utf-8 3.5313ms
2025-12-14 21:07:36.624 +01:00 [INF] Request starting HTTP/1.1 GET http://localhost:5169/api/AvailableDay/availabledays - application/json null
2025-12-14 21:07:36.624 +01:00 [INF] CORS policy execution successful.
2025-12-14 21:07:36.625 +01:00 [INF] Executing endpoint 'Homecare.Controllers.AvailableDayController.GetAvailableDays (api)'
2025-12-14 21:07:36.625 +01:00 [INF] Route matched with {action = "GetAvailableDays", controller = "AvailableDay"}. Executing controller action with signature System.Threading.Tasks.Task`1[Microsoft.AspNetCore.Mvc.IActionResult] GetAvailableDays() on controller Homecare.Controllers.AvailableDayController (api).
2025-12-14 21:07:36.627 +01:00 [INF] Executing OkObjectResult, writing value of type 'System.Linq.Enumerable+SelectListIterator`2[[Homecare.Models.AvailableDay, api, Version=1.0.0.0, Culture=neutral, PublicKeyToken=null],[Homecare.DTOs.AvailableDayDto, api, Version=1.0.0.0, Culture=neutral, PublicKeyToken=null]]'.
2025-12-14 21:07:36.627 +01:00 [INF] Executed action Homecare.Controllers.AvailableDayController.GetAvailableDays (api) in 2.2211ms
2025-12-14 21:07:36.627 +01:00 [INF] Executed endpoint 'Homecare.Controllers.AvailableDayController.GetAvailableDays (api)'
2025-12-14 21:07:36.627 +01:00 [INF] Request finished HTTP/1.1 GET http://localhost:5169/api/AvailableDay/availabledays - 200 490 application/json; charset=utf-8 3.4857ms
2025-12-14 22:09:30.230 +01:00 [INF] Application is shutting down...
