2025-11-02 18:22:07.952 +01:00 [INF] Now listening on: http://localhost:5169
2025-11-02 18:22:07.962 +01:00 [INF] Application started. Press Ctrl+C to shut down.
2025-11-02 18:22:07.963 +01:00 [INF] Hosting environment: Development
2025-11-02 18:22:07.963 +01:00 [INF] Content root path: C:\Homecare\api
2025-11-02 18:22:14.963 +01:00 [INF] Request starting HTTP/1.1 GET http://localhost:5169/ - null null
2025-11-02 18:22:15.036 +01:00 [INF] Request finished HTTP/1.1 GET http://localhost:5169/ - 404 0 null 77.4019ms
2025-11-02 18:22:15.045 +01:00 [INF] Request reached the end of the middleware pipeline without being handled by application code. Request path: GET http://localhost:5169/, Response status code: 404
2025-11-02 18:22:21.335 +01:00 [INF] Request starting HTTP/1.1 GET http://localhost:5169/swagger/index.html - null null
2025-11-02 18:22:21.427 +01:00 [INF] Request finished HTTP/1.1 GET http://localhost:5169/swagger/index.html - 200 null text/html;charset=utf-8 93.0534ms
2025-11-02 18:22:21.572 +01:00 [INF] Request starting HTTP/1.1 GET http://localhost:5169/swagger/v1/swagger.json - null null
2025-11-02 18:22:21.748 +01:00 [INF] Request finished HTTP/1.1 GET http://localhost:5169/swagger/v1/swagger.json - 200 null application/json;charset=utf-8 175.8956ms
2025-11-02 18:24:25.133 +01:00 [INF] Request starting HTTP/1.1 GET http://localhost:5169/swagger/api/ApiAppointment - null null
2025-11-02 18:24:25.134 +01:00 [INF] Request finished HTTP/1.1 GET http://localhost:5169/swagger/api/ApiAppointment - 404 0 null 1.2199ms
2025-11-02 18:24:25.135 +01:00 [INF] Request reached the end of the middleware pipeline without being handled by application code. Request path: GET http://localhost:5169/swagger/api/ApiAppointment, Response status code: 404
2025-11-02 18:24:34.157 +01:00 [INF] Request starting HTTP/1.1 GET http://localhost:5169/api/ApiAppointment - null null
2025-11-02 18:24:34.163 +01:00 [INF] Executing endpoint 'HomecareApp.Controllers.ApiAppointmentController.GetAppointments (api)'
2025-11-02 18:24:34.210 +01:00 [INF] Route matched with {action = "GetAppointments", controller = "ApiAppointment"}. Executing controller action with signature System.Threading.Tasks.Task`1[Microsoft.AspNetCore.Mvc.ActionResult`1[System.Collections.Generic.IEnumerable`1[HomecareApp.Models.Appointment]]] GetAppointments() on controller HomecareApp.Controllers.ApiAppointmentController (api).
2025-11-02 18:24:35.673 +01:00 [ERR] Failed executing DbCommand (16ms) [Parameters=[], CommandType='"Text"', CommandTimeout='30']
SELECT "a"."AppointmentId", "a"."AppointmentDate", "a"."AvailableDayId", "a"."CaregiverName", "a"."Description", "a"."EndTime", "a"."PatientName", "a"."StartTime", "a"."Status", "a"."TaskType"
FROM "Appointments" AS "a"
2025-11-02 18:24:35.726 +01:00 [ERR] An exception occurred while iterating over the results of a query for context type 'HomecareApp.DAL.HomecareDbContext'.
Microsoft.Data.Sqlite.SqliteException (0x80004005): SQLite Error 1: 'no such table: Appointments'.
   at Microsoft.Data.Sqlite.SqliteException.ThrowExceptionForRC(Int32 rc, sqlite3 db)
   at Microsoft.Data.Sqlite.SqliteCommand.PrepareAndEnumerateStatements()+MoveNext()
   at Microsoft.Data.Sqlite.SqliteCommand.GetStatements()+MoveNext()
   at Microsoft.Data.Sqlite.SqliteDataReader.NextResult()
   at Microsoft.Data.Sqlite.SqliteCommand.ExecuteReader(CommandBehavior behavior)
   at Microsoft.Data.Sqlite.SqliteCommand.ExecuteReaderAsync(CommandBehavior behavior, CancellationToken cancellationToken)
   at Microsoft.Data.Sqlite.SqliteCommand.ExecuteDbDataReaderAsync(CommandBehavior behavior, CancellationToken cancellationToken)
   at Microsoft.EntityFrameworkCore.Storage.RelationalCommand.ExecuteReaderAsync(RelationalCommandParameterObject parameterObject, CancellationToken cancellationToken)
   at Microsoft.EntityFrameworkCore.Storage.RelationalCommand.ExecuteReaderAsync(RelationalCommandParameterObject parameterObject, CancellationToken cancellationToken)
   at Microsoft.EntityFrameworkCore.Query.Internal.SingleQueryingEnumerable`1.AsyncEnumerator.InitializeReaderAsync(AsyncEnumerator enumerator, CancellationToken cancellationToken)
   at Microsoft.EntityFrameworkCore.Query.Internal.SingleQueryingEnumerable`1.AsyncEnumerator.MoveNextAsync()
Microsoft.Data.Sqlite.SqliteException (0x80004005): SQLite Error 1: 'no such table: Appointments'.
   at Microsoft.Data.Sqlite.SqliteException.ThrowExceptionForRC(Int32 rc, sqlite3 db)
   at Microsoft.Data.Sqlite.SqliteCommand.PrepareAndEnumerateStatements()+MoveNext()
   at Microsoft.Data.Sqlite.SqliteCommand.GetStatements()+MoveNext()
   at Microsoft.Data.Sqlite.SqliteDataReader.NextResult()
   at Microsoft.Data.Sqlite.SqliteCommand.ExecuteReader(CommandBehavior behavior)
   at Microsoft.Data.Sqlite.SqliteCommand.ExecuteReaderAsync(CommandBehavior behavior, CancellationToken cancellationToken)
   at Microsoft.Data.Sqlite.SqliteCommand.ExecuteDbDataReaderAsync(CommandBehavior behavior, CancellationToken cancellationToken)
   at Microsoft.EntityFrameworkCore.Storage.RelationalCommand.ExecuteReaderAsync(RelationalCommandParameterObject parameterObject, CancellationToken cancellationToken)
   at Microsoft.EntityFrameworkCore.Storage.RelationalCommand.ExecuteReaderAsync(RelationalCommandParameterObject parameterObject, CancellationToken cancellationToken)
   at Microsoft.EntityFrameworkCore.Query.Internal.SingleQueryingEnumerable`1.AsyncEnumerator.InitializeReaderAsync(AsyncEnumerator enumerator, CancellationToken cancellationToken)
   at Microsoft.EntityFrameworkCore.Query.Internal.SingleQueryingEnumerable`1.AsyncEnumerator.MoveNextAsync()
2025-11-02 18:24:35.731 +01:00 [ERR] [HomecareRepository] Appointments ToListAsync() failed when GetAllAppointments(), error message: SQLite Error 1: 'no such table: Appointments'.
2025-11-02 18:24:35.757 +01:00 [INF] Executing ObjectResult, writing value of type 'Microsoft.AspNetCore.Mvc.ProblemDetails'.
2025-11-02 18:24:35.842 +01:00 [INF] Executed action HomecareApp.Controllers.ApiAppointmentController.GetAppointments (api) in 1625.1125ms
2025-11-02 18:24:35.843 +01:00 [INF] Executed endpoint 'HomecareApp.Controllers.ApiAppointmentController.GetAppointments (api)'
2025-11-02 18:24:35.850 +01:00 [INF] Request finished HTTP/1.1 GET http://localhost:5169/api/ApiAppointment - 404 null application/problem+json; charset=utf-8 1692.786ms
2025-11-02 18:45:25.894 +01:00 [INF] Application is shutting down...
