2025-11-30 15:06:58.658 +01:00 [INF] User profile is available. Using 'C:\Users\Bruker\AppData\Local\ASP.NET\DataProtection-Keys' as key repository and Windows DPAPI to encrypt keys at rest.
2025-11-30 15:06:58.699 +01:00 [INF] Now listening on: http://localhost:5169
2025-11-30 15:06:58.701 +01:00 [INF] Application started. Press Ctrl+C to shut down.
2025-11-30 15:06:58.702 +01:00 [INF] Hosting environment: Development
2025-11-30 15:06:58.702 +01:00 [INF] Content root path: C:\Skrivebord\Exam\Homecare\api
2025-11-30 15:07:05.724 +01:00 [INF] Request starting HTTP/1.1 GET http://localhost:5169/api/AvailableDay - null null
2025-11-30 15:07:05.795 +01:00 [INF] CORS policy execution failed.
2025-11-30 15:07:05.796 +01:00 [INF] Request origin http://localhost:5173 does not have permission to access the resource.
2025-11-30 15:07:05.848 +01:00 [INF] Request finished HTTP/1.1 GET http://localhost:5169/api/AvailableDay - 404 0 null 127.7872ms
2025-11-30 15:07:05.853 +01:00 [INF] Request reached the end of the middleware pipeline without being handled by application code. Request path: GET http://localhost:5169/api/AvailableDay, Response status code: 404
2025-11-30 15:07:05.855 +01:00 [INF] Request starting HTTP/1.1 GET http://localhost:5169/api/AvailableDay - null null
2025-11-30 15:07:05.859 +01:00 [INF] CORS policy execution failed.
2025-11-30 15:07:05.859 +01:00 [INF] Request origin http://localhost:5173 does not have permission to access the resource.
2025-11-30 15:07:05.861 +01:00 [INF] Request finished HTTP/1.1 GET http://localhost:5169/api/AvailableDay - 404 0 null 5.4106ms
2025-11-30 15:07:05.861 +01:00 [INF] Request reached the end of the middleware pipeline without being handled by application code. Request path: GET http://localhost:5169/api/AvailableDay, Response status code: 404
2025-11-30 15:07:08.972 +01:00 [INF] Request starting HTTP/1.1 GET http://localhost:5169/api/Appointment/appointmentlist - null null
2025-11-30 15:07:08.975 +01:00 [INF] CORS policy execution failed.
2025-11-30 15:07:08.976 +01:00 [INF] Request origin http://localhost:5173 does not have permission to access the resource.
2025-11-30 15:07:08.981 +01:00 [INF] Executing endpoint 'Homecare.Controllers.AppointmentController.AppointmentList (api)'
2025-11-30 15:07:09.014 +01:00 [INF] Route matched with {action = "AppointmentList", controller = "Appointment"}. Executing controller action with signature System.Threading.Tasks.Task`1[Microsoft.AspNetCore.Mvc.IActionResult] AppointmentList() on controller Homecare.Controllers.AppointmentController (api).
2025-11-30 15:07:09.484 +01:00 [INF] Executing OkObjectResult, writing value of type 'System.Linq.Enumerable+SelectListIterator`2[[Homecare.Models.Appointment, api, Version=1.0.0.0, Culture=neutral, PublicKeyToken=null],[Homecare.DTOs.AppointmentDto, api, Version=1.0.0.0, Culture=neutral, PublicKeyToken=null]]'.
2025-11-30 15:07:09.608 +01:00 [INF] Executed action Homecare.Controllers.AppointmentController.AppointmentList (api) in 586.5773ms
2025-11-30 15:07:09.609 +01:00 [INF] Executed endpoint 'Homecare.Controllers.AppointmentController.AppointmentList (api)'
2025-11-30 15:07:09.618 +01:00 [INF] Request finished HTTP/1.1 GET http://localhost:5169/api/Appointment/appointmentlist - 200 778 application/json; charset=utf-8 645.4299ms
2025-11-30 15:07:09.618 +01:00 [INF] Request starting HTTP/1.1 GET http://localhost:5169/api/Appointment/appointmentlist - null null
2025-11-30 15:07:09.621 +01:00 [INF] CORS policy execution failed.
2025-11-30 15:07:09.621 +01:00 [INF] Request origin http://localhost:5173 does not have permission to access the resource.
2025-11-30 15:07:09.621 +01:00 [INF] Executing endpoint 'Homecare.Controllers.AppointmentController.AppointmentList (api)'
2025-11-30 15:07:09.622 +01:00 [INF] Route matched with {action = "AppointmentList", controller = "Appointment"}. Executing controller action with signature System.Threading.Tasks.Task`1[Microsoft.AspNetCore.Mvc.IActionResult] AppointmentList() on controller Homecare.Controllers.AppointmentController (api).
2025-11-30 15:07:09.718 +01:00 [INF] Executing OkObjectResult, writing value of type 'System.Linq.Enumerable+SelectListIterator`2[[Homecare.Models.Appointment, api, Version=1.0.0.0, Culture=neutral, PublicKeyToken=null],[Homecare.DTOs.AppointmentDto, api, Version=1.0.0.0, Culture=neutral, PublicKeyToken=null]]'.
2025-11-30 15:07:09.719 +01:00 [INF] Executed action Homecare.Controllers.AppointmentController.AppointmentList (api) in 97.1724ms
2025-11-30 15:07:09.719 +01:00 [INF] Executed endpoint 'Homecare.Controllers.AppointmentController.AppointmentList (api)'
2025-11-30 15:07:09.719 +01:00 [INF] Request finished HTTP/1.1 GET http://localhost:5169/api/Appointment/appointmentlist - 200 778 application/json; charset=utf-8 101.1285ms
2025-11-30 15:07:11.321 +01:00 [INF] Request starting HTTP/1.1 GET http://localhost:5169/api/Appointment/appointmentlist - null null
2025-11-30 15:07:11.322 +01:00 [INF] CORS policy execution failed.
2025-11-30 15:07:11.322 +01:00 [INF] Request origin http://localhost:5173 does not have permission to access the resource.
2025-11-30 15:07:11.322 +01:00 [INF] Executing endpoint 'Homecare.Controllers.AppointmentController.AppointmentList (api)'
2025-11-30 15:07:11.323 +01:00 [INF] Route matched with {action = "AppointmentList", controller = "Appointment"}. Executing controller action with signature System.Threading.Tasks.Task`1[Microsoft.AspNetCore.Mvc.IActionResult] AppointmentList() on controller Homecare.Controllers.AppointmentController (api).
2025-11-30 15:07:11.331 +01:00 [INF] Executing OkObjectResult, writing value of type 'System.Linq.Enumerable+SelectListIterator`2[[Homecare.Models.Appointment, api, Version=1.0.0.0, Culture=neutral, PublicKeyToken=null],[Homecare.DTOs.AppointmentDto, api, Version=1.0.0.0, Culture=neutral, PublicKeyToken=null]]'.
2025-11-30 15:07:11.331 +01:00 [INF] Executed action Homecare.Controllers.AppointmentController.AppointmentList (api) in 8.6934ms
2025-11-30 15:07:11.332 +01:00 [INF] Executed endpoint 'Homecare.Controllers.AppointmentController.AppointmentList (api)'
2025-11-30 15:07:11.332 +01:00 [INF] Request finished HTTP/1.1 GET http://localhost:5169/api/Appointment/appointmentlist - 200 778 application/json; charset=utf-8 10.6121ms
2025-11-30 15:07:11.334 +01:00 [INF] Request starting HTTP/1.1 GET http://localhost:5169/api/Appointment/appointmentlist - null null
2025-11-30 15:07:11.334 +01:00 [INF] CORS policy execution failed.
2025-11-30 15:07:11.334 +01:00 [INF] Request origin http://localhost:5173 does not have permission to access the resource.
2025-11-30 15:07:11.334 +01:00 [INF] Executing endpoint 'Homecare.Controllers.AppointmentController.AppointmentList (api)'
2025-11-30 15:07:11.335 +01:00 [INF] Route matched with {action = "AppointmentList", controller = "Appointment"}. Executing controller action with signature System.Threading.Tasks.Task`1[Microsoft.AspNetCore.Mvc.IActionResult] AppointmentList() on controller Homecare.Controllers.AppointmentController (api).
2025-11-30 15:07:11.337 +01:00 [INF] Executing OkObjectResult, writing value of type 'System.Linq.Enumerable+SelectListIterator`2[[Homecare.Models.Appointment, api, Version=1.0.0.0, Culture=neutral, PublicKeyToken=null],[Homecare.DTOs.AppointmentDto, api, Version=1.0.0.0, Culture=neutral, PublicKeyToken=null]]'.
2025-11-30 15:07:11.338 +01:00 [INF] Executed action Homecare.Controllers.AppointmentController.AppointmentList (api) in 3.373ms
2025-11-30 15:07:11.338 +01:00 [INF] Executed endpoint 'Homecare.Controllers.AppointmentController.AppointmentList (api)'
2025-11-30 15:07:11.339 +01:00 [INF] Request finished HTTP/1.1 GET http://localhost:5169/api/Appointment/appointmentlist - 200 778 application/json; charset=utf-8 5.1195ms
2025-11-30 15:07:12.049 +01:00 [INF] Request starting HTTP/1.1 GET http://localhost:5169/api/AvailableDay - null null
2025-11-30 15:07:12.049 +01:00 [INF] CORS policy execution failed.
2025-11-30 15:07:12.049 +01:00 [INF] Request origin http://localhost:5173 does not have permission to access the resource.
2025-11-30 15:07:12.050 +01:00 [INF] Request finished HTTP/1.1 GET http://localhost:5169/api/AvailableDay - 404 0 null 1.1372ms
2025-11-30 15:07:12.050 +01:00 [INF] Request reached the end of the middleware pipeline without being handled by application code. Request path: GET http://localhost:5169/api/AvailableDay, Response status code: 404
2025-11-30 15:07:12.052 +01:00 [INF] Request starting HTTP/1.1 GET http://localhost:5169/api/AvailableDay - null null
2025-11-30 15:07:12.052 +01:00 [INF] CORS policy execution failed.
2025-11-30 15:07:12.052 +01:00 [INF] Request origin http://localhost:5173 does not have permission to access the resource.
2025-11-30 15:07:12.053 +01:00 [INF] Request finished HTTP/1.1 GET http://localhost:5169/api/AvailableDay - 404 0 null 0.6018ms
2025-11-30 15:07:12.053 +01:00 [INF] Request reached the end of the middleware pipeline without being handled by application code. Request path: GET http://localhost:5169/api/AvailableDay, Response status code: 404
2025-11-30 15:10:04.526 +01:00 [INF] Application is shutting down...
