2025-11-12 17:44:53.486 +01:00 [INF] No migrations were applied. The database is already up to date.
2025-11-12 17:44:54.311 +01:00 [INF] Now listening on: http://localhost:5169
2025-11-12 17:44:54.314 +01:00 [INF] Application started. Press Ctrl+C to shut down.
2025-11-12 17:44:54.314 +01:00 [INF] Hosting environment: Development
2025-11-12 17:44:54.314 +01:00 [INF] Content root path: C:\Skrivebord\Exam\Homecare\api
2025-11-12 17:45:17.956 +01:00 [INF] Request starting HTTP/1.1 GET http://localhost:5169/api/ApiAvailableDay - null null
2025-11-12 17:45:18.026 +01:00 [INF] CORS policy execution successful.
2025-11-12 17:45:18.050 +01:00 [INF] Executing endpoint 'HomecareApp.Controllers.ApiAvailableDayController.GetAvailableDays (api)'
2025-11-12 17:45:18.078 +01:00 [INF] Route matched with {action = "GetAvailableDays", controller = "ApiAvailableDay"}. Executing controller action with signature System.Threading.Tasks.Task`1[Microsoft.AspNetCore.Mvc.ActionResult`1[System.Collections.Generic.IEnumerable`1[HomecareApp.Models.AvailableDay]]] GetAvailableDays() on controller HomecareApp.Controllers.ApiAvailableDayController (api).
2025-11-12 17:45:18.620 +01:00 [INF] Executing OkObjectResult, writing value of type 'System.Collections.Generic.List`1[[HomecareApp.Models.AvailableDay, api, Version=1.0.0.0, Culture=neutral, PublicKeyToken=null]]'.
2025-11-12 17:45:19.065 +01:00 [INF] Executed action HomecareApp.Controllers.ApiAvailableDayController.GetAvailableDays (api) in 980.5236ms
2025-11-12 17:45:19.068 +01:00 [INF] Executed endpoint 'HomecareApp.Controllers.ApiAvailableDayController.GetAvailableDays (api)'
2025-11-12 17:45:19.075 +01:00 [INF] Request finished HTTP/1.1 GET http://localhost:5169/api/ApiAvailableDay - 200 402 application/json; charset=utf-8 1122.019ms
2025-11-12 17:45:19.078 +01:00 [INF] Request starting HTTP/1.1 GET http://localhost:5169/api/ApiAvailableDay - null null
2025-11-12 17:45:19.082 +01:00 [INF] CORS policy execution successful.
2025-11-12 17:45:19.083 +01:00 [INF] Executing endpoint 'HomecareApp.Controllers.ApiAvailableDayController.GetAvailableDays (api)'
2025-11-12 17:45:19.083 +01:00 [INF] Route matched with {action = "GetAvailableDays", controller = "ApiAvailableDay"}. Executing controller action with signature System.Threading.Tasks.Task`1[Microsoft.AspNetCore.Mvc.ActionResult`1[System.Collections.Generic.IEnumerable`1[HomecareApp.Models.AvailableDay]]] GetAvailableDays() on controller HomecareApp.Controllers.ApiAvailableDayController (api).
2025-11-12 17:45:19.283 +01:00 [INF] Executing OkObjectResult, writing value of type 'System.Collections.Generic.List`1[[HomecareApp.Models.AvailableDay, api, Version=1.0.0.0, Culture=neutral, PublicKeyToken=null]]'.
2025-11-12 17:45:19.291 +01:00 [INF] Executed action HomecareApp.Controllers.ApiAvailableDayController.GetAvailableDays (api) in 208.0852ms
2025-11-12 17:45:19.292 +01:00 [INF] Executed endpoint 'HomecareApp.Controllers.ApiAvailableDayController.GetAvailableDays (api)'
2025-11-12 17:45:19.292 +01:00 [INF] Request finished HTTP/1.1 GET http://localhost:5169/api/ApiAvailableDay - 200 402 application/json; charset=utf-8 214.2973ms
2025-11-12 17:45:28.543 +01:00 [INF] Request starting HTTP/1.1 GET http://localhost:5169/api/Appointment/appointmentlist - null null
2025-11-12 17:45:28.547 +01:00 [INF] CORS policy execution successful.
2025-11-12 17:45:28.547 +01:00 [INF] Executing endpoint 'HomecareApp.Controllers.AppointmentController.AppointmentList (api)'
2025-11-12 17:45:28.554 +01:00 [INF] Route matched with {action = "AppointmentList", controller = "Appointment"}. Executing controller action with signature System.Threading.Tasks.Task`1[Microsoft.AspNetCore.Mvc.IActionResult] AppointmentList() on controller HomecareApp.Controllers.AppointmentController (api).
2025-11-12 17:45:28.572 +01:00 [INF] Executing OkObjectResult, writing value of type 'System.Linq.Enumerable+SelectListIterator`2[[HomecareApp.Models.Appointment, api, Version=1.0.0.0, Culture=neutral, PublicKeyToken=null],[HomecareApp.DTOs.AppointmentDto, api, Version=1.0.0.0, Culture=neutral, PublicKeyToken=null]]'.
2025-11-12 17:45:28.578 +01:00 [INF] Executed action HomecareApp.Controllers.AppointmentController.AppointmentList (api) in 23.7971ms
2025-11-12 17:45:28.578 +01:00 [INF] Executed endpoint 'HomecareApp.Controllers.AppointmentController.AppointmentList (api)'
2025-11-12 17:45:28.579 +01:00 [INF] Request finished HTTP/1.1 GET http://localhost:5169/api/Appointment/appointmentlist - 200 511 application/json; charset=utf-8 35.9682ms
2025-11-12 17:45:28.581 +01:00 [INF] Request starting HTTP/1.1 GET http://localhost:5169/api/Appointment/appointmentlist - null null
2025-11-12 17:45:28.583 +01:00 [INF] CORS policy execution successful.
2025-11-12 17:45:28.583 +01:00 [INF] Executing endpoint 'HomecareApp.Controllers.AppointmentController.AppointmentList (api)'
2025-11-12 17:45:28.584 +01:00 [INF] Route matched with {action = "AppointmentList", controller = "Appointment"}. Executing controller action with signature System.Threading.Tasks.Task`1[Microsoft.AspNetCore.Mvc.IActionResult] AppointmentList() on controller HomecareApp.Controllers.AppointmentController (api).
2025-11-12 17:45:28.588 +01:00 [INF] Executing OkObjectResult, writing value of type 'System.Linq.Enumerable+SelectListIterator`2[[HomecareApp.Models.Appointment, api, Version=1.0.0.0, Culture=neutral, PublicKeyToken=null],[HomecareApp.DTOs.AppointmentDto, api, Version=1.0.0.0, Culture=neutral, PublicKeyToken=null]]'.
2025-11-12 17:45:28.588 +01:00 [INF] Executed action HomecareApp.Controllers.AppointmentController.AppointmentList (api) in 4.0885ms
2025-11-12 17:45:28.588 +01:00 [INF] Executed endpoint 'HomecareApp.Controllers.AppointmentController.AppointmentList (api)'
2025-11-12 17:45:28.589 +01:00 [INF] Request finished HTTP/1.1 GET http://localhost:5169/api/Appointment/appointmentlist - 200 511 application/json; charset=utf-8 7.7763ms
2025-11-12 17:48:00.076 +01:00 [INF] Application is shutting down...
