2025-12-01 21:54:39.827 +01:00 [INF] Now listening on: http://localhost:5169
2025-12-01 21:54:39.838 +01:00 [INF] Application started. Press Ctrl+C to shut down.
2025-12-01 21:54:39.838 +01:00 [INF] Hosting environment: Development
2025-12-01 21:54:39.838 +01:00 [INF] Content root path: C:\Skrivebord\Exam\Homecare\api
2025-12-01 21:54:57.301 +01:00 [INF] Request starting HTTP/1.1 GET http://localhost:5169/api/Appointment/appointmentlist - null null
2025-12-01 21:54:57.368 +01:00 [INF] CORS policy execution successful.
2025-12-01 21:54:57.373 +01:00 [INF] Executing endpoint 'Homecare.Controllers.AppointmentController.AppointmentList (api)'
2025-12-01 21:54:57.410 +01:00 [INF] Route matched with {action = "AppointmentList", controller = "Appointment"}. Executing controller action with signature System.Threading.Tasks.Task`1[Microsoft.AspNetCore.Mvc.IActionResult] AppointmentList() on controller Homecare.Controllers.AppointmentController (api).
2025-12-01 21:54:59.103 +01:00 [INF] Executing OkObjectResult, writing value of type 'System.Linq.Enumerable+SelectListIterator`2[[Homecare.Models.Appointment, api, Version=1.0.0.0, Culture=neutral, PublicKeyToken=null],[Homecare.DTOs.AppointmentDto, api, Version=1.0.0.0, Culture=neutral, PublicKeyToken=null]]'.
2025-12-01 21:54:59.263 +01:00 [INF] Executed action Homecare.Controllers.AppointmentController.AppointmentList (api) in 1846.8267ms
2025-12-01 21:54:59.265 +01:00 [INF] Executed endpoint 'Homecare.Controllers.AppointmentController.AppointmentList (api)'
2025-12-01 21:54:59.287 +01:00 [INF] Request finished HTTP/1.1 GET http://localhost:5169/api/Appointment/appointmentlist - 200 723 application/json; charset=utf-8 1989.9648ms
2025-12-01 21:54:59.292 +01:00 [INF] Request starting HTTP/1.1 GET http://localhost:5169/api/Appointment/appointmentlist - null null
2025-12-01 21:54:59.300 +01:00 [INF] CORS policy execution successful.
2025-12-01 21:54:59.300 +01:00 [INF] Executing endpoint 'Homecare.Controllers.AppointmentController.AppointmentList (api)'
2025-12-01 21:54:59.300 +01:00 [INF] Route matched with {action = "AppointmentList", controller = "Appointment"}. Executing controller action with signature System.Threading.Tasks.Task`1[Microsoft.AspNetCore.Mvc.IActionResult] AppointmentList() on controller Homecare.Controllers.AppointmentController (api).
2025-12-01 21:54:59.358 +01:00 [INF] Executing OkObjectResult, writing value of type 'System.Linq.Enumerable+SelectListIterator`2[[Homecare.Models.Appointment, api, Version=1.0.0.0, Culture=neutral, PublicKeyToken=null],[Homecare.DTOs.AppointmentDto, api, Version=1.0.0.0, Culture=neutral, PublicKeyToken=null]]'.
2025-12-01 21:54:59.360 +01:00 [INF] Executed action Homecare.Controllers.AppointmentController.AppointmentList (api) in 59.4415ms
2025-12-01 21:54:59.360 +01:00 [INF] Executed endpoint 'Homecare.Controllers.AppointmentController.AppointmentList (api)'
2025-12-01 21:54:59.361 +01:00 [INF] Request finished HTTP/1.1 GET http://localhost:5169/api/Appointment/appointmentlist - 200 723 application/json; charset=utf-8 69.5526ms
2025-12-01 21:55:04.875 +01:00 [INF] Request starting HTTP/1.1 GET http://localhost:5169/api/AvailableDay - null null
2025-12-01 21:55:04.879 +01:00 [INF] CORS policy execution successful.
2025-12-01 21:55:04.880 +01:00 [INF] Request finished HTTP/1.1 GET http://localhost:5169/api/AvailableDay - 404 0 null 5.0352ms
2025-12-01 21:55:04.882 +01:00 [INF] Request reached the end of the middleware pipeline without being handled by application code. Request path: GET http://localhost:5169/api/AvailableDay, Response status code: 404
2025-12-01 21:55:04.882 +01:00 [INF] Request starting HTTP/1.1 GET http://localhost:5169/api/AvailableDay - null null
2025-12-01 21:55:04.883 +01:00 [INF] CORS policy execution successful.
2025-12-01 21:55:04.884 +01:00 [INF] Request finished HTTP/1.1 GET http://localhost:5169/api/AvailableDay - 404 0 null 1.936ms
2025-12-01 21:55:04.885 +01:00 [INF] Request reached the end of the middleware pipeline without being handled by application code. Request path: GET http://localhost:5169/api/AvailableDay, Response status code: 404
2025-12-01 21:55:06.319 +01:00 [INF] Request starting HTTP/1.1 GET http://localhost:5169/api/Appointment/appointmentlist - null null
2025-12-01 21:55:06.319 +01:00 [INF] CORS policy execution successful.
2025-12-01 21:55:06.320 +01:00 [INF] Executing endpoint 'Homecare.Controllers.AppointmentController.AppointmentList (api)'
2025-12-01 21:55:06.320 +01:00 [INF] Route matched with {action = "AppointmentList", controller = "Appointment"}. Executing controller action with signature System.Threading.Tasks.Task`1[Microsoft.AspNetCore.Mvc.IActionResult] AppointmentList() on controller Homecare.Controllers.AppointmentController (api).
2025-12-01 21:55:06.441 +01:00 [INF] Executing OkObjectResult, writing value of type 'System.Linq.Enumerable+SelectListIterator`2[[Homecare.Models.Appointment, api, Version=1.0.0.0, Culture=neutral, PublicKeyToken=null],[Homecare.DTOs.AppointmentDto, api, Version=1.0.0.0, Culture=neutral, PublicKeyToken=null]]'.
2025-12-01 21:55:06.442 +01:00 [INF] Executed action Homecare.Controllers.AppointmentController.AppointmentList (api) in 121.3692ms
2025-12-01 21:55:06.442 +01:00 [INF] Executed endpoint 'Homecare.Controllers.AppointmentController.AppointmentList (api)'
2025-12-01 21:55:06.442 +01:00 [INF] Request finished HTTP/1.1 GET http://localhost:5169/api/Appointment/appointmentlist - 200 723 application/json; charset=utf-8 123.685ms
2025-12-01 21:55:06.444 +01:00 [INF] Request starting HTTP/1.1 GET http://localhost:5169/api/Appointment/appointmentlist - null null
2025-12-01 21:55:06.444 +01:00 [INF] CORS policy execution successful.
2025-12-01 21:55:06.444 +01:00 [INF] Executing endpoint 'Homecare.Controllers.AppointmentController.AppointmentList (api)'
2025-12-01 21:55:06.445 +01:00 [INF] Route matched with {action = "AppointmentList", controller = "Appointment"}. Executing controller action with signature System.Threading.Tasks.Task`1[Microsoft.AspNetCore.Mvc.IActionResult] AppointmentList() on controller Homecare.Controllers.AppointmentController (api).
2025-12-01 21:55:06.448 +01:00 [INF] Executing OkObjectResult, writing value of type 'System.Linq.Enumerable+SelectListIterator`2[[Homecare.Models.Appointment, api, Version=1.0.0.0, Culture=neutral, PublicKeyToken=null],[Homecare.DTOs.AppointmentDto, api, Version=1.0.0.0, Culture=neutral, PublicKeyToken=null]]'.
2025-12-01 21:55:06.448 +01:00 [INF] Executed action Homecare.Controllers.AppointmentController.AppointmentList (api) in 3.5863ms
2025-12-01 21:55:06.449 +01:00 [INF] Executed endpoint 'Homecare.Controllers.AppointmentController.AppointmentList (api)'
2025-12-01 21:55:06.449 +01:00 [INF] Request finished HTTP/1.1 GET http://localhost:5169/api/Appointment/appointmentlist - 200 723 application/json; charset=utf-8 4.5757ms
2025-12-01 21:55:16.424 +01:00 [INF] Application is shutting down...
