2025-12-02 20:28:50.064 +01:00 [INF] Now listening on: http://localhost:5169
2025-12-02 20:28:50.072 +01:00 [INF] Application started. Press Ctrl+C to shut down.
2025-12-02 20:28:50.073 +01:00 [INF] Hosting environment: Development
2025-12-02 20:28:50.073 +01:00 [INF] Content root path: C:\Skrivebord\Exam\Homecare\api
2025-12-02 20:28:53.099 +01:00 [INF] Request starting HTTP/1.1 GET http://localhost:5169/api/AvailableDay/availabledays - null null
2025-12-02 20:28:53.137 +01:00 [INF] CORS policy execution successful.
2025-12-02 20:28:53.139 +01:00 [INF] Executing endpoint 'Homecare.Controllers.AvailableDayController.GetAvailableDays (api)'
2025-12-02 20:28:53.162 +01:00 [INF] Route matched with {action = "GetAvailableDays", controller = "AvailableDay"}. Executing controller action with signature System.Threading.Tasks.Task`1[Microsoft.AspNetCore.Mvc.IActionResult] GetAvailableDays() on controller Homecare.Controllers.AvailableDayController (api).
2025-12-02 20:28:54.288 +01:00 [INF] Executing OkObjectResult, writing value of type 'System.Linq.Enumerable+SelectListIterator`2[[Homecare.Models.AvailableDay, api, Version=1.0.0.0, Culture=neutral, PublicKeyToken=null],[Homecare.DTOs.AvailableDayDto, api, Version=1.0.0.0, Culture=neutral, PublicKeyToken=null]]'.
2025-12-02 20:28:54.403 +01:00 [INF] Executed action Homecare.Controllers.AvailableDayController.GetAvailableDays (api) in 1236.7002ms
2025-12-02 20:28:54.405 +01:00 [INF] Executed endpoint 'Homecare.Controllers.AvailableDayController.GetAvailableDays (api)'
2025-12-02 20:28:54.413 +01:00 [INF] Request finished HTTP/1.1 GET http://localhost:5169/api/AvailableDay/availabledays - 200 2 application/json; charset=utf-8 1315.4309ms
2025-12-02 20:28:54.416 +01:00 [INF] Request starting HTTP/1.1 GET http://localhost:5169/api/AvailableDay/availabledays - null null
2025-12-02 20:28:54.421 +01:00 [INF] CORS policy execution successful.
2025-12-02 20:28:54.421 +01:00 [INF] Executing endpoint 'Homecare.Controllers.AvailableDayController.GetAvailableDays (api)'
2025-12-02 20:28:54.422 +01:00 [INF] Route matched with {action = "GetAvailableDays", controller = "AvailableDay"}. Executing controller action with signature System.Threading.Tasks.Task`1[Microsoft.AspNetCore.Mvc.IActionResult] GetAvailableDays() on controller Homecare.Controllers.AvailableDayController (api).
2025-12-02 20:28:54.449 +01:00 [INF] Executing OkObjectResult, writing value of type 'System.Linq.Enumerable+SelectListIterator`2[[Homecare.Models.AvailableDay, api, Version=1.0.0.0, Culture=neutral, PublicKeyToken=null],[Homecare.DTOs.AvailableDayDto, api, Version=1.0.0.0, Culture=neutral, PublicKeyToken=null]]'.
2025-12-02 20:28:54.450 +01:00 [INF] Executed action Homecare.Controllers.AvailableDayController.GetAvailableDays (api) in 28.0658ms
2025-12-02 20:28:54.450 +01:00 [INF] Executed endpoint 'Homecare.Controllers.AvailableDayController.GetAvailableDays (api)'
2025-12-02 20:28:54.450 +01:00 [INF] Request finished HTTP/1.1 GET http://localhost:5169/api/AvailableDay/availabledays - 200 2 application/json; charset=utf-8 35.0534ms
2025-12-02 20:28:55.462 +01:00 [INF] Request starting HTTP/1.1 GET http://localhost:5169/api/AvailableDay/availabledays - null null
2025-12-02 20:28:55.466 +01:00 [INF] CORS policy execution successful.
2025-12-02 20:28:55.466 +01:00 [INF] Executing endpoint 'Homecare.Controllers.AvailableDayController.GetAvailableDays (api)'
2025-12-02 20:28:55.467 +01:00 [INF] Route matched with {action = "GetAvailableDays", controller = "AvailableDay"}. Executing controller action with signature System.Threading.Tasks.Task`1[Microsoft.AspNetCore.Mvc.IActionResult] GetAvailableDays() on controller Homecare.Controllers.AvailableDayController (api).
2025-12-02 20:28:55.601 +01:00 [INF] Executing OkObjectResult, writing value of type 'System.Linq.Enumerable+SelectListIterator`2[[Homecare.Models.AvailableDay, api, Version=1.0.0.0, Culture=neutral, PublicKeyToken=null],[Homecare.DTOs.AvailableDayDto, api, Version=1.0.0.0, Culture=neutral, PublicKeyToken=null]]'.
2025-12-02 20:28:55.602 +01:00 [INF] Executed action Homecare.Controllers.AvailableDayController.GetAvailableDays (api) in 135.1542ms
2025-12-02 20:28:55.602 +01:00 [INF] Executed endpoint 'Homecare.Controllers.AvailableDayController.GetAvailableDays (api)'
2025-12-02 20:28:55.602 +01:00 [INF] Request finished HTTP/1.1 GET http://localhost:5169/api/AvailableDay/availabledays - 200 2 application/json; charset=utf-8 140.5272ms
2025-12-02 20:29:06.078 +01:00 [INF] Request starting HTTP/1.1 OPTIONS http://localhost:5169/api/availableDay/create - null null
2025-12-02 20:29:06.079 +01:00 [INF] CORS policy execution successful.
2025-12-02 20:29:06.082 +01:00 [INF] Request finished HTTP/1.1 OPTIONS http://localhost:5169/api/availableDay/create - 204 null null 4.2525ms
2025-12-02 20:29:06.086 +01:00 [INF] Request starting HTTP/1.1 POST http://localhost:5169/api/availableDay/create - application/json 155
2025-12-02 20:29:06.087 +01:00 [INF] CORS policy execution successful.
2025-12-02 20:29:06.131 +01:00 [ERR] An unhandled exception has occurred while executing the request.
System.InvalidOperationException: Endpoint Homecare.Controllers.AvailableDayController.Create (api) contains authorization metadata, but a middleware was not found that supports authorization.
Configure your application startup by adding app.UseAuthorization() in the application startup code. If there are calls to app.UseRouting() and app.UseEndpoints(...), the call to app.UseAuthorization() must go between them.
   at Microsoft.AspNetCore.Routing.EndpointMiddleware.ThrowMissingAuthMiddlewareException(Endpoint endpoint)
   at Microsoft.AspNetCore.Routing.EndpointMiddleware.Invoke(HttpContext httpContext)
   at Microsoft.AspNetCore.StaticFiles.StaticFileMiddleware.Invoke(HttpContext context)
   at Microsoft.AspNetCore.StaticFiles.StaticFileMiddleware.Invoke(HttpContext context)
   at Swashbuckle.AspNetCore.SwaggerUI.SwaggerUIMiddleware.Invoke(HttpContext httpContext)
   at Swashbuckle.AspNetCore.Swagger.SwaggerMiddleware.Invoke(HttpContext httpContext, ISwaggerProvider swaggerProvider)
   at Microsoft.AspNetCore.Authorization.AuthorizationMiddleware.Invoke(HttpContext context)
   at Microsoft.AspNetCore.Authentication.AuthenticationMiddleware.Invoke(HttpContext context)
   at Microsoft.AspNetCore.Diagnostics.DeveloperExceptionPageMiddlewareImpl.Invoke(HttpContext context)
2025-12-02 20:29:06.155 +01:00 [INF] Request finished HTTP/1.1 POST http://localhost:5169/api/availableDay/create - 500 null text/plain; charset=utf-8 67.8616ms
2025-12-02 20:29:19.356 +01:00 [INF] Request starting HTTP/1.1 GET http://localhost:5169/api/availableDay/create - null null
2025-12-02 20:29:19.357 +01:00 [INF] Executing endpoint 'Homecare.Controllers.AvailableDayController.GetAvailableDay (api)'
2025-12-02 20:29:19.379 +01:00 [INF] Route matched with {action = "GetAvailableDay", controller = "AvailableDay"}. Executing controller action with signature System.Threading.Tasks.Task`1[Microsoft.AspNetCore.Mvc.IActionResult] GetAvailableDay(Int32) on controller Homecare.Controllers.AvailableDayController (api).
2025-12-02 20:29:19.423 +01:00 [INF] Executing BadRequestObjectResult, writing value of type 'Microsoft.AspNetCore.Mvc.ValidationProblemDetails'.
2025-12-02 20:29:19.469 +01:00 [INF] Executed action Homecare.Controllers.AvailableDayController.GetAvailableDay (api) in 90.5619ms
2025-12-02 20:29:19.470 +01:00 [INF] Executed endpoint 'Homecare.Controllers.AvailableDayController.GetAvailableDay (api)'
2025-12-02 20:29:19.470 +01:00 [INF] Request finished HTTP/1.1 GET http://localhost:5169/api/availableDay/create - 400 245 application/problem+json; charset=utf-8 113.5991ms
2025-12-02 20:29:19.492 +01:00 [INF] Request starting HTTP/1.1 GET http://localhost:5169/favicon.ico - null null
2025-12-02 20:29:19.497 +01:00 [INF] Request finished HTTP/1.1 GET http://localhost:5169/favicon.ico - 404 0 null 5.2205ms
2025-12-02 20:29:19.498 +01:00 [INF] Request reached the end of the middleware pipeline without being handled by application code. Request path: GET http://localhost:5169/favicon.ico, Response status code: 404
2025-12-02 20:32:00.414 +01:00 [INF] Request starting HTTP/1.1 GET http://localhost:5169/api/Appointment/appointmentlist - null null
2025-12-02 20:32:00.414 +01:00 [INF] CORS policy execution successful.
2025-12-02 20:32:00.414 +01:00 [INF] Executing endpoint 'Homecare.Controllers.AppointmentController.AppointmentList (api)'
2025-12-02 20:32:00.422 +01:00 [INF] Route matched with {action = "AppointmentList", controller = "Appointment"}. Executing controller action with signature System.Threading.Tasks.Task`1[Microsoft.AspNetCore.Mvc.IActionResult] AppointmentList() on controller Homecare.Controllers.AppointmentController (api).
2025-12-02 20:32:00.453 +01:00 [INF] Executing OkObjectResult, writing value of type 'System.Linq.Enumerable+SelectListIterator`2[[Homecare.Models.Appointment, api, Version=1.0.0.0, Culture=neutral, PublicKeyToken=null],[Homecare.DTOs.AppointmentDto, api, Version=1.0.0.0, Culture=neutral, PublicKeyToken=null]]'.
2025-12-02 20:32:00.455 +01:00 [INF] Executed action Homecare.Controllers.AppointmentController.AppointmentList (api) in 32.8352ms
2025-12-02 20:32:00.456 +01:00 [INF] Executed endpoint 'Homecare.Controllers.AppointmentController.AppointmentList (api)'
2025-12-02 20:32:00.456 +01:00 [INF] Request finished HTTP/1.1 GET http://localhost:5169/api/Appointment/appointmentlist - 200 2 application/json; charset=utf-8 41.9856ms
2025-12-02 20:32:00.458 +01:00 [INF] Request starting HTTP/1.1 GET http://localhost:5169/api/Appointment/appointmentlist - null null
2025-12-02 20:32:00.461 +01:00 [INF] CORS policy execution successful.
2025-12-02 20:32:00.461 +01:00 [INF] Executing endpoint 'Homecare.Controllers.AppointmentController.AppointmentList (api)'
2025-12-02 20:32:00.461 +01:00 [INF] Route matched with {action = "AppointmentList", controller = "Appointment"}. Executing controller action with signature System.Threading.Tasks.Task`1[Microsoft.AspNetCore.Mvc.IActionResult] AppointmentList() on controller Homecare.Controllers.AppointmentController (api).
2025-12-02 20:32:00.465 +01:00 [INF] Executing OkObjectResult, writing value of type 'System.Linq.Enumerable+SelectListIterator`2[[Homecare.Models.Appointment, api, Version=1.0.0.0, Culture=neutral, PublicKeyToken=null],[Homecare.DTOs.AppointmentDto, api, Version=1.0.0.0, Culture=neutral, PublicKeyToken=null]]'.
2025-12-02 20:32:00.466 +01:00 [INF] Executed action Homecare.Controllers.AppointmentController.AppointmentList (api) in 4.8042ms
2025-12-02 20:32:00.467 +01:00 [INF] Executed endpoint 'Homecare.Controllers.AppointmentController.AppointmentList (api)'
2025-12-02 20:32:00.467 +01:00 [INF] Request finished HTTP/1.1 GET http://localhost:5169/api/Appointment/appointmentlist - 200 2 application/json; charset=utf-8 8.484ms
2025-12-02 20:32:06.686 +01:00 [INF] Request starting HTTP/1.1 GET http://localhost:5169/api/AvailableDay/availabledays - null null
2025-12-02 20:32:06.687 +01:00 [INF] CORS policy execution successful.
2025-12-02 20:32:06.687 +01:00 [INF] Executing endpoint 'Homecare.Controllers.AvailableDayController.GetAvailableDays (api)'
2025-12-02 20:32:06.687 +01:00 [INF] Route matched with {action = "GetAvailableDays", controller = "AvailableDay"}. Executing controller action with signature System.Threading.Tasks.Task`1[Microsoft.AspNetCore.Mvc.IActionResult] GetAvailableDays() on controller Homecare.Controllers.AvailableDayController (api).
2025-12-02 20:32:06.693 +01:00 [INF] Executing OkObjectResult, writing value of type 'System.Linq.Enumerable+SelectListIterator`2[[Homecare.Models.AvailableDay, api, Version=1.0.0.0, Culture=neutral, PublicKeyToken=null],[Homecare.DTOs.AvailableDayDto, api, Version=1.0.0.0, Culture=neutral, PublicKeyToken=null]]'.
2025-12-02 20:32:06.693 +01:00 [INF] Executed action Homecare.Controllers.AvailableDayController.GetAvailableDays (api) in 5.5991ms
2025-12-02 20:32:06.693 +01:00 [INF] Executed endpoint 'Homecare.Controllers.AvailableDayController.GetAvailableDays (api)'
2025-12-02 20:32:06.694 +01:00 [INF] Request finished HTTP/1.1 GET http://localhost:5169/api/AvailableDay/availabledays - 200 2 application/json; charset=utf-8 7.043ms
2025-12-02 20:32:06.695 +01:00 [INF] Request starting HTTP/1.1 GET http://localhost:5169/api/AvailableDay/availabledays - null null
2025-12-02 20:32:06.695 +01:00 [INF] CORS policy execution successful.
2025-12-02 20:32:06.695 +01:00 [INF] Executing endpoint 'Homecare.Controllers.AvailableDayController.GetAvailableDays (api)'
2025-12-02 20:32:06.695 +01:00 [INF] Route matched with {action = "GetAvailableDays", controller = "AvailableDay"}. Executing controller action with signature System.Threading.Tasks.Task`1[Microsoft.AspNetCore.Mvc.IActionResult] GetAvailableDays() on controller Homecare.Controllers.AvailableDayController (api).
2025-12-02 20:32:06.697 +01:00 [INF] Executing OkObjectResult, writing value of type 'System.Linq.Enumerable+SelectListIterator`2[[Homecare.Models.AvailableDay, api, Version=1.0.0.0, Culture=neutral, PublicKeyToken=null],[Homecare.DTOs.AvailableDayDto, api, Version=1.0.0.0, Culture=neutral, PublicKeyToken=null]]'.
2025-12-02 20:32:06.697 +01:00 [INF] Executed action Homecare.Controllers.AvailableDayController.GetAvailableDays (api) in 1.6063ms
2025-12-02 20:32:06.697 +01:00 [INF] Executed endpoint 'Homecare.Controllers.AvailableDayController.GetAvailableDays (api)'
2025-12-02 20:32:06.697 +01:00 [INF] Request finished HTTP/1.1 GET http://localhost:5169/api/AvailableDay/availabledays - 200 2 application/json; charset=utf-8 2.5586ms
2025-12-02 20:37:03.274 +01:00 [INF] Application is shutting down...
