2025-12-01 19:29:37.657 +01:00 [INF] Now listening on: http://localhost:5169
2025-12-01 19:29:37.669 +01:00 [INF] Application started. Press Ctrl+C to shut down.
2025-12-01 19:29:37.669 +01:00 [INF] Hosting environment: Development
2025-12-01 19:29:37.669 +01:00 [INF] Content root path: C:\Skrivebord\Exam\Homecare\api
2025-12-01 19:29:49.938 +01:00 [INF] Request starting HTTP/1.1 GET http://localhost:5169/api/AvailableDay/availabledays - null null
2025-12-01 19:29:50.004 +01:00 [INF] CORS policy execution successful.
2025-12-01 19:29:50.008 +01:00 [INF] Executing endpoint 'Homecare.Controllers.AvailableDayController.GetAvailableDays (api)'
2025-12-01 19:29:50.050 +01:00 [INF] Route matched with {action = "GetAvailableDays", controller = "AvailableDay"}. Executing controller action with signature System.Threading.Tasks.Task`1[Microsoft.AspNetCore.Mvc.IActionResult] GetAvailableDays() on controller Homecare.Controllers.AvailableDayController (api).
2025-12-01 19:29:52.322 +01:00 [INF] Executing OkObjectResult, writing value of type 'System.Linq.Enumerable+SelectListIterator`2[[Homecare.Models.AvailableDay, api, Version=1.0.0.0, Culture=neutral, PublicKeyToken=null],[Homecare.DTOs.AvailableDayDto, api, Version=1.0.0.0, Culture=neutral, PublicKeyToken=null]]'.
2025-12-01 19:29:52.511 +01:00 [INF] Executed action Homecare.Controllers.AvailableDayController.GetAvailableDays (api) in 2449.1419ms
2025-12-01 19:29:52.514 +01:00 [INF] Executed endpoint 'Homecare.Controllers.AvailableDayController.GetAvailableDays (api)'
2025-12-01 19:29:52.540 +01:00 [INF] Request finished HTTP/1.1 GET http://localhost:5169/api/AvailableDay/availabledays - 200 559 application/json; charset=utf-8 2606.737ms
2025-12-01 19:29:52.545 +01:00 [INF] Request starting HTTP/1.1 GET http://localhost:5169/api/AvailableDay/availabledays - null null
2025-12-01 19:29:52.552 +01:00 [INF] CORS policy execution successful.
2025-12-01 19:29:52.552 +01:00 [INF] Executing endpoint 'Homecare.Controllers.AvailableDayController.GetAvailableDays (api)'
2025-12-01 19:29:52.553 +01:00 [INF] Route matched with {action = "GetAvailableDays", controller = "AvailableDay"}. Executing controller action with signature System.Threading.Tasks.Task`1[Microsoft.AspNetCore.Mvc.IActionResult] GetAvailableDays() on controller Homecare.Controllers.AvailableDayController (api).
2025-12-01 19:29:52.643 +01:00 [INF] Executing OkObjectResult, writing value of type 'System.Linq.Enumerable+SelectListIterator`2[[Homecare.Models.AvailableDay, api, Version=1.0.0.0, Culture=neutral, PublicKeyToken=null],[Homecare.DTOs.AvailableDayDto, api, Version=1.0.0.0, Culture=neutral, PublicKeyToken=null]]'.
2025-12-01 19:29:52.645 +01:00 [INF] Executed action Homecare.Controllers.AvailableDayController.GetAvailableDays (api) in 91.15ms
2025-12-01 19:29:52.645 +01:00 [INF] Executed endpoint 'Homecare.Controllers.AvailableDayController.GetAvailableDays (api)'
2025-12-01 19:29:52.646 +01:00 [INF] Request finished HTTP/1.1 GET http://localhost:5169/api/AvailableDay/availabledays - 200 559 application/json; charset=utf-8 102.05ms
2025-12-01 19:29:55.087 +01:00 [INF] Request starting HTTP/1.1 GET http://localhost:5169/api/Appointment/appointmentlist - null null
2025-12-01 19:29:55.091 +01:00 [INF] CORS policy execution successful.
2025-12-01 19:29:55.091 +01:00 [INF] Executing endpoint 'Homecare.Controllers.AppointmentController.AppointmentList (api)'
2025-12-01 19:29:55.145 +01:00 [INF] Route matched with {action = "AppointmentList", controller = "Appointment"}. Executing controller action with signature System.Threading.Tasks.Task`1[Microsoft.AspNetCore.Mvc.IActionResult] AppointmentList() on controller Homecare.Controllers.AppointmentController (api).
2025-12-01 19:29:55.341 +01:00 [INF] Executing OkObjectResult, writing value of type 'System.Linq.Enumerable+SelectListIterator`2[[Homecare.Models.Appointment, api, Version=1.0.0.0, Culture=neutral, PublicKeyToken=null],[Homecare.DTOs.AppointmentDto, api, Version=1.0.0.0, Culture=neutral, PublicKeyToken=null]]'.
2025-12-01 19:29:55.352 +01:00 [INF] Executed action Homecare.Controllers.AppointmentController.AppointmentList (api) in 207.0944ms
2025-12-01 19:29:55.353 +01:00 [INF] Executed endpoint 'Homecare.Controllers.AppointmentController.AppointmentList (api)'
2025-12-01 19:29:55.358 +01:00 [INF] Request finished HTTP/1.1 GET http://localhost:5169/api/Appointment/appointmentlist - 200 759 application/json; charset=utf-8 271.4047ms
2025-12-01 19:29:55.358 +01:00 [INF] Request starting HTTP/1.1 GET http://localhost:5169/api/Appointment/appointmentlist - null null
2025-12-01 19:29:55.361 +01:00 [INF] CORS policy execution successful.
2025-12-01 19:29:55.361 +01:00 [INF] Executing endpoint 'Homecare.Controllers.AppointmentController.AppointmentList (api)'
2025-12-01 19:29:55.361 +01:00 [INF] Route matched with {action = "AppointmentList", controller = "Appointment"}. Executing controller action with signature System.Threading.Tasks.Task`1[Microsoft.AspNetCore.Mvc.IActionResult] AppointmentList() on controller Homecare.Controllers.AppointmentController (api).
2025-12-01 19:29:55.366 +01:00 [INF] Executing OkObjectResult, writing value of type 'System.Linq.Enumerable+SelectListIterator`2[[Homecare.Models.Appointment, api, Version=1.0.0.0, Culture=neutral, PublicKeyToken=null],[Homecare.DTOs.AppointmentDto, api, Version=1.0.0.0, Culture=neutral, PublicKeyToken=null]]'.
2025-12-01 19:29:55.367 +01:00 [INF] Executed action Homecare.Controllers.AppointmentController.AppointmentList (api) in 5.4502ms
2025-12-01 19:29:55.367 +01:00 [INF] Executed endpoint 'Homecare.Controllers.AppointmentController.AppointmentList (api)'
2025-12-01 19:29:55.368 +01:00 [INF] Request finished HTTP/1.1 GET http://localhost:5169/api/Appointment/appointmentlist - 200 759 application/json; charset=utf-8 9.024ms
2025-12-01 19:30:01.999 +01:00 [INF] Request starting HTTP/1.1 OPTIONS http://localhost:5169/api/Appointment/delete/5 - null null
2025-12-01 19:30:02.000 +01:00 [INF] CORS policy execution successful.
2025-12-01 19:30:02.002 +01:00 [INF] Request finished HTTP/1.1 OPTIONS http://localhost:5169/api/Appointment/delete/5 - 204 null null 2.3169ms
2025-12-01 19:30:02.067 +01:00 [INF] Request starting HTTP/1.1 DELETE http://localhost:5169/api/Appointment/delete/5 - null null
2025-12-01 19:30:02.068 +01:00 [INF] CORS policy execution successful.
2025-12-01 19:30:02.068 +01:00 [INF] Executing endpoint 'Homecare.Controllers.AppointmentController.DeleteConfirmed (api)'
2025-12-01 19:30:02.085 +01:00 [INF] Route matched with {action = "DeleteConfirmed", controller = "Appointment"}. Executing controller action with signature System.Threading.Tasks.Task`1[Microsoft.AspNetCore.Mvc.IActionResult] DeleteConfirmed(Int32) on controller Homecare.Controllers.AppointmentController (api).
2025-12-01 19:30:02.408 +01:00 [INF] Executing StatusCodeResult, setting HTTP status code 204
2025-12-01 19:30:02.408 +01:00 [INF] Executed action Homecare.Controllers.AppointmentController.DeleteConfirmed (api) in 322.6468ms
2025-12-01 19:30:02.408 +01:00 [INF] Executed endpoint 'Homecare.Controllers.AppointmentController.DeleteConfirmed (api)'
2025-12-01 19:30:02.408 +01:00 [INF] Request finished HTTP/1.1 DELETE http://localhost:5169/api/Appointment/delete/5 - 204 null null 341.3804ms
2025-12-01 19:30:02.412 +01:00 [INF] Request starting HTTP/1.1 GET http://localhost:5169/api/Appointment/appointmentlist - null null
2025-12-01 19:30:02.413 +01:00 [INF] CORS policy execution successful.
2025-12-01 19:30:02.413 +01:00 [INF] Executing endpoint 'Homecare.Controllers.AppointmentController.AppointmentList (api)'
2025-12-01 19:30:02.413 +01:00 [INF] Route matched with {action = "AppointmentList", controller = "Appointment"}. Executing controller action with signature System.Threading.Tasks.Task`1[Microsoft.AspNetCore.Mvc.IActionResult] AppointmentList() on controller Homecare.Controllers.AppointmentController (api).
2025-12-01 19:30:02.416 +01:00 [INF] Executing OkObjectResult, writing value of type 'System.Linq.Enumerable+SelectListIterator`2[[Homecare.Models.Appointment, api, Version=1.0.0.0, Culture=neutral, PublicKeyToken=null],[Homecare.DTOs.AppointmentDto, api, Version=1.0.0.0, Culture=neutral, PublicKeyToken=null]]'.
2025-12-01 19:30:02.417 +01:00 [INF] Executed action Homecare.Controllers.AppointmentController.AppointmentList (api) in 3.9799ms
2025-12-01 19:30:02.417 +01:00 [INF] Executed endpoint 'Homecare.Controllers.AppointmentController.AppointmentList (api)'
2025-12-01 19:30:02.418 +01:00 [INF] Request finished HTTP/1.1 GET http://localhost:5169/api/Appointment/appointmentlist - 200 519 application/json; charset=utf-8 5.68ms
2025-12-01 19:31:05.039 +01:00 [INF] Request starting HTTP/1.1 GET http://localhost:5169/api/Appointment/appointmentlist - null null
2025-12-01 19:31:05.040 +01:00 [INF] CORS policy execution successful.
2025-12-01 19:31:05.040 +01:00 [INF] Executing endpoint 'Homecare.Controllers.AppointmentController.AppointmentList (api)'
2025-12-01 19:31:05.040 +01:00 [INF] Route matched with {action = "AppointmentList", controller = "Appointment"}. Executing controller action with signature System.Threading.Tasks.Task`1[Microsoft.AspNetCore.Mvc.IActionResult] AppointmentList() on controller Homecare.Controllers.AppointmentController (api).
2025-12-01 19:31:05.044 +01:00 [INF] Executing OkObjectResult, writing value of type 'System.Linq.Enumerable+SelectListIterator`2[[Homecare.Models.Appointment, api, Version=1.0.0.0, Culture=neutral, PublicKeyToken=null],[Homecare.DTOs.AppointmentDto, api, Version=1.0.0.0, Culture=neutral, PublicKeyToken=null]]'.
2025-12-01 19:31:05.045 +01:00 [INF] Executed action Homecare.Controllers.AppointmentController.AppointmentList (api) in 4.4485ms
2025-12-01 19:31:05.045 +01:00 [INF] Executed endpoint 'Homecare.Controllers.AppointmentController.AppointmentList (api)'
2025-12-01 19:31:05.045 +01:00 [INF] Request finished HTTP/1.1 GET http://localhost:5169/api/Appointment/appointmentlist - 200 519 application/json; charset=utf-8 5.9925ms
2025-12-01 19:31:05.753 +01:00 [INF] Request starting HTTP/1.1 GET http://localhost:5169/api/Appointment/appointmentlist - null null
2025-12-01 19:31:05.754 +01:00 [INF] CORS policy execution successful.
2025-12-01 19:31:05.754 +01:00 [INF] Executing endpoint 'Homecare.Controllers.AppointmentController.AppointmentList (api)'
2025-12-01 19:31:05.755 +01:00 [INF] Route matched with {action = "AppointmentList", controller = "Appointment"}. Executing controller action with signature System.Threading.Tasks.Task`1[Microsoft.AspNetCore.Mvc.IActionResult] AppointmentList() on controller Homecare.Controllers.AppointmentController (api).
2025-12-01 19:31:05.757 +01:00 [INF] Executing OkObjectResult, writing value of type 'System.Linq.Enumerable+SelectListIterator`2[[Homecare.Models.Appointment, api, Version=1.0.0.0, Culture=neutral, PublicKeyToken=null],[Homecare.DTOs.AppointmentDto, api, Version=1.0.0.0, Culture=neutral, PublicKeyToken=null]]'.
2025-12-01 19:31:05.758 +01:00 [INF] Executed action Homecare.Controllers.AppointmentController.AppointmentList (api) in 3.1163ms
2025-12-01 19:31:05.758 +01:00 [INF] Executed endpoint 'Homecare.Controllers.AppointmentController.AppointmentList (api)'
2025-12-01 19:31:05.758 +01:00 [INF] Request finished HTTP/1.1 GET http://localhost:5169/api/Appointment/appointmentlist - 200 519 application/json; charset=utf-8 5.0967ms
2025-12-01 19:57:34.925 +01:00 [INF] Application is shutting down...
