2025-12-02 17:14:08.115 +01:00 [INF] Now listening on: http://localhost:5169
2025-12-02 17:14:08.124 +01:00 [INF] Application started. Press Ctrl+C to shut down.
2025-12-02 17:14:08.125 +01:00 [INF] Hosting environment: Development
2025-12-02 17:14:08.125 +01:00 [INF] Content root path: C:\Skrivebord\Exam\Homecare\api
2025-12-02 17:14:13.514 +01:00 [INF] Request starting HTTP/1.1 GET http://localhost:5169/api/AvailableDay/availabledays - null null
2025-12-02 17:14:13.576 +01:00 [INF] CORS policy execution successful.
2025-12-02 17:14:13.582 +01:00 [INF] Executing endpoint 'Homecare.Controllers.AvailableDayController.GetAvailableDays (api)'
2025-12-02 17:14:13.617 +01:00 [INF] Route matched with {action = "GetAvailableDays", controller = "AvailableDay"}. Executing controller action with signature System.Threading.Tasks.Task`1[Microsoft.AspNetCore.Mvc.IActionResult] GetAvailableDays() on controller Homecare.Controllers.AvailableDayController (api).
2025-12-02 17:14:15.112 +01:00 [INF] Request starting HTTP/1.1 GET http://localhost:5169/api/AvailableDay/availabledays - null null
2025-12-02 17:14:15.118 +01:00 [INF] CORS policy execution successful.
2025-12-02 17:14:15.118 +01:00 [INF] Executing endpoint 'Homecare.Controllers.AvailableDayController.GetAvailableDays (api)'
2025-12-02 17:14:15.119 +01:00 [INF] Route matched with {action = "GetAvailableDays", controller = "AvailableDay"}. Executing controller action with signature System.Threading.Tasks.Task`1[Microsoft.AspNetCore.Mvc.IActionResult] GetAvailableDays() on controller Homecare.Controllers.AvailableDayController (api).
2025-12-02 17:14:15.561 +01:00 [INF] Executing OkObjectResult, writing value of type 'System.Linq.Enumerable+SelectListIterator`2[[Homecare.Models.AvailableDay, api, Version=1.0.0.0, Culture=neutral, PublicKeyToken=null],[Homecare.DTOs.AvailableDayDto, api, Version=1.0.0.0, Culture=neutral, PublicKeyToken=null]]'.
2025-12-02 17:14:15.561 +01:00 [INF] Executing OkObjectResult, writing value of type 'System.Linq.Enumerable+SelectListIterator`2[[Homecare.Models.AvailableDay, api, Version=1.0.0.0, Culture=neutral, PublicKeyToken=null],[Homecare.DTOs.AvailableDayDto, api, Version=1.0.0.0, Culture=neutral, PublicKeyToken=null]]'.
2025-12-02 17:14:15.741 +01:00 [INF] Executed action Homecare.Controllers.AvailableDayController.GetAvailableDays (api) in 2116.2181ms
2025-12-02 17:14:15.741 +01:00 [INF] Executed action Homecare.Controllers.AvailableDayController.GetAvailableDays (api) in 615.4142ms
2025-12-02 17:14:15.743 +01:00 [INF] Executed endpoint 'Homecare.Controllers.AvailableDayController.GetAvailableDays (api)'
2025-12-02 17:14:15.743 +01:00 [INF] Executed endpoint 'Homecare.Controllers.AvailableDayController.GetAvailableDays (api)'
2025-12-02 17:14:15.769 +01:00 [INF] Request finished HTTP/1.1 GET http://localhost:5169/api/AvailableDay/availabledays - 200 559 application/json; charset=utf-8 2257.79ms
2025-12-02 17:14:15.769 +01:00 [INF] Request finished HTTP/1.1 GET http://localhost:5169/api/AvailableDay/availabledays - 200 559 application/json; charset=utf-8 656.8716ms
2025-12-02 17:14:15.778 +01:00 [INF] Request starting HTTP/1.1 GET http://localhost:5169/api/AvailableDay/availabledays - null null
2025-12-02 17:14:15.784 +01:00 [INF] CORS policy execution successful.
2025-12-02 17:14:15.785 +01:00 [INF] Executing endpoint 'Homecare.Controllers.AvailableDayController.GetAvailableDays (api)'
2025-12-02 17:14:15.785 +01:00 [INF] Route matched with {action = "GetAvailableDays", controller = "AvailableDay"}. Executing controller action with signature System.Threading.Tasks.Task`1[Microsoft.AspNetCore.Mvc.IActionResult] GetAvailableDays() on controller Homecare.Controllers.AvailableDayController (api).
2025-12-02 17:14:15.968 +01:00 [INF] Executing OkObjectResult, writing value of type 'System.Linq.Enumerable+SelectListIterator`2[[Homecare.Models.AvailableDay, api, Version=1.0.0.0, Culture=neutral, PublicKeyToken=null],[Homecare.DTOs.AvailableDayDto, api, Version=1.0.0.0, Culture=neutral, PublicKeyToken=null]]'.
2025-12-02 17:14:15.970 +01:00 [INF] Executed action Homecare.Controllers.AvailableDayController.GetAvailableDays (api) in 184.8111ms
2025-12-02 17:14:15.971 +01:00 [INF] Executed endpoint 'Homecare.Controllers.AvailableDayController.GetAvailableDays (api)'
2025-12-02 17:14:15.972 +01:00 [INF] Request finished HTTP/1.1 GET http://localhost:5169/api/AvailableDay/availabledays - 200 559 application/json; charset=utf-8 193.853ms
2025-12-02 17:14:22.860 +01:00 [INF] Request starting HTTP/1.1 OPTIONS http://localhost:5169/api/Appointment/create - null null
2025-12-02 17:14:22.861 +01:00 [INF] CORS policy execution successful.
2025-12-02 17:14:22.862 +01:00 [INF] Request finished HTTP/1.1 OPTIONS http://localhost:5169/api/Appointment/create - 204 null null 2.2759ms
2025-12-02 17:14:22.864 +01:00 [INF] Request starting HTTP/1.1 POST http://localhost:5169/api/Appointment/create - application/json 200
2025-12-02 17:14:22.865 +01:00 [INF] CORS policy execution successful.
2025-12-02 17:14:22.866 +01:00 [INF] Executing endpoint 'Homecare.Controllers.AppointmentController.Create (api)'
2025-12-02 17:14:22.881 +01:00 [INF] Route matched with {action = "Create", controller = "Appointment"}. Executing controller action with signature System.Threading.Tasks.Task`1[Microsoft.AspNetCore.Mvc.IActionResult] Create(Homecare.DTOs.AppointmentDto) on controller Homecare.Controllers.AppointmentController (api).
2025-12-02 17:14:22.961 +01:00 [INF] Executing BadRequestObjectResult, writing value of type 'Microsoft.AspNetCore.Mvc.ValidationProblemDetails'.
2025-12-02 17:14:22.993 +01:00 [INF] Executed action Homecare.Controllers.AppointmentController.Create (api) in 111.111ms
2025-12-02 17:14:22.993 +01:00 [INF] Executed endpoint 'Homecare.Controllers.AppointmentController.Create (api)'
2025-12-02 17:14:22.993 +01:00 [INF] Request finished HTTP/1.1 POST http://localhost:5169/api/Appointment/create - 400 283 application/problem+json; charset=utf-8 129.347ms
2025-12-02 17:15:07.908 +01:00 [INF] Application is shutting down...
