2025-12-01 21:42:57.346 +01:00 [INF] Now listening on: http://localhost:5169
2025-12-01 21:42:57.358 +01:00 [INF] Application started. Press Ctrl+C to shut down.
2025-12-01 21:42:57.360 +01:00 [INF] Hosting environment: Development
2025-12-01 21:42:57.360 +01:00 [INF] Content root path: C:\Skrivebord\Exam\Homecare\api
2025-12-01 21:43:18.818 +01:00 [INF] Request starting HTTP/1.1 GET http://localhost:5169/api/Appointment/appointmentlist - null null
2025-12-01 21:43:18.885 +01:00 [INF] CORS policy execution successful.
2025-12-01 21:43:18.890 +01:00 [INF] Executing endpoint 'Homecare.Controllers.AppointmentController.AppointmentList (api)'
2025-12-01 21:43:18.928 +01:00 [INF] Route matched with {action = "AppointmentList", controller = "Appointment"}. Executing controller action with signature System.Threading.Tasks.Task`1[Microsoft.AspNetCore.Mvc.IActionResult] AppointmentList() on controller Homecare.Controllers.AppointmentController (api).
2025-12-01 21:43:21.234 +01:00 [INF] Executing OkObjectResult, writing value of type 'System.Linq.Enumerable+SelectListIterator`2[[Homecare.Models.Appointment, api, Version=1.0.0.0, Culture=neutral, PublicKeyToken=null],[Homecare.DTOs.AppointmentDto, api, Version=1.0.0.0, Culture=neutral, PublicKeyToken=null]]'.
2025-12-01 21:43:21.379 +01:00 [INF] Executed action Homecare.Controllers.AppointmentController.AppointmentList (api) in 2444.1118ms
2025-12-01 21:43:21.382 +01:00 [INF] Executed endpoint 'Homecare.Controllers.AppointmentController.AppointmentList (api)'
2025-12-01 21:43:21.405 +01:00 [INF] Request finished HTTP/1.1 GET http://localhost:5169/api/Appointment/appointmentlist - 200 487 application/json; charset=utf-8 2589.9114ms
2025-12-01 21:43:21.410 +01:00 [INF] Request starting HTTP/1.1 GET http://localhost:5169/api/Appointment/appointmentlist - null null
2025-12-01 21:43:21.415 +01:00 [INF] CORS policy execution successful.
2025-12-01 21:43:21.415 +01:00 [INF] Executing endpoint 'Homecare.Controllers.AppointmentController.AppointmentList (api)'
2025-12-01 21:43:21.415 +01:00 [INF] Route matched with {action = "AppointmentList", controller = "Appointment"}. Executing controller action with signature System.Threading.Tasks.Task`1[Microsoft.AspNetCore.Mvc.IActionResult] AppointmentList() on controller Homecare.Controllers.AppointmentController (api).
2025-12-01 21:43:21.471 +01:00 [INF] Executing OkObjectResult, writing value of type 'System.Linq.Enumerable+SelectListIterator`2[[Homecare.Models.Appointment, api, Version=1.0.0.0, Culture=neutral, PublicKeyToken=null],[Homecare.DTOs.AppointmentDto, api, Version=1.0.0.0, Culture=neutral, PublicKeyToken=null]]'.
2025-12-01 21:43:21.473 +01:00 [INF] Executed action Homecare.Controllers.AppointmentController.AppointmentList (api) in 57.1635ms
2025-12-01 21:43:21.473 +01:00 [INF] Executed endpoint 'Homecare.Controllers.AppointmentController.AppointmentList (api)'
2025-12-01 21:43:21.474 +01:00 [INF] Request finished HTTP/1.1 GET http://localhost:5169/api/Appointment/appointmentlist - 200 487 application/json; charset=utf-8 64.1006ms
2025-12-01 21:44:39.095 +01:00 [INF] Application is shutting down...
