2025-11-22 18:33:10.141 +01:00 [INF] Now listening on: http://localhost:5169
2025-11-22 18:33:10.152 +01:00 [INF] Application started. Press Ctrl+C to shut down.
2025-11-22 18:33:10.153 +01:00 [INF] Hosting environment: Development
2025-11-22 18:33:10.153 +01:00 [INF] Content root path: C:\Skrivebord\Exam\Homecare\api
2025-11-22 18:33:15.055 +01:00 [INF] Request starting HTTP/1.1 GET http://localhost:5169/ - null null
2025-11-22 18:33:15.188 +01:00 [INF] Request finished HTTP/1.1 GET http://localhost:5169/ - 404 0 null 135.1114ms
2025-11-22 18:33:15.221 +01:00 [INF] Request reached the end of the middleware pipeline without being handled by application code. Request path: GET http://localhost:5169/, Response status code: 404
2025-11-22 18:34:44.309 +01:00 [INF] Request starting HTTP/1.1 GET http://localhost:5169/api/AvailableDay - null null
2025-11-22 18:34:44.325 +01:00 [INF] CORS policy execution successful.
2025-11-22 18:34:44.330 +01:00 [INF] Request finished HTTP/1.1 GET http://localhost:5169/api/AvailableDay - 404 0 null 22.4386ms
2025-11-22 18:34:44.330 +01:00 [INF] Request reached the end of the middleware pipeline without being handled by application code. Request path: GET http://localhost:5169/api/AvailableDay, Response status code: 404
2025-11-22 18:34:44.332 +01:00 [INF] Request starting HTTP/1.1 GET http://localhost:5169/api/AvailableDay - null null
2025-11-22 18:34:44.334 +01:00 [INF] CORS policy execution successful.
2025-11-22 18:34:44.335 +01:00 [INF] Request finished HTTP/1.1 GET http://localhost:5169/api/AvailableDay - 404 0 null 3.5657ms
2025-11-22 18:34:44.335 +01:00 [INF] Request reached the end of the middleware pipeline without being handled by application code. Request path: GET http://localhost:5169/api/AvailableDay, Response status code: 404
2025-11-22 18:34:46.638 +01:00 [INF] Request starting HTTP/1.1 GET http://localhost:5169/api/Appointment/appointmentlist - null null
2025-11-22 18:34:46.643 +01:00 [INF] CORS policy execution successful.
2025-11-22 18:34:46.659 +01:00 [INF] Executing endpoint 'Homecare.Controllers.AppointmentController.AppointmentList (api)'
2025-11-22 18:34:46.727 +01:00 [INF] Route matched with {action = "AppointmentList", controller = "Appointment"}. Executing controller action with signature System.Threading.Tasks.Task`1[Microsoft.AspNetCore.Mvc.IActionResult] AppointmentList() on controller Homecare.Controllers.AppointmentController (api).
2025-11-22 18:34:50.041 +01:00 [INF] Executing OkObjectResult, writing value of type 'System.Linq.Enumerable+SelectListIterator`2[[Homecare.Models.Appointment, api, Version=1.0.0.0, Culture=neutral, PublicKeyToken=null],[Homecare.DTOs.AppointmentDto, api, Version=1.0.0.0, Culture=neutral, PublicKeyToken=null]]'.
2025-11-22 18:34:50.252 +01:00 [INF] Executed action Homecare.Controllers.AppointmentController.AppointmentList (api) in 3515.1636ms
2025-11-22 18:34:50.253 +01:00 [INF] Executed endpoint 'Homecare.Controllers.AppointmentController.AppointmentList (api)'
2025-11-22 18:34:50.266 +01:00 [INF] Request finished HTTP/1.1 GET http://localhost:5169/api/Appointment/appointmentlist - 200 2 application/json; charset=utf-8 3628.2456ms
2025-11-22 18:34:50.267 +01:00 [INF] Request starting HTTP/1.1 GET http://localhost:5169/api/Appointment/appointmentlist - null null
2025-11-22 18:34:50.269 +01:00 [INF] CORS policy execution successful.
2025-11-22 18:34:50.270 +01:00 [INF] Executing endpoint 'Homecare.Controllers.AppointmentController.AppointmentList (api)'
2025-11-22 18:34:50.270 +01:00 [INF] Route matched with {action = "AppointmentList", controller = "Appointment"}. Executing controller action with signature System.Threading.Tasks.Task`1[Microsoft.AspNetCore.Mvc.IActionResult] AppointmentList() on controller Homecare.Controllers.AppointmentController (api).
2025-11-22 18:34:50.335 +01:00 [INF] Executing OkObjectResult, writing value of type 'System.Linq.Enumerable+SelectListIterator`2[[Homecare.Models.Appointment, api, Version=1.0.0.0, Culture=neutral, PublicKeyToken=null],[Homecare.DTOs.AppointmentDto, api, Version=1.0.0.0, Culture=neutral, PublicKeyToken=null]]'.
2025-11-22 18:34:50.338 +01:00 [INF] Executed action Homecare.Controllers.AppointmentController.AppointmentList (api) in 67.3451ms
2025-11-22 18:34:50.338 +01:00 [INF] Executed endpoint 'Homecare.Controllers.AppointmentController.AppointmentList (api)'
2025-11-22 18:34:50.338 +01:00 [INF] Request finished HTTP/1.1 GET http://localhost:5169/api/Appointment/appointmentlist - 200 2 application/json; charset=utf-8 71.5891ms
2025-11-22 18:34:50.655 +01:00 [INF] Request starting HTTP/1.1 GET http://localhost:5169/api/AvailableDay - null null
2025-11-22 18:34:50.656 +01:00 [INF] CORS policy execution successful.
2025-11-22 18:34:50.656 +01:00 [INF] Request finished HTTP/1.1 GET http://localhost:5169/api/AvailableDay - 404 0 null 0.96ms
2025-11-22 18:34:50.657 +01:00 [INF] Request reached the end of the middleware pipeline without being handled by application code. Request path: GET http://localhost:5169/api/AvailableDay, Response status code: 404
2025-11-22 18:34:50.660 +01:00 [INF] Request starting HTTP/1.1 GET http://localhost:5169/api/AvailableDay - null null
2025-11-22 18:34:50.661 +01:00 [INF] CORS policy execution successful.
2025-11-22 18:34:50.662 +01:00 [INF] Request finished HTTP/1.1 GET http://localhost:5169/api/AvailableDay - 404 0 null 1.6446ms
2025-11-22 18:34:50.662 +01:00 [INF] Request reached the end of the middleware pipeline without being handled by application code. Request path: GET http://localhost:5169/api/AvailableDay, Response status code: 404
2025-11-22 18:34:57.430 +01:00 [INF] Request starting HTTP/1.1 GET http://localhost:5169/api/Appointment/appointmentlist - null null
2025-11-22 18:34:57.505 +01:00 [INF] CORS policy execution successful.
2025-11-22 18:34:57.505 +01:00 [INF] Executing endpoint 'Homecare.Controllers.AppointmentController.AppointmentList (api)'
2025-11-22 18:34:57.505 +01:00 [INF] Route matched with {action = "AppointmentList", controller = "Appointment"}. Executing controller action with signature System.Threading.Tasks.Task`1[Microsoft.AspNetCore.Mvc.IActionResult] AppointmentList() on controller Homecare.Controllers.AppointmentController (api).
2025-11-22 18:34:57.642 +01:00 [INF] Executing OkObjectResult, writing value of type 'System.Linq.Enumerable+SelectListIterator`2[[Homecare.Models.Appointment, api, Version=1.0.0.0, Culture=neutral, PublicKeyToken=null],[Homecare.DTOs.AppointmentDto, api, Version=1.0.0.0, Culture=neutral, PublicKeyToken=null]]'.
2025-11-22 18:34:57.643 +01:00 [INF] Executed action Homecare.Controllers.AppointmentController.AppointmentList (api) in 137.2894ms
2025-11-22 18:34:57.643 +01:00 [INF] Executed endpoint 'Homecare.Controllers.AppointmentController.AppointmentList (api)'
2025-11-22 18:34:57.643 +01:00 [INF] Request finished HTTP/1.1 GET http://localhost:5169/api/Appointment/appointmentlist - 200 2 application/json; charset=utf-8 212.9941ms
2025-11-22 18:34:57.645 +01:00 [INF] Request starting HTTP/1.1 GET http://localhost:5169/api/Appointment/appointmentlist - null null
2025-11-22 18:34:57.646 +01:00 [INF] CORS policy execution successful.
2025-11-22 18:34:57.646 +01:00 [INF] Executing endpoint 'Homecare.Controllers.AppointmentController.AppointmentList (api)'
2025-11-22 18:34:57.646 +01:00 [INF] Route matched with {action = "AppointmentList", controller = "Appointment"}. Executing controller action with signature System.Threading.Tasks.Task`1[Microsoft.AspNetCore.Mvc.IActionResult] AppointmentList() on controller Homecare.Controllers.AppointmentController (api).
2025-11-22 18:34:57.648 +01:00 [INF] Executing OkObjectResult, writing value of type 'System.Linq.Enumerable+SelectListIterator`2[[Homecare.Models.Appointment, api, Version=1.0.0.0, Culture=neutral, PublicKeyToken=null],[Homecare.DTOs.AppointmentDto, api, Version=1.0.0.0, Culture=neutral, PublicKeyToken=null]]'.
2025-11-22 18:34:57.648 +01:00 [INF] Executed action Homecare.Controllers.AppointmentController.AppointmentList (api) in 1.8726ms
2025-11-22 18:34:57.648 +01:00 [INF] Executed endpoint 'Homecare.Controllers.AppointmentController.AppointmentList (api)'
2025-11-22 18:34:57.649 +01:00 [INF] Request finished HTTP/1.1 GET http://localhost:5169/api/Appointment/appointmentlist - 200 2 application/json; charset=utf-8 3.7852ms
2025-11-22 18:35:02.903 +01:00 [INF] Request starting HTTP/1.1 GET http://localhost:5169/api/AvailableDay - null null
2025-11-22 18:35:02.903 +01:00 [INF] CORS policy execution successful.
2025-11-22 18:35:02.904 +01:00 [INF] Request finished HTTP/1.1 GET http://localhost:5169/api/AvailableDay - 404 0 null 0.953ms
2025-11-22 18:35:02.904 +01:00 [INF] Request reached the end of the middleware pipeline without being handled by application code. Request path: GET http://localhost:5169/api/AvailableDay, Response status code: 404
2025-11-22 18:35:02.907 +01:00 [INF] Request starting HTTP/1.1 GET http://localhost:5169/api/AvailableDay - null null
2025-11-22 18:35:02.908 +01:00 [INF] CORS policy execution successful.
2025-11-22 18:35:02.908 +01:00 [INF] Request finished HTTP/1.1 GET http://localhost:5169/api/AvailableDay - 404 0 null 0.9594ms
2025-11-22 18:35:02.908 +01:00 [INF] Request reached the end of the middleware pipeline without being handled by application code. Request path: GET http://localhost:5169/api/AvailableDay, Response status code: 404
2025-11-22 18:35:11.368 +01:00 [INF] Request starting HTTP/1.1 GET http://localhost:5169/api/AvailableDay - null null
2025-11-22 18:35:11.369 +01:00 [INF] CORS policy execution successful.
2025-11-22 18:35:11.370 +01:00 [INF] Request finished HTTP/1.1 GET http://localhost:5169/api/AvailableDay - 404 0 null 1.5084ms
2025-11-22 18:35:11.370 +01:00 [INF] Request reached the end of the middleware pipeline without being handled by application code. Request path: GET http://localhost:5169/api/AvailableDay, Response status code: 404
2025-11-22 18:35:11.372 +01:00 [INF] Request starting HTTP/1.1 GET http://localhost:5169/api/AvailableDay - null null
2025-11-22 18:35:11.373 +01:00 [INF] CORS policy execution successful.
2025-11-22 18:35:11.373 +01:00 [INF] Request finished HTTP/1.1 GET http://localhost:5169/api/AvailableDay - 404 0 null 1.0981ms
2025-11-22 18:35:11.374 +01:00 [INF] Request reached the end of the middleware pipeline without being handled by application code. Request path: GET http://localhost:5169/api/AvailableDay, Response status code: 404
2025-11-22 18:35:17.657 +01:00 [INF] Request starting HTTP/1.1 GET http://localhost:5169/api/Appointment/appointmentlist - null null
2025-11-22 18:35:17.658 +01:00 [INF] CORS policy execution successful.
2025-11-22 18:35:17.658 +01:00 [INF] Executing endpoint 'Homecare.Controllers.AppointmentController.AppointmentList (api)'
2025-11-22 18:35:17.658 +01:00 [INF] Route matched with {action = "AppointmentList", controller = "Appointment"}. Executing controller action with signature System.Threading.Tasks.Task`1[Microsoft.AspNetCore.Mvc.IActionResult] AppointmentList() on controller Homecare.Controllers.AppointmentController (api).
2025-11-22 18:35:17.663 +01:00 [INF] Executing OkObjectResult, writing value of type 'System.Linq.Enumerable+SelectListIterator`2[[Homecare.Models.Appointment, api, Version=1.0.0.0, Culture=neutral, PublicKeyToken=null],[Homecare.DTOs.AppointmentDto, api, Version=1.0.0.0, Culture=neutral, PublicKeyToken=null]]'.
2025-11-22 18:35:17.663 +01:00 [INF] Executed action Homecare.Controllers.AppointmentController.AppointmentList (api) in 5.305ms
2025-11-22 18:35:17.664 +01:00 [INF] Executed endpoint 'Homecare.Controllers.AppointmentController.AppointmentList (api)'
2025-11-22 18:35:17.664 +01:00 [INF] Request finished HTTP/1.1 GET http://localhost:5169/api/Appointment/appointmentlist - 200 2 application/json; charset=utf-8 6.6748ms
2025-11-22 18:35:17.666 +01:00 [INF] Request starting HTTP/1.1 GET http://localhost:5169/api/Appointment/appointmentlist - null null
2025-11-22 18:35:17.667 +01:00 [INF] CORS policy execution successful.
2025-11-22 18:35:17.667 +01:00 [INF] Executing endpoint 'Homecare.Controllers.AppointmentController.AppointmentList (api)'
2025-11-22 18:35:17.667 +01:00 [INF] Route matched with {action = "AppointmentList", controller = "Appointment"}. Executing controller action with signature System.Threading.Tasks.Task`1[Microsoft.AspNetCore.Mvc.IActionResult] AppointmentList() on controller Homecare.Controllers.AppointmentController (api).
2025-11-22 18:35:17.670 +01:00 [INF] Executing OkObjectResult, writing value of type 'System.Linq.Enumerable+SelectListIterator`2[[Homecare.Models.Appointment, api, Version=1.0.0.0, Culture=neutral, PublicKeyToken=null],[Homecare.DTOs.AppointmentDto, api, Version=1.0.0.0, Culture=neutral, PublicKeyToken=null]]'.
2025-11-22 18:35:17.671 +01:00 [INF] Executed action Homecare.Controllers.AppointmentController.AppointmentList (api) in 3.294ms
2025-11-22 18:35:17.671 +01:00 [INF] Executed endpoint 'Homecare.Controllers.AppointmentController.AppointmentList (api)'
2025-11-22 18:35:17.671 +01:00 [INF] Request finished HTTP/1.1 GET http://localhost:5169/api/Appointment/appointmentlist - 200 2 application/json; charset=utf-8 4.4217ms
2025-11-22 18:35:18.353 +01:00 [INF] Request starting HTTP/1.1 GET http://localhost:5169/api/AvailableDay - null null
2025-11-22 18:35:18.353 +01:00 [INF] CORS policy execution successful.
2025-11-22 18:35:18.353 +01:00 [INF] Request finished HTTP/1.1 GET http://localhost:5169/api/AvailableDay - 404 0 null 0.5979ms
2025-11-22 18:35:18.354 +01:00 [INF] Request reached the end of the middleware pipeline without being handled by application code. Request path: GET http://localhost:5169/api/AvailableDay, Response status code: 404
2025-11-22 18:35:18.356 +01:00 [INF] Request starting HTTP/1.1 GET http://localhost:5169/api/AvailableDay - null null
2025-11-22 18:35:18.356 +01:00 [INF] CORS policy execution successful.
2025-11-22 18:35:18.356 +01:00 [INF] Request finished HTTP/1.1 GET http://localhost:5169/api/AvailableDay - 404 0 null 0.6301ms
2025-11-22 18:35:18.356 +01:00 [INF] Request reached the end of the middleware pipeline without being handled by application code. Request path: GET http://localhost:5169/api/AvailableDay, Response status code: 404
2025-11-22 18:35:19.698 +01:00 [INF] Request starting HTTP/1.1 GET http://localhost:5169/api/AvailableDay - null null
2025-11-22 18:35:19.699 +01:00 [INF] CORS policy execution successful.
2025-11-22 18:35:19.699 +01:00 [INF] Request finished HTTP/1.1 GET http://localhost:5169/api/AvailableDay - 404 0 null 0.5487ms
2025-11-22 18:35:19.699 +01:00 [INF] Request reached the end of the middleware pipeline without being handled by application code. Request path: GET http://localhost:5169/api/AvailableDay, Response status code: 404
2025-11-22 18:35:19.701 +01:00 [INF] Request starting HTTP/1.1 GET http://localhost:5169/api/AvailableDay - null null
2025-11-22 18:35:19.702 +01:00 [INF] CORS policy execution successful.
2025-11-22 18:35:19.702 +01:00 [INF] Request finished HTTP/1.1 GET http://localhost:5169/api/AvailableDay - 404 0 null 1.354ms
2025-11-22 18:35:19.702 +01:00 [INF] Request reached the end of the middleware pipeline without being handled by application code. Request path: GET http://localhost:5169/api/AvailableDay, Response status code: 404
2025-11-22 18:35:20.371 +01:00 [INF] Request starting HTTP/1.1 GET http://localhost:5169/api/Appointment/appointmentlist - null null
2025-11-22 18:35:20.371 +01:00 [INF] CORS policy execution successful.
2025-11-22 18:35:20.371 +01:00 [INF] Executing endpoint 'Homecare.Controllers.AppointmentController.AppointmentList (api)'
2025-11-22 18:35:20.372 +01:00 [INF] Route matched with {action = "AppointmentList", controller = "Appointment"}. Executing controller action with signature System.Threading.Tasks.Task`1[Microsoft.AspNetCore.Mvc.IActionResult] AppointmentList() on controller Homecare.Controllers.AppointmentController (api).
2025-11-22 18:35:20.376 +01:00 [INF] Executing OkObjectResult, writing value of type 'System.Linq.Enumerable+SelectListIterator`2[[Homecare.Models.Appointment, api, Version=1.0.0.0, Culture=neutral, PublicKeyToken=null],[Homecare.DTOs.AppointmentDto, api, Version=1.0.0.0, Culture=neutral, PublicKeyToken=null]]'.
2025-11-22 18:35:20.377 +01:00 [INF] Executed action Homecare.Controllers.AppointmentController.AppointmentList (api) in 4.9367ms
2025-11-22 18:35:20.377 +01:00 [INF] Executed endpoint 'Homecare.Controllers.AppointmentController.AppointmentList (api)'
2025-11-22 18:35:20.377 +01:00 [INF] Request finished HTTP/1.1 GET http://localhost:5169/api/Appointment/appointmentlist - 200 2 application/json; charset=utf-8 6.6592ms
2025-11-22 18:35:20.380 +01:00 [INF] Request starting HTTP/1.1 GET http://localhost:5169/api/Appointment/appointmentlist - null null
2025-11-22 18:35:20.380 +01:00 [INF] CORS policy execution successful.
2025-11-22 18:35:20.380 +01:00 [INF] Executing endpoint 'Homecare.Controllers.AppointmentController.AppointmentList (api)'
2025-11-22 18:35:20.381 +01:00 [INF] Route matched with {action = "AppointmentList", controller = "Appointment"}. Executing controller action with signature System.Threading.Tasks.Task`1[Microsoft.AspNetCore.Mvc.IActionResult] AppointmentList() on controller Homecare.Controllers.AppointmentController (api).
2025-11-22 18:35:20.384 +01:00 [INF] Executing OkObjectResult, writing value of type 'System.Linq.Enumerable+SelectListIterator`2[[Homecare.Models.Appointment, api, Version=1.0.0.0, Culture=neutral, PublicKeyToken=null],[Homecare.DTOs.AppointmentDto, api, Version=1.0.0.0, Culture=neutral, PublicKeyToken=null]]'.
2025-11-22 18:35:20.384 +01:00 [INF] Executed action Homecare.Controllers.AppointmentController.AppointmentList (api) in 3.1924ms
2025-11-22 18:35:20.384 +01:00 [INF] Executed endpoint 'Homecare.Controllers.AppointmentController.AppointmentList (api)'
2025-11-22 18:35:20.384 +01:00 [INF] Request finished HTTP/1.1 GET http://localhost:5169/api/Appointment/appointmentlist - 200 2 application/json; charset=utf-8 4.3828ms
2025-11-22 18:35:26.279 +01:00 [INF] Request starting HTTP/1.1 GET http://localhost:5169/api/AvailableDay - null null
2025-11-22 18:35:26.279 +01:00 [INF] CORS policy execution successful.
2025-11-22 18:35:26.279 +01:00 [INF] Request finished HTTP/1.1 GET http://localhost:5169/api/AvailableDay - 404 0 null 0.4111ms
2025-11-22 18:35:26.279 +01:00 [INF] Request reached the end of the middleware pipeline without being handled by application code. Request path: GET http://localhost:5169/api/AvailableDay, Response status code: 404
2025-11-22 18:35:26.281 +01:00 [INF] Request starting HTTP/1.1 GET http://localhost:5169/api/AvailableDay - null null
2025-11-22 18:35:26.281 +01:00 [INF] CORS policy execution successful.
2025-11-22 18:35:26.281 +01:00 [INF] Request finished HTTP/1.1 GET http://localhost:5169/api/AvailableDay - 404 0 null 0.3813ms
2025-11-22 18:35:26.283 +01:00 [INF] Request reached the end of the middleware pipeline without being handled by application code. Request path: GET http://localhost:5169/api/AvailableDay, Response status code: 404
2025-11-22 18:35:29.396 +01:00 [INF] Request starting HTTP/1.1 GET http://localhost:5169/api/Appointment/appointmentlist - null null
2025-11-22 18:35:29.397 +01:00 [INF] CORS policy execution successful.
2025-11-22 18:35:29.397 +01:00 [INF] Executing endpoint 'Homecare.Controllers.AppointmentController.AppointmentList (api)'
2025-11-22 18:35:29.397 +01:00 [INF] Route matched with {action = "AppointmentList", controller = "Appointment"}. Executing controller action with signature System.Threading.Tasks.Task`1[Microsoft.AspNetCore.Mvc.IActionResult] AppointmentList() on controller Homecare.Controllers.AppointmentController (api).
2025-11-22 18:35:29.401 +01:00 [INF] Executing OkObjectResult, writing value of type 'System.Linq.Enumerable+SelectListIterator`2[[Homecare.Models.Appointment, api, Version=1.0.0.0, Culture=neutral, PublicKeyToken=null],[Homecare.DTOs.AppointmentDto, api, Version=1.0.0.0, Culture=neutral, PublicKeyToken=null]]'.
2025-11-22 18:35:29.402 +01:00 [INF] Executed action Homecare.Controllers.AppointmentController.AppointmentList (api) in 4.3806ms
2025-11-22 18:35:29.402 +01:00 [INF] Executed endpoint 'Homecare.Controllers.AppointmentController.AppointmentList (api)'
2025-11-22 18:35:29.402 +01:00 [INF] Request finished HTTP/1.1 GET http://localhost:5169/api/Appointment/appointmentlist - 200 2 application/json; charset=utf-8 5.7342ms
2025-11-22 18:35:29.405 +01:00 [INF] Request starting HTTP/1.1 GET http://localhost:5169/api/Appointment/appointmentlist - null null
2025-11-22 18:35:29.405 +01:00 [INF] CORS policy execution successful.
2025-11-22 18:35:29.405 +01:00 [INF] Executing endpoint 'Homecare.Controllers.AppointmentController.AppointmentList (api)'
2025-11-22 18:35:29.406 +01:00 [INF] Route matched with {action = "AppointmentList", controller = "Appointment"}. Executing controller action with signature System.Threading.Tasks.Task`1[Microsoft.AspNetCore.Mvc.IActionResult] AppointmentList() on controller Homecare.Controllers.AppointmentController (api).
2025-11-22 18:35:29.409 +01:00 [INF] Executing OkObjectResult, writing value of type 'System.Linq.Enumerable+SelectListIterator`2[[Homecare.Models.Appointment, api, Version=1.0.0.0, Culture=neutral, PublicKeyToken=null],[Homecare.DTOs.AppointmentDto, api, Version=1.0.0.0, Culture=neutral, PublicKeyToken=null]]'.
2025-11-22 18:35:29.409 +01:00 [INF] Executed action Homecare.Controllers.AppointmentController.AppointmentList (api) in 3.608ms
2025-11-22 18:35:29.410 +01:00 [INF] Executed endpoint 'Homecare.Controllers.AppointmentController.AppointmentList (api)'
2025-11-22 18:35:29.410 +01:00 [INF] Request finished HTTP/1.1 GET http://localhost:5169/api/Appointment/appointmentlist - 200 2 application/json; charset=utf-8 5.2565ms
