2025-12-02 20:38:24.308 +01:00 [INF] Now listening on: http://localhost:5169
2025-12-02 20:38:24.315 +01:00 [INF] Application started. Press Ctrl+C to shut down.
2025-12-02 20:38:24.316 +01:00 [INF] Hosting environment: Development
2025-12-02 20:38:24.316 +01:00 [INF] Content root path: C:\Skrivebord\Exam\Homecare\api
2025-12-02 20:38:46.099 +01:00 [INF] Request starting HTTP/1.1 GET http://localhost:5169/api/Appointment/appointmentlist - null null
2025-12-02 20:38:46.135 +01:00 [INF] CORS policy execution successful.
2025-12-02 20:38:46.141 +01:00 [INF] Executing endpoint 'Homecare.Controllers.AppointmentController.AppointmentList (api)'
2025-12-02 20:38:46.174 +01:00 [INF] Route matched with {action = "AppointmentList", controller = "Appointment"}. Executing controller action with signature System.Threading.Tasks.Task`1[Microsoft.AspNetCore.Mvc.IActionResult] AppointmentList() on controller Homecare.Controllers.AppointmentController (api).
2025-12-02 20:38:47.588 +01:00 [INF] Executing OkObjectResult, writing value of type 'System.Linq.Enumerable+SelectListIterator`2[[Homecare.Models.Appointment, api, Version=1.0.0.0, Culture=neutral, PublicKeyToken=null],[Homecare.DTOs.AppointmentDto, api, Version=1.0.0.0, Culture=neutral, PublicKeyToken=null]]'.
2025-12-02 20:38:47.751 +01:00 [INF] Executed action Homecare.Controllers.AppointmentController.AppointmentList (api) in 1570.3395ms
2025-12-02 20:38:47.754 +01:00 [INF] Executed endpoint 'Homecare.Controllers.AppointmentController.AppointmentList (api)'
2025-12-02 20:38:47.767 +01:00 [INF] Request finished HTTP/1.1 GET http://localhost:5169/api/Appointment/appointmentlist - 200 2 application/json; charset=utf-8 1670.0367ms
2025-12-02 20:38:47.772 +01:00 [INF] Request starting HTTP/1.1 GET http://localhost:5169/api/Appointment/appointmentlist - null null
2025-12-02 20:38:47.778 +01:00 [INF] CORS policy execution successful.
2025-12-02 20:38:47.778 +01:00 [INF] Executing endpoint 'Homecare.Controllers.AppointmentController.AppointmentList (api)'
2025-12-02 20:38:47.778 +01:00 [INF] Route matched with {action = "AppointmentList", controller = "Appointment"}. Executing controller action with signature System.Threading.Tasks.Task`1[Microsoft.AspNetCore.Mvc.IActionResult] AppointmentList() on controller Homecare.Controllers.AppointmentController (api).
2025-12-02 20:38:47.809 +01:00 [INF] Executing OkObjectResult, writing value of type 'System.Linq.Enumerable+SelectListIterator`2[[Homecare.Models.Appointment, api, Version=1.0.0.0, Culture=neutral, PublicKeyToken=null],[Homecare.DTOs.AppointmentDto, api, Version=1.0.0.0, Culture=neutral, PublicKeyToken=null]]'.
2025-12-02 20:38:47.810 +01:00 [INF] Executed action Homecare.Controllers.AppointmentController.AppointmentList (api) in 31.1167ms
2025-12-02 20:38:47.810 +01:00 [INF] Executed endpoint 'Homecare.Controllers.AppointmentController.AppointmentList (api)'
2025-12-02 20:38:47.810 +01:00 [INF] Request finished HTTP/1.1 GET http://localhost:5169/api/Appointment/appointmentlist - 200 2 application/json; charset=utf-8 38.6ms
2025-12-02 20:38:49.754 +01:00 [INF] Request starting HTTP/1.1 GET http://localhost:5169/api/AvailableDay/availabledays - null null
2025-12-02 20:38:49.757 +01:00 [INF] CORS policy execution successful.
2025-12-02 20:38:49.757 +01:00 [INF] Executing endpoint 'Homecare.Controllers.AvailableDayController.GetAvailableDays (api)'
2025-12-02 20:38:49.767 +01:00 [INF] Route matched with {action = "GetAvailableDays", controller = "AvailableDay"}. Executing controller action with signature System.Threading.Tasks.Task`1[Microsoft.AspNetCore.Mvc.IActionResult] GetAvailableDays() on controller Homecare.Controllers.AvailableDayController (api).
2025-12-02 20:38:49.875 +01:00 [INF] Executing OkObjectResult, writing value of type 'System.Linq.Enumerable+SelectListIterator`2[[Homecare.Models.AvailableDay, api, Version=1.0.0.0, Culture=neutral, PublicKeyToken=null],[Homecare.DTOs.AvailableDayDto, api, Version=1.0.0.0, Culture=neutral, PublicKeyToken=null]]'.
2025-12-02 20:38:49.879 +01:00 [INF] Executed action Homecare.Controllers.AvailableDayController.GetAvailableDays (api) in 111.4128ms
2025-12-02 20:38:49.879 +01:00 [INF] Executed endpoint 'Homecare.Controllers.AvailableDayController.GetAvailableDays (api)'
2025-12-02 20:38:49.880 +01:00 [INF] Request finished HTTP/1.1 GET http://localhost:5169/api/AvailableDay/availabledays - 200 2 application/json; charset=utf-8 125.6879ms
2025-12-02 20:38:49.882 +01:00 [INF] Request starting HTTP/1.1 GET http://localhost:5169/api/AvailableDay/availabledays - null null
2025-12-02 20:38:49.883 +01:00 [INF] CORS policy execution successful.
2025-12-02 20:38:49.883 +01:00 [INF] Executing endpoint 'Homecare.Controllers.AvailableDayController.GetAvailableDays (api)'
2025-12-02 20:38:49.883 +01:00 [INF] Route matched with {action = "GetAvailableDays", controller = "AvailableDay"}. Executing controller action with signature System.Threading.Tasks.Task`1[Microsoft.AspNetCore.Mvc.IActionResult] GetAvailableDays() on controller Homecare.Controllers.AvailableDayController (api).
2025-12-02 20:38:49.887 +01:00 [INF] Executing OkObjectResult, writing value of type 'System.Linq.Enumerable+SelectListIterator`2[[Homecare.Models.AvailableDay, api, Version=1.0.0.0, Culture=neutral, PublicKeyToken=null],[Homecare.DTOs.AvailableDayDto, api, Version=1.0.0.0, Culture=neutral, PublicKeyToken=null]]'.
2025-12-02 20:38:49.888 +01:00 [INF] Executed action Homecare.Controllers.AvailableDayController.GetAvailableDays (api) in 4.8673ms
2025-12-02 20:38:49.889 +01:00 [INF] Executed endpoint 'Homecare.Controllers.AvailableDayController.GetAvailableDays (api)'
2025-12-02 20:38:49.889 +01:00 [INF] Request finished HTTP/1.1 GET http://localhost:5169/api/AvailableDay/availabledays - 200 2 application/json; charset=utf-8 7.6487ms
2025-12-02 20:38:57.504 +01:00 [INF] Request starting HTTP/1.1 OPTIONS http://localhost:5169/api/availableDay/create - null null
2025-12-02 20:38:57.505 +01:00 [INF] CORS policy execution successful.
2025-12-02 20:38:57.506 +01:00 [INF] Request finished HTTP/1.1 OPTIONS http://localhost:5169/api/availableDay/create - 204 null null 1.6081ms
2025-12-02 20:38:57.508 +01:00 [INF] Request starting HTTP/1.1 POST http://localhost:5169/api/availableDay/create - application/json 155
2025-12-02 20:38:57.508 +01:00 [INF] CORS policy execution successful.
2025-12-02 20:38:57.538 +01:00 [ERR] An unhandled exception has occurred while executing the request.
System.InvalidOperationException: Endpoint Homecare.Controllers.AvailableDayController.Create (api) contains authorization metadata, but a middleware was not found that supports authorization.
Configure your application startup by adding app.UseAuthorization() in the application startup code. If there are calls to app.UseRouting() and app.UseEndpoints(...), the call to app.UseAuthorization() must go between them.
   at Microsoft.AspNetCore.Routing.EndpointMiddleware.ThrowMissingAuthMiddlewareException(Endpoint endpoint)
   at Microsoft.AspNetCore.Routing.EndpointMiddleware.Invoke(HttpContext httpContext)
   at Microsoft.AspNetCore.StaticFiles.StaticFileMiddleware.Invoke(HttpContext context)
   at Microsoft.AspNetCore.StaticFiles.StaticFileMiddleware.Invoke(HttpContext context)
   at Swashbuckle.AspNetCore.SwaggerUI.SwaggerUIMiddleware.Invoke(HttpContext httpContext)
   at Swashbuckle.AspNetCore.Swagger.SwaggerMiddleware.Invoke(HttpContext httpContext, ISwaggerProvider swaggerProvider)
   at Microsoft.AspNetCore.Authorization.AuthorizationMiddleware.Invoke(HttpContext context)
   at Microsoft.AspNetCore.Authentication.AuthenticationMiddleware.Invoke(HttpContext context)
   at Microsoft.AspNetCore.Diagnostics.DeveloperExceptionPageMiddlewareImpl.Invoke(HttpContext context)
2025-12-02 20:38:57.544 +01:00 [INF] Request finished HTTP/1.1 POST http://localhost:5169/api/availableDay/create - 500 null text/plain; charset=utf-8 36.1672ms
2025-12-02 20:40:17.791 +01:00 [INF] Application is shutting down...
