2025-12-01 19:57:48.573 +01:00 [INF] Now listening on: http://localhost:5169
2025-12-01 19:57:48.607 +01:00 [INF] Application started. Press Ctrl+C to shut down.
2025-12-01 19:57:48.609 +01:00 [INF] Hosting environment: Development
2025-12-01 19:57:48.609 +01:00 [INF] Content root path: C:\Skrivebord\Exam\Homecare\api
2025-12-01 19:58:14.315 +01:00 [INF] Request starting HTTP/1.1 GET http://localhost:5169/api/AvailableDay/availabledays - null null
2025-12-01 19:58:14.379 +01:00 [INF] CORS policy execution successful.
2025-12-01 19:58:14.385 +01:00 [INF] Executing endpoint 'Homecare.Controllers.AvailableDayController.GetAvailableDays (api)'
2025-12-01 19:58:14.424 +01:00 [INF] Route matched with {action = "GetAvailableDays", controller = "AvailableDay"}. Executing controller action with signature System.Threading.Tasks.Task`1[Microsoft.AspNetCore.Mvc.IActionResult] GetAvailableDays() on controller Homecare.Controllers.AvailableDayController (api).
2025-12-01 19:58:16.890 +01:00 [INF] Executing OkObjectResult, writing value of type 'System.Linq.Enumerable+SelectListIterator`2[[Homecare.Models.AvailableDay, api, Version=1.0.0.0, Culture=neutral, PublicKeyToken=null],[Homecare.DTOs.AvailableDayDto, api, Version=1.0.0.0, Culture=neutral, PublicKeyToken=null]]'.
2025-12-01 19:58:17.034 +01:00 [INF] Executed action Homecare.Controllers.AvailableDayController.GetAvailableDays (api) in 2603.8316ms
2025-12-01 19:58:17.036 +01:00 [INF] Executed endpoint 'Homecare.Controllers.AvailableDayController.GetAvailableDays (api)'
2025-12-01 19:58:17.058 +01:00 [INF] Request finished HTTP/1.1 GET http://localhost:5169/api/AvailableDay/availabledays - 200 559 application/json; charset=utf-8 2745.9142ms
2025-12-01 19:58:17.065 +01:00 [INF] Request starting HTTP/1.1 GET http://localhost:5169/api/AvailableDay/availabledays - null null
2025-12-01 19:58:17.072 +01:00 [INF] CORS policy execution successful.
2025-12-01 19:58:17.072 +01:00 [INF] Executing endpoint 'Homecare.Controllers.AvailableDayController.GetAvailableDays (api)'
2025-12-01 19:58:17.072 +01:00 [INF] Route matched with {action = "GetAvailableDays", controller = "AvailableDay"}. Executing controller action with signature System.Threading.Tasks.Task`1[Microsoft.AspNetCore.Mvc.IActionResult] GetAvailableDays() on controller Homecare.Controllers.AvailableDayController (api).
2025-12-01 19:58:17.143 +01:00 [INF] Executing OkObjectResult, writing value of type 'System.Linq.Enumerable+SelectListIterator`2[[Homecare.Models.AvailableDay, api, Version=1.0.0.0, Culture=neutral, PublicKeyToken=null],[Homecare.DTOs.AvailableDayDto, api, Version=1.0.0.0, Culture=neutral, PublicKeyToken=null]]'.
2025-12-01 19:58:17.144 +01:00 [INF] Executed action Homecare.Controllers.AvailableDayController.GetAvailableDays (api) in 71.4545ms
2025-12-01 19:58:17.144 +01:00 [INF] Executed endpoint 'Homecare.Controllers.AvailableDayController.GetAvailableDays (api)'
2025-12-01 19:58:17.145 +01:00 [INF] Request finished HTTP/1.1 GET http://localhost:5169/api/AvailableDay/availabledays - 200 559 application/json; charset=utf-8 81.1771ms
2025-12-01 19:58:32.190 +01:00 [INF] Request starting HTTP/1.1 GET http://localhost:5169/api/Appointment/appointmentlist - null null
2025-12-01 19:58:32.195 +01:00 [INF] CORS policy execution successful.
2025-12-01 19:58:32.195 +01:00 [INF] Executing endpoint 'Homecare.Controllers.AppointmentController.AppointmentList (api)'
2025-12-01 19:58:32.206 +01:00 [INF] Route matched with {action = "AppointmentList", controller = "Appointment"}. Executing controller action with signature System.Threading.Tasks.Task`1[Microsoft.AspNetCore.Mvc.IActionResult] AppointmentList() on controller Homecare.Controllers.AppointmentController (api).
2025-12-01 19:58:32.372 +01:00 [INF] Executing OkObjectResult, writing value of type 'System.Linq.Enumerable+SelectListIterator`2[[Homecare.Models.Appointment, api, Version=1.0.0.0, Culture=neutral, PublicKeyToken=null],[Homecare.DTOs.AppointmentDto, api, Version=1.0.0.0, Culture=neutral, PublicKeyToken=null]]'.
2025-12-01 19:58:32.380 +01:00 [INF] Executed action Homecare.Controllers.AppointmentController.AppointmentList (api) in 173.8749ms
2025-12-01 19:58:32.381 +01:00 [INF] Executed endpoint 'Homecare.Controllers.AppointmentController.AppointmentList (api)'
2025-12-01 19:58:32.384 +01:00 [INF] Request finished HTTP/1.1 GET http://localhost:5169/api/Appointment/appointmentlist - 200 519 application/json; charset=utf-8 194.0761ms
2025-12-01 19:58:32.384 +01:00 [INF] Request starting HTTP/1.1 GET http://localhost:5169/api/Appointment/appointmentlist - null null
2025-12-01 19:58:32.387 +01:00 [INF] CORS policy execution successful.
2025-12-01 19:58:32.387 +01:00 [INF] Executing endpoint 'Homecare.Controllers.AppointmentController.AppointmentList (api)'
2025-12-01 19:58:32.387 +01:00 [INF] Route matched with {action = "AppointmentList", controller = "Appointment"}. Executing controller action with signature System.Threading.Tasks.Task`1[Microsoft.AspNetCore.Mvc.IActionResult] AppointmentList() on controller Homecare.Controllers.AppointmentController (api).
2025-12-01 19:58:32.391 +01:00 [INF] Executing OkObjectResult, writing value of type 'System.Linq.Enumerable+SelectListIterator`2[[Homecare.Models.Appointment, api, Version=1.0.0.0, Culture=neutral, PublicKeyToken=null],[Homecare.DTOs.AppointmentDto, api, Version=1.0.0.0, Culture=neutral, PublicKeyToken=null]]'.
2025-12-01 19:58:32.391 +01:00 [INF] Executed action Homecare.Controllers.AppointmentController.AppointmentList (api) in 4.2747ms
2025-12-01 19:58:32.392 +01:00 [INF] Executed endpoint 'Homecare.Controllers.AppointmentController.AppointmentList (api)'
2025-12-01 19:58:32.392 +01:00 [INF] Request finished HTTP/1.1 GET http://localhost:5169/api/Appointment/appointmentlist - 200 519 application/json; charset=utf-8 8.008ms
2025-12-01 20:01:00.297 +01:00 [INF] Request starting HTTP/1.1 GET http://localhost:5169/api/AvailableDay/availabledays - null null
2025-12-01 20:01:00.298 +01:00 [INF] CORS policy execution successful.
2025-12-01 20:01:00.300 +01:00 [INF] Executing endpoint 'Homecare.Controllers.AvailableDayController.GetAvailableDays (api)'
2025-12-01 20:01:00.300 +01:00 [INF] Route matched with {action = "GetAvailableDays", controller = "AvailableDay"}. Executing controller action with signature System.Threading.Tasks.Task`1[Microsoft.AspNetCore.Mvc.IActionResult] GetAvailableDays() on controller Homecare.Controllers.AvailableDayController (api).
2025-12-01 20:01:00.311 +01:00 [INF] Executing OkObjectResult, writing value of type 'System.Linq.Enumerable+SelectListIterator`2[[Homecare.Models.AvailableDay, api, Version=1.0.0.0, Culture=neutral, PublicKeyToken=null],[Homecare.DTOs.AvailableDayDto, api, Version=1.0.0.0, Culture=neutral, PublicKeyToken=null]]'.
2025-12-01 20:01:00.311 +01:00 [INF] Executed action Homecare.Controllers.AvailableDayController.GetAvailableDays (api) in 10.8593ms
2025-12-01 20:01:00.312 +01:00 [INF] Executed endpoint 'Homecare.Controllers.AvailableDayController.GetAvailableDays (api)'
2025-12-01 20:01:00.312 +01:00 [INF] Request finished HTTP/1.1 GET http://localhost:5169/api/AvailableDay/availabledays - 200 559 application/json; charset=utf-8 15.3225ms
2025-12-01 20:01:00.315 +01:00 [INF] Request starting HTTP/1.1 GET http://localhost:5169/api/AvailableDay/availabledays - null null
2025-12-01 20:01:00.316 +01:00 [INF] CORS policy execution successful.
2025-12-01 20:01:00.316 +01:00 [INF] Executing endpoint 'Homecare.Controllers.AvailableDayController.GetAvailableDays (api)'
2025-12-01 20:01:00.317 +01:00 [INF] Route matched with {action = "GetAvailableDays", controller = "AvailableDay"}. Executing controller action with signature System.Threading.Tasks.Task`1[Microsoft.AspNetCore.Mvc.IActionResult] GetAvailableDays() on controller Homecare.Controllers.AvailableDayController (api).
2025-12-01 20:01:00.321 +01:00 [INF] Executing OkObjectResult, writing value of type 'System.Linq.Enumerable+SelectListIterator`2[[Homecare.Models.AvailableDay, api, Version=1.0.0.0, Culture=neutral, PublicKeyToken=null],[Homecare.DTOs.AvailableDayDto, api, Version=1.0.0.0, Culture=neutral, PublicKeyToken=null]]'.
2025-12-01 20:01:00.322 +01:00 [INF] Executed action Homecare.Controllers.AvailableDayController.GetAvailableDays (api) in 4.4988ms
2025-12-01 20:01:00.322 +01:00 [INF] Executed endpoint 'Homecare.Controllers.AvailableDayController.GetAvailableDays (api)'
2025-12-01 20:01:00.323 +01:00 [INF] Request finished HTTP/1.1 GET http://localhost:5169/api/AvailableDay/availabledays - 200 559 application/json; charset=utf-8 7.381ms
2025-12-01 20:01:01.831 +01:00 [INF] Request starting HTTP/1.1 GET http://localhost:5169/api/Appointment/appointmentlist - null null
2025-12-01 20:01:01.832 +01:00 [INF] CORS policy execution successful.
2025-12-01 20:01:01.832 +01:00 [INF] Executing endpoint 'Homecare.Controllers.AppointmentController.AppointmentList (api)'
2025-12-01 20:01:01.832 +01:00 [INF] Route matched with {action = "AppointmentList", controller = "Appointment"}. Executing controller action with signature System.Threading.Tasks.Task`1[Microsoft.AspNetCore.Mvc.IActionResult] AppointmentList() on controller Homecare.Controllers.AppointmentController (api).
2025-12-01 20:01:01.838 +01:00 [INF] Executing OkObjectResult, writing value of type 'System.Linq.Enumerable+SelectListIterator`2[[Homecare.Models.Appointment, api, Version=1.0.0.0, Culture=neutral, PublicKeyToken=null],[Homecare.DTOs.AppointmentDto, api, Version=1.0.0.0, Culture=neutral, PublicKeyToken=null]]'.
2025-12-01 20:01:01.838 +01:00 [INF] Executed action Homecare.Controllers.AppointmentController.AppointmentList (api) in 6.203ms
2025-12-01 20:01:01.838 +01:00 [INF] Executed endpoint 'Homecare.Controllers.AppointmentController.AppointmentList (api)'
2025-12-01 20:01:01.839 +01:00 [INF] Request finished HTTP/1.1 GET http://localhost:5169/api/Appointment/appointmentlist - 200 519 application/json; charset=utf-8 7.5933ms
2025-12-01 20:01:01.841 +01:00 [INF] Request starting HTTP/1.1 GET http://localhost:5169/api/Appointment/appointmentlist - null null
2025-12-01 20:01:01.842 +01:00 [INF] CORS policy execution successful.
2025-12-01 20:01:01.842 +01:00 [INF] Executing endpoint 'Homecare.Controllers.AppointmentController.AppointmentList (api)'
2025-12-01 20:01:01.842 +01:00 [INF] Route matched with {action = "AppointmentList", controller = "Appointment"}. Executing controller action with signature System.Threading.Tasks.Task`1[Microsoft.AspNetCore.Mvc.IActionResult] AppointmentList() on controller Homecare.Controllers.AppointmentController (api).
2025-12-01 20:01:01.844 +01:00 [INF] Executing OkObjectResult, writing value of type 'System.Linq.Enumerable+SelectListIterator`2[[Homecare.Models.Appointment, api, Version=1.0.0.0, Culture=neutral, PublicKeyToken=null],[Homecare.DTOs.AppointmentDto, api, Version=1.0.0.0, Culture=neutral, PublicKeyToken=null]]'.
2025-12-01 20:01:01.845 +01:00 [INF] Executed action Homecare.Controllers.AppointmentController.AppointmentList (api) in 2.7387ms
2025-12-01 20:01:01.846 +01:00 [INF] Executed endpoint 'Homecare.Controllers.AppointmentController.AppointmentList (api)'
2025-12-01 20:01:01.846 +01:00 [INF] Request finished HTTP/1.1 GET http://localhost:5169/api/Appointment/appointmentlist - 200 519 application/json; charset=utf-8 4.6764ms
2025-12-01 20:05:41.645 +01:00 [INF] Request starting HTTP/1.1 OPTIONS http://localhost:5169/api/Appointment/delete/3 - null null
2025-12-01 20:05:41.646 +01:00 [INF] CORS policy execution successful.
2025-12-01 20:05:41.651 +01:00 [INF] Request finished HTTP/1.1 OPTIONS http://localhost:5169/api/Appointment/delete/3 - 204 null null 5.9892ms
2025-12-01 20:05:41.654 +01:00 [INF] Request starting HTTP/1.1 DELETE http://localhost:5169/api/Appointment/delete/3 - null null
2025-12-01 20:05:41.654 +01:00 [INF] CORS policy execution successful.
2025-12-01 20:05:41.654 +01:00 [INF] Executing endpoint 'Homecare.Controllers.AppointmentController.DeleteConfirmed (api)'
2025-12-01 20:05:41.672 +01:00 [INF] Route matched with {action = "DeleteConfirmed", controller = "Appointment"}. Executing controller action with signature System.Threading.Tasks.Task`1[Microsoft.AspNetCore.Mvc.IActionResult] DeleteConfirmed(Int32) on controller Homecare.Controllers.AppointmentController (api).
2025-12-01 20:05:42.069 +01:00 [INF] Executing StatusCodeResult, setting HTTP status code 204
2025-12-01 20:05:42.069 +01:00 [INF] Executed action Homecare.Controllers.AppointmentController.DeleteConfirmed (api) in 396.195ms
2025-12-01 20:05:42.069 +01:00 [INF] Executed endpoint 'Homecare.Controllers.AppointmentController.DeleteConfirmed (api)'
2025-12-01 20:05:42.069 +01:00 [INF] Request finished HTTP/1.1 DELETE http://localhost:5169/api/Appointment/delete/3 - 204 null null 415.4365ms
2025-12-01 20:05:42.073 +01:00 [INF] Request starting HTTP/1.1 GET http://localhost:5169/api/Appointment/appointmentlist - null null
2025-12-01 20:05:42.073 +01:00 [INF] CORS policy execution successful.
2025-12-01 20:05:42.073 +01:00 [INF] Executing endpoint 'Homecare.Controllers.AppointmentController.AppointmentList (api)'
2025-12-01 20:05:42.073 +01:00 [INF] Route matched with {action = "AppointmentList", controller = "Appointment"}. Executing controller action with signature System.Threading.Tasks.Task`1[Microsoft.AspNetCore.Mvc.IActionResult] AppointmentList() on controller Homecare.Controllers.AppointmentController (api).
2025-12-01 20:05:42.076 +01:00 [INF] Executing OkObjectResult, writing value of type 'System.Linq.Enumerable+SelectListIterator`2[[Homecare.Models.Appointment, api, Version=1.0.0.0, Culture=neutral, PublicKeyToken=null],[Homecare.DTOs.AppointmentDto, api, Version=1.0.0.0, Culture=neutral, PublicKeyToken=null]]'.
2025-12-01 20:05:42.077 +01:00 [INF] Executed action Homecare.Controllers.AppointmentController.AppointmentList (api) in 3.1707ms
2025-12-01 20:05:42.077 +01:00 [INF] Executed endpoint 'Homecare.Controllers.AppointmentController.AppointmentList (api)'
2025-12-01 20:05:42.077 +01:00 [INF] Request finished HTTP/1.1 GET http://localhost:5169/api/Appointment/appointmentlist - 200 257 application/json; charset=utf-8 4.2691ms
2025-12-01 20:05:45.203 +01:00 [INF] Request starting HTTP/1.1 OPTIONS http://localhost:5169/api/Appointment/delete/2 - null null
2025-12-01 20:05:45.204 +01:00 [INF] CORS policy execution successful.
2025-12-01 20:05:45.204 +01:00 [INF] Request finished HTTP/1.1 OPTIONS http://localhost:5169/api/Appointment/delete/2 - 204 null null 1.1245ms
2025-12-01 20:05:45.206 +01:00 [INF] Request starting HTTP/1.1 DELETE http://localhost:5169/api/Appointment/delete/2 - null null
2025-12-01 20:05:45.206 +01:00 [INF] CORS policy execution successful.
2025-12-01 20:05:45.206 +01:00 [INF] Executing endpoint 'Homecare.Controllers.AppointmentController.DeleteConfirmed (api)'
2025-12-01 20:05:45.206 +01:00 [INF] Route matched with {action = "DeleteConfirmed", controller = "Appointment"}. Executing controller action with signature System.Threading.Tasks.Task`1[Microsoft.AspNetCore.Mvc.IActionResult] DeleteConfirmed(Int32) on controller Homecare.Controllers.AppointmentController (api).
2025-12-01 20:05:45.287 +01:00 [INF] Executing StatusCodeResult, setting HTTP status code 204
2025-12-01 20:05:45.288 +01:00 [INF] Executed action Homecare.Controllers.AppointmentController.DeleteConfirmed (api) in 81.1644ms
2025-12-01 20:05:45.288 +01:00 [INF] Executed endpoint 'Homecare.Controllers.AppointmentController.DeleteConfirmed (api)'
2025-12-01 20:05:45.288 +01:00 [INF] Request finished HTTP/1.1 DELETE http://localhost:5169/api/Appointment/delete/2 - 204 null null 81.9784ms
2025-12-01 20:05:45.292 +01:00 [INF] Request starting HTTP/1.1 GET http://localhost:5169/api/Appointment/appointmentlist - null null
2025-12-01 20:05:45.293 +01:00 [INF] CORS policy execution successful.
2025-12-01 20:05:45.293 +01:00 [INF] Executing endpoint 'Homecare.Controllers.AppointmentController.AppointmentList (api)'
2025-12-01 20:05:45.293 +01:00 [INF] Route matched with {action = "AppointmentList", controller = "Appointment"}. Executing controller action with signature System.Threading.Tasks.Task`1[Microsoft.AspNetCore.Mvc.IActionResult] AppointmentList() on controller Homecare.Controllers.AppointmentController (api).
2025-12-01 20:05:45.295 +01:00 [INF] Executing OkObjectResult, writing value of type 'System.Linq.Enumerable+SelectListIterator`2[[Homecare.Models.Appointment, api, Version=1.0.0.0, Culture=neutral, PublicKeyToken=null],[Homecare.DTOs.AppointmentDto, api, Version=1.0.0.0, Culture=neutral, PublicKeyToken=null]]'.
2025-12-01 20:05:45.295 +01:00 [INF] Executed action Homecare.Controllers.AppointmentController.AppointmentList (api) in 2.3602ms
2025-12-01 20:05:45.296 +01:00 [INF] Executed endpoint 'Homecare.Controllers.AppointmentController.AppointmentList (api)'
2025-12-01 20:05:45.296 +01:00 [INF] Request finished HTTP/1.1 GET http://localhost:5169/api/Appointment/appointmentlist - 200 2 application/json; charset=utf-8 3.5593ms
2025-12-01 20:05:47.486 +01:00 [INF] Request starting HTTP/1.1 GET http://localhost:5169/api/Appointment/appointmentlist - null null
2025-12-01 20:05:47.486 +01:00 [INF] CORS policy execution successful.
2025-12-01 20:05:47.487 +01:00 [INF] Executing endpoint 'Homecare.Controllers.AppointmentController.AppointmentList (api)'
2025-12-01 20:05:47.487 +01:00 [INF] Route matched with {action = "AppointmentList", controller = "Appointment"}. Executing controller action with signature System.Threading.Tasks.Task`1[Microsoft.AspNetCore.Mvc.IActionResult] AppointmentList() on controller Homecare.Controllers.AppointmentController (api).
2025-12-01 20:05:47.489 +01:00 [INF] Executing OkObjectResult, writing value of type 'System.Linq.Enumerable+SelectListIterator`2[[Homecare.Models.Appointment, api, Version=1.0.0.0, Culture=neutral, PublicKeyToken=null],[Homecare.DTOs.AppointmentDto, api, Version=1.0.0.0, Culture=neutral, PublicKeyToken=null]]'.
2025-12-01 20:05:47.489 +01:00 [INF] Executed action Homecare.Controllers.AppointmentController.AppointmentList (api) in 2.6882ms
2025-12-01 20:05:47.490 +01:00 [INF] Executed endpoint 'Homecare.Controllers.AppointmentController.AppointmentList (api)'
2025-12-01 20:05:47.490 +01:00 [INF] Request finished HTTP/1.1 GET http://localhost:5169/api/Appointment/appointmentlist - 200 2 application/json; charset=utf-8 3.5037ms
2025-12-01 20:17:39.601 +01:00 [INF] Application is shutting down...
